Loading cell profile: E:\AI\virtual_player\data\pixelflow\profile\cell_profile.json
  Palette: 27 colors (render palette)
Loading session log: E:\AI\virtual_player\data\pixelflow\db\session_log.jsonl
  Actions: 50518 entries, Episodes: 277
Querying gameplay files from: E:\AI\virtual_player\data\pixelflow\db\stream.db
  Gameplay before images: 7736
Opening output DB: E:\AI\virtual_player\data\pixelflow\db\fingerprint.db
  Already processed: 15, Remaining: 7721

Processing 7721 images...
  [100/7721] processed=100 skipped=0 errors=0 rate=2.1 img/s  ETA=59.3min
  [200/7721] processed=200 skipped=0 errors=0 rate=2.5 img/s  ETA=49.8min
  [300/7721] processed=300 skipped=0 errors=0 rate=2.7 img/s  ETA=46.4min
  [400/7721] processed=400 skipped=0 errors=0 rate=2.7 img/s  ETA=44.4min
  [500/7721] processed=500 skipped=0 errors=0 rate=2.8 img/s  ETA=42.7min
  [600/7721] processed=600 skipped=0 errors=0 rate=2.9 img/s  ETA=41.1min
  [700/7721] processed=700 skipped=0 errors=0 rate=3.0 img/s  ETA=38.4min
  [800/7721] processed=800 skipped=0 errors=0 rate=3.1 img/s  ETA=37.5min
  [900/7721] processed=900 skipped=0 errors=0 rate=3.1 img/s  ETA=36.4min
  [1000/7721] processed=1000 skipped=0 errors=0 rate=3.1 img/s  ETA=35.8min
  [1100/7721] processed=1100 skipped=0 errors=0 rate=3.1 img/s  ETA=35.2min
  [1200/7721] processed=1200 skipped=0 errors=0 rate=3.1 img/s  ETA=34.8min
  [1300/7721] processed=1300 skipped=0 errors=0 rate=3.1 img/s  ETA=34.2min
  [1400/7721] processed=1400 skipped=0 errors=0 rate=3.1 img/s  ETA=33.7min
  [1500/7721] processed=1500 skipped=0 errors=0 rate=3.1 img/s  ETA=33.2min
  [1600/7721] processed=1600 skipped=0 errors=0 rate=3.1 img/s  ETA=32.7min
  [1700/7721] processed=1700 skipped=0 errors=0 rate=3.1 img/s  ETA=32.2min
  [1800/7721] processed=1800 skipped=0 errors=0 rate=3.1 img/s  ETA=31.7min
  [1900/7721] processed=1900 skipped=0 errors=0 rate=3.1 img/s  ETA=31.2min
  [2000/7721] processed=2000 skipped=0 errors=0 rate=3.1 img/s  ETA=30.6min
  [2100/7721] processed=2100 skipped=0 errors=0 rate=3.1 img/s  ETA=30.2min
  [2200/7721] processed=2200 skipped=0 errors=0 rate=3.1 img/s  ETA=29.7min
  [2300/7721] processed=2300 skipped=0 errors=0 rate=3.1 img/s  ETA=29.2min
  [2400/7721] processed=2400 skipped=0 errors=0 rate=3.1 img/s  ETA=28.7min
  [2500/7721] processed=2500 skipped=0 errors=0 rate=3.1 img/s  ETA=28.2min
  [2600/7721] processed=2600 skipped=0 errors=0 rate=3.1 img/s  ETA=27.7min
  [2700/7721] processed=2700 skipped=0 errors=0 rate=3.1 img/s  ETA=27.2min
  [2800/7721] processed=2800 skipped=0 errors=0 rate=3.1 img/s  ETA=26.8min
  [2900/7721] processed=2900 skipped=0 errors=0 rate=3.1 img/s  ETA=26.3min
  [3000/7721] processed=3000 skipped=0 errors=0 rate=3.0 img/s  ETA=25.8min
  [3100/7721] processed=3100 skipped=0 errors=0 rate=3.0 img/s  ETA=25.3min
  [3200/7721] processed=3200 skipped=0 errors=0 rate=3.0 img/s  ETA=24.8min
  [3300/7721] processed=3300 skipped=0 errors=0 rate=3.0 img/s  ETA=24.3min
  [3400/7721] processed=3400 skipped=0 errors=0 rate=3.0 img/s  ETA=23.8min
  [3500/7721] processed=3500 skipped=0 errors=0 rate=3.0 img/s  ETA=23.3min
  [3600/7721] processed=3600 skipped=0 errors=0 rate=3.0 img/s  ETA=22.7min
  [3700/7721] processed=3700 skipped=0 errors=0 rate=3.0 img/s  ETA=22.2min
  [3800/7721] processed=3800 skipped=0 errors=0 rate=3.0 img/s  ETA=21.6min
  [3900/7721] processed=3900 skipped=0 errors=0 rate=3.0 img/s  ETA=21.1min
  [4000/7721] processed=4000 skipped=0 errors=0 rate=3.0 img/s  ETA=20.5min
  [4100/7721] processed=4100 skipped=0 errors=0 rate=3.0 img/s  ETA=20.0min
  [4200/7721] processed=4200 skipped=0 errors=0 rate=3.0 img/s  ETA=19.5min
  [4300/7721] processed=4300 skipped=0 errors=0 rate=3.0 img/s  ETA=18.9min
  [4400/7721] processed=4400 skipped=0 errors=0 rate=3.0 img/s  ETA=18.4min
  [4500/7721] processed=4500 skipped=0 errors=0 rate=3.0 img/s  ETA=17.9min
  [4600/7721] processed=4600 skipped=0 errors=0 rate=3.0 img/s  ETA=17.3min
  [4700/7721] processed=4700 skipped=0 errors=0 rate=3.0 img/s  ETA=16.8min
  [4800/7721] processed=4800 skipped=0 errors=0 rate=3.0 img/s  ETA=16.2min
  [4900/7721] processed=4900 skipped=0 errors=0 rate=3.0 img/s  ETA=15.7min
  [5000/7721] processed=5000 skipped=0 errors=0 rate=3.0 img/s  ETA=15.1min
  [5100/7721] processed=5100 skipped=0 errors=0 rate=3.0 img/s  ETA=14.6min
  [5200/7721] processed=5200 skipped=0 errors=0 rate=3.0 img/s  ETA=14.1min
  [5300/7721] processed=5300 skipped=0 errors=0 rate=3.0 img/s  ETA=13.5min
  [5400/7721] processed=5400 skipped=0 errors=0 rate=3.0 img/s  ETA=13.0min
  [5500/7721] processed=5500 skipped=0 errors=0 rate=3.0 img/s  ETA=12.4min
  [5600/7721] processed=5600 skipped=0 errors=0 rate=3.0 img/s  ETA=11.9min
  [5700/7721] processed=5700 skipped=0 errors=0 rate=3.0 img/s  ETA=11.3min
  [5800/7721] processed=5800 skipped=0 errors=0 rate=3.0 img/s  ETA=10.8min
  [5900/7721] processed=5900 skipped=0 errors=0 rate=3.0 img/s  ETA=10.2min
  [6000/7721] processed=6000 skipped=0 errors=0 rate=3.0 img/s  ETA=9.7min
  [6100/7721] processed=6100 skipped=0 errors=0 rate=3.0 img/s  ETA=9.1min
  [6200/7721] processed=6200 skipped=0 errors=0 rate=3.0 img/s  ETA=8.5min
  [6300/7721] processed=6300 skipped=0 errors=0 rate=3.0 img/s  ETA=8.0min
  [6400/7721] processed=6400 skipped=0 errors=0 rate=3.0 img/s  ETA=7.4min
  [6500/7721] processed=6500 skipped=0 errors=0 rate=3.0 img/s  ETA=6.9min
  [6600/7721] processed=6600 skipped=0 errors=0 rate=3.0 img/s  ETA=6.3min
  [6700/7721] processed=6700 skipped=0 errors=0 rate=3.0 img/s  ETA=5.7min
  [6800/7721] processed=6800 skipped=0 errors=0 rate=3.0 img/s  ETA=5.2min
  [6900/7721] processed=6900 skipped=0 errors=0 rate=3.0 img/s  ETA=4.6min
  [7000/7721] processed=7000 skipped=0 errors=0 rate=3.0 img/s  ETA=4.1min
  [7100/7721] processed=7100 skipped=0 errors=0 rate=3.0 img/s  ETA=3.5min
  [7200/7721] processed=7200 skipped=0 errors=0 rate=3.0 img/s  ETA=2.9min
  [7300/7721] processed=7300 skipped=0 errors=0 rate=2.9 img/s  ETA=2.4min
  [7400/7721] processed=7400 skipped=0 errors=0 rate=2.9 img/s  ETA=1.8min
  [7500/7721] processed=7500 skipped=0 errors=0 rate=2.9 img/s  ETA=1.3min
  [7600/7721] processed=7600 skipped=0 errors=0 rate=2.9 img/s  ETA=0.7min
  [7700/7721] processed=7700 skipped=0 errors=0 rate=2.9 img/s  ETA=0.1min
  [7721/7721] processed=7721 skipped=0 errors=0 rate=2.9 img/s  ETA=0.0min

Done: 7721 inserted, 0 skipped, 0 errors in 2632.0s (43.9min)

=== Fingerprint DB Summary ===
  Total rows:       7736
  With action:      7736
  Episodes:         195
  Avg tile cells:   237.0
  Avg color count:  5.9
  DB path:          E:\AI\virtual_player\data\pixelflow\db\fingerprint.db
