[17:13:36] ============================================================
[17:13:36] Smart PixelFlow Player START
[17:13:36] Duration: 120 min | Target: 19:13:36
[17:13:36] ADB: C:/Program Files/BlueStacks_nxt/HD-Adb.exe | Device: emulator-5554
[17:13:36] YOLO: best.pt
[17:13:36] Profile: cell_profile.json
[FingerprintSearcher] Loaded 4891 rows (win_only=True)
[17:13:36] Fingerprint DB: fingerprint.db (loaded)
[17:13:36] FP threshold: 0.78, top_k: 8
[17:13:36] ============================================================
[17:13:46] T1: [fail] HEARTS-EMPTY popup detected (pixel match). Waiting 900s for regen.
[17:13:47] T2: [fail] HEARTS WAIT: 899s remaining, sleeping in 5s chunks...
[17:14:17] T3: [fail] HEARTS WAIT: 868s remaining, sleeping in 5s chunks...
[17:14:48] T4: [fail] HEARTS WAIT: 838s remaining, sleeping in 5s chunks...
[17:15:19] T5: [fail] HEARTS WAIT: 807s remaining, sleeping in 5s chunks...
[17:15:50] T6: [fail] HEARTS WAIT: 776s remaining, sleeping in 5s chunks...
[17:16:21] T7: [fail] HEARTS WAIT: 745s remaining, sleeping in 5s chunks...
[17:16:51] T8: [fail] HEARTS WAIT: 715s remaining, sleeping in 5s chunks...
[17:17:22] T9: [fail] HEARTS WAIT: 684s remaining, sleeping in 5s chunks...
[17:17:53] T10: [fail] HEARTS WAIT: 653s remaining, sleeping in 5s chunks...
[17:18:24] T11: [fail] HEARTS WAIT: 622s remaining, sleeping in 5s chunks...
[17:18:54] T12: [fail] HEARTS WAIT: 591s remaining, sleeping in 5s chunks...
[17:19:25] T13: [fail] HEARTS WAIT: 560s remaining, sleeping in 5s chunks...
[17:19:56] T14: [fail] HEARTS WAIT: 530s remaining, sleeping in 5s chunks...
[17:20:27] T15: [fail] HEARTS WAIT: 499s remaining, sleeping in 5s chunks...
[17:20:58] T16: [fail] HEARTS WAIT: 468s remaining, sleeping in 5s chunks...
[17:21:29] T17: [lobby] HEARTS WAIT: 437s remaining, sleeping in 5s chunks...
[17:22:00] T18: [lobby] HEARTS WAIT: 406s remaining, sleeping in 5s chunks...
[17:22:31] T19: [lobby] HEARTS WAIT: 375s remaining, sleeping in 5s chunks...
[17:23:02] T20: [lobby] HEARTS WAIT: 344s remaining, sleeping in 5s chunks...
[17:23:33] T21: [lobby] HEARTS WAIT: 313s remaining, sleeping in 5s chunks...
[17:24:04] T22: [lobby] HEARTS WAIT: 282s remaining, sleeping in 5s chunks...
[17:24:35] T23: [lobby] HEARTS WAIT: 251s remaining, sleeping in 5s chunks...
[17:25:06] T24: [lobby] HEARTS WAIT: 220s remaining, sleeping in 5s chunks...
[17:25:36] T25: [lobby] HEARTS WAIT: 189s remaining, sleeping in 5s chunks...
[17:26:07] T26: [lobby] HEARTS WAIT: 158s remaining, sleeping in 5s chunks...
[17:26:38] T27: [lobby] HEARTS WAIT: 127s remaining, sleeping in 5s chunks...
[17:27:09] T28: [lobby] HEARTS WAIT: 97s remaining, sleeping in 5s chunks...
[17:27:40] T29: [lobby] HEARTS WAIT: 66s remaining, sleeping in 5s chunks...
[17:28:11] T30: [lobby] HEARTS WAIT: 35s remaining, sleeping in 5s chunks...
[17:28:42] T31: [lobby] HEARTS WAIT: 4s remaining, sleeping in 5s chunks...
[17:28:48] T32: [lobby] Hardcoded play button (540,1450)
[17:28:51]   [SESSION] Started cccde99cb039 (start_cells=291)
[17:28:51] T33: [gameplay] Board=291cells/5colors d=+0 [DarkGreen:204, Brown:46, Orange:25, Red:8, DarkRed:8] | Queue=[FP stall=0 fp_top=0.95] | Holder=[_/DarkGreen/DarkGreen/DarkGreen/DarkGreen] (4/5) | 0.8s
[17:28:51]   -> TAP(314,1495) [[FP:0.95] Human pattern (delta=-59, id=4165)]
[17:28:54] T34: [gameplay] Board=291cells/5colors d=+0 [DarkGreen:204, Brown:46, Orange:25, Red:8, DarkRed:8] | Queue=[FP stall=1 fp_top=0.95] | Holder=[_/DarkGreen/DarkGreen/DarkGreen/DarkGreen] (4/5) | 0.5s
[17:28:54]   -> TAP(316,1516) [[FP:0.98] Human pattern (delta=-28, id=4177)]
[17:28:57] T35: [gameplay] Board=291cells/5colors d=+0 [DarkGreen:204, Brown:46, Orange:25, Red:8, DarkRed:8] | Queue=[FP stall=2 fp_top=0.95] | Holder=[_/DarkGreen/DarkGreen/DarkGreen/DarkGreen] (4/5) | 0.5s
[17:28:57]   -> TAP(342,1656) [[FP:0.97] Human pattern (delta=-14, id=3702)]
[17:29:00]   [EXPLORE] Entering exploration mode (stall x3)
[17:29:00] T36: [gameplay] Board=291cells/5colors d=+0 [DarkGreen:204, Brown:46, Orange:25, Red:8, DarkRed:8] | Queue=[FP stall=3 fp_top=0.95] | Holder=[_/DarkGreen/DarkGreen/DarkGreen/DarkGreen] (4/5) | 0.5s
[17:29:00]   -> TAP(696,1517) [[FP:0.97] Human pattern (delta=-40, id=6969)]
[17:29:04] T37: [gameplay] Board=291cells/5colors d=+0 [DarkGreen:204, Brown:46, Orange:25, Red:8, DarkRed:8] | Queue=[FP stall=4 fp_top=0.95] | Holder=[_/DarkGreen/DarkGreen/DarkGreen/DarkGreen] (4/5) | 0.5s
[17:29:04]   -> TAP(732,1524) [[FP:0.97] Human pattern (delta=-20, id=3691)]
[17:29:07] T38: [gameplay] Board=291cells/5colors d=+0 [DarkGreen:204, Brown:46, Orange:25, Red:8, DarkRed:8] | Queue=[EXPLORE stall=5 fp_top=0.95] | Holder=[_/DarkGreen/DarkGreen/DarkGreen/DarkGreen] (4/5) | 1.2s
[17:29:07]   -> TAP(869,1653) [[EXPLORE:PlayDB] Tap (869,1653) human pattern #1]
[17:29:10] T39: [gameplay] Board=291cells/5colors d=+0 [DarkGreen:204, Brown:46, Orange:25, Red:8, DarkRed:8] | Queue=[EXPLORE stall=6 fp_top=0.95] | Holder=[_/DarkGreen/DarkGreen/DarkGreen/DarkGreen] (4/5) | 0.5s
[17:29:10]   -> TAP(627,1211) [[EXPLORE:PlayDB] Tap (627,1211) human pattern #2]
[17:29:13] T40: [gameplay] Board=291cells/5colors d=+0 [DarkGreen:204, Brown:46, Orange:25, Red:8, DarkRed:8] | Queue=[EXPLORE stall=7 fp_top=0.95] | Holder=[_/DarkGreen/DarkGreen/DarkGreen/DarkGreen] (4/5) | 0.6s
[17:29:13]   -> TAP(202,175) [[EXPLORE:PlayDB] Tap (202,175) human pattern #3]
[17:29:15] T41: [gameplay] Board=291cells/5colors d=+0 [DarkGreen:204, Brown:46, Orange:25, Red:8, DarkRed:8] | Queue=[EXPLORE stall=8 fp_top=0.95] | Holder=[_/DarkGreen/DarkGreen/DarkGreen/DarkGreen] (4/5) | 0.5s
[17:29:15]   -> TAP(817,1164) [[EXPLORE:PlayDB] Tap (817,1164) human pattern #4]
[17:29:18] T42: [gameplay] Board=291cells/5colors d=+0 [DarkGreen:204, Brown:46, Orange:25, Red:8, DarkRed:8] | Queue=[EXPLORE stall=9 fp_top=0.95] | Holder=[_/DarkGreen/DarkGreen/DarkGreen/DarkGreen] (4/5) | 0.6s
[17:29:18]   -> TAP(185,930) [[EXPLORE:ZONE:0] Tap zone (185,930)]
[17:29:21] T43: [gameplay] Board=291cells/5colors d=+0 [DarkGreen:204, Brown:46, Orange:25, Red:8, DarkRed:8] | Queue=[EXPLORE stall=10 fp_top=0.95] | Holder=[_/DarkGreen/DarkGreen/DarkGreen/DarkGreen] (4/5) | 0.6s
[17:29:21]   -> TAP(310,930) [[EXPLORE:ZONE:1] Tap zone (310,930)]
[17:29:24] T44: [gameplay] Board=291cells/5colors d=+0 [DarkGreen:204, Brown:46, Orange:25, Red:8, DarkRed:8] | Queue=[EXPLORE stall=11 fp_top=0.95] | Holder=[_/DarkGreen/DarkGreen/DarkGreen/DarkGreen] (4/5) | 0.6s
[17:29:24]   -> TAP(435,930) [[EXPLORE:ZONE:2] Tap zone (435,930)]
[17:29:27] T45: [gameplay] Board=291cells/5colors d=+0 [DarkGreen:204, Brown:46, Orange:25, Red:8, DarkRed:8] | Queue=[EXPLORE stall=12 fp_top=0.95] | Holder=[_/DarkGreen/DarkGreen/DarkGreen/DarkGreen] (4/5) | 0.6s
[17:29:27]   -> TAP(560,930) [[EXPLORE:ZONE:3] Tap zone (560,930)]
[17:29:29] T46: [gameplay] Board=291cells/5colors d=+0 [DarkGreen:204, Brown:46, Orange:25, Red:8, DarkRed:8] | Queue=[EXPLORE stall=13 fp_top=0.95] | Holder=[_/DarkGreen/DarkGreen/DarkGreen/DarkGreen] (4/5) | 0.5s
[17:29:29]   -> TAP(685,930) [[EXPLORE:ZONE:4] Tap zone (685,930)]
[17:29:32] T47: [gameplay] Board=291cells/5colors d=+0 [DarkGreen:204, Brown:46, Orange:25, Red:8, DarkRed:8] | Queue=[EXPLORE stall=14 fp_top=0.95] | Holder=[_/DarkGreen/DarkGreen/DarkGreen/DarkGreen] (4/5) | 0.6s
[17:29:32]   -> TAP(280,1500) [[EXPLORE:ZONE:5] Tap zone (280,1500)]
[17:29:35] T48: [gameplay] Board=291cells/5colors d=+0 [DarkGreen:204, Brown:46, Orange:25, Red:8, DarkRed:8] | Queue=[EXPLORE stall=15 fp_top=0.95] | Holder=[_/DarkGreen/DarkGreen/DarkGreen/DarkGreen] (4/5) | 0.6s
[17:29:35]   -> TAP(400,1500) [[EXPLORE:ZONE:6] Tap zone (400,1500)]
[17:29:37] T49: [gameplay] Board=291cells/5colors d=+0 [DarkGreen:204, Brown:46, Orange:25, Red:8, DarkRed:8] | Queue=[EXPLORE stall=16 fp_top=0.95] | Holder=[_/DarkGreen/DarkGreen/DarkGreen/DarkGreen] (4/5) | 0.5s
[17:29:37]   -> TAP(530,1500) [[EXPLORE:ZONE:7] Tap zone (530,1500)]
[17:29:40] T50: [gameplay] Board=292cells/5colors d=+1 [DarkGreen:204, Brown:46, Orange:25, Red:9, DarkRed:8] | Queue=[EXPLORE stall=15 fp_top=0.95] | Holder=[_/DarkRed/SageTeal/_/SageTeal] (3/5) | 0.5s
[17:29:40]   -> TAP(660,1500) [[EXPLORE:ZONE:8] Tap zone (660,1500)]
[17:29:43]   [LEARN] Explore tap (660,1500) WORKED! (d=-1)
[17:29:43] T51: [gameplay] Board=291cells/5colors d=-1 [DarkGreen:204, Brown:46, Orange:25, Red:8, DarkRed:8] | Queue=[FP stall=0 fp_top=0.95] | Holder=[_/DarkRed/_/_/_] (1/5) | 0.5s
[17:29:43]   -> TAP(524,1512) [[FP:0.97] Human pattern (delta=-9, id=3250)]
[17:29:46] T52: [gameplay] Board=258cells/5colors d=-33 [DarkGreen:171, Brown:46, Orange:25, Red:8, DarkRed:8] | Queue=[FP stall=0 fp_top=0.95] | Holder=[_/DarkRed/_/_/_] (1/5) | 0.5s
[17:29:46]   -> TAP(723,1537) [[FP:0.95] Human pattern (delta=-37, id=3699)]
[17:29:49] T53: [gameplay] Board=254cells/5colors d=-4 [DarkGreen:167, Brown:46, Orange:25, Red:8, DarkRed:8] | Queue=[FP stall=0 fp_top=0.95] | Holder=[LightBlue/DarkRed/_/_/_] (2/5) | 0.5s
[17:29:49]   -> TAP(524,1512) [[FP:0.95] Human pattern (delta=-9, id=3250)]
[17:29:53] T54: [gameplay] Board=254cells/5colors d=+0 [DarkGreen:167, Brown:46, Orange:25, Red:8, DarkRed:8] | Queue=[FP stall=1 fp_top=0.95] | Holder=[SageTeal/DarkRed/_/_/_] (2/5) | 0.5s
[17:29:53]   -> TAP(314,1495) [[FP:0.95] Human pattern (delta=-59, id=4165)]
[17:29:55] T55: [popup] Multi-tap close/retry positions
[17:29:59]   [SESSION] Ended cccde99cb039: fail (22 turns, end_cells=254)
[17:29:59] T56: [fail] Multi-tap close/retry positions
[17:30:04] T57: [fail] Multi-tap close/retry positions
[17:30:08] T58: [fail] Multi-tap close/retry positions
[17:30:12] T59: POPUP LOOP (fail), relaunch
[17:30:25] T60: [loading] PlayDB: 3 patterns, trying top 2
[17:30:29] T61: [loading] PlayDB: 3 patterns, trying top 2
[17:30:33] T62: [loading] PlayDB: 3 patterns, trying top 2
[17:30:37] T63: [loading] PlayDB: 3 patterns, trying top 2
[17:30:41] T64: [lobby] Hardcoded play button (540,1450)
[17:30:44] T65: [fail] HEARTS-EMPTY popup detected (pixel match). Waiting 900s for regen.
[17:30:44] T66: [fail] HEARTS WAIT: 899s remaining, sleeping in 5s chunks...
[17:31:15] T67: [fail] HEARTS WAIT: 868s remaining, sleeping in 5s chunks...
[17:31:46] T68: [fail] HEARTS WAIT: 838s remaining, sleeping in 5s chunks...
[17:32:16] T69: [fail] HEARTS WAIT: 807s remaining, sleeping in 5s chunks...
[17:32:47] T70: [fail] HEARTS WAIT: 776s remaining, sleeping in 5s chunks...
[17:33:18] T71: [fail] HEARTS WAIT: 745s remaining, sleeping in 5s chunks...
[17:33:49] T72: [fail] HEARTS WAIT: 714s remaining, sleeping in 5s chunks...
[17:34:20] T73: [fail] HEARTS WAIT: 683s remaining, sleeping in 5s chunks...
[17:34:51] T74: [fail] HEARTS WAIT: 653s remaining, sleeping in 5s chunks...
[17:35:22] T75: [fail] HEARTS WAIT: 622s remaining, sleeping in 5s chunks...
[17:35:52] T76: [fail] HEARTS WAIT: 591s remaining, sleeping in 5s chunks...
[17:36:23] T77: [fail] HEARTS WAIT: 560s remaining, sleeping in 5s chunks...
[17:36:54] T78: [fail] HEARTS WAIT: 529s remaining, sleeping in 5s chunks...
[17:37:25] T79: [fail] HEARTS WAIT: 499s remaining, sleeping in 5s chunks...
[17:37:55] T80: [fail] HEARTS WAIT: 468s remaining, sleeping in 5s chunks...
[17:38:26] T81: [fail] HEARTS WAIT: 437s remaining, sleeping in 5s chunks...
[17:38:57] T82: [fail] HEARTS WAIT: 406s remaining, sleeping in 5s chunks...
[17:39:28] T83: [fail] HEARTS WAIT: 376s remaining, sleeping in 5s chunks...
[17:39:59] T84: [fail] HEARTS WAIT: 345s remaining, sleeping in 5s chunks...
[17:40:30] T85: [fail] HEARTS WAIT: 314s remaining, sleeping in 5s chunks...
[17:41:01] T86: [fail] HEARTS WAIT: 283s remaining, sleeping in 5s chunks...
[17:41:31] T87: [fail] HEARTS WAIT: 252s remaining, sleeping in 5s chunks...
[17:42:02] T88: [fail] HEARTS WAIT: 221s remaining, sleeping in 5s chunks...
[17:42:33] T89: [fail] HEARTS WAIT: 191s remaining, sleeping in 5s chunks...
[17:43:04] T90: [fail] HEARTS WAIT: 160s remaining, sleeping in 5s chunks...
[17:43:35] T91: [fail] HEARTS WAIT: 129s remaining, sleeping in 5s chunks...
[17:44:05] T92: [fail] HEARTS WAIT: 98s remaining, sleeping in 5s chunks...
[17:44:36] T93: [fail] HEARTS WAIT: 67s remaining, sleeping in 5s chunks...
[17:45:07] T94: [fail] HEARTS WAIT: 37s remaining, sleeping in 5s chunks...
[17:45:38] T95: [fail] HEARTS WAIT: 6s remaining, sleeping in 5s chunks...
[17:45:43] T96: [fail] HEARTS-EMPTY popup detected (pixel match). Waiting 900s for regen.
[17:45:44] T97: [fail] HEARTS WAIT: 899s remaining, sleeping in 5s chunks...
[17:46:14] T98: [fail] HEARTS WAIT: 868s remaining, sleeping in 5s chunks...
[17:46:45] T99: [fail] HEARTS WAIT: 837s remaining, sleeping in 5s chunks...
[17:47:16] T100: [fail] HEARTS WAIT: 807s remaining, sleeping in 5s chunks...
[17:47:47] T101: [fail] HEARTS WAIT: 776s remaining, sleeping in 5s chunks...
[17:48:17] T102: [fail] HEARTS WAIT: 745s remaining, sleeping in 5s chunks...
[17:48:48] T103: [fail] HEARTS WAIT: 714s remaining, sleeping in 5s chunks...
[17:49:19] T104: [fail] HEARTS WAIT: 683s remaining, sleeping in 5s chunks...
[17:49:50] T105: [fail] HEARTS WAIT: 653s remaining, sleeping in 5s chunks...
[17:50:21] T106: [fail] HEARTS WAIT: 622s remaining, sleeping in 5s chunks...
[17:50:51] T107: [fail] HEARTS WAIT: 591s remaining, sleeping in 5s chunks...
[17:51:22] T108: [lobby] HEARTS WAIT: 560s remaining, sleeping in 5s chunks...
[17:51:53] T109: [lobby] HEARTS WAIT: 529s remaining, sleeping in 5s chunks...
[17:52:24] T110: [lobby] HEARTS WAIT: 498s remaining, sleeping in 5s chunks...
[17:52:55] T111: [lobby] HEARTS WAIT: 467s remaining, sleeping in 5s chunks...
[17:53:26] T112: [lobby] HEARTS WAIT: 436s remaining, sleeping in 5s chunks...
[17:53:57] T113: [lobby] HEARTS WAIT: 405s remaining, sleeping in 5s chunks...
[17:54:28] T114: [lobby] HEARTS WAIT: 375s remaining, sleeping in 5s chunks...
[17:54:59] T115: [lobby] HEARTS WAIT: 344s remaining, sleeping in 5s chunks...
[17:55:30] T116: [lobby] HEARTS WAIT: 313s remaining, sleeping in 5s chunks...
[17:56:01] T117: [lobby] HEARTS WAIT: 282s remaining, sleeping in 5s chunks...
[17:56:32] T118: [lobby] HEARTS WAIT: 251s remaining, sleeping in 5s chunks...
[17:57:03] T119: [lobby] HEARTS WAIT: 220s remaining, sleeping in 5s chunks...
[17:57:34] T120: [lobby] HEARTS WAIT: 189s remaining, sleeping in 5s chunks...
[17:58:05] T121: [lobby] HEARTS WAIT: 158s remaining, sleeping in 5s chunks...
[17:58:36] T122: [lobby] HEARTS WAIT: 127s remaining, sleeping in 5s chunks...
[17:59:07] T123: [lobby] HEARTS WAIT: 96s remaining, sleeping in 5s chunks...
[17:59:38] T124: [lobby] HEARTS WAIT: 65s remaining, sleeping in 5s chunks...
[18:00:09] T125: [lobby] HEARTS WAIT: 34s remaining, sleeping in 5s chunks...
[18:00:40] T126: [lobby] HEARTS WAIT: 3s remaining, sleeping in 5s chunks...
[18:00:45] T127: [lobby] Hardcoded play button (540,1450)
[18:00:48]   [SESSION] Started 3fbf616ffb7c (start_cells=293)
[18:00:48] T128: [gameplay] Board=293cells/5colors d=+0 [DarkGreen:210, Brown:42, Orange:23, Red:10, DarkRed:8] | Queue=[FP stall=0 fp_top=0.95] | Holder=[_/DarkGreen/DarkGreen/DarkGreen/DarkGreen] (4/5) | 0.5s
[18:00:48]   -> TAP(314,1495) [[FP:0.95] Human pattern (delta=-59, id=4165)]
[18:00:52] T129: [gameplay] Board=293cells/5colors d=+0 [DarkGreen:210, Brown:42, Orange:23, Red:10, DarkRed:8] | Queue=[FP stall=1 fp_top=0.95] | Holder=[_/DarkGreen/DarkGreen/DarkGreen/DarkGreen] (4/5) | 0.5s
[18:00:52]   -> TAP(316,1516) [[FP:0.97] Human pattern (delta=-28, id=4177)]
[18:00:55] T130: [gameplay] Board=293cells/5colors d=+0 [DarkGreen:210, Brown:42, Orange:23, Red:10, DarkRed:8] | Queue=[FP stall=2 fp_top=0.95] | Holder=[_/DarkGreen/DarkGreen/DarkGreen/DarkGreen] (4/5) | 0.5s
[18:00:55]   -> TAP(342,1656) [[FP:0.97] Human pattern (delta=-14, id=3702)]
[18:00:58]   [EXPLORE] Entering exploration mode (stall x3)
[18:00:58] T131: [gameplay] Board=293cells/5colors d=+0 [DarkGreen:210, Brown:42, Orange:23, Red:10, DarkRed:8] | Queue=[FP stall=3 fp_top=0.95] | Holder=[_/DarkGreen/DarkGreen/DarkGreen/DarkGreen] (4/5) | 0.5s
[18:00:58]   -> TAP(696,1517) [[FP:0.97] Human pattern (delta=-40, id=6969)]
[18:01:01] T132: [gameplay] Board=293cells/5colors d=+0 [DarkGreen:210, Brown:42, Orange:23, Red:10, DarkRed:8] | Queue=[FP stall=4 fp_top=0.95] | Holder=[_/DarkGreen/DarkGreen/DarkGreen/DarkGreen] (4/5) | 0.5s
[18:01:01]   -> TAP(732,1524) [[FP:0.97] Human pattern (delta=-20, id=3691)]
[18:01:05] T133: [gameplay] Board=293cells/5colors d=+0 [DarkGreen:210, Brown:42, Orange:23, Red:10, DarkRed:8] | Queue=[EXPLORE stall=5 fp_top=0.95] | Holder=[_/DarkGreen/DarkGreen/DarkGreen/DarkGreen] (4/5) | 1.3s
[18:01:05]   -> TAP(869,1653) [[EXPLORE:PlayDB] Tap (869,1653) human pattern #1]
[18:01:08] T134: [gameplay] Board=293cells/5colors d=+0 [DarkGreen:210, Brown:42, Orange:23, Red:10, DarkRed:8] | Queue=[EXPLORE stall=6 fp_top=0.95] | Holder=[_/DarkGreen/DarkGreen/DarkGreen/DarkGreen] (4/5) | 0.6s
[18:01:08]   -> TAP(627,1211) [[EXPLORE:PlayDB] Tap (627,1211) human pattern #2]
[18:01:10] T135: [gameplay] Board=293cells/5colors d=+0 [DarkGreen:210, Brown:42, Orange:23, Red:10, DarkRed:8] | Queue=[EXPLORE stall=7 fp_top=0.95] | Holder=[_/DarkGreen/DarkGreen/DarkGreen/DarkGreen] (4/5) | 0.6s
[18:01:10]   -> TAP(202,175) [[EXPLORE:PlayDB] Tap (202,175) human pattern #3]
[18:01:13] T136: [gameplay] Board=293cells/5colors d=+0 [DarkGreen:210, Brown:42, Orange:23, Red:10, DarkRed:8] | Queue=[EXPLORE stall=8 fp_top=0.95] | Holder=[_/DarkGreen/DarkGreen/DarkGreen/DarkGreen] (4/5) | 0.6s
[18:01:13]   -> TAP(817,1164) [[EXPLORE:PlayDB] Tap (817,1164) human pattern #4]
[18:01:16] T137: [gameplay] Board=293cells/5colors d=+0 [DarkGreen:210, Brown:42, Orange:23, Red:10, DarkRed:8] | Queue=[EXPLORE stall=9 fp_top=0.95] | Holder=[_/DarkGreen/DarkGreen/DarkGreen/DarkGreen] (4/5) | 0.5s
[18:01:16]   -> TAP(185,930) [[EXPLORE:ZONE:0] Tap zone (185,930)]
[18:01:19] T138: [gameplay] Board=293cells/5colors d=+0 [DarkGreen:210, Brown:42, Orange:23, Red:10, DarkRed:8] | Queue=[EXPLORE stall=10 fp_top=0.95] | Holder=[_/DarkGreen/DarkGreen/DarkGreen/DarkGreen] (4/5) | 0.5s
[18:01:19]   -> TAP(310,930) [[EXPLORE:ZONE:1] Tap zone (310,930)]
[18:01:21] T139: [gameplay] Board=293cells/5colors d=+0 [DarkGreen:210, Brown:42, Orange:23, Red:10, DarkRed:8] | Queue=[EXPLORE stall=11 fp_top=0.95] | Holder=[_/DarkGreen/DarkGreen/DarkGreen/DarkGreen] (4/5) | 0.6s
[18:01:21]   -> TAP(435,930) [[EXPLORE:ZONE:2] Tap zone (435,930)]
[18:01:24] T140: [gameplay] Board=293cells/5colors d=+0 [DarkGreen:210, Brown:42, Orange:23, Red:10, DarkRed:8] | Queue=[EXPLORE stall=12 fp_top=0.95] | Holder=[_/DarkGreen/DarkGreen/DarkGreen/DarkGreen] (4/5) | 0.7s
[18:01:24]   -> TAP(560,930) [[EXPLORE:ZONE:3] Tap zone (560,930)]
[18:01:27] T141: [gameplay] Board=293cells/5colors d=+0 [DarkGreen:210, Brown:42, Orange:23, Red:10, DarkRed:8] | Queue=[EXPLORE stall=13 fp_top=0.95] | Holder=[_/DarkGreen/DarkGreen/DarkGreen/DarkGreen] (4/5) | 0.6s
[18:01:27]   -> TAP(685,930) [[EXPLORE:ZONE:4] Tap zone (685,930)]
[18:01:29] T142: [gameplay] Board=293cells/5colors d=+0 [DarkGreen:210, Brown:42, Orange:23, Red:10, DarkRed:8] | Queue=[EXPLORE stall=14 fp_top=0.95] | Holder=[_/DarkGreen/DarkGreen/DarkGreen/DarkGreen] (4/5) | 0.5s
[18:01:29]   -> TAP(280,1500) [[EXPLORE:ZONE:5] Tap zone (280,1500)]
[18:01:32] T143: [gameplay] Board=293cells/5colors d=+0 [DarkGreen:210, Brown:42, Orange:23, Red:10, DarkRed:8] | Queue=[EXPLORE stall=15 fp_top=0.95] | Holder=[_/DarkGreen/DarkGreen/DarkGreen/DarkGreen] (4/5) | 0.6s
[18:01:32]   -> TAP(400,1500) [[EXPLORE:ZONE:6] Tap zone (400,1500)]
[18:01:35] T144: [gameplay] Board=293cells/5colors d=+0 [DarkGreen:210, Brown:42, Orange:23, Red:10, DarkRed:8] | Queue=[EXPLORE stall=16 fp_top=0.95] | Holder=[_/DarkGreen/DarkGreen/DarkGreen/DarkGreen] (4/5) | 0.5s
[18:01:35]   -> TAP(530,1500) [[EXPLORE:ZONE:7] Tap zone (530,1500)]
[18:01:38] T145: [gameplay] Board=297cells/6colors d=+4 [DarkGreen:210, Brown:42, Orange:23, Red:12, DarkRed:8] | Queue=[EXPLORE stall=15 fp_top=0.95] | Holder=[_/DarkRed/SageTeal/SageTeal/SageTeal] (4/5) | 0.6s
[18:01:38]   -> TAP(660,1500) [[EXPLORE:ZONE:8] Tap zone (660,1500)]
[18:01:40]   [LEARN] Explore tap (660,1500) WORKED! (d=-4)
[18:01:40] T146: [gameplay] Board=293cells/5colors d=-4 [DarkGreen:210, Brown:42, Orange:23, Red:10, DarkRed:8] | Queue=[FP stall=0 fp_top=0.95] | Holder=[_/DarkRed/_/_/_] (1/5) | 0.5s
[18:01:40]   -> TAP(314,1495) [[FP:0.95] Human pattern (delta=-59, id=4165)]
[18:01:43] T147: [gameplay] Board=260cells/5colors d=-33 [DarkGreen:177, Brown:42, Orange:23, Red:10, DarkRed:8] | Queue=[FP stall=0 fp_top=0.95] | Holder=[_/DarkRed/_/_/_] (1/5) | 0.5s
[18:01:43]   -> TAP(696,1517) [[FP:0.96] Human pattern (delta=-40, id=6969)]
[18:01:47] T148: [gameplay] Board=256cells/5colors d=-4 [DarkGreen:173, Brown:42, Orange:23, Red:10, DarkRed:8] | Queue=[FP stall=0 fp_top=0.95] | Holder=[_/DarkRed/_/_/_] (1/5) | 0.5s
[18:01:47]   -> TAP(723,1537) [[FP:0.96] Human pattern (delta=-37, id=3699)]
[18:01:50] T149: [gameplay] Board=256cells/5colors d=+0 [DarkGreen:173, Brown:42, Orange:23, Red:10, DarkRed:8] | Queue=[FP stall=1 fp_top=0.95] | Holder=[_/DarkRed/_/_/_] (1/5) | 0.5s
[18:01:50]   -> TAP(524,1512) [[FP:0.96] Human pattern (delta=-9, id=3250)]
[18:01:53] T150: [gameplay] Board=256cells/5colors d=+0 [DarkGreen:173, Brown:42, Orange:23, Red:10, DarkRed:8] | Queue=[FP stall=2 fp_top=0.95] | Holder=[_/DarkRed/_/_/_] (1/5) | 0.5s
[18:01:53]   -> TAP(696,1517) [[FP:0.96] Human pattern (delta=-40, id=6969)]
[18:01:56]   [EXPLORE] Entering exploration mode (stall x3)
[18:01:56] T151: [gameplay] Board=256cells/5colors d=+0 [DarkGreen:173, Brown:42, Orange:23, Red:10, DarkRed:8] | Queue=[FP stall=3 fp_top=0.95] | Holder=[Periwinkle/DarkRed/_/_/_] (2/5) | 0.5s
[18:01:56]   -> TAP(316,1516) [[FP:0.97] Human pattern (delta=-28, id=4177)]
[18:01:59] T152: [gameplay] Board=256cells/5colors d=+0 [DarkGreen:173, Brown:42, Orange:23, Red:10, DarkRed:8] | Queue=[FP stall=4 fp_top=0.95] | Holder=[_/DarkRed/_/_/_] (1/5) | 0.6s
[18:01:59]   -> TAP(342,1656) [[FP:0.96] Human pattern (delta=-14, id=3702)]
[18:02:02]   [SESSION] Ended 3fbf616ffb7c: fail (25 turns, end_cells=256)
[18:02:02] T153: [fail] Multi-tap close/retry positions
[18:02:06] T154: [win] Multi-tap continue positions
[18:02:10] T155: [fail] HEARTS-EMPTY popup detected (pixel match). Waiting 900s for regen.
[18:02:11] T156: [fail] HEARTS WAIT: 899s remaining, sleeping in 5s chunks...
[18:02:42] T157: [fail] HEARTS WAIT: 868s remaining, sleeping in 5s chunks...
[18:03:12] T158: [fail] HEARTS WAIT: 838s remaining, sleeping in 5s chunks...
[18:03:43] T159: [fail] HEARTS WAIT: 807s remaining, sleeping in 5s chunks...
[18:04:14] T160: [fail] HEARTS WAIT: 776s remaining, sleeping in 5s chunks...
[18:04:45] T161: [fail] HEARTS WAIT: 745s remaining, sleeping in 5s chunks...
[18:05:15] T162: [fail] HEARTS WAIT: 714s remaining, sleeping in 5s chunks...
[18:05:46] T163: [fail] HEARTS WAIT: 684s remaining, sleeping in 5s chunks...
[18:06:17] T164: [fail] HEARTS WAIT: 653s remaining, sleeping in 5s chunks...
[18:06:48] T165: [fail] HEARTS WAIT: 622s remaining, sleeping in 5s chunks...
[18:07:19] T166: [fail] HEARTS WAIT: 591s remaining, sleeping in 5s chunks...
[18:07:49] T167: [fail] HEARTS WAIT: 561s remaining, sleeping in 5s chunks...
[18:08:20] T168: [fail] HEARTS WAIT: 530s remaining, sleeping in 5s chunks...
[18:08:51] T169: [fail] HEARTS WAIT: 499s remaining, sleeping in 5s chunks...
[18:09:22] T170: [fail] HEARTS WAIT: 468s remaining, sleeping in 5s chunks...
[18:09:53] T171: [fail] HEARTS WAIT: 437s remaining, sleeping in 5s chunks...
[18:10:23] T172: [fail] HEARTS WAIT: 406s remaining, sleeping in 5s chunks...
[18:10:54] T173: [fail] HEARTS WAIT: 376s remaining, sleeping in 5s chunks...
[18:11:25] T174: [fail] HEARTS WAIT: 345s remaining, sleeping in 5s chunks...
[18:11:56] T175: [fail] HEARTS WAIT: 314s remaining, sleeping in 5s chunks...
[18:12:27] T176: [fail] HEARTS WAIT: 283s remaining, sleeping in 5s chunks...
[18:12:57] T177: [fail] HEARTS WAIT: 252s remaining, sleeping in 5s chunks...
[18:13:28] T178: [fail] HEARTS WAIT: 222s remaining, sleeping in 5s chunks...
[18:13:59] T179: [fail] HEARTS WAIT: 191s remaining, sleeping in 5s chunks...
[18:14:30] T180: [fail] HEARTS WAIT: 160s remaining, sleeping in 5s chunks...
[18:15:01] T181: [fail] HEARTS WAIT: 129s remaining, sleeping in 5s chunks...
[18:15:32] T182: [fail] HEARTS WAIT: 98s remaining, sleeping in 5s chunks...
[18:16:03] T183: [fail] HEARTS WAIT: 67s remaining, sleeping in 5s chunks...
[18:16:33] T184: [fail] HEARTS WAIT: 37s remaining, sleeping in 5s chunks...
[18:17:04] T185: [fail] HEARTS WAIT: 6s remaining, sleeping in 5s chunks...
[18:17:10] T186: [fail] HEARTS-EMPTY popup detected (pixel match). Waiting 900s for regen.
[18:17:10] T187: [fail] HEARTS WAIT: 899s remaining, sleeping in 5s chunks...
[18:17:41] T188: [fail] HEARTS WAIT: 868s remaining, sleeping in 5s chunks...
[18:18:12] T189: [fail] HEARTS WAIT: 837s remaining, sleeping in 5s chunks...
[18:18:43] T190: [fail] HEARTS WAIT: 807s remaining, sleeping in 5s chunks...
[18:19:14] T191: [fail] HEARTS WAIT: 775s remaining, sleeping in 5s chunks...
[18:19:45] T192: [fail] HEARTS WAIT: 745s remaining, sleeping in 5s chunks...
[18:20:16] T193: [fail] HEARTS WAIT: 714s remaining, sleeping in 5s chunks...
[18:20:47] T194: [fail] HEARTS WAIT: 683s remaining, sleeping in 5s chunks...
[18:21:17] T195: [win] HEARTS WAIT: 652s remaining, sleeping in 5s chunks...
[18:21:48] T196: [win] HEARTS WAIT: 621s remaining, sleeping in 5s chunks...
[18:22:19] T197: [win] HEARTS WAIT: 590s remaining, sleeping in 5s chunks...
[18:22:50] T198: [win] HEARTS WAIT: 559s remaining, sleeping in 5s chunks...
[18:23:21] T199: [win] HEARTS WAIT: 528s remaining, sleeping in 5s chunks...
[18:23:52] T200: [win] HEARTS WAIT: 497s remaining, sleeping in 5s chunks...
[18:24:23] T201: [win] HEARTS WAIT: 466s remaining, sleeping in 5s chunks...
[18:24:54] T202: [win] HEARTS WAIT: 435s remaining, sleeping in 5s chunks...
[18:25:25] T203: [win] HEARTS WAIT: 404s remaining, sleeping in 5s chunks...
[18:25:56] T204: [win] HEARTS WAIT: 373s remaining, sleeping in 5s chunks...
[18:26:27] T205: [win] HEARTS WAIT: 342s remaining, sleeping in 5s chunks...
[18:26:58] T206: [win] HEARTS WAIT: 311s remaining, sleeping in 5s chunks...
[18:27:29] T207: [win] HEARTS WAIT: 280s remaining, sleeping in 5s chunks...
[18:28:00] T208: [win] HEARTS WAIT: 249s remaining, sleeping in 5s chunks...
[18:28:31] T209: [win] HEARTS WAIT: 218s remaining, sleeping in 5s chunks...
[18:29:02] T210: [win] HEARTS WAIT: 187s remaining, sleeping in 5s chunks...
[18:29:33] T211: [win] HEARTS WAIT: 156s remaining, sleeping in 5s chunks...
[18:30:04] T212: [win] HEARTS WAIT: 125s remaining, sleeping in 5s chunks...
[18:30:35] T213: [win] HEARTS WAIT: 95s remaining, sleeping in 5s chunks...
[18:31:06] T214: [win] HEARTS WAIT: 64s remaining, sleeping in 5s chunks...
[18:31:37] T215: [win] HEARTS WAIT: 32s remaining, sleeping in 5s chunks...
[18:32:08] T216: [win] HEARTS WAIT: 2s remaining, sleeping in 5s chunks...
[18:32:13] T217: [win] Multi-tap continue positions
[18:32:18]   [SESSION] Started acd71d8aaf43 (start_cells=283)
[18:32:18] T218: [gameplay] Board=283cells/5colors d=+0 [DarkGreen:208, Brown:39, Orange:24, DarkRed:8, Red:4] | Queue=[FP stall=0 fp_top=0.98] | Holder=[_/DarkGreen/DarkGreen/DarkGreen/DarkGreen] (4/5) | 0.6s
[18:32:18]   -> TAP(717,1495) [[FP:0.98] Human pattern (delta=-43, id=6857)]
[18:32:21] T219: [gameplay] Board=283cells/5colors d=+0 [DarkGreen:208, Brown:39, Orange:24, DarkRed:8, Red:4] | Queue=[FP stall=1 fp_top=0.98] | Holder=[_/DarkGreen/DarkGreen/DarkGreen/DarkGreen] (4/5) | 0.6s
[18:32:21]   -> TAP(732,1524) [[FP:0.97] Human pattern (delta=-20, id=3691)]
[18:32:25] T220: [gameplay] Board=283cells/5colors d=+0 [DarkGreen:208, Brown:39, Orange:24, DarkRed:8, Red:4] | Queue=[FP stall=2 fp_top=0.98] | Holder=[_/DarkGreen/DarkGreen/DarkGreen/DarkGreen] (4/5) | 0.7s
[18:32:25]   -> TAP(316,1516) [[FP:0.97] Human pattern (delta=-28, id=4177)]
[18:32:28] T221: [gameplay] Board=283cells/5colors d=+0 [DarkGreen:208, Brown:39, Orange:24, DarkRed:8, Red:4] | Queue=[FP stall=3 fp_top=0.98] | Holder=[_/DarkGreen/DarkGreen/DarkGreen/DarkGreen] (4/5) | 0.6s
[18:32:28]   -> TAP(732,1524) [[FP:0.97] Human pattern (delta=-20, id=3691)]
[18:32:32] T222: [gameplay] Board=283cells/5colors d=+0 [DarkGreen:208, Brown:39, Orange:24, DarkRed:8, Red:4] | Queue=[FP stall=4 fp_top=0.98] | Holder=[_/DarkGreen/DarkGreen/DarkGreen/DarkGreen] (4/5) | 0.7s
[18:32:32]   -> TAP(342,1656) [[FP:0.98] Human pattern (delta=-14, id=3702)]
[18:32:35] T223: [gameplay] Board=283cells/5colors d=+0 [DarkGreen:208, Brown:39, Orange:24, DarkRed:8, Red:4] | Queue=[EXPLORE stall=5 fp_top=0.98] | Holder=[_/DarkGreen/DarkGreen/DarkGreen/DarkGreen] (4/5) | 0.7s
[18:32:35]   -> TAP(869,1653) [[EXPLORE:PlayDB] Tap (869,1653) human pattern #1]
[18:32:38] T224: [gameplay] Board=283cells/5colors d=+0 [DarkGreen:208, Brown:39, Orange:24, DarkRed:8, Red:4] | Queue=[EXPLORE stall=6 fp_top=0.98] | Holder=[_/DarkGreen/DarkGreen/DarkGreen/DarkGreen] (4/5) | 0.7s
[18:32:38]   -> TAP(627,1211) [[EXPLORE:PlayDB] Tap (627,1211) human pattern #2]
[18:32:41] T225: [gameplay] Board=283cells/5colors d=+0 [DarkGreen:208, Brown:39, Orange:24, DarkRed:8, Red:4] | Queue=[EXPLORE stall=7 fp_top=0.98] | Holder=[_/DarkGreen/DarkGreen/DarkGreen/DarkGreen] (4/5) | 0.7s
[18:32:41]   -> TAP(202,175) [[EXPLORE:PlayDB] Tap (202,175) human pattern #3]
[18:32:44] T226: [gameplay] Board=283cells/5colors d=+0 [DarkGreen:208, Brown:39, Orange:24, DarkRed:8, Red:4] | Queue=[EXPLORE stall=8 fp_top=0.98] | Holder=[_/DarkGreen/DarkGreen/DarkGreen/DarkGreen] (4/5) | 0.8s
[18:32:44]   -> TAP(817,1164) [[EXPLORE:PlayDB] Tap (817,1164) human pattern #4]
[18:32:47] T227: [gameplay] Board=283cells/5colors d=+0 [DarkGreen:208, Brown:39, Orange:24, DarkRed:8, Red:4] | Queue=[EXPLORE stall=9 fp_top=0.98] | Holder=[_/DarkGreen/DarkGreen/DarkGreen/DarkGreen] (4/5) | 0.8s
[18:32:47]   -> TAP(185,930) [[EXPLORE:ZONE:0] Tap zone (185,930)]
[18:32:50] T228: [gameplay] Board=283cells/5colors d=+0 [DarkGreen:208, Brown:39, Orange:24, DarkRed:8, Red:4] | Queue=[EXPLORE stall=10 fp_top=0.98] | Holder=[_/DarkGreen/DarkGreen/DarkGreen/DarkGreen] (4/5) | 1.0s
[18:32:50]   -> TAP(310,930) [[EXPLORE:ZONE:1] Tap zone (310,930)]
[18:32:54] T229: [gameplay] Board=283cells/5colors d=+0 [DarkGreen:208, Brown:39, Orange:24, DarkRed:8, Red:4] | Queue=[EXPLORE stall=11 fp_top=0.98] | Holder=[_/DarkGreen/DarkGreen/DarkGreen/DarkGreen] (4/5) | 0.7s
[18:32:54]   -> TAP(435,930) [[EXPLORE:ZONE:2] Tap zone (435,930)]
[18:32:57] T230: [gameplay] Board=283cells/5colors d=+0 [DarkGreen:208, Brown:39, Orange:24, DarkRed:8, Red:4] | Queue=[EXPLORE stall=12 fp_top=0.98] | Holder=[_/DarkGreen/DarkGreen/DarkGreen/DarkGreen] (4/5) | 0.8s
[18:32:57]   -> TAP(560,930) [[EXPLORE:ZONE:3] Tap zone (560,930)]
[18:33:00] T231: [gameplay] Board=283cells/5colors d=+0 [DarkGreen:208, Brown:39, Orange:24, DarkRed:8, Red:4] | Queue=[EXPLORE stall=13 fp_top=0.98] | Holder=[_/DarkGreen/DarkGreen/DarkGreen/DarkGreen] (4/5) | 0.8s
[18:33:00]   -> TAP(685,930) [[EXPLORE:ZONE:4] Tap zone (685,930)]
[18:33:02] T232: [gameplay] Board=283cells/5colors d=+0 [DarkGreen:208, Brown:39, Orange:24, DarkRed:8, Red:4] | Queue=[EXPLORE stall=14 fp_top=0.98] | Holder=[_/DarkGreen/DarkGreen/DarkGreen/DarkGreen] (4/5) | 0.7s
[18:33:02]   -> TAP(280,1500) [[EXPLORE:ZONE:5] Tap zone (280,1500)]
[18:33:05] T233: NO PROGRESS 20 turns (cells=283) — abandoning session + relaunch
[18:33:05]   [SESSION] Ended acd71d8aaf43: stuck (15 turns, end_cells=283)
[18:33:18] T234: [loading] PlayDB: 3 patterns, trying top 2
[18:33:22] T235: [loading] PlayDB: 3 patterns, trying top 2
[18:33:27] T236: [loading] PlayDB: 3 patterns, trying top 2
[18:33:32] T237: [loading] PlayDB: 3 patterns, trying top 2
[18:33:36] T238: [lobby] Hardcoded play button (540,1450)
[18:33:38] T239: [fail] HEARTS-EMPTY popup detected (pixel match). Waiting 900s for regen.
[18:33:39] T240: [fail] HEARTS WAIT: 899s remaining, sleeping in 5s chunks...
[18:34:10] T241: [fail] HEARTS WAIT: 868s remaining, sleeping in 5s chunks...
[18:34:41] T242: [fail] HEARTS WAIT: 837s remaining, sleeping in 5s chunks...
[18:35:12] T243: [fail] HEARTS WAIT: 806s remaining, sleeping in 5s chunks...
[18:35:43] T244: [fail] HEARTS WAIT: 775s remaining, sleeping in 5s chunks...
[18:36:14] T245: [fail] HEARTS WAIT: 744s remaining, sleeping in 5s chunks...
[18:36:44] T246: [fail] HEARTS WAIT: 714s remaining, sleeping in 5s chunks...
[18:37:15] T247: [fail] HEARTS WAIT: 683s remaining, sleeping in 5s chunks...
[18:37:46] T248: [fail] HEARTS WAIT: 652s remaining, sleeping in 5s chunks...
[18:38:17] T249: [fail] HEARTS WAIT: 621s remaining, sleeping in 5s chunks...
[18:38:48] T250: [fail] HEARTS WAIT: 590s remaining, sleeping in 5s chunks...
[18:39:19] T251: [fail] HEARTS WAIT: 559s remaining, sleeping in 5s chunks...
[18:39:50] T252: [fail] HEARTS WAIT: 528s remaining, sleeping in 5s chunks...
[18:40:21] T253: [fail] HEARTS WAIT: 497s remaining, sleeping in 5s chunks...
[18:40:52] T254: [fail] HEARTS WAIT: 466s remaining, sleeping in 5s chunks...
[18:41:22] T255: [fail] HEARTS WAIT: 436s remaining, sleeping in 5s chunks...
[18:41:53] T256: [fail] HEARTS WAIT: 405s remaining, sleeping in 5s chunks...
[18:42:24] T257: [fail] HEARTS WAIT: 374s remaining, sleeping in 5s chunks...
[18:42:55] T258: [fail] HEARTS WAIT: 343s remaining, sleeping in 5s chunks...
[18:43:26] T259: [fail] HEARTS WAIT: 312s remaining, sleeping in 5s chunks...
[18:43:57] T260: [fail] HEARTS WAIT: 281s remaining, sleeping in 5s chunks...
[18:44:28] T261: [fail] HEARTS WAIT: 250s remaining, sleeping in 5s chunks...
[18:44:59] T262: [fail] HEARTS WAIT: 219s remaining, sleeping in 5s chunks...
[18:45:30] T263: [fail] HEARTS WAIT: 188s remaining, sleeping in 5s chunks...
[18:46:01] T264: [fail] HEARTS WAIT: 157s remaining, sleeping in 5s chunks...
[18:46:31] T265: [fail] HEARTS WAIT: 127s remaining, sleeping in 5s chunks...
[18:47:02] T266: [fail] HEARTS WAIT: 96s remaining, sleeping in 5s chunks...
[18:47:33] T267: [fail] HEARTS WAIT: 65s remaining, sleeping in 5s chunks...
[18:48:04] T268: [fail] HEARTS WAIT: 34s remaining, sleeping in 5s chunks...
[18:48:35] T269: [fail] HEARTS WAIT: 3s remaining, sleeping in 5s chunks...
[18:48:40] T270: [fail] HEARTS-EMPTY popup detected (pixel match). Waiting 900s for regen.
[18:48:41] T271: [fail] HEARTS WAIT: 899s remaining, sleeping in 5s chunks...
[18:49:12] T272: [fail] HEARTS WAIT: 868s remaining, sleeping in 5s chunks...
[18:49:43] T273: [fail] HEARTS WAIT: 837s remaining, sleeping in 5s chunks...
[18:50:13] T274: [fail] HEARTS WAIT: 807s remaining, sleeping in 5s chunks...
[18:50:44] T275: [fail] HEARTS WAIT: 776s remaining, sleeping in 5s chunks...
[18:51:15] T276: [lobby] HEARTS WAIT: 745s remaining, sleeping in 5s chunks...
[18:51:46] T277: [lobby] HEARTS WAIT: 714s remaining, sleeping in 5s chunks...
[18:52:17] T278: [lobby] HEARTS WAIT: 683s remaining, sleeping in 5s chunks...
[18:52:48] T279: [lobby] HEARTS WAIT: 652s remaining, sleeping in 5s chunks...
[18:53:20] T280: [lobby] HEARTS WAIT: 620s remaining, sleeping in 5s chunks...
[18:53:50] T281: [lobby] HEARTS WAIT: 590s remaining, sleeping in 5s chunks...
[18:54:22] T282: [lobby] HEARTS WAIT: 558s remaining, sleeping in 5s chunks...
[18:54:52] T283: [lobby] HEARTS WAIT: 528s remaining, sleeping in 5s chunks...
[18:55:23] T284: [lobby] HEARTS WAIT: 497s remaining, sleeping in 5s chunks...
[18:55:55] T285: [lobby] HEARTS WAIT: 465s remaining, sleeping in 5s chunks...
[18:56:26] T286: [lobby] HEARTS WAIT: 434s remaining, sleeping in 5s chunks...
[18:56:57] T287: [lobby] HEARTS WAIT: 403s remaining, sleeping in 5s chunks...
[18:57:28] T288: [lobby] HEARTS WAIT: 372s remaining, sleeping in 5s chunks...
[18:57:59] T289: [lobby] HEARTS WAIT: 341s remaining, sleeping in 5s chunks...
[18:58:30] T290: [lobby] HEARTS WAIT: 310s remaining, sleeping in 5s chunks...
[18:59:01] T291: [lobby] HEARTS WAIT: 279s remaining, sleeping in 5s chunks...
[18:59:32] T292: [lobby] HEARTS WAIT: 248s remaining, sleeping in 5s chunks...
[19:00:03] T293: [lobby] HEARTS WAIT: 217s remaining, sleeping in 5s chunks...
[19:00:34] T294: [lobby] HEARTS WAIT: 186s remaining, sleeping in 5s chunks...
[19:01:05] T295: [lobby] HEARTS WAIT: 155s remaining, sleeping in 5s chunks...
[19:01:36] T296: [lobby] HEARTS WAIT: 124s remaining, sleeping in 5s chunks...
[19:02:07] T297: [lobby] HEARTS WAIT: 93s remaining, sleeping in 5s chunks...
[19:02:38] T298: [lobby] HEARTS WAIT: 62s remaining, sleeping in 5s chunks...
[19:03:09] T299: [lobby] HEARTS WAIT: 31s remaining, sleeping in 5s chunks...
[19:03:40] T300: [lobby] Hardcoded play button (540,1450)
[19:03:44]   [SESSION] Started 565e19eab2cd (start_cells=285)
[19:03:44] T301: [gameplay] Board=285cells/5colors d=+0 [DarkGreen:206, Brown:43, Orange:24, DarkRed:8, Red:4] | Queue=[FP stall=0 fp_top=0.95] | Holder=[_/DarkGreen/DarkGreen/DarkGreen/DarkGreen] (4/5) | 0.6s
[19:03:44]   -> TAP(314,1495) [[FP:0.95] Human pattern (delta=-59, id=4165)]
[19:03:47] T302: [gameplay] Board=285cells/5colors d=+0 [DarkGreen:206, Brown:43, Orange:24, DarkRed:8, Red:4] | Queue=[FP stall=1 fp_top=0.95] | Holder=[_/DarkGreen/DarkGreen/DarkGreen/DarkGreen] (4/5) | 0.6s
[19:03:47]   -> TAP(723,1537) [[FP:0.97] Human pattern (delta=-37, id=3699)]
[19:03:50] T303: [gameplay] Board=285cells/5colors d=+0 [DarkGreen:206, Brown:43, Orange:24, DarkRed:8, Red:4] | Queue=[FP stall=2 fp_top=0.95] | Holder=[_/DarkGreen/DarkGreen/DarkGreen/DarkGreen] (4/5) | 0.5s
[19:03:50]   -> TAP(696,1517) [[FP:0.97] Human pattern (delta=-40, id=6969)]
[19:03:54]   [EXPLORE] Entering exploration mode (stall x3)
[19:03:54] T304: [gameplay] Board=285cells/5colors d=+0 [DarkGreen:206, Brown:43, Orange:24, DarkRed:8, Red:4] | Queue=[FP stall=3 fp_top=0.95] | Holder=[_/DarkGreen/DarkGreen/DarkGreen/DarkGreen] (4/5) | 0.6s
[19:03:54]   -> TAP(524,1512) [[FP:0.97] Human pattern (delta=-9, id=3250)]
[19:03:57] T305: [gameplay] Board=285cells/5colors d=+0 [DarkGreen:206, Brown:43, Orange:24, DarkRed:8, Red:4] | Queue=[FP stall=4 fp_top=0.95] | Holder=[_/DarkRed/SageTeal/SageTeal/_] (3/5) | 0.6s
[19:03:57]   -> TAP(732,1524) [[FP:0.97] Human pattern (delta=-20, id=3691)]
[19:04:00] T306: [gameplay] Board=289cells/5colors d=+4 [DarkGreen:210, Brown:43, Orange:24, DarkRed:8, Red:4] | Queue=[FP stall=3 fp_top=0.95] | Holder=[_/DarkRed/_/_/_] (1/5) | 0.5s
[19:04:00]   -> TAP(342,1656) [[FP:0.97] Human pattern (delta=-14, id=3702)]
[19:04:04]   [LEARN] Explore tap (280,1500) WORKED! (d=-41)
[19:04:04] T307: [gameplay] Board=248cells/5colors d=-41 [DarkGreen:169, Brown:43, Orange:24, DarkRed:8, Red:4] | Queue=[FP stall=0 fp_top=0.95] | Holder=[Periwinkle/DarkRed/_/_/_] (2/5) | 0.6s
[19:04:04]   -> TAP(316,1516) [[FP:0.98] Human pattern (delta=-28, id=4177)]
[19:04:07] T308: [gameplay] Board=248cells/5colors d=+0 [DarkGreen:169, Brown:43, Orange:24, DarkRed:8, Red:4] | Queue=[FP stall=1 fp_top=0.95] | Holder=[_/DarkRed/_/_/_] (1/5) | 0.6s
[19:04:07]   -> TAP(314,1495) [[FP:0.95] Human pattern (delta=-59, id=4165)]
[19:04:10] T309: [gameplay] Board=248cells/5colors d=+0 [DarkGreen:169, Brown:43, Orange:24, DarkRed:8, Red:4] | Queue=[FP stall=2 fp_top=0.95] | Holder=[_/DarkRed/_/_/_] (1/5) | 0.6s
[19:04:10]   -> TAP(696,1517) [[FP:0.96] Human pattern (delta=-40, id=6969)]
[19:04:14]   [EXPLORE] Entering exploration mode (stall x3)
[19:04:14] T310: [gameplay] Board=248cells/5colors d=+0 [DarkGreen:169, Brown:43, Orange:24, DarkRed:8, Red:4] | Queue=[FP stall=3 fp_top=0.95] | Holder=[_/DarkRed/_/_/_] (1/5) | 0.6s
[19:04:14]   -> TAP(723,1537) [[FP:0.96] Human pattern (delta=-37, id=3699)]
[19:04:17] T311: [gameplay] Board=248cells/5colors d=+0 [DarkGreen:169, Brown:43, Orange:24, DarkRed:8, Red:4] | Queue=[FP stall=4 fp_top=0.95] | Holder=[_/DarkRed/_/_/_] (1/5) | 0.5s
[19:04:17]   -> TAP(316,1516) [[FP:0.98] Human pattern (delta=-28, id=4177)]
[19:04:20] T312: [gameplay] Board=248cells/5colors d=+0 [DarkGreen:169, Brown:43, Orange:24, DarkRed:8, Red:4] | Queue=[EXPLORE stall=5 fp_top=0.95] | Holder=[_/DarkRed/_/_/_] (1/5) | 0.7s
[19:04:20]   -> TAP(869,1653) [[EXPLORE:PlayDB] Tap (869,1653) human pattern #1]
[19:04:23] T313: [gameplay] Board=248cells/5colors d=+0 [DarkGreen:169, Brown:43, Orange:24, DarkRed:8, Red:4] | Queue=[EXPLORE stall=6 fp_top=0.95] | Holder=[_/DarkRed/_/_/_] (1/5) | 0.6s
[19:04:23]   -> TAP(627,1211) [[EXPLORE:PlayDB] Tap (627,1211) human pattern #2]
[19:04:26] T314: [gameplay] Board=248cells/5colors d=+0 [DarkGreen:169, Brown:43, Orange:24, DarkRed:8, Red:4] | Queue=[EXPLORE stall=7 fp_top=0.95] | Holder=[_/DarkRed/_/_/_] (1/5) | 0.7s
[19:04:26]   -> TAP(202,175) [[EXPLORE:PlayDB] Tap (202,175) human pattern #3]
[19:04:29] T315: [gameplay] Board=248cells/5colors d=+0 [DarkGreen:169, Brown:43, Orange:24, DarkRed:8, Red:4] | Queue=[EXPLORE stall=8 fp_top=0.95] | Holder=[_/DarkRed/_/_/_] (1/5) | 0.6s
[19:04:29]   -> TAP(817,1164) [[EXPLORE:PlayDB] Tap (817,1164) human pattern #4]
[19:04:32] T316: [gameplay] Board=248cells/5colors d=+0 [DarkGreen:169, Brown:43, Orange:24, DarkRed:8, Red:4] | Queue=[EXPLORE stall=9 fp_top=0.95] | Holder=[_/DarkRed/_/_/_] (1/5) | 0.6s
[19:04:32]   -> TAP(185,930) [[EXPLORE:ZONE:0] Tap zone (185,930)]
[19:04:35] T317: [gameplay] Board=248cells/5colors d=+0 [DarkGreen:169, Brown:43, Orange:24, DarkRed:8, Red:4] | Queue=[EXPLORE stall=10 fp_top=0.95] | Holder=[_/DarkRed/_/_/_] (1/5) | 0.6s
[19:04:35]   -> TAP(310,930) [[EXPLORE:ZONE:1] Tap zone (310,930)]
[19:04:37] T318: [gameplay] Board=248cells/5colors d=+0 [DarkGreen:169, Brown:43, Orange:24, DarkRed:8, Red:4] | Queue=[EXPLORE stall=11 fp_top=0.95] | Holder=[_/DarkRed/_/_/_] (1/5) | 0.6s
[19:04:37]   -> TAP(435,930) [[EXPLORE:ZONE:2] Tap zone (435,930)]
[19:04:40] T319: [gameplay] Board=248cells/5colors d=+0 [DarkGreen:169, Brown:43, Orange:24, DarkRed:8, Red:4] | Queue=[EXPLORE stall=12 fp_top=0.95] | Holder=[_/DarkRed/_/_/_] (1/5) | 0.6s
[19:04:40]   -> TAP(560,930) [[EXPLORE:ZONE:3] Tap zone (560,930)]
[19:04:43] T320: [gameplay] Board=248cells/5colors d=+0 [DarkGreen:169, Brown:43, Orange:24, DarkRed:8, Red:4] | Queue=[EXPLORE stall=13 fp_top=0.95] | Holder=[_/DarkRed/_/_/_] (1/5) | 0.6s
[19:04:43]   -> TAP(685,930) [[EXPLORE:ZONE:4] Tap zone (685,930)]
[19:04:46] T321: [gameplay] Board=248cells/5colors d=+0 [DarkGreen:169, Brown:43, Orange:24, DarkRed:8, Red:4] | Queue=[EXPLORE stall=14 fp_top=0.95] | Holder=[_/DarkRed/_/_/_] (1/5) | 0.6s
[19:04:46]   -> TAP(280,1500) [[EXPLORE:ZONE:5] Tap zone (280,1500)]
[19:04:48] T322: [gameplay] Board=248cells/5colors d=+0 [DarkGreen:169, Brown:43, Orange:24, DarkRed:8, Red:4] | Queue=[EXPLORE stall=15 fp_top=0.95] | Holder=[_/DarkRed/_/_/_] (1/5) | 0.6s
[19:04:48]   -> TAP(400,1500) [[EXPLORE:ZONE:6] Tap zone (400,1500)]
[19:04:51] T323: [gameplay] Board=248cells/5colors d=+0 [DarkGreen:169, Brown:43, Orange:24, DarkRed:8, Red:4] | Queue=[EXPLORE stall=16 fp_top=0.95] | Holder=[_/_/_/_/_] (0/5) | 0.6s
[19:04:51]   -> TAP(530,1500) [[EXPLORE:ZONE:7] Tap zone (530,1500)]
[19:04:54] T324: [gameplay] Board=252cells/5colors d=+4 [DarkGreen:169, Brown:43, Orange:24, DarkRed:10, Red:6] | Queue=[EXPLORE stall=15 fp_top=0.95] | Holder=[_/_/_/_/_] (0/5) | 0.6s
[19:04:54]   -> TAP(660,1500) [[EXPLORE:ZONE:8] Tap zone (660,1500)]
[19:04:57]   [LEARN] Explore tap (660,1500) WORKED! (d=-4)
[19:04:57] T325: [gameplay] Board=248cells/5colors d=-4 [DarkGreen:169, Brown:43, Orange:24, DarkRed:8, Red:4] | Queue=[FP stall=0 fp_top=0.95] | Holder=[_/_/_/_/_] (0/5) | 0.7s
[19:04:57]   -> TAP(316,1516) [[FP:0.98] Human pattern (delta=-28, id=4177)]
[19:05:01] T326: [gameplay] Board=248cells/5colors d=+0 [DarkGreen:169, Brown:43, Orange:24, DarkRed:8, Red:4] | Queue=[FP stall=1 fp_top=0.95] | Holder=[_/_/_/_/_] (0/5) | 0.8s
[19:05:01]   -> TAP(524,1512) [[FP:0.96] Human pattern (delta=-9, id=3250)]
[19:05:04] T327: [loading] PlayDB: 3 patterns, trying top 2
[19:05:07]   [SESSION] Ended 565e19eab2cd: win (26 turns, end_cells=248)
[19:05:07] T328: [win] Multi-tap continue positions
[19:05:12] T329: [fail] Multi-tap close/retry positions
[19:05:17] T330: [win] Multi-tap continue positions
[19:05:21] T331: [fail] HEARTS-EMPTY popup detected (pixel match). Waiting 900s for regen.
[19:05:21] T332: [fail] HEARTS WAIT: 899s remaining, sleeping in 5s chunks...
[19:05:53] T333: [fail] HEARTS WAIT: 868s remaining, sleeping in 5s chunks...
[19:06:24] T334: [fail] HEARTS WAIT: 837s remaining, sleeping in 5s chunks...
[19:06:55] T335: [fail] HEARTS WAIT: 806s remaining, sleeping in 5s chunks...
[19:07:26] T336: [fail] HEARTS WAIT: 775s remaining, sleeping in 5s chunks...
[19:07:57] T337: [fail] HEARTS WAIT: 744s remaining, sleeping in 5s chunks...
[19:08:28] T338: [fail] HEARTS WAIT: 713s remaining, sleeping in 5s chunks...
[19:08:58] T339: [fail] HEARTS WAIT: 682s remaining, sleeping in 5s chunks...
[19:09:29] T340: [fail] HEARTS WAIT: 651s remaining, sleeping in 5s chunks...
[19:10:00] T341: [fail] HEARTS WAIT: 621s remaining, sleeping in 5s chunks...
[19:10:31] T342: [fail] HEARTS WAIT: 590s remaining, sleeping in 5s chunks...
[19:11:02] T343: [fail] HEARTS WAIT: 559s remaining, sleeping in 5s chunks...
[19:11:32] T344: [fail] HEARTS WAIT: 528s remaining, sleeping in 5s chunks...
[19:12:03] T345: [fail] HEARTS WAIT: 497s remaining, sleeping in 5s chunks...
[19:12:34] T346: [fail] HEARTS WAIT: 466s remaining, sleeping in 5s chunks...
[19:13:05] T347: [fail] HEARTS WAIT: 435s remaining, sleeping in 5s chunks...
[19:13:36] T348: [fail] HEARTS WAIT: 405s remaining, sleeping in 5s chunks...
[19:14:06] 
[19:14:06] ============================================================
[19:14:06] SESSION COMPLETE
[19:14:06] ============================================================
[19:14:06] Total turns:   348
[19:14:06] Games started: 5
[19:14:06] Games won:     4
[19:14:06] Games failed:  5
[19:14:06] AI Play DB: E:\AI\virtual_player\data\db\ai_play_pixelflow.db
[19:14:06] Fingerprint DB: E:\AI\virtual_player\data\pixelflow\db\fingerprint.db (loaded)
[19:14:06] Stats saved: E:\AI\virtual_player\data\games\pixelflow\temp\smart\smart_stats.json
