[21:15:20] ============================================================
[21:15:20] Smart PixelFlow Player START
[21:15:20] Duration: 120 min | Target: 23:15:20
[21:15:20] ADB: C:/Program Files/BlueStacks_nxt/HD-Adb.exe | Device: emulator-5554
[21:15:20] YOLO: best.pt
[21:15:20] Profile: cell_profile.json
[FingerprintSearcher] Loaded 4891 rows (win_only=True)
[21:15:21] Fingerprint DB: fingerprint.db (loaded)
[21:15:21] FP threshold: 0.78, top_k: 8
[21:15:21] ============================================================
[21:15:32] T1: [fail] HEARTS-EMPTY popup detected (pixel match). Waiting 900s for regen.
[21:15:33] T2: [fail] HEARTS WAIT: 899s remaining, sleeping in 5s chunks...
[21:16:04] T3: [fail] HEARTS WAIT: 868s remaining, sleeping in 5s chunks...
[21:16:35] T4: [fail] HEARTS WAIT: 837s remaining, sleeping in 5s chunks...
[21:17:06] T5: [fail] HEARTS WAIT: 806s remaining, sleeping in 5s chunks...
[21:17:37] T6: [fail] HEARTS WAIT: 775s remaining, sleeping in 5s chunks...
[21:18:08] T7: [fail] HEARTS WAIT: 744s remaining, sleeping in 5s chunks...
[21:18:38] T8: [fail] HEARTS WAIT: 714s remaining, sleeping in 5s chunks...
[21:19:09] T9: [fail] HEARTS WAIT: 683s remaining, sleeping in 5s chunks...
[21:19:40] T10: [fail] HEARTS WAIT: 652s remaining, sleeping in 5s chunks...
[21:20:11] T11: [fail] HEARTS WAIT: 621s remaining, sleeping in 5s chunks...
[21:20:42] T12: [fail] HEARTS WAIT: 590s remaining, sleeping in 5s chunks...
[21:21:13] T13: [win] HEARTS WAIT: 559s remaining, sleeping in 5s chunks...
[21:21:44] T14: [win] HEARTS WAIT: 528s remaining, sleeping in 5s chunks...
[21:22:15] T15: [win] HEARTS WAIT: 497s remaining, sleeping in 5s chunks...
[21:22:46] T16: [win] HEARTS WAIT: 465s remaining, sleeping in 5s chunks...
[21:23:17] T17: [win] HEARTS WAIT: 434s remaining, sleeping in 5s chunks...
[21:23:49] T18: [win] HEARTS WAIT: 403s remaining, sleeping in 5s chunks...
[21:24:20] T19: [win] HEARTS WAIT: 372s remaining, sleeping in 5s chunks...
[21:24:51] T20: [win] HEARTS WAIT: 341s remaining, sleeping in 5s chunks...
[21:25:22] T21: [win] HEARTS WAIT: 310s remaining, sleeping in 5s chunks...
[21:25:53] T22: [win] HEARTS WAIT: 279s remaining, sleeping in 5s chunks...
[21:26:24] T23: [win] HEARTS WAIT: 248s remaining, sleeping in 5s chunks...
[21:26:55] T24: [win] HEARTS WAIT: 217s remaining, sleeping in 5s chunks...
[21:27:26] T25: [win] HEARTS WAIT: 186s remaining, sleeping in 5s chunks...
[21:27:57] T26: [win] HEARTS WAIT: 155s remaining, sleeping in 5s chunks...
[21:28:28] T27: [win] HEARTS WAIT: 124s remaining, sleeping in 5s chunks...
[21:28:59] T28: [win] HEARTS WAIT: 93s remaining, sleeping in 5s chunks...
[21:29:30] T29: [win] HEARTS WAIT: 62s remaining, sleeping in 5s chunks...
[21:30:01] T30: [win] HEARTS WAIT: 31s remaining, sleeping in 5s chunks...
[21:30:32] T31: [win] Multi-tap continue positions
[21:30:37]   [SESSION] Started d7a3a9a44154 (start_cells=290)
[21:30:37] T32: [gameplay] Board=290cells/6colors d=+0 [DarkGreen:200, Brown:42, Orange:21, Red:15, DarkRed:10] | Queue=[FP stall=0 fp_top=0.95] | Holder=[_/DarkGreen/DarkGreen/DarkGreen/DarkGreen] (4/5) | 0.8s
[21:30:37]   -> TAP(314,1495) [[FP:0.95] Human pattern (delta=-59, id=4165)]
[21:30:40] T33: [gameplay] Board=290cells/6colors d=+0 [DarkGreen:200, Brown:42, Orange:21, Red:15, DarkRed:10] | Queue=[FP stall=1 fp_top=0.95] | Holder=[_/DarkGreen/DarkGreen/DarkGreen/DarkGreen] (4/5) | 0.5s
[21:30:40]   -> TAP(316,1516) [[FP:0.97] Human pattern (delta=-28, id=4177)]
[21:30:43] T34: [gameplay] Board=290cells/6colors d=+0 [DarkGreen:200, Brown:42, Orange:21, Red:15, DarkRed:10] | Queue=[FP stall=2 fp_top=0.95] | Holder=[_/DarkGreen/DarkGreen/DarkGreen/DarkGreen] (4/5) | 0.5s
[21:30:43]   -> TAP(342,1656) [[FP:0.97] Human pattern (delta=-14, id=3702)]
[21:30:47]   [EXPLORE] Entering exploration mode (stall x3)
[21:30:47] T35: [gameplay] Board=290cells/6colors d=+0 [DarkGreen:200, Brown:42, Orange:21, Red:15, DarkRed:10] | Queue=[FP stall=3 fp_top=0.95] | Holder=[_/DarkGreen/DarkGreen/DarkGreen/DarkGreen] (4/5) | 0.6s
[21:30:47]   -> TAP(696,1517) [[FP:0.97] Human pattern (delta=-40, id=6969)]
[21:30:50] T36: [gameplay] Board=290cells/6colors d=+0 [DarkGreen:200, Brown:42, Orange:21, Red:15, DarkRed:10] | Queue=[FP stall=4 fp_top=0.95] | Holder=[_/DarkGreen/DarkGreen/DarkGreen/DarkGreen] (4/5) | 0.6s
[21:30:50]   -> TAP(732,1524) [[FP:0.97] Human pattern (delta=-20, id=3691)]
[21:30:54] T37: [gameplay] Board=290cells/6colors d=+0 [DarkGreen:200, Brown:42, Orange:21, Red:15, DarkRed:10] | Queue=[EXPLORE stall=5 fp_top=0.95] | Holder=[_/DarkGreen/DarkGreen/DarkGreen/DarkGreen] (4/5) | 1.3s
[21:30:54]   -> TAP(869,1653) [[EXPLORE:AI_DB] Tap (869,1653) conf=0.50]
[21:30:57] T38: [gameplay] Board=290cells/6colors d=+0 [DarkGreen:200, Brown:42, Orange:21, Red:15, DarkRed:10] | Queue=[EXPLORE stall=6 fp_top=0.95] | Holder=[_/DarkGreen/DarkGreen/DarkGreen/DarkGreen] (4/5) | 0.6s
[21:30:57]   -> TAP(869,1653) [[EXPLORE:PlayDB] Tap (869,1653) human pattern #1]
[21:31:00] T39: [gameplay] Board=290cells/6colors d=+0 [DarkGreen:200, Brown:42, Orange:21, Red:15, DarkRed:10] | Queue=[EXPLORE stall=7 fp_top=0.95] | Holder=[_/DarkGreen/DarkGreen/DarkGreen/DarkGreen] (4/5) | 0.6s
[21:31:00]   -> TAP(627,1211) [[EXPLORE:PlayDB] Tap (627,1211) human pattern #2]
[21:31:02] T40: [gameplay] Board=290cells/6colors d=+0 [DarkGreen:200, Brown:42, Orange:21, Red:15, DarkRed:10] | Queue=[EXPLORE stall=8 fp_top=0.95] | Holder=[_/DarkGreen/DarkGreen/DarkGreen/DarkGreen] (4/5) | 0.6s
[21:31:02]   -> TAP(202,175) [[EXPLORE:PlayDB] Tap (202,175) human pattern #3]
[21:31:05] T41: [gameplay] Board=290cells/6colors d=+0 [DarkGreen:200, Brown:42, Orange:21, Red:15, DarkRed:10] | Queue=[EXPLORE stall=9 fp_top=0.95] | Holder=[_/DarkGreen/DarkGreen/DarkGreen/DarkGreen] (4/5) | 0.6s
[21:31:05]   -> TAP(817,1164) [[EXPLORE:PlayDB] Tap (817,1164) human pattern #4]
[21:31:08] T42: [gameplay] Board=290cells/6colors d=+0 [DarkGreen:200, Brown:42, Orange:21, Red:15, DarkRed:10] | Queue=[EXPLORE stall=10 fp_top=0.95] | Holder=[_/DarkGreen/DarkGreen/DarkGreen/DarkGreen] (4/5) | 0.6s
[21:31:08]   -> TAP(185,930) [[EXPLORE:ZONE:0] Tap zone (185,930)]
[21:31:11] T43: [gameplay] Board=290cells/6colors d=+0 [DarkGreen:200, Brown:42, Orange:21, Red:15, DarkRed:10] | Queue=[EXPLORE stall=11 fp_top=0.95] | Holder=[_/DarkGreen/DarkGreen/DarkGreen/DarkGreen] (4/5) | 0.6s
[21:31:11]   -> TAP(310,930) [[EXPLORE:ZONE:1] Tap zone (310,930)]
[21:31:14] T44: [gameplay] Board=290cells/6colors d=+0 [DarkGreen:200, Brown:42, Orange:21, Red:15, DarkRed:10] | Queue=[EXPLORE stall=12 fp_top=0.95] | Holder=[_/DarkGreen/DarkGreen/DarkGreen/DarkGreen] (4/5) | 0.6s
[21:31:14]   -> TAP(435,930) [[EXPLORE:ZONE:2] Tap zone (435,930)]
[21:31:17] T45: [gameplay] Board=290cells/6colors d=+0 [DarkGreen:200, Brown:42, Orange:21, Red:15, DarkRed:10] | Queue=[EXPLORE stall=13 fp_top=0.95] | Holder=[_/DarkGreen/DarkGreen/DarkGreen/DarkGreen] (4/5) | 0.6s
[21:31:17]   -> TAP(560,930) [[EXPLORE:ZONE:3] Tap zone (560,930)]
[21:31:20] T46: [gameplay] Board=290cells/6colors d=+0 [DarkGreen:200, Brown:42, Orange:21, Red:15, DarkRed:10] | Queue=[EXPLORE stall=14 fp_top=0.95] | Holder=[_/DarkGreen/DarkGreen/DarkGreen/DarkGreen] (4/5) | 0.6s
[21:31:20]   -> TAP(685,930) [[EXPLORE:ZONE:4] Tap zone (685,930)]
[21:31:22] T47: [gameplay] Board=290cells/6colors d=+0 [DarkGreen:200, Brown:42, Orange:21, Red:15, DarkRed:10] | Queue=[EXPLORE stall=15 fp_top=0.95] | Holder=[_/DarkGreen/DarkGreen/DarkGreen/DarkGreen] (4/5) | 0.6s
[21:31:22]   -> TAP(280,1500) [[EXPLORE:ZONE:5] Tap zone (280,1500)]
[21:31:25] T48: [gameplay] Board=290cells/6colors d=+0 [DarkGreen:200, Brown:42, Orange:21, Red:15, DarkRed:10] | Queue=[EXPLORE stall=16 fp_top=0.95] | Holder=[_/DarkGreen/DarkGreen/DarkGreen/DarkGreen] (4/5) | 0.7s
[21:31:25]   -> TAP(400,1500) [[EXPLORE:ZONE:6] Tap zone (400,1500)]
[21:31:28] T49: [gameplay] Board=290cells/6colors d=+0 [DarkGreen:200, Brown:42, Orange:21, Red:15, DarkRed:10] | Queue=[EXPLORE stall=17 fp_top=0.95] | Holder=[_/DarkGreen/DarkGreen/DarkGreen/DarkGreen] (4/5) | 0.6s
[21:31:28]   -> TAP(530,1500) [[EXPLORE:ZONE:7] Tap zone (530,1500)]
[21:31:31] T50: [gameplay] Board=293cells/6colors d=+3 [DarkGreen:200, Brown:42, Orange:21, Red:18, DarkRed:10] | Queue=[EXPLORE stall=16 fp_top=0.95] | Holder=[_/DarkRed/SageTeal/_/SageTeal] (3/5) | 0.7s
[21:31:31]   -> TAP(660,1500) [[EXPLORE:ZONE:8] Tap zone (660,1500)]
[21:31:34]   [LEARN] Explore tap (660,1500) WORKED! (d=-3)
[21:31:34] T51: [gameplay] Board=290cells/6colors d=-3 [DarkGreen:200, Brown:42, Orange:21, Red:15, DarkRed:10] | Queue=[FP stall=0 fp_top=0.95] | Holder=[_/DarkRed/_/_/_] (1/5) | 0.6s
[21:31:34]   -> TAP(524,1512) [[FP:0.97] Human pattern (delta=-9, id=3250)]
[21:31:37] T52: [gameplay] Board=257cells/6colors d=-33 [DarkGreen:167, Brown:42, Orange:21, Red:15, DarkRed:10] | Queue=[FP stall=0 fp_top=0.95] | Holder=[_/DarkRed/_/_/_] (1/5) | 0.6s
[21:31:37]   -> TAP(316,1516) [[FP:0.97] Human pattern (delta=-28, id=4177)]
[21:31:41] T53: [gameplay] Board=253cells/6colors d=-4 [DarkGreen:163, Brown:42, Orange:21, Red:15, DarkRed:10] | Queue=[FP stall=0 fp_top=0.95] | Holder=[_/Silver/_/_/_] (1/5) | 0.6s
[21:31:41]   -> TAP(349,1629) [[FP:0.96] Human pattern (delta=-1, id=3700)]
[21:31:44] T54: [gameplay] Board=253cells/6colors d=+0 [DarkGreen:163, Brown:42, Orange:21, Red:15, DarkRed:10] | Queue=[FP stall=1 fp_top=0.95] | Holder=[_/DarkRed/_/_/_] (1/5) | 0.7s
[21:31:44]   -> TAP(696,1517) [[FP:0.96] Human pattern (delta=-40, id=6969)]
[21:31:47] T55: [gameplay] Board=253cells/6colors d=+0 [DarkGreen:163, Brown:42, Orange:21, Red:15, DarkRed:10] | Queue=[FP stall=2 fp_top=0.95] | Holder=[_/DarkRed/_/_/_] (1/5) | 0.6s
[21:31:47]   -> TAP(314,1495) [[FP:0.95] Human pattern (delta=-59, id=4165)]
[21:31:50]   [SESSION] Ended d7a3a9a44154: fail (24 turns, end_cells=253)
[21:31:50] T56: [fail] Multi-tap close/retry positions
[21:31:55] T57: [win] Multi-tap continue positions
[21:31:59] T58: [fail] HEARTS-EMPTY popup detected (pixel match). Waiting 900s for regen.
[21:31:59] T59: [fail] HEARTS WAIT: 899s remaining, sleeping in 5s chunks...
[21:32:30] T60: [fail] HEARTS WAIT: 868s remaining, sleeping in 5s chunks...
[21:33:02] T61: [fail] HEARTS WAIT: 837s remaining, sleeping in 5s chunks...
[21:33:33] T62: [fail] HEARTS WAIT: 806s remaining, sleeping in 5s chunks...
[21:34:04] T63: [fail] HEARTS WAIT: 775s remaining, sleeping in 5s chunks...
[21:34:35] T64: [fail] HEARTS WAIT: 744s remaining, sleeping in 5s chunks...
[21:35:06] T65: [fail] HEARTS WAIT: 713s remaining, sleeping in 5s chunks...
[21:35:37] T66: [fail] HEARTS WAIT: 682s remaining, sleeping in 5s chunks...
[21:36:08] T67: [fail] HEARTS WAIT: 651s remaining, sleeping in 5s chunks...
[21:36:38] T68: [fail] HEARTS WAIT: 620s remaining, sleeping in 5s chunks...
[21:37:09] T69: [fail] HEARTS WAIT: 589s remaining, sleeping in 5s chunks...
[21:37:40] T70: [fail] HEARTS WAIT: 558s remaining, sleeping in 5s chunks...
[21:38:11] T71: [fail] HEARTS WAIT: 527s remaining, sleeping in 5s chunks...
[21:38:42] T72: [fail] HEARTS WAIT: 497s remaining, sleeping in 5s chunks...
[21:39:13] T73: [fail] HEARTS WAIT: 466s remaining, sleeping in 5s chunks...
[21:39:44] T74: [fail] HEARTS WAIT: 435s remaining, sleeping in 5s chunks...
[21:40:15] T75: [fail] HEARTS WAIT: 404s remaining, sleeping in 5s chunks...
[21:40:45] T76: [fail] HEARTS WAIT: 373s remaining, sleeping in 5s chunks...
[21:41:16] T77: [fail] HEARTS WAIT: 342s remaining, sleeping in 5s chunks...
[21:41:47] T78: [fail] HEARTS WAIT: 312s remaining, sleeping in 5s chunks...
[21:42:18] T79: [fail] HEARTS WAIT: 281s remaining, sleeping in 5s chunks...
[21:42:49] T80: [fail] HEARTS WAIT: 250s remaining, sleeping in 5s chunks...
[21:43:20] T81: [fail] HEARTS WAIT: 219s remaining, sleeping in 5s chunks...
[21:43:50] T82: [fail] HEARTS WAIT: 188s remaining, sleeping in 5s chunks...
[21:44:21] T83: [fail] HEARTS WAIT: 157s remaining, sleeping in 5s chunks...
[21:44:52] T84: [fail] HEARTS WAIT: 127s remaining, sleeping in 5s chunks...
[21:45:23] T85: [fail] HEARTS WAIT: 96s remaining, sleeping in 5s chunks...
[21:45:54] T86: [fail] HEARTS WAIT: 65s remaining, sleeping in 5s chunks...
[21:46:24] T87: [fail] HEARTS WAIT: 34s remaining, sleeping in 5s chunks...
[21:46:55] T88: [fail] HEARTS WAIT: 3s remaining, sleeping in 5s chunks...
[21:47:01] T89: [fail] HEARTS-EMPTY popup detected (pixel match). Waiting 900s for regen.
[21:47:01] T90: [fail] HEARTS WAIT: 899s remaining, sleeping in 5s chunks...
[21:47:32] T91: [fail] HEARTS WAIT: 868s remaining, sleeping in 5s chunks...
[21:48:03] T92: [fail] HEARTS WAIT: 837s remaining, sleeping in 5s chunks...
[21:48:34] T93: [fail] HEARTS WAIT: 807s remaining, sleeping in 5s chunks...
[21:49:04] T94: [fail] HEARTS WAIT: 776s remaining, sleeping in 5s chunks...
[21:49:36] T95: [fail] HEARTS WAIT: 745s remaining, sleeping in 5s chunks...
[21:50:06] T96: [fail] HEARTS WAIT: 714s remaining, sleeping in 5s chunks...
[21:50:37] T97: [fail] HEARTS WAIT: 683s remaining, sleeping in 5s chunks...
[21:51:08] T98: [fail] HEARTS WAIT: 652s remaining, sleeping in 5s chunks...
[21:51:39] T99: [win] HEARTS WAIT: 621s remaining, sleeping in 5s chunks...
[21:52:10] T100: [win] HEARTS WAIT: 590s remaining, sleeping in 5s chunks...
[21:52:41] T101: [win] HEARTS WAIT: 559s remaining, sleeping in 5s chunks...
[21:53:12] T102: [win] HEARTS WAIT: 528s remaining, sleeping in 5s chunks...
[21:53:43] T103: [win] HEARTS WAIT: 498s remaining, sleeping in 5s chunks...
[21:54:13] T104: [win] HEARTS WAIT: 467s remaining, sleeping in 5s chunks...
[21:54:44] T105: [win] HEARTS WAIT: 436s remaining, sleeping in 5s chunks...
[21:55:15] T106: [win] HEARTS WAIT: 405s remaining, sleeping in 5s chunks...
[21:55:46] T107: [win] HEARTS WAIT: 374s remaining, sleeping in 5s chunks...
[21:56:17] T108: [win] HEARTS WAIT: 343s remaining, sleeping in 5s chunks...
[21:56:48] T109: [win] HEARTS WAIT: 312s remaining, sleeping in 5s chunks...
[21:57:19] T110: [win] HEARTS WAIT: 281s remaining, sleeping in 5s chunks...
[21:57:50] T111: [win] HEARTS WAIT: 251s remaining, sleeping in 5s chunks...
[21:58:20] T112: [win] HEARTS WAIT: 220s remaining, sleeping in 5s chunks...
[21:58:51] T113: [win] HEARTS WAIT: 189s remaining, sleeping in 5s chunks...
[21:59:22] T114: [win] HEARTS WAIT: 158s remaining, sleeping in 5s chunks...
[21:59:53] T115: [win] HEARTS WAIT: 127s remaining, sleeping in 5s chunks...
[22:00:24] T116: [win] HEARTS WAIT: 96s remaining, sleeping in 5s chunks...
[22:00:55] T117: [win] HEARTS WAIT: 65s remaining, sleeping in 5s chunks...
[22:01:26] T118: [win] HEARTS WAIT: 34s remaining, sleeping in 5s chunks...
[22:01:57] T119: [win] HEARTS WAIT: 4s remaining, sleeping in 5s chunks...
[22:02:02] T120: [win] Multi-tap continue positions
[22:02:07]   [SESSION] Started c48cbadc11f6 (start_cells=298)
[22:02:07] T121: [gameplay] Board=298cells/6colors d=+0 [DarkGreen:202, Brown:41, Orange:32, DarkRed:12, Red:10] | Queue=[FP stall=0 fp_top=0.95] | Holder=[_/DarkGreen/DarkGreen/DarkGreen/DarkGreen] (4/5) | 0.6s
[22:02:07]   -> TAP(717,1495) [[FP:0.97] Human pattern (delta=-43, id=6857)]
[22:02:10] T122: [gameplay] Board=298cells/6colors d=+0 [DarkGreen:202, Brown:41, Orange:32, DarkRed:12, Red:10] | Queue=[FP stall=1 fp_top=0.95] | Holder=[_/DarkGreen/DarkGreen/DarkGreen/DarkGreen] (4/5) | 0.6s
[22:02:10]   -> TAP(342,1656) [[FP:0.97] Human pattern (delta=-14, id=3702)]
[22:02:14] T123: [gameplay] Board=298cells/6colors d=+0 [DarkGreen:202, Brown:41, Orange:32, DarkRed:12, Red:10] | Queue=[FP stall=2 fp_top=0.95] | Holder=[_/DarkGreen/DarkGreen/DarkGreen/DarkGreen] (4/5) | 0.6s
[22:02:14]   -> TAP(696,1517) [[FP:0.97] Human pattern (delta=-40, id=6969)]
[22:02:17]   [EXPLORE] Entering exploration mode (stall x3)
[22:02:17] T124: [gameplay] Board=298cells/6colors d=+0 [DarkGreen:202, Brown:41, Orange:32, DarkRed:12, Red:10] | Queue=[FP stall=3 fp_top=0.95] | Holder=[_/DarkGreen/DarkGreen/DarkGreen/DarkGreen] (4/5) | 0.6s
[22:02:17]   -> TAP(732,1524) [[FP:0.97] Human pattern (delta=-20, id=3691)]
[22:02:20] T125: [gameplay] Board=298cells/6colors d=+0 [DarkGreen:202, Brown:41, Orange:32, DarkRed:12, Red:10] | Queue=[FP stall=4 fp_top=0.95] | Holder=[_/DarkGreen/DarkGreen/DarkGreen/DarkGreen] (4/5) | 0.6s
[22:02:20]   -> TAP(524,1512) [[FP:0.97] Human pattern (delta=-9, id=3250)]
[22:02:24] T126: [gameplay] Board=298cells/6colors d=+0 [DarkGreen:202, Brown:41, Orange:32, DarkRed:12, Red:10] | Queue=[EXPLORE stall=5 fp_top=0.95] | Holder=[_/DarkRed/SageTeal/_/SageTeal] (3/5) | 0.7s
[22:02:24]   -> TAP(869,1653) [[EXPLORE:PlayDB] Tap (869,1653) human pattern #1]
[22:02:26] T127: [gameplay] Board=298cells/6colors d=+0 [DarkGreen:202, Brown:41, Orange:32, DarkRed:12, Red:10] | Queue=[EXPLORE stall=6 fp_top=0.95] | Holder=[_/DarkRed/SageTeal/_/SageTeal] (3/5) | 0.7s
[22:02:26]   -> TAP(627,1211) [[EXPLORE:PlayDB] Tap (627,1211) human pattern #2]
[22:02:29] T128: [gameplay] Board=298cells/6colors d=+0 [DarkGreen:202, Brown:41, Orange:32, DarkRed:12, Red:10] | Queue=[EXPLORE stall=7 fp_top=0.95] | Holder=[_/DarkRed/SageTeal/_/SageTeal] (3/5) | 0.7s
[22:02:29]   -> TAP(202,175) [[EXPLORE:PlayDB] Tap (202,175) human pattern #3]
[22:02:32] T129: [gameplay] Board=298cells/6colors d=+0 [DarkGreen:202, Brown:41, Orange:32, DarkRed:12, Red:10] | Queue=[EXPLORE stall=8 fp_top=0.95] | Holder=[_/DarkRed/SageTeal/_/SageTeal] (3/5) | 0.7s
[22:02:32]   -> TAP(817,1164) [[EXPLORE:PlayDB] Tap (817,1164) human pattern #4]
[22:02:35] T130: [gameplay] Board=298cells/6colors d=+0 [DarkGreen:202, Brown:41, Orange:32, DarkRed:12, Red:10] | Queue=[EXPLORE stall=9 fp_top=0.95] | Holder=[_/DarkRed/SageTeal/_/SageTeal] (3/5) | 0.6s
[22:02:35]   -> TAP(185,930) [[EXPLORE:ZONE:0] Tap zone (185,930)]
[22:02:38] T131: [gameplay] Board=298cells/6colors d=+0 [DarkGreen:202, Brown:41, Orange:32, DarkRed:12, Red:10] | Queue=[EXPLORE stall=10 fp_top=0.95] | Holder=[_/DarkRed/SageTeal/_/SageTeal] (3/5) | 0.6s
[22:02:38]   -> TAP(310,930) [[EXPLORE:ZONE:1] Tap zone (310,930)]
[22:02:41] T132: [gameplay] Board=298cells/6colors d=+0 [DarkGreen:202, Brown:41, Orange:32, DarkRed:12, Red:10] | Queue=[EXPLORE stall=11 fp_top=0.95] | Holder=[_/DarkRed/SageTeal/_/SageTeal] (3/5) | 0.6s
[22:02:41]   -> TAP(435,930) [[EXPLORE:ZONE:2] Tap zone (435,930)]
[22:02:43] T133: [gameplay] Board=298cells/6colors d=+0 [DarkGreen:202, Brown:41, Orange:32, DarkRed:12, Red:10] | Queue=[EXPLORE stall=12 fp_top=0.95] | Holder=[_/DarkRed/SageTeal/_/SageTeal] (3/5) | 0.6s
[22:02:43]   -> TAP(560,930) [[EXPLORE:ZONE:3] Tap zone (560,930)]
[22:02:46] T134: [gameplay] Board=298cells/6colors d=+0 [DarkGreen:202, Brown:41, Orange:32, DarkRed:12, Red:10] | Queue=[EXPLORE stall=13 fp_top=0.95] | Holder=[_/DarkRed/SageTeal/_/SageTeal] (3/5) | 0.7s
[22:02:46]   -> TAP(685,930) [[EXPLORE:ZONE:4] Tap zone (685,930)]
[22:02:49] T135: [gameplay] Board=298cells/6colors d=+0 [DarkGreen:202, Brown:41, Orange:32, DarkRed:12, Red:10] | Queue=[EXPLORE stall=14 fp_top=0.95] | Holder=[_/DarkRed/SageTeal/_/SageTeal] (3/5) | 0.9s
[22:02:49]   -> TAP(280,1500) [[EXPLORE:ZONE:5] Tap zone (280,1500)]
[22:02:52] T136: [gameplay] Board=298cells/6colors d=+0 [DarkGreen:202, Brown:41, Orange:32, DarkRed:12, Red:10] | Queue=[EXPLORE stall=15 fp_top=0.95] | Holder=[_/DarkRed/SageTeal/_/SageTeal] (3/5) | 0.7s
[22:02:52]   -> TAP(400,1500) [[EXPLORE:ZONE:6] Tap zone (400,1500)]
[22:02:55] T137: [gameplay] Board=298cells/6colors d=+0 [DarkGreen:202, Brown:41, Orange:32, DarkRed:12, Red:10] | Queue=[EXPLORE stall=16 fp_top=0.95] | Holder=[_/_/SageTeal/_/SageTeal] (2/5) | 0.7s
[22:02:55]   -> TAP(530,1500) [[EXPLORE:ZONE:7] Tap zone (530,1500)]
[22:02:58] T138: NO PROGRESS 20 turns (cells=298) — abandoning session + relaunch
[22:02:58]   [SESSION] Ended c48cbadc11f6: stuck (17 turns, end_cells=298)
[22:03:10] T139: [loading] PlayDB: 3 patterns, trying top 2
[22:03:15] T140: [loading] PlayDB: 3 patterns, trying top 2
[22:03:20] T141: [loading] PlayDB: 3 patterns, trying top 2
[22:03:24] T142: [loading] PlayDB: 3 patterns, trying top 2
[22:03:29] T143: POPUP LOOP (loading), relaunch
[22:03:41] T144: [loading] PlayDB: 3 patterns, trying top 2
[22:03:45] T145: [loading] PlayDB: 3 patterns, trying top 2
[22:03:50] T146: [loading] PlayDB: 3 patterns, trying top 2
[22:03:54] T147: [loading] PlayDB: 3 patterns, trying top 2
[22:03:58] T148: POPUP LOOP (fail), relaunch
[22:04:11] T149: [loading] PlayDB: 3 patterns, trying top 2
[22:04:15] T150: [loading] PlayDB: 3 patterns, trying top 2
[22:04:19] T151: [loading] PlayDB: 3 patterns, trying top 2
[22:04:23] T152: [lobby] Hardcoded play button (540,1450)
[22:04:26] T153: [fail] HEARTS-EMPTY popup detected (pixel match). Waiting 900s for regen.
[22:04:27] T154: [fail] HEARTS WAIT: 899s remaining, sleeping in 5s chunks...
[22:04:58] T155: [fail] HEARTS WAIT: 868s remaining, sleeping in 5s chunks...
[22:05:28] T156: [fail] HEARTS WAIT: 837s remaining, sleeping in 5s chunks...
[22:05:59] T157: [fail] HEARTS WAIT: 806s remaining, sleeping in 5s chunks...
[22:06:30] T158: [fail] HEARTS WAIT: 776s remaining, sleeping in 5s chunks...
[22:07:01] T159: [fail] HEARTS WAIT: 745s remaining, sleeping in 5s chunks...
[22:07:32] T160: [fail] HEARTS WAIT: 714s remaining, sleeping in 5s chunks...
[22:08:03] T161: [fail] HEARTS WAIT: 683s remaining, sleeping in 5s chunks...
[22:08:33] T162: [fail] HEARTS WAIT: 652s remaining, sleeping in 5s chunks...
[22:09:04] T163: [fail] HEARTS WAIT: 621s remaining, sleeping in 5s chunks...
[22:09:35] T164: [fail] HEARTS WAIT: 591s remaining, sleeping in 5s chunks...
[22:10:06] T165: [fail] HEARTS WAIT: 560s remaining, sleeping in 5s chunks...
[22:10:37] T166: [fail] HEARTS WAIT: 529s remaining, sleeping in 5s chunks...
[22:11:07] T167: [fail] HEARTS WAIT: 498s remaining, sleeping in 5s chunks...
[22:11:38] T168: [fail] HEARTS WAIT: 467s remaining, sleeping in 5s chunks...
[22:12:09] T169: [fail] HEARTS WAIT: 437s remaining, sleeping in 5s chunks...
[22:12:40] T170: [fail] HEARTS WAIT: 406s remaining, sleeping in 5s chunks...
[22:13:11] T171: [fail] HEARTS WAIT: 375s remaining, sleeping in 5s chunks...
[22:13:42] T172: [fail] HEARTS WAIT: 344s remaining, sleeping in 5s chunks...
[22:14:12] T173: [fail] HEARTS WAIT: 313s remaining, sleeping in 5s chunks...
[22:14:43] T174: [fail] HEARTS WAIT: 282s remaining, sleeping in 5s chunks...
[22:15:14] T175: [fail] HEARTS WAIT: 251s remaining, sleeping in 5s chunks...
[22:15:45] T176: [fail] HEARTS WAIT: 221s remaining, sleeping in 5s chunks...
[22:16:16] T177: [fail] HEARTS WAIT: 190s remaining, sleeping in 5s chunks...
[22:16:47] T178: [fail] HEARTS WAIT: 159s remaining, sleeping in 5s chunks...
[22:17:17] T179: [fail] HEARTS WAIT: 128s remaining, sleeping in 5s chunks...
[22:17:48] T180: [fail] HEARTS WAIT: 97s remaining, sleeping in 5s chunks...
[22:18:19] T181: [fail] HEARTS WAIT: 66s remaining, sleeping in 5s chunks...
[22:18:50] T182: [fail] HEARTS WAIT: 36s remaining, sleeping in 5s chunks...
[22:19:21] T183: [fail] HEARTS WAIT: 5s remaining, sleeping in 5s chunks...
[22:19:26] T184: [fail] HEARTS-EMPTY popup detected (pixel match). Waiting 900s for regen.
[22:19:27] T185: [fail] HEARTS WAIT: 899s remaining, sleeping in 5s chunks...
[22:19:58] T186: [fail] HEARTS WAIT: 868s remaining, sleeping in 5s chunks...
[22:20:28] T187: [fail] HEARTS WAIT: 838s remaining, sleeping in 5s chunks...
[22:20:59] T188: [fail] HEARTS WAIT: 807s remaining, sleeping in 5s chunks...
[22:21:30] T189: [lobby] HEARTS WAIT: 776s remaining, sleeping in 5s chunks...
[22:22:01] T190: [lobby] HEARTS WAIT: 745s remaining, sleeping in 5s chunks...
[22:22:32] T191: [lobby] HEARTS WAIT: 714s remaining, sleeping in 5s chunks...
[22:23:03] T192: [lobby] HEARTS WAIT: 683s remaining, sleeping in 5s chunks...
[22:23:34] T193: [lobby] HEARTS WAIT: 652s remaining, sleeping in 5s chunks...
[22:24:05] T194: [lobby] HEARTS WAIT: 621s remaining, sleeping in 5s chunks...
[22:24:36] T195: [lobby] HEARTS WAIT: 590s remaining, sleeping in 5s chunks...
[22:25:07] T196: [lobby] HEARTS WAIT: 559s remaining, sleeping in 5s chunks...
[22:25:38] T197: [lobby] HEARTS WAIT: 528s remaining, sleeping in 5s chunks...
[22:26:09] T198: [lobby] HEARTS WAIT: 497s remaining, sleeping in 5s chunks...
[22:26:40] T199: [lobby] HEARTS WAIT: 466s remaining, sleeping in 5s chunks...
[22:27:11] T200: [lobby] HEARTS WAIT: 435s remaining, sleeping in 5s chunks...
[22:27:42] T201: [lobby] HEARTS WAIT: 404s remaining, sleeping in 5s chunks...
[22:28:13] T202: [lobby] HEARTS WAIT: 373s remaining, sleeping in 5s chunks...
[22:28:44] T203: [lobby] HEARTS WAIT: 342s remaining, sleeping in 5s chunks...
[22:29:15] T204: [lobby] HEARTS WAIT: 311s remaining, sleeping in 5s chunks...
[22:29:46] T205: [lobby] HEARTS WAIT: 280s remaining, sleeping in 5s chunks...
[22:30:17] T206: [lobby] HEARTS WAIT: 249s remaining, sleeping in 5s chunks...
[22:30:48] T207: [lobby] HEARTS WAIT: 218s remaining, sleeping in 5s chunks...
[22:31:19] T208: [lobby] HEARTS WAIT: 187s remaining, sleeping in 5s chunks...
[22:31:50] T209: [lobby] HEARTS WAIT: 156s remaining, sleeping in 5s chunks...
[22:32:21] T210: [lobby] HEARTS WAIT: 125s remaining, sleeping in 5s chunks...
[22:32:52] T211: [lobby] HEARTS WAIT: 94s remaining, sleeping in 5s chunks...
[22:33:23] T212: [lobby] HEARTS WAIT: 63s remaining, sleeping in 5s chunks...
[22:33:53] T213: [lobby] HEARTS WAIT: 32s remaining, sleeping in 5s chunks...
[22:34:24] T214: [lobby] HEARTS WAIT: 2s remaining, sleeping in 5s chunks...
[22:34:30] T215: [lobby] Hardcoded play button (540,1450)
[22:34:34]   [SESSION] Started 3b4dd90257b9 (start_cells=278)
[22:34:34] T216: [gameplay] Board=278cells/6colors d=+0 [DarkGreen:198, Brown:37, Orange:26, DarkRed:12, Red:4] | Queue=[FP stall=0 fp_top=0.95] | Holder=[_/DarkGreen/DarkGreen/DarkGreen/DarkGreen] (4/5) | 0.7s
[22:34:34]   -> TAP(723,1537) [[FP:0.97] Human pattern (delta=-37, id=3699)]
[22:34:37] T217: [gameplay] Board=278cells/6colors d=+0 [DarkGreen:198, Brown:37, Orange:26, DarkRed:12, Red:4] | Queue=[FP stall=1 fp_top=0.95] | Holder=[_/DarkGreen/DarkGreen/DarkGreen/DarkGreen] (4/5) | 0.6s
[22:34:37]   -> TAP(316,1516) [[FP:0.97] Human pattern (delta=-28, id=4177)]
[22:34:40] T218: [gameplay] Board=278cells/6colors d=+0 [DarkGreen:198, Brown:37, Orange:26, DarkRed:12, Red:4] | Queue=[FP stall=2 fp_top=0.95] | Holder=[_/DarkGreen/DarkGreen/DarkGreen/DarkGreen] (4/5) | 0.6s
[22:34:40]   -> TAP(696,1517) [[FP:0.97] Human pattern (delta=-40, id=6969)]
[22:34:43]   [EXPLORE] Entering exploration mode (stall x3)
[22:34:43] T219: [gameplay] Board=278cells/6colors d=+0 [DarkGreen:198, Brown:37, Orange:26, DarkRed:12, Red:4] | Queue=[FP stall=3 fp_top=0.95] | Holder=[_/DarkGreen/DarkGreen/DarkGreen/DarkGreen] (4/5) | 0.6s
[22:34:43]   -> TAP(314,1495) [[FP:0.95] Human pattern (delta=-59, id=4165)]
[22:34:46] T220: [gameplay] Board=278cells/6colors d=+0 [DarkGreen:198, Brown:37, Orange:26, DarkRed:12, Red:4] | Queue=[FP stall=4 fp_top=0.95] | Holder=[_/DarkGreen/DarkGreen/DarkGreen/DarkGreen] (4/5) | 0.5s
[22:34:47]   -> TAP(717,1495) [[FP:0.97] Human pattern (delta=-43, id=6857)]
[22:34:50] T221: [gameplay] Board=278cells/6colors d=+0 [DarkGreen:198, Brown:37, Orange:26, DarkRed:12, Red:4] | Queue=[EXPLORE stall=5 fp_top=0.95] | Holder=[_/DarkGreen/DarkGreen/DarkGreen/DarkGreen] (4/5) | 1.1s
[22:34:50]   -> TAP(869,1653) [[EXPLORE:PlayDB] Tap (869,1653) human pattern #1]
[22:34:53] T222: [gameplay] Board=278cells/6colors d=+0 [DarkGreen:198, Brown:37, Orange:26, DarkRed:12, Red:4] | Queue=[EXPLORE stall=6 fp_top=0.95] | Holder=[_/DarkGreen/DarkGreen/DarkGreen/DarkGreen] (4/5) | 0.7s
[22:34:53]   -> TAP(627,1211) [[EXPLORE:PlayDB] Tap (627,1211) human pattern #2]
[22:34:56] T223: [gameplay] Board=278cells/6colors d=+0 [DarkGreen:198, Brown:37, Orange:26, DarkRed:12, Red:4] | Queue=[EXPLORE stall=7 fp_top=0.95] | Holder=[_/DarkGreen/DarkGreen/DarkGreen/DarkGreen] (4/5) | 0.6s
[22:34:56]   -> TAP(202,175) [[EXPLORE:PlayDB] Tap (202,175) human pattern #3]
[22:34:58] T224: [gameplay] Board=278cells/6colors d=+0 [DarkGreen:198, Brown:37, Orange:26, DarkRed:12, Red:4] | Queue=[EXPLORE stall=8 fp_top=0.95] | Holder=[_/DarkGreen/DarkGreen/DarkGreen/DarkGreen] (4/5) | 0.6s
[22:34:58]   -> TAP(817,1164) [[EXPLORE:PlayDB] Tap (817,1164) human pattern #4]
[22:35:02] T225: [gameplay] Board=278cells/6colors d=+0 [DarkGreen:198, Brown:37, Orange:26, DarkRed:12, Red:4] | Queue=[EXPLORE stall=9 fp_top=0.95] | Holder=[_/DarkGreen/DarkGreen/DarkGreen/DarkGreen] (4/5) | 0.8s
[22:35:02]   -> TAP(185,930) [[EXPLORE:ZONE:0] Tap zone (185,930)]
[22:35:04] T226: [gameplay] Board=278cells/6colors d=+0 [DarkGreen:198, Brown:37, Orange:26, DarkRed:12, Red:4] | Queue=[EXPLORE stall=10 fp_top=0.95] | Holder=[_/DarkGreen/DarkGreen/DarkGreen/DarkGreen] (4/5) | 0.6s
[22:35:04]   -> TAP(310,930) [[EXPLORE:ZONE:1] Tap zone (310,930)]
[22:35:07] T227: [gameplay] Board=278cells/6colors d=+0 [DarkGreen:198, Brown:37, Orange:26, DarkRed:12, Red:4] | Queue=[EXPLORE stall=11 fp_top=0.95] | Holder=[_/DarkGreen/DarkGreen/DarkGreen/DarkGreen] (4/5) | 0.6s
[22:35:07]   -> TAP(435,930) [[EXPLORE:ZONE:2] Tap zone (435,930)]
[22:35:10] T228: [gameplay] Board=278cells/6colors d=+0 [DarkGreen:198, Brown:37, Orange:26, DarkRed:12, Red:4] | Queue=[EXPLORE stall=12 fp_top=0.95] | Holder=[_/DarkGreen/DarkGreen/DarkGreen/DarkGreen] (4/5) | 0.6s
[22:35:10]   -> TAP(560,930) [[EXPLORE:ZONE:3] Tap zone (560,930)]
[22:35:13] T229: [gameplay] Board=278cells/6colors d=+0 [DarkGreen:198, Brown:37, Orange:26, DarkRed:12, Red:4] | Queue=[EXPLORE stall=13 fp_top=0.95] | Holder=[_/DarkGreen/DarkGreen/DarkGreen/DarkGreen] (4/5) | 0.6s
[22:35:13]   -> TAP(685,930) [[EXPLORE:ZONE:4] Tap zone (685,930)]
[22:35:15] T230: [gameplay] Board=278cells/6colors d=+0 [DarkGreen:198, Brown:37, Orange:26, DarkRed:12, Red:4] | Queue=[EXPLORE stall=14 fp_top=0.95] | Holder=[_/DarkGreen/DarkGreen/DarkGreen/DarkGreen] (4/5) | 0.6s
[22:35:15]   -> TAP(280,1500) [[EXPLORE:ZONE:5] Tap zone (280,1500)]
[22:35:18] T231: [gameplay] Board=278cells/6colors d=+0 [DarkGreen:198, Brown:37, Orange:26, DarkRed:12, Red:4] | Queue=[EXPLORE stall=15 fp_top=0.95] | Holder=[_/DarkGreen/DarkGreen/DarkGreen/DarkGreen] (4/5) | 0.6s
[22:35:18]   -> TAP(400,1500) [[EXPLORE:ZONE:6] Tap zone (400,1500)]
[22:35:21] T232: [gameplay] Board=278cells/6colors d=+0 [DarkGreen:198, Brown:37, Orange:26, DarkRed:12, Red:4] | Queue=[EXPLORE stall=16 fp_top=0.95] | Holder=[_/DarkGreen/DarkGreen/DarkGreen/DarkGreen] (4/5) | 0.6s
[22:35:21]   -> TAP(530,1500) [[EXPLORE:ZONE:7] Tap zone (530,1500)]
[22:35:23] T233: [gameplay] Board=282cells/6colors d=+4 [DarkGreen:198, Brown:37, Orange:26, DarkRed:12, Red:8] | Queue=[EXPLORE stall=15 fp_top=0.95] | Holder=[_/DarkRed/SageTeal/SageTeal/SageTeal] (4/5) | 0.6s
[22:35:23]   -> TAP(660,1500) [[EXPLORE:ZONE:8] Tap zone (660,1500)]
[22:35:26]   [LEARN] Explore tap (660,1500) WORKED! (d=-4)
[22:35:26] T234: [gameplay] Board=278cells/6colors d=-4 [DarkGreen:198, Brown:37, Orange:26, DarkRed:12, Red:4] | Queue=[FP stall=0 fp_top=0.95] | Holder=[_/DarkRed/_/_/_] (1/5) | 0.5s
[22:35:26]   -> TAP(342,1656) [[FP:0.97] Human pattern (delta=-14, id=3702)]
[22:35:30] T235: [gameplay] Board=245cells/6colors d=-33 [DarkGreen:165, Brown:37, Orange:26, DarkRed:12, Red:4] | Queue=[FP stall=0 fp_top=0.95] | Holder=[_/DarkRed/_/_/_] (1/5) | 0.6s
[22:35:30]   -> TAP(342,1656) [[FP:0.96] Human pattern (delta=-14, id=3702)]
[22:35:33] T236: [gameplay] Board=241cells/6colors d=-4 [DarkGreen:161, Brown:37, Orange:26, DarkRed:12, Red:4] | Queue=[FP stall=0 fp_top=0.95] | Holder=[_/DarkRed/_/_/_] (1/5) | 0.6s
[22:35:33]   -> TAP(732,1524) [[FP:0.96] Human pattern (delta=-20, id=3691)]
[22:35:36] T237: [gameplay] Board=241cells/6colors d=+0 [DarkGreen:161, Brown:37, Orange:26, DarkRed:12, Red:4] | Queue=[FP stall=1 fp_top=0.95] | Holder=[_/DarkRed/_/_/_] (1/5) | 0.6s
[22:35:36]   -> TAP(524,1512) [[FP:0.96] Human pattern (delta=-9, id=3250)]
[22:35:39] T238: [gameplay] Board=241cells/6colors d=+0 [DarkGreen:161, Brown:37, Orange:26, DarkRed:12, Red:4] | Queue=[FP stall=2 fp_top=0.95] | Holder=[_/DarkRed/_/_/_] (1/5) | 0.5s
[22:35:39]   -> TAP(723,1537) [[FP:0.96] Human pattern (delta=-37, id=3699)]
[22:35:43]   [EXPLORE] Entering exploration mode (stall x3)
[22:35:43] T239: [gameplay] Board=241cells/6colors d=+0 [DarkGreen:161, Brown:37, Orange:26, DarkRed:12, Red:4] | Queue=[FP stall=3 fp_top=0.95] | Holder=[SageTeal/DarkRed/_/_/_] (2/5) | 0.6s
[22:35:43]   -> TAP(316,1516) [[FP:0.97] Human pattern (delta=-28, id=4177)]
[22:35:46] T240: [gameplay] Board=241cells/6colors d=+0 [DarkGreen:161, Brown:37, Orange:26, DarkRed:12, Red:4] | Queue=[FP stall=4 fp_top=0.95] | Holder=[Silver/DarkRed/_/_/_] (2/5) | 0.6s
[22:35:46]   -> TAP(696,1517) [[FP:0.96] Human pattern (delta=-40, id=6969)]
[22:35:49]   [SESSION] Ended 3b4dd90257b9: fail (25 turns, end_cells=241)
[22:35:49] T241: [fail] Multi-tap close/retry positions
[22:35:53] T242: [fail] Multi-tap close/retry positions
[22:35:57] T243: [fail] Multi-tap close/retry positions
[22:36:02] T244: [fail] Multi-tap close/retry positions
[22:36:06] T245: POPUP LOOP (fail), relaunch
[22:36:19] T246: [loading] PlayDB: 3 patterns, trying top 2
[22:36:23] T247: [loading] PlayDB: 3 patterns, trying top 2
[22:36:27] T248: [loading] PlayDB: 3 patterns, trying top 2
[22:36:31] T249: [lobby] Hardcoded play button (540,1450)
[22:36:34] T250: [fail] HEARTS-EMPTY popup detected (pixel match). Waiting 900s for regen.
[22:36:35] T251: [fail] HEARTS WAIT: 899s remaining, sleeping in 5s chunks...
[22:37:06] T252: [fail] HEARTS WAIT: 868s remaining, sleeping in 5s chunks...
[22:37:37] T253: [fail] HEARTS WAIT: 837s remaining, sleeping in 5s chunks...
[22:38:07] T254: [fail] HEARTS WAIT: 806s remaining, sleeping in 5s chunks...
[22:38:38] T255: [fail] HEARTS WAIT: 775s remaining, sleeping in 5s chunks...
[22:39:09] T256: [fail] HEARTS WAIT: 744s remaining, sleeping in 5s chunks...
[22:39:40] T257: [fail] HEARTS WAIT: 714s remaining, sleeping in 5s chunks...
[22:40:11] T258: [fail] HEARTS WAIT: 683s remaining, sleeping in 5s chunks...
[22:40:42] T259: [fail] HEARTS WAIT: 652s remaining, sleeping in 5s chunks...
[22:41:13] T260: [fail] HEARTS WAIT: 621s remaining, sleeping in 5s chunks...
[22:41:43] T261: [fail] HEARTS WAIT: 590s remaining, sleeping in 5s chunks...
[22:42:14] T262: [fail] HEARTS WAIT: 559s remaining, sleeping in 5s chunks...
[22:42:45] T263: [fail] HEARTS WAIT: 529s remaining, sleeping in 5s chunks...
[22:43:16] T264: [fail] HEARTS WAIT: 498s remaining, sleeping in 5s chunks...
[22:43:47] T265: [fail] HEARTS WAIT: 467s remaining, sleeping in 5s chunks...
[22:44:18] T266: [fail] HEARTS WAIT: 436s remaining, sleeping in 5s chunks...
[22:44:48] T267: [fail] HEARTS WAIT: 405s remaining, sleeping in 5s chunks...
[22:45:19] T268: [fail] HEARTS WAIT: 375s remaining, sleeping in 5s chunks...
[22:45:50] T269: [fail] HEARTS WAIT: 344s remaining, sleeping in 5s chunks...
[22:46:21] T270: [fail] HEARTS WAIT: 313s remaining, sleeping in 5s chunks...
[22:46:52] T271: [fail] HEARTS WAIT: 282s remaining, sleeping in 5s chunks...
[22:47:23] T272: [fail] HEARTS WAIT: 251s remaining, sleeping in 5s chunks...
[22:47:54] T273: [fail] HEARTS WAIT: 220s remaining, sleeping in 5s chunks...
[22:48:24] T274: [fail] HEARTS WAIT: 190s remaining, sleeping in 5s chunks...
[22:48:55] T275: [fail] HEARTS WAIT: 159s remaining, sleeping in 5s chunks...
[22:49:26] T276: [fail] HEARTS WAIT: 128s remaining, sleeping in 5s chunks...
[22:49:57] T277: [fail] HEARTS WAIT: 97s remaining, sleeping in 5s chunks...
[22:50:27] T278: [fail] HEARTS WAIT: 66s remaining, sleeping in 5s chunks...
[22:50:58] T279: [fail] HEARTS WAIT: 35s remaining, sleeping in 5s chunks...
[22:51:29] T280: [lobby] HEARTS WAIT: 4s remaining, sleeping in 5s chunks...
[22:51:35] T281: [lobby] Hardcoded play button (540,1450)
[22:51:38]   [SESSION] Started 67cfd55241b4 (start_cells=280)
[22:51:38] T282: [gameplay] Board=280cells/6colors d=+0 [DarkGreen:197, Brown:37, Orange:27, DarkRed:14, Red:4] | Queue=[FP stall=0 fp_top=0.95] | Holder=[_/DarkGreen/DarkGreen/DarkGreen/DarkGreen] (4/5) | 0.5s
[22:51:38]   -> TAP(314,1495) [[FP:0.95] Human pattern (delta=-59, id=4165)]
[22:51:42] T283: [gameplay] Board=280cells/6colors d=+0 [DarkGreen:197, Brown:37, Orange:27, DarkRed:14, Red:4] | Queue=[FP stall=1 fp_top=0.95] | Holder=[_/DarkGreen/DarkGreen/DarkGreen/DarkGreen] (4/5) | 0.5s
[22:51:42]   -> TAP(696,1517) [[FP:0.97] Human pattern (delta=-40, id=6969)]
[22:51:45] T284: [gameplay] Board=280cells/6colors d=+0 [DarkGreen:197, Brown:37, Orange:27, DarkRed:14, Red:4] | Queue=[FP stall=2 fp_top=0.95] | Holder=[_/DarkGreen/DarkGreen/DarkGreen/DarkGreen] (4/5) | 0.5s
[22:51:45]   -> TAP(316,1516) [[FP:0.97] Human pattern (delta=-28, id=4177)]
[22:51:48] T285: [gameplay] Board=280cells/6colors d=+0 [DarkGreen:197, Brown:37, Orange:27, DarkRed:14, Red:4] | Queue=[FP stall=3 fp_top=0.95] | Holder=[_/DarkGreen/DarkGreen/DarkGreen/DarkGreen] (4/5) | 0.5s
[22:51:48]   -> TAP(342,1656) [[FP:0.97] Human pattern (delta=-14, id=3702)]
[22:51:51] T286: [gameplay] Board=280cells/6colors d=+0 [DarkGreen:197, Brown:37, Orange:27, DarkRed:14, Red:4] | Queue=[FP stall=4 fp_top=0.95] | Holder=[_/DarkGreen/DarkGreen/DarkGreen/DarkGreen] (4/5) | 0.5s
[22:51:51]   -> TAP(732,1524) [[FP:0.97] Human pattern (delta=-20, id=3691)]
[22:51:54] T287: [gameplay] Board=280cells/6colors d=+0 [DarkGreen:197, Brown:37, Orange:27, DarkRed:14, Red:4] | Queue=[EXPLORE stall=5 fp_top=0.95] | Holder=[_/DarkGreen/DarkGreen/DarkGreen/DarkGreen] (4/5) | 0.6s
[22:51:54]   -> TAP(869,1653) [[EXPLORE:PlayDB] Tap (869,1653) human pattern #1]
[22:51:57] T288: [gameplay] Board=280cells/6colors d=+0 [DarkGreen:197, Brown:37, Orange:27, DarkRed:14, Red:4] | Queue=[EXPLORE stall=6 fp_top=0.95] | Holder=[_/DarkGreen/DarkGreen/DarkGreen/DarkGreen] (4/5) | 0.6s
[22:51:57]   -> TAP(627,1211) [[EXPLORE:PlayDB] Tap (627,1211) human pattern #2]
[22:52:00] T289: [gameplay] Board=280cells/6colors d=+0 [DarkGreen:197, Brown:37, Orange:27, DarkRed:14, Red:4] | Queue=[EXPLORE stall=7 fp_top=0.95] | Holder=[_/DarkGreen/DarkGreen/DarkGreen/DarkGreen] (4/5) | 0.6s
[22:52:00]   -> TAP(202,175) [[EXPLORE:PlayDB] Tap (202,175) human pattern #3]
[22:52:02] T290: [gameplay] Board=280cells/6colors d=+0 [DarkGreen:197, Brown:37, Orange:27, DarkRed:14, Red:4] | Queue=[EXPLORE stall=8 fp_top=0.95] | Holder=[_/DarkGreen/DarkGreen/DarkGreen/DarkGreen] (4/5) | 0.6s
[22:52:02]   -> TAP(817,1164) [[EXPLORE:PlayDB] Tap (817,1164) human pattern #4]
[22:52:05] T291: [gameplay] Board=280cells/6colors d=+0 [DarkGreen:197, Brown:37, Orange:27, DarkRed:14, Red:4] | Queue=[EXPLORE stall=9 fp_top=0.95] | Holder=[_/DarkGreen/DarkGreen/DarkGreen/DarkGreen] (4/5) | 0.6s
[22:52:05]   -> TAP(185,930) [[EXPLORE:ZONE:0] Tap zone (185,930)]
[22:52:08] T292: [gameplay] Board=280cells/6colors d=+0 [DarkGreen:197, Brown:37, Orange:27, DarkRed:14, Red:4] | Queue=[EXPLORE stall=10 fp_top=0.95] | Holder=[_/DarkGreen/DarkGreen/DarkGreen/DarkGreen] (4/5) | 0.6s
[22:52:08]   -> TAP(310,930) [[EXPLORE:ZONE:1] Tap zone (310,930)]
[22:52:11] T293: [gameplay] Board=280cells/6colors d=+0 [DarkGreen:197, Brown:37, Orange:27, DarkRed:14, Red:4] | Queue=[EXPLORE stall=11 fp_top=0.95] | Holder=[_/DarkGreen/DarkGreen/DarkGreen/DarkGreen] (4/5) | 0.6s
[22:52:11]   -> TAP(435,930) [[EXPLORE:ZONE:2] Tap zone (435,930)]
[22:52:13] T294: [gameplay] Board=280cells/6colors d=+0 [DarkGreen:197, Brown:37, Orange:27, DarkRed:14, Red:4] | Queue=[EXPLORE stall=12 fp_top=0.95] | Holder=[_/DarkGreen/DarkGreen/DarkGreen/DarkGreen] (4/5) | 0.6s
[22:52:13]   -> TAP(560,930) [[EXPLORE:ZONE:3] Tap zone (560,930)]
[22:52:16] T295: [gameplay] Board=280cells/6colors d=+0 [DarkGreen:197, Brown:37, Orange:27, DarkRed:14, Red:4] | Queue=[EXPLORE stall=13 fp_top=0.95] | Holder=[_/DarkGreen/DarkGreen/DarkGreen/DarkGreen] (4/5) | 0.5s
[22:52:16]   -> TAP(685,930) [[EXPLORE:ZONE:4] Tap zone (685,930)]
[22:52:19] T296: [gameplay] Board=280cells/6colors d=+0 [DarkGreen:197, Brown:37, Orange:27, DarkRed:14, Red:4] | Queue=[EXPLORE stall=14 fp_top=0.95] | Holder=[_/DarkGreen/DarkGreen/DarkGreen/DarkGreen] (4/5) | 0.6s
[22:52:19]   -> TAP(280,1500) [[EXPLORE:ZONE:5] Tap zone (280,1500)]
[22:52:22] T297: NO PROGRESS 20 turns (cells=280) — abandoning session + relaunch
[22:52:22]   [SESSION] Ended 67cfd55241b4: stuck (15 turns, end_cells=280)
[22:52:34] T298: [loading] PlayDB: 3 patterns, trying top 2
[22:52:38] T299: [loading] PlayDB: 3 patterns, trying top 2
[22:52:42] T300: [loading] PlayDB: 3 patterns, trying top 2
[22:52:47] T301: [loading] PlayDB: 3 patterns, trying top 2
[22:52:51] T302: POPUP LOOP (fail), relaunch
[22:53:03] T303: [loading] PlayDB: 3 patterns, trying top 2
[22:53:07] T304: [loading] PlayDB: 3 patterns, trying top 2
[22:53:11] T305: [loading] PlayDB: 3 patterns, trying top 2
[22:53:15] T306: [loading] PlayDB: 3 patterns, trying top 2
[22:53:19] T307: POPUP LOOP (fail), relaunch
[22:53:32] T308: [loading] PlayDB: 3 patterns, trying top 2
[22:53:36] T309: [loading] PlayDB: 3 patterns, trying top 2
[22:53:40] T310: [loading] PlayDB: 3 patterns, trying top 2
[22:53:44] T311: [lobby] Hardcoded play button (540,1450)
[22:53:47] T312: [fail] HEARTS-EMPTY popup detected (pixel match). Waiting 900s for regen.
[22:53:47] T313: [fail] HEARTS WAIT: 899s remaining, sleeping in 5s chunks...
[22:54:18] T314: [fail] HEARTS WAIT: 868s remaining, sleeping in 5s chunks...
[22:54:49] T315: [fail] HEARTS WAIT: 837s remaining, sleeping in 5s chunks...
[22:55:20] T316: [fail] HEARTS WAIT: 806s remaining, sleeping in 5s chunks...
[22:55:51] T317: [fail] HEARTS WAIT: 775s remaining, sleeping in 5s chunks...
[22:56:22] T318: [fail] HEARTS WAIT: 745s remaining, sleeping in 5s chunks...
[22:56:53] T319: [fail] HEARTS WAIT: 714s remaining, sleeping in 5s chunks...
[22:57:23] T320: [fail] HEARTS WAIT: 683s remaining, sleeping in 5s chunks...
[22:57:54] T321: [fail] HEARTS WAIT: 652s remaining, sleeping in 5s chunks...
[22:58:25] T322: [fail] HEARTS WAIT: 621s remaining, sleeping in 5s chunks...
[22:58:56] T323: [fail] HEARTS WAIT: 590s remaining, sleeping in 5s chunks...
[22:59:27] T324: [fail] HEARTS WAIT: 559s remaining, sleeping in 5s chunks...
[22:59:58] T325: [fail] HEARTS WAIT: 528s remaining, sleeping in 5s chunks...
[23:00:29] T326: [fail] HEARTS WAIT: 497s remaining, sleeping in 5s chunks...
[23:01:00] T327: [fail] HEARTS WAIT: 467s remaining, sleeping in 5s chunks...
[23:01:30] T328: [fail] HEARTS WAIT: 436s remaining, sleeping in 5s chunks...
[23:02:01] T329: [fail] HEARTS WAIT: 405s remaining, sleeping in 5s chunks...
[23:02:32] T330: [fail] HEARTS WAIT: 374s remaining, sleeping in 5s chunks...
[23:03:03] T331: [fail] HEARTS WAIT: 343s remaining, sleeping in 5s chunks...
[23:03:34] T332: [fail] HEARTS WAIT: 312s remaining, sleeping in 5s chunks...
[23:04:05] T333: [fail] HEARTS WAIT: 281s remaining, sleeping in 5s chunks...
[23:04:36] T334: [fail] HEARTS WAIT: 251s remaining, sleeping in 5s chunks...
[23:05:07] T335: [fail] HEARTS WAIT: 220s remaining, sleeping in 5s chunks...
[23:05:38] T336: [fail] HEARTS WAIT: 189s remaining, sleeping in 5s chunks...
[23:06:08] T337: [fail] HEARTS WAIT: 158s remaining, sleeping in 5s chunks...
[23:06:39] T338: [fail] HEARTS WAIT: 127s remaining, sleeping in 5s chunks...
[23:07:10] T339: [fail] HEARTS WAIT: 96s remaining, sleeping in 5s chunks...
[23:07:41] T340: [fail] HEARTS WAIT: 65s remaining, sleeping in 5s chunks...
[23:08:12] T341: [fail] HEARTS WAIT: 34s remaining, sleeping in 5s chunks...
[23:08:43] T342: [fail] HEARTS WAIT: 3s remaining, sleeping in 5s chunks...
[23:08:48] T343: [fail] HEARTS-EMPTY popup detected (pixel match). Waiting 900s for regen.
[23:08:49] T344: [fail] HEARTS WAIT: 899s remaining, sleeping in 5s chunks...
[23:09:20] T345: [fail] HEARTS WAIT: 868s remaining, sleeping in 5s chunks...
[23:09:51] T346: [fail] HEARTS WAIT: 837s remaining, sleeping in 5s chunks...
[23:10:22] T347: [fail] HEARTS WAIT: 806s remaining, sleeping in 5s chunks...
[23:10:53] T348: [fail] HEARTS WAIT: 775s remaining, sleeping in 5s chunks...
[23:11:24] T349: [fail] HEARTS WAIT: 744s remaining, sleeping in 5s chunks...
[23:11:55] T350: [fail] HEARTS WAIT: 713s remaining, sleeping in 5s chunks...
[23:12:25] T351: [fail] HEARTS WAIT: 682s remaining, sleeping in 5s chunks...
[23:12:56] T352: [fail] HEARTS WAIT: 652s remaining, sleeping in 5s chunks...
[23:13:27] T353: [fail] HEARTS WAIT: 621s remaining, sleeping in 5s chunks...
[23:13:58] T354: [fail] HEARTS WAIT: 590s remaining, sleeping in 5s chunks...
[23:14:29] T355: [fail] HEARTS WAIT: 559s remaining, sleeping in 5s chunks...
[23:15:00] T356: [fail] HEARTS WAIT: 528s remaining, sleeping in 5s chunks...
[23:15:31] 
[23:15:31] ============================================================
[23:15:31] SESSION COMPLETE
[23:15:31] ============================================================
[23:15:31] Total turns:   356
[23:15:31] Games started: 5
[23:15:31] Games won:     3
[23:15:31] Games failed:  5
[23:15:31] AI Play DB: E:\AI\virtual_player\data\db\ai_play_pixelflow.db
[23:15:31] Fingerprint DB: E:\AI\virtual_player\data\pixelflow\db\fingerprint.db (loaded)
[23:15:31] Stats saved: E:\AI\virtual_player\data\games\pixelflow\temp\smart\smart_stats.json
