[22:51:32] ============================================================
[22:51:32] Smart PixelFlow Player START
[22:51:32] Duration: 120 min | Target: 00:51:32
[22:51:32] ADB: C:/Program Files/BlueStacks_nxt/HD-Adb.exe | Device: emulator-5554
[22:51:32] YOLO: best.pt
[22:51:32] Profile: cell_profile.json
[FingerprintSearcher] Loaded 4891 rows (win_only=True)
[22:51:32] Fingerprint DB: fingerprint.db (loaded)
[22:51:32] FP threshold: 0.8, top_k: 5
[22:51:32] ============================================================
[22:51:45] T1: [lobby] Hardcoded play button (540,1450)
[22:51:48]   [SESSION] Started d02c06e9bc4d (start_cells=272)
[22:51:48] T2: [gameplay] Board=272cells/6colors d=+0 [DarkGreen:199, Brown:32, Orange:24, DarkRed:10, Red:4] | Queue=[FP stall=0 fp_top=0.98] | Holder=[_/DarkGreen/DarkGreen/DarkGreen/DarkGreen] (4/5) | 1.0s
[22:51:48]   -> TAP(696,1517) [[FP:0.98] Human pattern (delta=-40, id=6969)]
[22:51:52] T3: [gameplay] Board=272cells/6colors d=+0 [DarkGreen:199, Brown:32, Orange:24, DarkRed:10, Red:4] | Queue=[FP stall=1 fp_top=0.98] | Holder=[_/DarkGreen/DarkGreen/DarkGreen/DarkGreen] (4/5) | 0.6s
[22:51:52]   -> TAP(732,1524) [[FP:0.98] Human pattern (delta=-20, id=3691)]
[22:51:55] T4: [gameplay] Board=272cells/6colors d=+0 [DarkGreen:199, Brown:32, Orange:24, DarkRed:10, Red:4] | Queue=[FP stall=2 fp_top=0.98] | Holder=[_/DarkGreen/DarkGreen/DarkGreen/DarkGreen] (4/5) | 0.6s
[22:51:55]   -> TAP(342,1656) [[FP:0.98] Human pattern (delta=-14, id=3702)]
[22:51:58] T5: [gameplay] Board=272cells/6colors d=+0 [DarkGreen:199, Brown:32, Orange:24, DarkRed:10, Red:4] | Queue=[FP stall=3 fp_top=0.98] | Holder=[_/DarkGreen/DarkGreen/DarkGreen/DarkGreen] (4/5) | 0.5s
[22:51:58]   -> TAP(342,1656) [[FP:0.98] Human pattern (delta=-14, id=3702)]
[22:52:01] T6: [gameplay] Board=272cells/6colors d=+0 [DarkGreen:199, Brown:32, Orange:24, DarkRed:10, Red:4] | Queue=[FP stall=4 fp_top=0.98] | Holder=[_/DarkGreen/DarkGreen/DarkGreen/DarkGreen] (4/5) | 0.5s
[22:52:01]   -> TAP(696,1517) [[FP:0.98] Human pattern (delta=-40, id=6969)]
[22:52:05]   [EXPLORE] Entering exploration mode (stall x5)
[22:52:05] T7: [gameplay] Board=272cells/6colors d=+0 [DarkGreen:199, Brown:32, Orange:24, DarkRed:10, Red:4] | Queue=[FP stall=5 fp_top=0.98] | Holder=[_/DarkGreen/DarkGreen/DarkGreen/DarkGreen] (4/5) | 0.5s
[22:52:05]   -> TAP(723,1537) [[FP:0.98] Human pattern (delta=-37, id=3699)]
[22:52:08] T8: [gameplay] Board=272cells/6colors d=+0 [DarkGreen:199, Brown:32, Orange:24, DarkRed:10, Red:4] | Queue=[FP stall=6 fp_top=0.98] | Holder=[_/DarkGreen/DarkGreen/DarkGreen/DarkGreen] (4/5) | 0.5s
[22:52:08]   -> TAP(732,1524) [[FP:0.98] Human pattern (delta=-20, id=3691)]
[22:52:11] T9: [gameplay] Board=272cells/6colors d=+0 [DarkGreen:199, Brown:32, Orange:24, DarkRed:10, Red:4] | Queue=[FP stall=7 fp_top=0.98] | Holder=[_/DarkGreen/DarkGreen/DarkGreen/DarkGreen] (4/5) | 0.5s
[22:52:11]   -> TAP(342,1656) [[FP:0.98] Human pattern (delta=-14, id=3702)]
[22:52:14] T10: [gameplay] Board=272cells/6colors d=+0 [DarkGreen:199, Brown:32, Orange:24, DarkRed:10, Red:4] | Queue=[FP stall=8 fp_top=0.98] | Holder=[_/DarkGreen/DarkGreen/DarkGreen/DarkGreen] (4/5) | 0.6s
[22:52:14]   -> TAP(696,1517) [[FP:0.98] Human pattern (delta=-40, id=6969)]
[22:52:17] T11: [gameplay] Board=272cells/6colors d=+0 [DarkGreen:199, Brown:32, Orange:24, DarkRed:10, Red:4] | Queue=[FP stall=9 fp_top=0.98] | Holder=[_/DarkGreen/DarkGreen/DarkGreen/DarkGreen] (4/5) | 0.5s
[22:52:17]   -> TAP(723,1537) [[FP:0.98] Human pattern (delta=-37, id=3699)]
[22:52:21] T12: [gameplay] Board=272cells/6colors d=+0 [DarkGreen:199, Brown:32, Orange:24, DarkRed:10, Red:4] | Queue=[EXPLORE stall=10 fp_top=0.98] | Holder=[_/DarkGreen/DarkGreen/DarkGreen/DarkGreen] (4/5) | 1.3s
[22:52:21]   -> TAP(869,1653) [[EXPLORE:PlayDB] Tap (869,1653) human pattern #1]
[22:52:24] T13: [gameplay] Board=272cells/6colors d=+0 [DarkGreen:199, Brown:32, Orange:24, DarkRed:10, Red:4] | Queue=[EXPLORE stall=11 fp_top=0.98] | Holder=[_/DarkGreen/DarkGreen/DarkGreen/DarkGreen] (4/5) | 0.8s
[22:52:24]   -> TAP(876,1784) [[EXPLORE:PlayDB] Tap (876,1784) human pattern #2]
[22:52:26]   [SESSION] Ended d02c06e9bc4d: fail (12 turns, end_cells=272)
[22:52:26] T14: [fail] Multi-tap close/retry positions
[22:52:31] T15: [popup] Multi-tap close/retry positions
[22:52:35] T16: [popup] Multi-tap close/retry positions
[22:52:40] T17: [popup] Multi-tap close/retry positions
[22:52:44] T18: POPUP LOOP (popup), relaunch
[22:52:56] T19: [loading] PlayDB: 3 patterns, trying top 2
[22:53:01] T20: [loading] PlayDB: 3 patterns, trying top 2
[22:53:05] T21: [loading] PlayDB: 3 patterns, trying top 2
[22:53:09] T22: [lobby] Hardcoded play button (540,1450)
[22:53:12] T23: [fail] HEARTS-EMPTY popup detected (pixel match). Waiting 900s for regen.
[22:53:13] T24: [fail] HEARTS WAIT: 899s remaining, sleeping in 5s chunks...
[22:53:44] T25: [fail] HEARTS WAIT: 868s remaining, sleeping in 5s chunks...
[22:54:15] T26: [fail] HEARTS WAIT: 837s remaining, sleeping in 5s chunks...
[22:54:45] T27: [fail] HEARTS WAIT: 807s remaining, sleeping in 5s chunks...
[22:55:16] T28: [fail] HEARTS WAIT: 776s remaining, sleeping in 5s chunks...
[22:55:47] T29: [fail] HEARTS WAIT: 745s remaining, sleeping in 5s chunks...
[22:56:18] T30: [fail] HEARTS WAIT: 714s remaining, sleeping in 5s chunks...
[22:56:49] T31: [fail] HEARTS WAIT: 683s remaining, sleeping in 5s chunks...
[22:57:19] T32: [fail] HEARTS WAIT: 652s remaining, sleeping in 5s chunks...
[22:57:50] T33: [fail] HEARTS WAIT: 622s remaining, sleeping in 5s chunks...
[22:58:21] T34: [fail] HEARTS WAIT: 591s remaining, sleeping in 5s chunks...
[22:58:52] T35: [fail] HEARTS WAIT: 560s remaining, sleeping in 5s chunks...
[22:59:23] T36: [fail] HEARTS WAIT: 529s remaining, sleeping in 5s chunks...
[22:59:54] T37: [fail] HEARTS WAIT: 498s remaining, sleeping in 5s chunks...
[23:00:24] T38: [fail] HEARTS WAIT: 468s remaining, sleeping in 5s chunks...
[23:00:55] T39: [fail] HEARTS WAIT: 437s remaining, sleeping in 5s chunks...
[23:01:26] T40: [fail] HEARTS WAIT: 406s remaining, sleeping in 5s chunks...
[23:01:57] T41: [fail] HEARTS WAIT: 375s remaining, sleeping in 5s chunks...
[23:02:28] T42: [fail] HEARTS WAIT: 344s remaining, sleeping in 5s chunks...
[23:02:58] T43: [fail] HEARTS WAIT: 314s remaining, sleeping in 5s chunks...
[23:03:29] T44: [fail] HEARTS WAIT: 283s remaining, sleeping in 5s chunks...
[23:04:00] T45: [fail] HEARTS WAIT: 252s remaining, sleeping in 5s chunks...
[23:04:31] T46: [fail] HEARTS WAIT: 221s remaining, sleeping in 5s chunks...
[23:05:02] T47: [fail] HEARTS WAIT: 190s remaining, sleeping in 5s chunks...
[23:05:32] T48: [fail] HEARTS WAIT: 159s remaining, sleeping in 5s chunks...
[23:06:03] T49: [fail] HEARTS WAIT: 129s remaining, sleeping in 5s chunks...
[23:06:34] T50: [fail] HEARTS WAIT: 98s remaining, sleeping in 5s chunks...
[23:07:05] T51: [fail] HEARTS WAIT: 67s remaining, sleeping in 5s chunks...
[23:07:36] T52: [fail] HEARTS WAIT: 36s remaining, sleeping in 5s chunks...
[23:08:07] T53: [fail] HEARTS WAIT: 5s remaining, sleeping in 5s chunks...
[23:08:12] T54: [fail] HEARTS-EMPTY popup detected (pixel match). Waiting 900s for regen.
[23:08:13] T55: [fail] HEARTS WAIT: 899s remaining, sleeping in 5s chunks...
[23:08:44] T56: [fail] HEARTS WAIT: 868s remaining, sleeping in 5s chunks...
[23:09:15] T57: [fail] HEARTS WAIT: 837s remaining, sleeping in 5s chunks...
[23:09:45] T58: [fail] HEARTS WAIT: 806s remaining, sleeping in 5s chunks...
[23:10:16] T59: [fail] HEARTS WAIT: 776s remaining, sleeping in 5s chunks...
[23:10:47] T60: [fail] HEARTS WAIT: 745s remaining, sleeping in 5s chunks...
[23:11:18] T61: [fail] HEARTS WAIT: 714s remaining, sleeping in 5s chunks...
[23:11:49] T62: [fail] HEARTS WAIT: 683s remaining, sleeping in 5s chunks...
[23:12:20] T63: [fail] HEARTS WAIT: 652s remaining, sleeping in 5s chunks...
[23:12:50] T64: [fail] HEARTS WAIT: 621s remaining, sleeping in 5s chunks...
[23:13:21] T65: [fail] HEARTS WAIT: 590s remaining, sleeping in 5s chunks...
[23:13:52] T66: [fail] HEARTS WAIT: 560s remaining, sleeping in 5s chunks...
[23:14:23] T67: [fail] HEARTS WAIT: 529s remaining, sleeping in 5s chunks...
[23:14:54] T68: [fail] HEARTS WAIT: 498s remaining, sleeping in 5s chunks...
[23:15:25] T69: [fail] HEARTS WAIT: 467s remaining, sleeping in 5s chunks...
[23:15:55] T70: [fail] HEARTS WAIT: 436s remaining, sleeping in 5s chunks...
[23:16:26] T71: [fail] HEARTS WAIT: 405s remaining, sleeping in 5s chunks...
[23:16:57] T72: [fail] HEARTS WAIT: 375s remaining, sleeping in 5s chunks...
[23:17:28] T73: [fail] HEARTS WAIT: 344s remaining, sleeping in 5s chunks...
[23:17:59] T74: [fail] HEARTS WAIT: 313s remaining, sleeping in 5s chunks...
[23:18:30] T75: [fail] HEARTS WAIT: 282s remaining, sleeping in 5s chunks...
[23:19:00] T76: [fail] HEARTS WAIT: 251s remaining, sleeping in 5s chunks...
[23:19:31] T77: [fail] HEARTS WAIT: 220s remaining, sleeping in 5s chunks...
[23:20:02] T78: [fail] HEARTS WAIT: 190s remaining, sleeping in 5s chunks...
[23:20:33] T79: [fail] HEARTS WAIT: 159s remaining, sleeping in 5s chunks...
[23:21:04] T80: [fail] HEARTS WAIT: 128s remaining, sleeping in 5s chunks...
[23:21:35] T81: [lobby] HEARTS WAIT: 97s remaining, sleeping in 5s chunks...
[23:22:06] T82: [lobby] HEARTS WAIT: 66s remaining, sleeping in 5s chunks...
[23:22:37] T83: [lobby] HEARTS WAIT: 35s remaining, sleeping in 5s chunks...
[23:23:08] T84: [lobby] HEARTS WAIT: 4s remaining, sleeping in 5s chunks...
[23:23:14] T85: [lobby] Hardcoded play button (540,1450)
[23:23:17]   [SESSION] Started aa31d386f2d8 (start_cells=291)
[23:23:17] T86: [gameplay] Board=291cells/6colors d=+0 [DarkGreen:201, Brown:40, Orange:25, Red:15, DarkRed:8] | Queue=[FP stall=0 fp_top=0.97] | Holder=[_/DarkGreen/DarkGreen/DarkGreen/DarkGreen] (4/5) | 0.6s
[23:23:17]   -> TAP(717,1495) [[FP:0.97] Human pattern (delta=-43, id=6857)]
[23:23:20] T87: [gameplay] Board=291cells/6colors d=+0 [DarkGreen:201, Brown:40, Orange:25, Red:15, DarkRed:8] | Queue=[FP stall=1 fp_top=0.97] | Holder=[_/DarkGreen/DarkGreen/DarkGreen/DarkGreen] (4/5) | 0.5s
[23:23:20]   -> TAP(316,1516) [[FP:0.97] Human pattern (delta=-28, id=4177)]
[23:23:23] T88: [gameplay] Board=291cells/6colors d=+0 [DarkGreen:201, Brown:40, Orange:25, Red:15, DarkRed:8] | Queue=[FP stall=2 fp_top=0.97] | Holder=[_/DarkGreen/DarkGreen/DarkGreen/DarkGreen] (4/5) | 0.5s
[23:23:23]   -> TAP(723,1537) [[FP:0.97] Human pattern (delta=-37, id=3699)]
[23:23:26] T89: [gameplay] Board=291cells/6colors d=+0 [DarkGreen:201, Brown:40, Orange:25, Red:15, DarkRed:8] | Queue=[FP stall=3 fp_top=0.97] | Holder=[_/DarkGreen/DarkGreen/DarkGreen/DarkGreen] (4/5) | 0.5s
[23:23:26]   -> TAP(696,1517) [[FP:0.97] Human pattern (delta=-40, id=6969)]
[23:23:30] T90: [gameplay] Board=291cells/6colors d=+0 [DarkGreen:201, Brown:40, Orange:25, Red:15, DarkRed:8] | Queue=[FP stall=4 fp_top=0.97] | Holder=[_/DarkGreen/DarkGreen/DarkGreen/DarkGreen] (4/5) | 0.5s
[23:23:30]   -> TAP(717,1495) [[FP:0.97] Human pattern (delta=-43, id=6857)]
[23:23:33] T91: [gameplay] Board=291cells/6colors d=+0 [DarkGreen:201, Brown:40, Orange:25, Red:15, DarkRed:8] | Queue=[FP stall=5 fp_top=0.97] | Holder=[_/DarkGreen/DarkGreen/DarkGreen/DarkGreen] (4/5) | 0.5s
[23:23:33]   -> TAP(696,1517) [[FP:0.97] Human pattern (delta=-40, id=6969)]
[23:23:36] T92: [gameplay] Board=291cells/6colors d=+0 [DarkGreen:201, Brown:40, Orange:25, Red:15, DarkRed:8] | Queue=[FP stall=6 fp_top=0.97] | Holder=[_/DarkGreen/DarkGreen/DarkGreen/DarkGreen] (4/5) | 0.5s
[23:23:36]   -> TAP(316,1516) [[FP:0.97] Human pattern (delta=-28, id=4177)]
[23:23:39] T93: [gameplay] Board=291cells/6colors d=+0 [DarkGreen:201, Brown:40, Orange:25, Red:15, DarkRed:8] | Queue=[FP stall=7 fp_top=0.97] | Holder=[_/DarkGreen/DarkGreen/DarkGreen/DarkGreen] (4/5) | 0.5s
[23:23:39]   -> TAP(723,1537) [[FP:0.97] Human pattern (delta=-37, id=3699)]
[23:23:42] T94: [gameplay] Board=291cells/6colors d=+0 [DarkGreen:201, Brown:40, Orange:25, Red:15, DarkRed:8] | Queue=[FP stall=8 fp_top=0.97] | Holder=[_/DarkGreen/DarkGreen/DarkGreen/DarkGreen] (4/5) | 0.5s
[23:23:42]   -> TAP(717,1495) [[FP:0.97] Human pattern (delta=-43, id=6857)]
[23:23:45] T95: [gameplay] Board=291cells/6colors d=+0 [DarkGreen:201, Brown:40, Orange:25, Red:15, DarkRed:8] | Queue=[FP stall=9 fp_top=0.97] | Holder=[_/DarkGreen/DarkGreen/DarkGreen/DarkGreen] (4/5) | 0.5s
[23:23:45]   -> TAP(696,1517) [[FP:0.97] Human pattern (delta=-40, id=6969)]
[23:23:49] T96: [gameplay] Board=291cells/6colors d=+0 [DarkGreen:201, Brown:40, Orange:25, Red:15, DarkRed:8] | Queue=[EXPLORE stall=10 fp_top=0.97] | Holder=[_/DarkGreen/DarkGreen/DarkGreen/DarkGreen] (4/5) | 0.5s
[23:23:49]   -> TAP(876,1784) [[EXPLORE:PlayDB] Tap (876,1784) human pattern #3]
[23:23:51]   [SESSION] Ended aa31d386f2d8: win (11 turns, end_cells=291)
[23:23:51] T97: [win] Multi-tap continue positions
[23:23:55] T98: [fail] Multi-tap close/retry positions
[23:23:59] T99: [popup] Multi-tap close/retry positions
[23:24:04] T100: [fail] Multi-tap close/retry positions
[23:24:08] T101: [popup] Multi-tap close/retry positions
[23:24:12] T102: POPUP LOOP (popup), relaunch
[23:24:25] T103: [loading] PlayDB: 3 patterns, trying top 2
[23:24:29] T104: [loading] PlayDB: 3 patterns, trying top 2
[23:24:33] T105: [lobby] Hardcoded play button (540,1450)
[23:24:35] T106: [fail] HEARTS-EMPTY popup detected (pixel match). Waiting 900s for regen.
[23:24:36] T107: [fail] HEARTS WAIT: 899s remaining, sleeping in 5s chunks...
[23:25:07] T108: [fail] HEARTS WAIT: 868s remaining, sleeping in 5s chunks...
[23:25:38] T109: [fail] HEARTS WAIT: 837s remaining, sleeping in 5s chunks...
[23:26:09] T110: [fail] HEARTS WAIT: 806s remaining, sleeping in 5s chunks...
[23:26:39] T111: [fail] HEARTS WAIT: 776s remaining, sleeping in 5s chunks...
[23:27:10] T112: [fail] HEARTS WAIT: 745s remaining, sleeping in 5s chunks...
[23:27:41] T113: [fail] HEARTS WAIT: 714s remaining, sleeping in 5s chunks...
[23:28:12] T114: [fail] HEARTS WAIT: 683s remaining, sleeping in 5s chunks...
[23:28:43] T115: [fail] HEARTS WAIT: 652s remaining, sleeping in 5s chunks...
[23:29:14] T116: [fail] HEARTS WAIT: 621s remaining, sleeping in 5s chunks...
[23:29:45] T117: [fail] HEARTS WAIT: 590s remaining, sleeping in 5s chunks...
[23:30:16] T118: [fail] HEARTS WAIT: 559s remaining, sleeping in 5s chunks...
[23:30:47] T119: [fail] HEARTS WAIT: 528s remaining, sleeping in 5s chunks...
[23:31:18] T120: [fail] HEARTS WAIT: 497s remaining, sleeping in 5s chunks...
[23:31:48] T121: [fail] HEARTS WAIT: 467s remaining, sleeping in 5s chunks...
[23:32:20] T122: [fail] HEARTS WAIT: 435s remaining, sleeping in 5s chunks...
[23:32:50] T123: [fail] HEARTS WAIT: 405s remaining, sleeping in 5s chunks...
[23:33:21] T124: [fail] HEARTS WAIT: 374s remaining, sleeping in 5s chunks...
[23:33:52] T125: [fail] HEARTS WAIT: 343s remaining, sleeping in 5s chunks...
[23:34:23] T126: [fail] HEARTS WAIT: 312s remaining, sleeping in 5s chunks...
[23:34:54] T127: [fail] HEARTS WAIT: 281s remaining, sleeping in 5s chunks...
[23:35:25] T128: [fail] HEARTS WAIT: 250s remaining, sleeping in 5s chunks...
[23:35:55] T129: [fail] HEARTS WAIT: 219s remaining, sleeping in 5s chunks...
[23:36:26] T130: [fail] HEARTS WAIT: 189s remaining, sleeping in 5s chunks...
[23:36:57] T131: [fail] HEARTS WAIT: 158s remaining, sleeping in 5s chunks...
[23:37:28] T132: [fail] HEARTS WAIT: 127s remaining, sleeping in 5s chunks...
[23:37:59] T133: [fail] HEARTS WAIT: 96s remaining, sleeping in 5s chunks...
[23:38:29] T134: [fail] HEARTS WAIT: 66s remaining, sleeping in 5s chunks...
[23:39:00] T135: [fail] HEARTS WAIT: 35s remaining, sleeping in 5s chunks...
[23:39:31] T136: [fail] HEARTS WAIT: 4s remaining, sleeping in 5s chunks...
[23:39:36] T137: [fail] HEARTS-EMPTY popup detected (pixel match). Waiting 900s for regen.
[23:39:37] T138: [fail] HEARTS WAIT: 899s remaining, sleeping in 5s chunks...
[23:40:08] T139: [fail] HEARTS WAIT: 868s remaining, sleeping in 5s chunks...
[23:40:38] T140: [fail] HEARTS WAIT: 838s remaining, sleeping in 5s chunks...
[23:41:09] T141: [fail] HEARTS WAIT: 807s remaining, sleeping in 5s chunks...
[23:41:40] T142: [fail] HEARTS WAIT: 776s remaining, sleeping in 5s chunks...
[23:42:11] T143: [fail] HEARTS WAIT: 745s remaining, sleeping in 5s chunks...
[23:42:41] T144: [fail] HEARTS WAIT: 715s remaining, sleeping in 5s chunks...
[23:43:12] T145: [fail] HEARTS WAIT: 684s remaining, sleeping in 5s chunks...
[23:43:43] T146: [fail] HEARTS WAIT: 653s remaining, sleeping in 5s chunks...
[23:44:14] T147: [fail] HEARTS WAIT: 622s remaining, sleeping in 5s chunks...
[23:44:45] T148: [fail] HEARTS WAIT: 591s remaining, sleeping in 5s chunks...
[23:45:15] T149: [fail] HEARTS WAIT: 560s remaining, sleeping in 5s chunks...
[23:45:46] T150: [fail] HEARTS WAIT: 530s remaining, sleeping in 5s chunks...
[23:46:17] T151: [fail] HEARTS WAIT: 499s remaining, sleeping in 5s chunks...
[23:46:48] T152: [fail] HEARTS WAIT: 468s remaining, sleeping in 5s chunks...
[23:47:19] T153: [fail] HEARTS WAIT: 437s remaining, sleeping in 5s chunks...
[23:47:50] T154: [fail] HEARTS WAIT: 406s remaining, sleeping in 5s chunks...
[23:48:21] T155: [fail] HEARTS WAIT: 375s remaining, sleeping in 5s chunks...
[23:48:51] T156: [fail] HEARTS WAIT: 345s remaining, sleeping in 5s chunks...
[23:49:22] T157: [fail] HEARTS WAIT: 314s remaining, sleeping in 5s chunks...
[23:49:53] T158: [fail] HEARTS WAIT: 283s remaining, sleeping in 5s chunks...
[23:50:24] T159: [fail] HEARTS WAIT: 252s remaining, sleeping in 5s chunks...
[23:50:55] T160: [fail] HEARTS WAIT: 221s remaining, sleeping in 5s chunks...
[23:51:25] T161: [lobby] HEARTS WAIT: 190s remaining, sleeping in 5s chunks...
[23:51:56] T162: [lobby] HEARTS WAIT: 160s remaining, sleeping in 5s chunks...
[23:52:27] T163: [lobby] HEARTS WAIT: 129s remaining, sleeping in 5s chunks...
[23:52:58] T164: [lobby] HEARTS WAIT: 98s remaining, sleeping in 5s chunks...
[23:53:29] T165: [lobby] HEARTS WAIT: 67s remaining, sleeping in 5s chunks...
[23:54:00] T166: [lobby] HEARTS WAIT: 36s remaining, sleeping in 5s chunks...
[23:54:31] T167: [lobby] HEARTS WAIT: 5s remaining, sleeping in 5s chunks...
[23:54:36] T168: [lobby] Hardcoded play button (540,1450)
[23:54:39]   [SESSION] Started d37f433baf75 (start_cells=287)
[23:54:39] T169: [gameplay] Board=287cells/5colors d=+0 [DarkGreen:202, Brown:42, Orange:27, Red:8, DarkRed:8] | Queue=[FP stall=0 fp_top=0.97] | Holder=[_/DarkGreen/DarkGreen/DarkGreen/DarkGreen] (4/5) | 0.5s
[23:54:39]   -> TAP(342,1656) [[FP:0.97] Human pattern (delta=-14, id=3702)]
[23:54:43] T170: [gameplay] Board=287cells/5colors d=+0 [DarkGreen:202, Brown:42, Orange:27, Red:8, DarkRed:8] | Queue=[FP stall=1 fp_top=0.97] | Holder=[_/DarkGreen/DarkGreen/DarkGreen/DarkGreen] (4/5) | 0.5s
[23:54:43]   -> TAP(316,1516) [[FP:0.97] Human pattern (delta=-28, id=4177)]
[23:54:46] T171: [gameplay] Board=287cells/5colors d=+0 [DarkGreen:202, Brown:42, Orange:27, Red:8, DarkRed:8] | Queue=[FP stall=2 fp_top=0.97] | Holder=[_/DarkGreen/DarkGreen/DarkGreen/DarkGreen] (4/5) | 0.6s
[23:54:46]   -> TAP(732,1524) [[FP:0.97] Human pattern (delta=-20, id=3691)]
[23:54:49] T172: [gameplay] Board=287cells/5colors d=+0 [DarkGreen:202, Brown:42, Orange:27, Red:8, DarkRed:8] | Queue=[FP stall=3 fp_top=0.97] | Holder=[_/DarkGreen/DarkGreen/DarkGreen/DarkGreen] (4/5) | 0.5s
[23:54:49]   -> TAP(342,1656) [[FP:0.97] Human pattern (delta=-14, id=3702)]
[23:54:52] T173: [gameplay] Board=287cells/5colors d=+0 [DarkGreen:202, Brown:42, Orange:27, Red:8, DarkRed:8] | Queue=[FP stall=4 fp_top=0.97] | Holder=[_/DarkGreen/DarkGreen/DarkGreen/DarkGreen] (4/5) | 0.6s
[23:54:52]   -> TAP(696,1517) [[FP:0.97] Human pattern (delta=-40, id=6969)]
[23:54:56] T174: [gameplay] Board=287cells/5colors d=+0 [DarkGreen:202, Brown:42, Orange:27, Red:8, DarkRed:8] | Queue=[FP stall=5 fp_top=0.97] | Holder=[_/DarkGreen/DarkGreen/DarkGreen/DarkGreen] (4/5) | 0.5s
[23:54:56]   -> TAP(316,1516) [[FP:0.97] Human pattern (delta=-28, id=4177)]
[23:54:59] T175: [gameplay] Board=287cells/5colors d=+0 [DarkGreen:202, Brown:42, Orange:27, Red:8, DarkRed:8] | Queue=[FP stall=6 fp_top=0.97] | Holder=[_/DarkGreen/DarkGreen/DarkGreen/DarkGreen] (4/5) | 0.5s
[23:54:59]   -> TAP(732,1524) [[FP:0.97] Human pattern (delta=-20, id=3691)]
[23:55:02] T176: [gameplay] Board=287cells/5colors d=+0 [DarkGreen:202, Brown:42, Orange:27, Red:8, DarkRed:8] | Queue=[FP stall=7 fp_top=0.97] | Holder=[_/DarkGreen/DarkGreen/DarkGreen/DarkGreen] (4/5) | 0.5s
[23:55:02]   -> TAP(342,1656) [[FP:0.97] Human pattern (delta=-14, id=3702)]
[23:55:05] T177: [gameplay] Board=287cells/5colors d=+0 [DarkGreen:202, Brown:42, Orange:27, Red:8, DarkRed:8] | Queue=[FP stall=8 fp_top=0.97] | Holder=[_/DarkGreen/DarkGreen/DarkGreen/DarkGreen] (4/5) | 0.5s
[23:55:05]   -> TAP(696,1517) [[FP:0.97] Human pattern (delta=-40, id=6969)]
[23:55:08] T178: [gameplay] Board=287cells/5colors d=+0 [DarkGreen:202, Brown:42, Orange:27, Red:8, DarkRed:8] | Queue=[FP stall=9 fp_top=0.97] | Holder=[_/DarkGreen/DarkGreen/DarkGreen/DarkGreen] (4/5) | 0.5s
[23:55:08]   -> TAP(316,1516) [[FP:0.97] Human pattern (delta=-28, id=4177)]
[23:55:12] T179: [gameplay] Board=287cells/5colors d=+0 [DarkGreen:202, Brown:42, Orange:27, Red:8, DarkRed:8] | Queue=[EXPLORE stall=10 fp_top=0.97] | Holder=[_/DarkGreen/DarkGreen/DarkGreen/DarkGreen] (4/5) | 0.6s
[23:55:12]   -> TAP(1080,1920) [[EXPLORE:PlayDB] Tap (1080,1920) human pattern #4]
[23:55:15] T180: [gameplay] Board=287cells/5colors d=+0 [DarkGreen:202, Brown:42, Orange:27, Red:8, DarkRed:8] | Queue=[EXPLORE stall=11 fp_top=0.97] | Holder=[_/DarkGreen/DarkGreen/DarkGreen/DarkGreen] (4/5) | 0.7s
[23:55:15]   -> TAP(1080,595) [[EXPLORE:PlayDB] Tap (1080,595) human pattern #5]
[23:55:17] T181: [gameplay] Board=287cells/5colors d=+0 [DarkGreen:202, Brown:42, Orange:27, Red:8, DarkRed:8] | Queue=[EXPLORE stall=12 fp_top=0.97] | Holder=[_/DarkGreen/DarkGreen/DarkGreen/DarkGreen] (4/5) | 0.6s
[23:55:17]   -> TAP(1080,701) [[EXPLORE:PlayDB] Tap (1080,701) human pattern #6]
[23:55:20] T182: [gameplay] Board=287cells/5colors d=+0 [DarkGreen:202, Brown:42, Orange:27, Red:8, DarkRed:8] | Queue=[EXPLORE stall=13 fp_top=0.97] | Holder=[_/DarkGreen/DarkGreen/DarkGreen/DarkGreen] (4/5) | 0.6s
[23:55:20]   -> TAP(1080,679) [[EXPLORE:PlayDB] Tap (1080,679) human pattern #7]
[23:55:23] T183: [gameplay] Board=287cells/5colors d=+0 [DarkGreen:202, Brown:42, Orange:27, Red:8, DarkRed:8] | Queue=[EXPLORE stall=14 fp_top=0.97] | Holder=[_/DarkGreen/DarkGreen/DarkGreen/DarkGreen] (4/5) | 0.6s
[23:55:23]   -> TAP(627,1211) [[EXPLORE:PlayDB] Tap (627,1211) human pattern #8]
[23:55:26] T184: [gameplay] Board=287cells/5colors d=+0 [DarkGreen:202, Brown:42, Orange:27, Red:8, DarkRed:8] | Queue=[EXPLORE stall=15 fp_top=0.97] | Holder=[_/DarkGreen/DarkGreen/DarkGreen/DarkGreen] (4/5) | 0.6s
[23:55:26]   -> TAP(202,175) [[EXPLORE:PlayDB] Tap (202,175) human pattern #9]
[23:55:28] T185: [gameplay] Board=287cells/5colors d=+0 [DarkGreen:202, Brown:42, Orange:27, Red:8, DarkRed:8] | Queue=[EXPLORE stall=16 fp_top=0.97] | Holder=[_/DarkGreen/DarkGreen/DarkGreen/DarkGreen] (4/5) | 0.6s
[23:55:28]   -> TAP(817,1164) [[EXPLORE:PlayDB] Tap (817,1164) human pattern #10]
[23:55:31] T186: [gameplay] Board=287cells/5colors d=+0 [DarkGreen:202, Brown:42, Orange:27, Red:8, DarkRed:8] | Queue=[EXPLORE stall=17 fp_top=0.97] | Holder=[_/DarkGreen/DarkGreen/DarkGreen/DarkGreen] (4/5) | 0.5s
[23:55:31]   -> TAP(185,930) [[EXPLORE:ZONE:0] Tap zone (185,930)]
[23:55:34] T187: [gameplay] Board=287cells/5colors d=+0 [DarkGreen:202, Brown:42, Orange:27, Red:8, DarkRed:8] | Queue=[EXPLORE stall=18 fp_top=0.97] | Holder=[_/DarkGreen/DarkGreen/DarkGreen/DarkGreen] (4/5) | 0.6s
[23:55:34]   -> TAP(310,930) [[EXPLORE:ZONE:1] Tap zone (310,930)]
[23:55:37] T188: [gameplay] Board=287cells/5colors d=+0 [DarkGreen:202, Brown:42, Orange:27, Red:8, DarkRed:8] | Queue=[EXPLORE stall=19 fp_top=0.97] | Holder=[_/DarkGreen/DarkGreen/DarkGreen/DarkGreen] (4/5) | 0.6s
[23:55:37]   -> TAP(435,930) [[EXPLORE:ZONE:2] Tap zone (435,930)]
[23:55:39] T189: [gameplay] Board=287cells/5colors d=+0 [DarkGreen:202, Brown:42, Orange:27, Red:8, DarkRed:8] | Queue=[EXPLORE stall=20 fp_top=0.97] | Holder=[_/DarkGreen/DarkGreen/DarkGreen/DarkGreen] (4/5) | 0.5s
[23:55:39]   -> TAP(560,930) [[EXPLORE:ZONE:3] Tap zone (560,930)]
[23:55:42] T190: [gameplay] Board=287cells/5colors d=+0 [DarkGreen:202, Brown:42, Orange:27, Red:8, DarkRed:8] | Queue=[EXPLORE stall=21 fp_top=0.97] | Holder=[_/DarkGreen/DarkGreen/DarkGreen/DarkGreen] (4/5) | 0.6s
[23:55:42]   -> TAP(685,930) [[EXPLORE:ZONE:4] Tap zone (685,930)]
[23:55:45] T191: [gameplay] Board=287cells/5colors d=+0 [DarkGreen:202, Brown:42, Orange:27, Red:8, DarkRed:8] | Queue=[EXPLORE stall=22 fp_top=0.97] | Holder=[_/DarkGreen/DarkGreen/DarkGreen/DarkGreen] (4/5) | 0.6s
[23:55:45]   -> TAP(400,400) [[EXPLORE:ZONE:5] Tap zone (400,400)]
[23:55:47] T192: [gameplay] Board=287cells/5colors d=+0 [DarkGreen:202, Brown:42, Orange:27, Red:8, DarkRed:8] | Queue=[EXPLORE stall=23 fp_top=0.97] | Holder=[_/DarkGreen/DarkGreen/DarkGreen/DarkGreen] (4/5) | 0.6s
[23:55:47]   -> TAP(540,400) [[EXPLORE:ZONE:6] Tap zone (540,400)]
[23:55:50] T193: [gameplay] Board=287cells/5colors d=+0 [DarkGreen:202, Brown:42, Orange:27, Red:8, DarkRed:8] | Queue=[EXPLORE stall=24 fp_top=0.97] | Holder=[_/DarkGreen/DarkGreen/DarkGreen/DarkGreen] (4/5) | 0.6s
[23:55:50]   -> TAP(680,400) [[EXPLORE:ZONE:7] Tap zone (680,400)]
[23:55:53] T194: [gameplay] Board=287cells/5colors d=+0 [DarkGreen:202, Brown:42, Orange:27, Red:8, DarkRed:8] | Queue=[EXPLORE stall=25 fp_top=0.97] | Holder=[_/DarkGreen/DarkGreen/DarkGreen/DarkGreen] (4/5) | 0.6s
[23:55:53]   -> TAP(400,550) [[EXPLORE:ZONE:8] Tap zone (400,550)]
[23:55:56] T195: [gameplay] Board=287cells/5colors d=+0 [DarkGreen:202, Brown:42, Orange:27, Red:8, DarkRed:8] | Queue=[EXPLORE stall=26 fp_top=0.97] | Holder=[_/DarkGreen/DarkGreen/DarkGreen/DarkGreen] (4/5) | 0.6s
[23:55:56]   -> TAP(540,550) [[EXPLORE:ZONE:9] Tap zone (540,550)]
[23:55:58] T196: [gameplay] Board=287cells/5colors d=+0 [DarkGreen:202, Brown:42, Orange:27, Red:8, DarkRed:8] | Queue=[EXPLORE stall=27 fp_top=0.97] | Holder=[_/DarkGreen/DarkGreen/DarkGreen/DarkGreen] (4/5) | 0.6s
[23:55:58]   -> TAP(680,550) [[EXPLORE:ZONE:10] Tap zone (680,550)]
[23:56:01] T197: [gameplay] Board=287cells/5colors d=+0 [DarkGreen:202, Brown:42, Orange:27, Red:8, DarkRed:8] | Queue=[EXPLORE stall=28 fp_top=0.97] | Holder=[_/DarkGreen/DarkGreen/DarkGreen/DarkGreen] (4/5) | 0.6s
[23:56:01]   -> TAP(400,700) [[EXPLORE:ZONE:11] Tap zone (400,700)]
[23:56:04] T198: [gameplay] Board=287cells/5colors d=+0 [DarkGreen:202, Brown:42, Orange:27, Red:8, DarkRed:8] | Queue=[EXPLORE stall=29 fp_top=0.97] | Holder=[_/DarkGreen/DarkGreen/DarkGreen/DarkGreen] (4/5) | 0.6s
[23:56:04]   -> TAP(540,700) [[EXPLORE:ZONE:12] Tap zone (540,700)]
[23:56:07] T199: [gameplay] Board=287cells/5colors d=+0 [DarkGreen:202, Brown:42, Orange:27, Red:8, DarkRed:8] | Queue=[EXPLORE stall=30 fp_top=0.97] | Holder=[_/DarkGreen/DarkGreen/DarkGreen/DarkGreen] (4/5) | 0.6s
[23:56:07]   -> TAP(680,700) [[EXPLORE:ZONE:13] Tap zone (680,700)]
[23:56:10] T200: [gameplay] Board=287cells/5colors d=+0 [DarkGreen:202, Brown:42, Orange:27, Red:8, DarkRed:8] | Queue=[EXPLORE stall=31 fp_top=0.97] | Holder=[_/DarkGreen/DarkGreen/DarkGreen/DarkGreen] (4/5) | 0.6s
[23:56:10]   -> TAP(380,1350) [[EXPLORE:ZONE:14] Tap zone (380,1350)]
[23:56:12] T201: [gameplay] Board=287cells/5colors d=+0 [DarkGreen:202, Brown:42, Orange:27, Red:8, DarkRed:8] | Queue=[EXPLORE stall=32 fp_top=0.97] | Holder=[_/DarkGreen/DarkGreen/DarkGreen/DarkGreen] (4/5) | 0.6s
[23:56:12]   -> TAP(530,1350) [[EXPLORE:ZONE:15] Tap zone (530,1350)]
[23:56:15] T202: [gameplay] Board=287cells/5colors d=+0 [DarkGreen:202, Brown:42, Orange:27, Red:8, DarkRed:8] | Queue=[EXPLORE stall=33 fp_top=0.97] | Holder=[_/DarkGreen/DarkGreen/DarkGreen/DarkGreen] (4/5) | 0.7s
[23:56:15]   -> TAP(700,1350) [[EXPLORE:ZONE:16] Tap zone (700,1350)]
[23:56:18] T203: [gameplay] Board=287cells/5colors d=+0 [DarkGreen:202, Brown:42, Orange:27, Red:8, DarkRed:8] | Queue=[EXPLORE stall=34 fp_top=0.97] | Holder=[_/DarkGreen/DarkGreen/DarkGreen/DarkGreen] (4/5) | 0.6s
[23:56:18]   -> TAP(380,1600) [[EXPLORE:ZONE:17] Tap zone (380,1600)]
[23:56:21] T204: [gameplay] Board=287cells/5colors d=+0 [DarkGreen:202, Brown:42, Orange:27, Red:8, DarkRed:8] | Queue=[EXPLORE stall=35 fp_top=0.97] | Holder=[_/DarkGreen/DarkGreen/DarkGreen/DarkGreen] (4/5) | 0.7s
[23:56:21]   -> TAP(530,1600) [[EXPLORE:ZONE:18] Tap zone (530,1600)]
[23:56:24] T205: [gameplay] Board=287cells/5colors d=+0 [DarkGreen:202, Brown:42, Orange:27, Red:8, DarkRed:8] | Queue=[EXPLORE stall=36 fp_top=0.97] | Holder=[_/DarkGreen/DarkGreen/DarkGreen/DarkGreen] (4/5) | 0.6s
[23:56:24]   -> TAP(700,1600) [[EXPLORE:ZONE:19] Tap zone (700,1600)]
[23:56:26] T206: [gameplay] Board=287cells/5colors d=+0 [DarkGreen:202, Brown:42, Orange:27, Red:8, DarkRed:8] | Queue=[EXPLORE stall=37 fp_top=0.97] | Holder=[_/DarkGreen/DarkGreen/DarkGreen/DarkGreen] (4/5) | 0.6s
[23:56:26]   -> TAP(100,860) [[EXPLORE:ZONE:20] Tap zone (100,860)]
[23:56:29] T207: [gameplay] Board=287cells/5colors d=+0 [DarkGreen:202, Brown:42, Orange:27, Red:8, DarkRed:8] | Queue=[EXPLORE stall=38 fp_top=0.97] | Holder=[_/DarkGreen/DarkGreen/DarkGreen/DarkGreen] (4/5) | 0.6s
[23:56:29]   -> TAP(980,860) [[EXPLORE:ZONE:21] Tap zone (980,860)]
[23:56:32] T208: [gameplay] Board=287cells/5colors d=+0 [DarkGreen:202, Brown:42, Orange:27, Red:8, DarkRed:8] | Queue=[EXPLORE stall=39 fp_top=0.97] | Holder=[_/DarkGreen/DarkGreen/DarkGreen/DarkGreen] (4/5) | 0.6s
[23:56:32]   -> TAP(185,930) [[EXPLORE:ZONE:0] Tap zone (185,930)]
[23:56:35] T209: [gameplay] Board=287cells/5colors d=+0 [DarkGreen:202, Brown:42, Orange:27, Red:8, DarkRed:8] | Queue=[EXPLORE stall=40 fp_top=0.97] | Holder=[_/DarkGreen/DarkGreen/DarkGreen/DarkGreen] (4/5) | 0.6s
[23:56:35]   -> TAP(310,930) [[EXPLORE:ZONE:1] Tap zone (310,930)]
[23:56:37] T210: [gameplay] Board=287cells/5colors d=+0 [DarkGreen:202, Brown:42, Orange:27, Red:8, DarkRed:8] | Queue=[EXPLORE stall=41 fp_top=0.97] | Holder=[_/DarkGreen/DarkGreen/DarkGreen/DarkGreen] (4/5) | 0.6s
[23:56:37]   -> TAP(435,930) [[EXPLORE:ZONE:2] Tap zone (435,930)]
[23:56:40] T211: [gameplay] Board=287cells/5colors d=+0 [DarkGreen:202, Brown:42, Orange:27, Red:8, DarkRed:8] | Queue=[EXPLORE stall=42 fp_top=0.97] | Holder=[_/DarkGreen/DarkGreen/DarkGreen/DarkGreen] (4/5) | 0.6s
[23:56:40]   -> TAP(560,930) [[EXPLORE:ZONE:3] Tap zone (560,930)]
[23:56:43] T212: [gameplay] Board=287cells/5colors d=+0 [DarkGreen:202, Brown:42, Orange:27, Red:8, DarkRed:8] | Queue=[EXPLORE stall=43 fp_top=0.97] | Holder=[_/DarkGreen/DarkGreen/DarkGreen/DarkGreen] (4/5) | 0.6s
[23:56:43]   -> TAP(685,930) [[EXPLORE:ZONE:4] Tap zone (685,930)]
[23:56:46] T213: [gameplay] Board=287cells/5colors d=+0 [DarkGreen:202, Brown:42, Orange:27, Red:8, DarkRed:8] | Queue=[EXPLORE stall=44 fp_top=0.97] | Holder=[_/DarkGreen/DarkGreen/DarkGreen/DarkGreen] (4/5) | 0.6s
[23:56:46]   -> TAP(400,400) [[EXPLORE:ZONE:5] Tap zone (400,400)]
[23:56:48] T214: [gameplay] Board=287cells/5colors d=+0 [DarkGreen:202, Brown:42, Orange:27, Red:8, DarkRed:8] | Queue=[EXPLORE stall=45 fp_top=0.97] | Holder=[_/DarkGreen/DarkGreen/DarkGreen/DarkGreen] (4/5) | 0.6s
[23:56:48]   -> TAP(540,400) [[EXPLORE:ZONE:6] Tap zone (540,400)]
[23:56:51] T215: [gameplay] Board=287cells/5colors d=+0 [DarkGreen:202, Brown:42, Orange:27, Red:8, DarkRed:8] | Queue=[EXPLORE stall=46 fp_top=0.97] | Holder=[_/DarkGreen/DarkGreen/DarkGreen/DarkGreen] (4/5) | 0.6s
[23:56:51]   -> TAP(680,400) [[EXPLORE:ZONE:7] Tap zone (680,400)]
[23:56:54] T216: [gameplay] Board=287cells/5colors d=+0 [DarkGreen:202, Brown:42, Orange:27, Red:8, DarkRed:8] | Queue=[EXPLORE stall=47 fp_top=0.97] | Holder=[_/DarkGreen/DarkGreen/DarkGreen/DarkGreen] (4/5) | 0.6s
[23:56:54]   -> TAP(400,550) [[EXPLORE:ZONE:8] Tap zone (400,550)]
[23:56:57] T217: [gameplay] Board=287cells/5colors d=+0 [DarkGreen:202, Brown:42, Orange:27, Red:8, DarkRed:8] | Queue=[EXPLORE stall=48 fp_top=0.97] | Holder=[_/DarkGreen/DarkGreen/DarkGreen/DarkGreen] (4/5) | 0.6s
[23:56:57]   -> TAP(540,550) [[EXPLORE:ZONE:9] Tap zone (540,550)]
[23:57:00] T218: [gameplay] Board=287cells/5colors d=+0 [DarkGreen:202, Brown:42, Orange:27, Red:8, DarkRed:8] | Queue=[EXPLORE stall=49 fp_top=0.97] | Holder=[_/DarkGreen/DarkGreen/DarkGreen/DarkGreen] (4/5) | 0.6s
[23:57:00]   -> TAP(680,550) [[EXPLORE:ZONE:10] Tap zone (680,550)]
[23:57:02] T219: STUCK (gameplay x50), relaunch
[23:57:14] T220: [loading] PlayDB: 3 patterns, trying top 2
[23:57:19] T221: [loading] PlayDB: 3 patterns, trying top 2
[23:57:23] T222: [lobby] Hardcoded play button (540,1450)
[23:57:26]   [SESSION] Ended d37f433baf75: fail (50 turns, end_cells=287)
[23:57:26] T223: [fail] HEARTS-EMPTY popup detected (pixel match). Waiting 900s for regen.
[23:57:26] T224: [fail] HEARTS WAIT: 899s remaining, sleeping in 5s chunks...
[23:57:57] T225: [fail] HEARTS WAIT: 868s remaining, sleeping in 5s chunks...
[23:58:28] T226: [fail] HEARTS WAIT: 837s remaining, sleeping in 5s chunks...
[23:58:59] T227: [fail] HEARTS WAIT: 807s remaining, sleeping in 5s chunks...
[23:59:29] T228: [fail] HEARTS WAIT: 776s remaining, sleeping in 5s chunks...
[00:00:00] T229: [fail] HEARTS WAIT: 745s remaining, sleeping in 5s chunks...
[00:00:31] T230: [fail] HEARTS WAIT: 714s remaining, sleeping in 5s chunks...
[00:01:02] T231: [fail] HEARTS WAIT: 683s remaining, sleeping in 5s chunks...
[00:01:33] T232: [fail] HEARTS WAIT: 653s remaining, sleeping in 5s chunks...
[00:02:03] T233: [fail] HEARTS WAIT: 622s remaining, sleeping in 5s chunks...
[00:02:34] T234: [fail] HEARTS WAIT: 591s remaining, sleeping in 5s chunks...
[00:03:05] T235: [fail] HEARTS WAIT: 560s remaining, sleeping in 5s chunks...
[00:03:36] T236: [fail] HEARTS WAIT: 529s remaining, sleeping in 5s chunks...
[00:04:07] T237: [fail] HEARTS WAIT: 499s remaining, sleeping in 5s chunks...
[00:04:37] T238: [fail] HEARTS WAIT: 468s remaining, sleeping in 5s chunks...
[00:05:08] T239: [fail] HEARTS WAIT: 437s remaining, sleeping in 5s chunks...
[00:05:39] T240: [fail] HEARTS WAIT: 406s remaining, sleeping in 5s chunks...
[00:06:10] T241: [fail] HEARTS WAIT: 375s remaining, sleeping in 5s chunks...
[00:06:41] T242: [fail] HEARTS WAIT: 345s remaining, sleeping in 5s chunks...
[00:07:12] T243: [fail] HEARTS WAIT: 314s remaining, sleeping in 5s chunks...
[00:07:42] T244: [fail] HEARTS WAIT: 283s remaining, sleeping in 5s chunks...
[00:08:13] T245: [fail] HEARTS WAIT: 252s remaining, sleeping in 5s chunks...
[00:08:44] T246: [fail] HEARTS WAIT: 221s remaining, sleeping in 5s chunks...
[00:09:14] T247: [fail] HEARTS WAIT: 191s remaining, sleeping in 5s chunks...
[00:09:45] T248: [fail] HEARTS WAIT: 160s remaining, sleeping in 5s chunks...
[00:10:16] T249: [fail] HEARTS WAIT: 129s remaining, sleeping in 5s chunks...
[00:10:47] T250: [fail] HEARTS WAIT: 98s remaining, sleeping in 5s chunks...
[00:11:18] T251: [fail] HEARTS WAIT: 68s remaining, sleeping in 5s chunks...
[00:11:49] T252: [fail] HEARTS WAIT: 37s remaining, sleeping in 5s chunks...
[00:12:19] T253: [fail] HEARTS WAIT: 6s remaining, sleeping in 5s chunks...
[00:12:25] T254: [fail] HEARTS-EMPTY popup detected (pixel match). Waiting 900s for regen.
[00:12:25] T255: [fail] HEARTS WAIT: 899s remaining, sleeping in 5s chunks...
[00:12:56] T256: [fail] HEARTS WAIT: 868s remaining, sleeping in 5s chunks...
[00:13:27] T257: [fail] HEARTS WAIT: 837s remaining, sleeping in 5s chunks...
[00:13:58] T258: [fail] HEARTS WAIT: 807s remaining, sleeping in 5s chunks...
[00:14:28] T259: [fail] HEARTS WAIT: 776s remaining, sleeping in 5s chunks...
[00:14:59] T260: [fail] HEARTS WAIT: 745s remaining, sleeping in 5s chunks...
[00:15:30] T261: [fail] HEARTS WAIT: 714s remaining, sleeping in 5s chunks...
[00:16:01] T262: [fail] HEARTS WAIT: 683s remaining, sleeping in 5s chunks...
[00:16:32] T263: [fail] HEARTS WAIT: 652s remaining, sleeping in 5s chunks...
[00:17:03] T264: [fail] HEARTS WAIT: 622s remaining, sleeping in 5s chunks...
[00:17:34] T265: [fail] HEARTS WAIT: 591s remaining, sleeping in 5s chunks...
[00:18:04] T266: [fail] HEARTS WAIT: 560s remaining, sleeping in 5s chunks...
[00:18:35] T267: [fail] HEARTS WAIT: 529s remaining, sleeping in 5s chunks...
[00:19:06] T268: [fail] HEARTS WAIT: 498s remaining, sleeping in 5s chunks...
[00:19:37] T269: [fail] HEARTS WAIT: 468s remaining, sleeping in 5s chunks...
[00:20:08] T270: [fail] HEARTS WAIT: 436s remaining, sleeping in 5s chunks...
[00:20:39] T271: [fail] HEARTS WAIT: 406s remaining, sleeping in 5s chunks...
[00:21:09] T272: [fail] HEARTS WAIT: 375s remaining, sleeping in 5s chunks...
[00:21:40] T273: [lobby] HEARTS WAIT: 344s remaining, sleeping in 5s chunks...
[00:22:11] T274: [lobby] HEARTS WAIT: 313s remaining, sleeping in 5s chunks...
[00:22:42] T275: [lobby] HEARTS WAIT: 282s remaining, sleeping in 5s chunks...
[00:23:13] T276: [lobby] HEARTS WAIT: 251s remaining, sleeping in 5s chunks...
[00:23:44] T277: [lobby] HEARTS WAIT: 220s remaining, sleeping in 5s chunks...
[00:24:15] T278: [lobby] HEARTS WAIT: 189s remaining, sleeping in 5s chunks...
[00:24:46] T279: [lobby] HEARTS WAIT: 158s remaining, sleeping in 5s chunks...
[00:25:17] T280: [lobby] HEARTS WAIT: 127s remaining, sleeping in 5s chunks...
[00:25:48] T281: [lobby] HEARTS WAIT: 96s remaining, sleeping in 5s chunks...
[00:26:19] T282: [lobby] HEARTS WAIT: 65s remaining, sleeping in 5s chunks...
[00:26:50] T283: [lobby] HEARTS WAIT: 34s remaining, sleeping in 5s chunks...
[00:27:21] T284: [lobby] HEARTS WAIT: 4s remaining, sleeping in 5s chunks...
[00:27:26] T285: [lobby] Hardcoded play button (540,1450)
[00:27:30]   [SESSION] Started dc8aa19577d9 (start_cells=286)
[00:27:30] T286: [gameplay] Board=286cells/6colors d=+0 [DarkGreen:200, Brown:37, Orange:27, DarkRed:12, Red:9] | Queue=[FP stall=0 fp_top=0.97] | Holder=[_/DarkGreen/DarkGreen/DarkGreen/DarkGreen] (4/5) | 0.5s
[00:27:30]   -> TAP(717,1495) [[FP:0.97] Human pattern (delta=-43, id=6857)]
[00:27:33] T287: [gameplay] Board=286cells/6colors d=+0 [DarkGreen:200, Brown:37, Orange:27, DarkRed:12, Red:9] | Queue=[FP stall=1 fp_top=0.97] | Holder=[_/DarkGreen/DarkGreen/DarkGreen/DarkGreen] (4/5) | 0.5s
[00:27:33]   -> TAP(723,1537) [[FP:0.97] Human pattern (delta=-37, id=3699)]
[00:27:36] T288: [gameplay] Board=286cells/6colors d=+0 [DarkGreen:200, Brown:37, Orange:27, DarkRed:12, Red:9] | Queue=[FP stall=2 fp_top=0.97] | Holder=[_/DarkGreen/DarkGreen/DarkGreen/DarkGreen] (4/5) | 0.5s
[00:27:36]   -> TAP(723,1537) [[FP:0.97] Human pattern (delta=-37, id=3699)]
[00:27:39] T289: [gameplay] Board=286cells/6colors d=+0 [DarkGreen:200, Brown:37, Orange:27, DarkRed:12, Red:9] | Queue=[FP stall=3 fp_top=0.97] | Holder=[_/DarkGreen/DarkGreen/DarkGreen/DarkGreen] (4/5) | 0.6s
[00:27:39]   -> TAP(696,1517) [[FP:0.97] Human pattern (delta=-40, id=6969)]
[00:27:42] T290: [gameplay] Board=286cells/6colors d=+0 [DarkGreen:200, Brown:37, Orange:27, DarkRed:12, Red:9] | Queue=[FP stall=4 fp_top=0.97] | Holder=[_/DarkGreen/DarkGreen/DarkGreen/DarkGreen] (4/5) | 0.5s
[00:27:42]   -> TAP(316,1516) [[FP:0.97] Human pattern (delta=-28, id=4177)]
[00:27:45] T291: [gameplay] Board=286cells/6colors d=+0 [DarkGreen:200, Brown:37, Orange:27, DarkRed:12, Red:9] | Queue=[FP stall=5 fp_top=0.97] | Holder=[_/DarkGreen/DarkGreen/DarkGreen/DarkGreen] (4/5) | 0.5s
[00:27:45]   -> TAP(717,1495) [[FP:0.97] Human pattern (delta=-43, id=6857)]
[00:27:48] T292: [gameplay] Board=286cells/6colors d=+0 [DarkGreen:200, Brown:37, Orange:27, DarkRed:12, Red:9] | Queue=[FP stall=6 fp_top=0.97] | Holder=[_/DarkGreen/DarkGreen/DarkGreen/DarkGreen] (4/5) | 0.5s
[00:27:48]   -> TAP(723,1537) [[FP:0.97] Human pattern (delta=-37, id=3699)]
[00:27:51] T293: [gameplay] Board=286cells/6colors d=+0 [DarkGreen:200, Brown:37, Orange:27, DarkRed:12, Red:9] | Queue=[FP stall=7 fp_top=0.97] | Holder=[_/DarkGreen/DarkGreen/DarkGreen/DarkGreen] (4/5) | 0.5s
[00:27:51]   -> TAP(316,1516) [[FP:0.97] Human pattern (delta=-28, id=4177)]
[00:27:55] T294: [gameplay] Board=286cells/6colors d=+0 [DarkGreen:200, Brown:37, Orange:27, DarkRed:12, Red:9] | Queue=[FP stall=8 fp_top=0.97] | Holder=[_/DarkGreen/DarkGreen/DarkGreen/DarkGreen] (4/5) | 0.6s
[00:27:55]   -> TAP(696,1517) [[FP:0.97] Human pattern (delta=-40, id=6969)]
[00:27:58] T295: [gameplay] Board=286cells/6colors d=+0 [DarkGreen:200, Brown:37, Orange:27, DarkRed:12, Red:9] | Queue=[FP stall=9 fp_top=0.97] | Holder=[_/DarkGreen/DarkGreen/DarkGreen/DarkGreen] (4/5) | 0.5s
[00:27:58]   -> TAP(696,1517) [[FP:0.97] Human pattern (delta=-40, id=6969)]
[00:28:01] T296: [gameplay] Board=286cells/6colors d=+0 [DarkGreen:200, Brown:37, Orange:27, DarkRed:12, Red:9] | Queue=[EXPLORE stall=10 fp_top=0.97] | Holder=[_/DarkGreen/DarkGreen/DarkGreen/DarkGreen] (4/5) | 0.6s
[00:28:01]   -> TAP(400,700) [[EXPLORE:ZONE:11] Tap zone (400,700)]
[00:28:04] T297: [gameplay] Board=286cells/6colors d=+0 [DarkGreen:200, Brown:37, Orange:27, DarkRed:12, Red:9] | Queue=[EXPLORE stall=11 fp_top=0.97] | Holder=[_/DarkGreen/DarkGreen/DarkGreen/DarkGreen] (4/5) | 0.6s
[00:28:04]   -> TAP(540,700) [[EXPLORE:ZONE:12] Tap zone (540,700)]
[00:28:07] T298: [gameplay] Board=286cells/6colors d=+0 [DarkGreen:200, Brown:37, Orange:27, DarkRed:12, Red:9] | Queue=[EXPLORE stall=12 fp_top=0.97] | Holder=[_/DarkGreen/DarkGreen/DarkGreen/DarkGreen] (4/5) | 0.6s
[00:28:07]   -> TAP(680,700) [[EXPLORE:ZONE:13] Tap zone (680,700)]
[00:28:09] T299: [gameplay] Board=286cells/6colors d=+0 [DarkGreen:200, Brown:37, Orange:27, DarkRed:12, Red:9] | Queue=[EXPLORE stall=13 fp_top=0.97] | Holder=[_/DarkGreen/DarkGreen/DarkGreen/DarkGreen] (4/5) | 0.6s
[00:28:09]   -> TAP(380,1350) [[EXPLORE:ZONE:14] Tap zone (380,1350)]
[00:28:12] T300: [gameplay] Board=286cells/6colors d=+0 [DarkGreen:200, Brown:37, Orange:27, DarkRed:12, Red:9] | Queue=[EXPLORE stall=14 fp_top=0.97] | Holder=[_/DarkGreen/DarkGreen/DarkGreen/DarkGreen] (4/5) | 0.7s
[00:28:12]   -> TAP(530,1350) [[EXPLORE:ZONE:15] Tap zone (530,1350)]
[00:28:15] T301: [gameplay] Board=286cells/6colors d=+0 [DarkGreen:200, Brown:37, Orange:27, DarkRed:12, Red:9] | Queue=[EXPLORE stall=15 fp_top=0.97] | Holder=[_/DarkGreen/DarkGreen/DarkGreen/DarkGreen] (4/5) | 0.6s
[00:28:15]   -> TAP(700,1350) [[EXPLORE:ZONE:16] Tap zone (700,1350)]
[00:28:18] T302: [gameplay] Board=286cells/6colors d=+0 [DarkGreen:200, Brown:37, Orange:27, DarkRed:12, Red:9] | Queue=[EXPLORE stall=16 fp_top=0.97] | Holder=[_/DarkGreen/DarkGreen/DarkGreen/DarkGreen] (4/5) | 0.6s
[00:28:18]   -> TAP(380,1600) [[EXPLORE:ZONE:17] Tap zone (380,1600)]
[00:28:20] T303: [gameplay] Board=286cells/6colors d=+0 [DarkGreen:200, Brown:37, Orange:27, DarkRed:12, Red:9] | Queue=[EXPLORE stall=17 fp_top=0.97] | Holder=[_/DarkGreen/DarkGreen/DarkGreen/DarkGreen] (4/5) | 0.6s
[00:28:20]   -> TAP(530,1600) [[EXPLORE:ZONE:18] Tap zone (530,1600)]
[00:28:23] T304: [gameplay] Board=286cells/6colors d=+0 [DarkGreen:200, Brown:37, Orange:27, DarkRed:12, Red:9] | Queue=[EXPLORE stall=18 fp_top=0.97] | Holder=[_/DarkGreen/DarkGreen/DarkGreen/DarkGreen] (4/5) | 0.6s
[00:28:23]   -> TAP(700,1600) [[EXPLORE:ZONE:19] Tap zone (700,1600)]
[00:28:26] T305: [gameplay] Board=286cells/6colors d=+0 [DarkGreen:200, Brown:37, Orange:27, DarkRed:12, Red:9] | Queue=[EXPLORE stall=19 fp_top=0.97] | Holder=[_/DarkGreen/DarkGreen/DarkGreen/DarkGreen] (4/5) | 0.6s
[00:28:26]   -> TAP(100,860) [[EXPLORE:ZONE:20] Tap zone (100,860)]
[00:28:29] T306: [gameplay] Board=286cells/6colors d=+0 [DarkGreen:200, Brown:37, Orange:27, DarkRed:12, Red:9] | Queue=[EXPLORE stall=20 fp_top=0.97] | Holder=[_/DarkGreen/DarkGreen/DarkGreen/DarkGreen] (4/5) | 0.6s
[00:28:29]   -> TAP(980,860) [[EXPLORE:ZONE:21] Tap zone (980,860)]
[00:28:31] T307: [gameplay] Board=286cells/6colors d=+0 [DarkGreen:200, Brown:37, Orange:27, DarkRed:12, Red:9] | Queue=[EXPLORE stall=21 fp_top=0.97] | Holder=[_/DarkGreen/DarkGreen/DarkGreen/DarkGreen] (4/5) | 0.5s
[00:28:31]   -> TAP(185,930) [[EXPLORE:ZONE:0] Tap zone (185,930)]
[00:28:34] T308: [gameplay] Board=286cells/6colors d=+0 [DarkGreen:200, Brown:37, Orange:27, DarkRed:12, Red:9] | Queue=[EXPLORE stall=22 fp_top=0.97] | Holder=[_/DarkGreen/DarkGreen/DarkGreen/DarkGreen] (4/5) | 0.6s
[00:28:34]   -> TAP(310,930) [[EXPLORE:ZONE:1] Tap zone (310,930)]
[00:28:37] T309: [gameplay] Board=286cells/6colors d=+0 [DarkGreen:200, Brown:37, Orange:27, DarkRed:12, Red:9] | Queue=[EXPLORE stall=23 fp_top=0.97] | Holder=[_/DarkGreen/DarkGreen/DarkGreen/DarkGreen] (4/5) | 0.6s
[00:28:37]   -> TAP(435,930) [[EXPLORE:ZONE:2] Tap zone (435,930)]
[00:28:40] T310: [gameplay] Board=286cells/6colors d=+0 [DarkGreen:200, Brown:37, Orange:27, DarkRed:12, Red:9] | Queue=[EXPLORE stall=24 fp_top=0.97] | Holder=[_/DarkGreen/DarkGreen/DarkGreen/DarkGreen] (4/5) | 0.6s
[00:28:40]   -> TAP(560,930) [[EXPLORE:ZONE:3] Tap zone (560,930)]
[00:28:42] T311: [gameplay] Board=286cells/6colors d=+0 [DarkGreen:200, Brown:37, Orange:27, DarkRed:12, Red:9] | Queue=[EXPLORE stall=25 fp_top=0.97] | Holder=[_/DarkGreen/DarkGreen/DarkGreen/DarkGreen] (4/5) | 0.6s
[00:28:42]   -> TAP(685,930) [[EXPLORE:ZONE:4] Tap zone (685,930)]
[00:28:45] T312: [gameplay] Board=286cells/6colors d=+0 [DarkGreen:200, Brown:37, Orange:27, DarkRed:12, Red:9] | Queue=[EXPLORE stall=26 fp_top=0.97] | Holder=[_/DarkGreen/DarkGreen/DarkGreen/DarkGreen] (4/5) | 0.6s
[00:28:45]   -> TAP(400,400) [[EXPLORE:ZONE:5] Tap zone (400,400)]
[00:28:48] T313: [gameplay] Board=286cells/6colors d=+0 [DarkGreen:200, Brown:37, Orange:27, DarkRed:12, Red:9] | Queue=[EXPLORE stall=27 fp_top=0.97] | Holder=[_/DarkGreen/DarkGreen/DarkGreen/DarkGreen] (4/5) | 0.6s
[00:28:48]   -> TAP(540,400) [[EXPLORE:ZONE:6] Tap zone (540,400)]
[00:28:51] T314: [gameplay] Board=286cells/6colors d=+0 [DarkGreen:200, Brown:37, Orange:27, DarkRed:12, Red:9] | Queue=[EXPLORE stall=28 fp_top=0.97] | Holder=[_/DarkGreen/DarkGreen/DarkGreen/DarkGreen] (4/5) | 0.6s
[00:28:51]   -> TAP(680,400) [[EXPLORE:ZONE:7] Tap zone (680,400)]
[00:28:53] T315: [gameplay] Board=286cells/6colors d=+0 [DarkGreen:200, Brown:37, Orange:27, DarkRed:12, Red:9] | Queue=[EXPLORE stall=29 fp_top=0.97] | Holder=[_/DarkGreen/DarkGreen/DarkGreen/DarkGreen] (4/5) | 0.5s
[00:28:53]   -> TAP(400,550) [[EXPLORE:ZONE:8] Tap zone (400,550)]
[00:28:56] T316: [gameplay] Board=286cells/6colors d=+0 [DarkGreen:200, Brown:37, Orange:27, DarkRed:12, Red:9] | Queue=[EXPLORE stall=30 fp_top=0.97] | Holder=[_/DarkGreen/DarkGreen/DarkGreen/DarkGreen] (4/5) | 0.6s
[00:28:56]   -> TAP(540,550) [[EXPLORE:ZONE:9] Tap zone (540,550)]
[00:28:59] T317: [gameplay] Board=286cells/6colors d=+0 [DarkGreen:200, Brown:37, Orange:27, DarkRed:12, Red:9] | Queue=[EXPLORE stall=31 fp_top=0.97] | Holder=[_/DarkGreen/DarkGreen/DarkGreen/DarkGreen] (4/5) | 0.6s
[00:28:59]   -> TAP(680,550) [[EXPLORE:ZONE:10] Tap zone (680,550)]
[00:29:01] T318: [gameplay] Board=286cells/6colors d=+0 [DarkGreen:200, Brown:37, Orange:27, DarkRed:12, Red:9] | Queue=[EXPLORE stall=32 fp_top=0.97] | Holder=[_/DarkGreen/DarkGreen/DarkGreen/DarkGreen] (4/5) | 0.6s
[00:29:01]   -> TAP(400,700) [[EXPLORE:ZONE:11] Tap zone (400,700)]
[00:29:04] T319: [gameplay] Board=286cells/6colors d=+0 [DarkGreen:200, Brown:37, Orange:27, DarkRed:12, Red:9] | Queue=[EXPLORE stall=33 fp_top=0.97] | Holder=[_/DarkGreen/DarkGreen/DarkGreen/DarkGreen] (4/5) | 0.6s
[00:29:04]   -> TAP(540,700) [[EXPLORE:ZONE:12] Tap zone (540,700)]
[00:29:07] T320: [gameplay] Board=286cells/6colors d=+0 [DarkGreen:200, Brown:37, Orange:27, DarkRed:12, Red:9] | Queue=[EXPLORE stall=34 fp_top=0.97] | Holder=[_/DarkGreen/DarkGreen/DarkGreen/DarkGreen] (4/5) | 0.5s
[00:29:07]   -> TAP(680,700) [[EXPLORE:ZONE:13] Tap zone (680,700)]
[00:29:10] T321: [gameplay] Board=286cells/6colors d=+0 [DarkGreen:200, Brown:37, Orange:27, DarkRed:12, Red:9] | Queue=[EXPLORE stall=35 fp_top=0.97] | Holder=[_/DarkGreen/DarkGreen/DarkGreen/DarkGreen] (4/5) | 0.6s
[00:29:10]   -> TAP(380,1350) [[EXPLORE:ZONE:14] Tap zone (380,1350)]
[00:29:12] T322: [gameplay] Board=286cells/6colors d=+0 [DarkGreen:200, Brown:37, Orange:27, DarkRed:12, Red:9] | Queue=[EXPLORE stall=36 fp_top=0.97] | Holder=[_/DarkGreen/DarkGreen/DarkGreen/DarkGreen] (4/5) | 0.6s
[00:29:12]   -> TAP(530,1350) [[EXPLORE:ZONE:15] Tap zone (530,1350)]
[00:29:15] T323: [gameplay] Board=286cells/6colors d=+0 [DarkGreen:200, Brown:37, Orange:27, DarkRed:12, Red:9] | Queue=[EXPLORE stall=37 fp_top=0.97] | Holder=[_/DarkGreen/DarkGreen/DarkGreen/DarkGreen] (4/5) | 0.6s
[00:29:15]   -> TAP(700,1350) [[EXPLORE:ZONE:16] Tap zone (700,1350)]
[00:29:18] T324: [gameplay] Board=286cells/6colors d=+0 [DarkGreen:200, Brown:37, Orange:27, DarkRed:12, Red:9] | Queue=[EXPLORE stall=38 fp_top=0.97] | Holder=[_/DarkGreen/DarkGreen/DarkGreen/DarkGreen] (4/5) | 0.6s
[00:29:18]   -> TAP(380,1600) [[EXPLORE:ZONE:17] Tap zone (380,1600)]
[00:29:21] T325: [gameplay] Board=286cells/6colors d=+0 [DarkGreen:200, Brown:37, Orange:27, DarkRed:12, Red:9] | Queue=[EXPLORE stall=39 fp_top=0.97] | Holder=[_/DarkGreen/DarkGreen/DarkGreen/DarkGreen] (4/5) | 0.6s
[00:29:21]   -> TAP(530,1600) [[EXPLORE:ZONE:18] Tap zone (530,1600)]
[00:29:23] T326: [gameplay] Board=286cells/6colors d=+0 [DarkGreen:200, Brown:37, Orange:27, DarkRed:12, Red:9] | Queue=[EXPLORE stall=40 fp_top=0.97] | Holder=[_/DarkGreen/DarkGreen/DarkGreen/DarkGreen] (4/5) | 0.5s
[00:29:23]   -> TAP(700,1600) [[EXPLORE:ZONE:19] Tap zone (700,1600)]
[00:29:26] T327: [gameplay] Board=286cells/6colors d=+0 [DarkGreen:200, Brown:37, Orange:27, DarkRed:12, Red:9] | Queue=[EXPLORE stall=41 fp_top=0.97] | Holder=[_/DarkGreen/DarkGreen/DarkGreen/DarkGreen] (4/5) | 0.6s
[00:29:26]   -> TAP(100,860) [[EXPLORE:ZONE:20] Tap zone (100,860)]
[00:29:29] T328: [gameplay] Board=286cells/6colors d=+0 [DarkGreen:200, Brown:37, Orange:27, DarkRed:12, Red:9] | Queue=[EXPLORE stall=42 fp_top=0.97] | Holder=[_/DarkGreen/DarkGreen/DarkGreen/DarkGreen] (4/5) | 0.6s
[00:29:29]   -> TAP(980,860) [[EXPLORE:ZONE:21] Tap zone (980,860)]
[00:29:32] T329: [gameplay] Board=286cells/6colors d=+0 [DarkGreen:200, Brown:37, Orange:27, DarkRed:12, Red:9] | Queue=[EXPLORE stall=43 fp_top=0.97] | Holder=[_/DarkGreen/DarkGreen/DarkGreen/DarkGreen] (4/5) | 0.6s
[00:29:32]   -> TAP(185,930) [[EXPLORE:ZONE:0] Tap zone (185,930)]
[00:29:35] T330: [gameplay] Board=286cells/6colors d=+0 [DarkGreen:200, Brown:37, Orange:27, DarkRed:12, Red:9] | Queue=[EXPLORE stall=44 fp_top=0.97] | Holder=[_/DarkGreen/DarkGreen/DarkGreen/DarkGreen] (4/5) | 0.6s
[00:29:35]   -> TAP(310,930) [[EXPLORE:ZONE:1] Tap zone (310,930)]
[00:29:37] T331: [gameplay] Board=286cells/6colors d=+0 [DarkGreen:200, Brown:37, Orange:27, DarkRed:12, Red:9] | Queue=[EXPLORE stall=45 fp_top=0.97] | Holder=[_/DarkGreen/DarkGreen/DarkGreen/DarkGreen] (4/5) | 0.6s
[00:29:37]   -> TAP(435,930) [[EXPLORE:ZONE:2] Tap zone (435,930)]
[00:29:40] T332: [gameplay] Board=286cells/6colors d=+0 [DarkGreen:200, Brown:37, Orange:27, DarkRed:12, Red:9] | Queue=[EXPLORE stall=46 fp_top=0.97] | Holder=[_/DarkGreen/DarkGreen/DarkGreen/DarkGreen] (4/5) | 0.6s
[00:29:40]   -> TAP(560,930) [[EXPLORE:ZONE:3] Tap zone (560,930)]
[00:29:43] T333: [gameplay] Board=286cells/6colors d=+0 [DarkGreen:200, Brown:37, Orange:27, DarkRed:12, Red:9] | Queue=[EXPLORE stall=47 fp_top=0.97] | Holder=[_/DarkGreen/DarkGreen/DarkGreen/DarkGreen] (4/5) | 0.6s
[00:29:43]   -> TAP(685,930) [[EXPLORE:ZONE:4] Tap zone (685,930)]
[00:29:45] T334: [gameplay] Board=286cells/6colors d=+0 [DarkGreen:200, Brown:37, Orange:27, DarkRed:12, Red:9] | Queue=[EXPLORE stall=48 fp_top=0.97] | Holder=[_/DarkGreen/DarkGreen/DarkGreen/DarkGreen] (4/5) | 0.6s
[00:29:45]   -> TAP(400,400) [[EXPLORE:ZONE:5] Tap zone (400,400)]
[00:29:48] T335: [gameplay] Board=286cells/6colors d=+0 [DarkGreen:200, Brown:37, Orange:27, DarkRed:12, Red:9] | Queue=[EXPLORE stall=49 fp_top=0.97] | Holder=[_/DarkGreen/DarkGreen/DarkGreen/DarkGreen] (4/5) | 0.5s
[00:29:48]   -> TAP(540,400) [[EXPLORE:ZONE:6] Tap zone (540,400)]
[00:29:50] T336: STUCK (gameplay x50), relaunch
[00:30:03] T337: [loading] PlayDB: 3 patterns, trying top 2
[00:30:07] T338: [loading] PlayDB: 3 patterns, trying top 2
[00:30:11] T339: [lobby] Hardcoded play button (540,1450)
[00:30:14]   [SESSION] Ended dc8aa19577d9: fail (50 turns, end_cells=286)
[00:30:14] T340: [fail] HEARTS-EMPTY popup detected (pixel match). Waiting 900s for regen.
[00:30:14] T341: [fail] HEARTS WAIT: 899s remaining, sleeping in 5s chunks...
[00:30:45] T342: [fail] HEARTS WAIT: 868s remaining, sleeping in 5s chunks...
[00:31:16] T343: [fail] HEARTS WAIT: 837s remaining, sleeping in 5s chunks...
[00:31:47] T344: [fail] HEARTS WAIT: 806s remaining, sleeping in 5s chunks...
[00:32:18] T345: [fail] HEARTS WAIT: 776s remaining, sleeping in 5s chunks...
[00:32:48] T346: [fail] HEARTS WAIT: 745s remaining, sleeping in 5s chunks...
[00:33:19] T347: [fail] HEARTS WAIT: 714s remaining, sleeping in 5s chunks...
[00:33:50] T348: [fail] HEARTS WAIT: 683s remaining, sleeping in 5s chunks...
[00:34:21] T349: [fail] HEARTS WAIT: 652s remaining, sleeping in 5s chunks...
[00:34:52] T350: [fail] HEARTS WAIT: 621s remaining, sleeping in 5s chunks...
[00:35:23] T351: [fail] HEARTS WAIT: 591s remaining, sleeping in 5s chunks...
[00:35:53] T352: [fail] HEARTS WAIT: 560s remaining, sleeping in 5s chunks...
[00:36:24] T353: [fail] HEARTS WAIT: 529s remaining, sleeping in 5s chunks...
[00:36:55] T354: [fail] HEARTS WAIT: 498s remaining, sleeping in 5s chunks...
[00:37:26] T355: [fail] HEARTS WAIT: 468s remaining, sleeping in 5s chunks...
[00:37:56] T356: [fail] HEARTS WAIT: 437s remaining, sleeping in 5s chunks...
[00:38:27] T357: [fail] HEARTS WAIT: 406s remaining, sleeping in 5s chunks...
[00:38:58] T358: [fail] HEARTS WAIT: 375s remaining, sleeping in 5s chunks...
[00:39:29] T359: [fail] HEARTS WAIT: 344s remaining, sleeping in 5s chunks...
[00:40:00] T360: [fail] HEARTS WAIT: 313s remaining, sleeping in 5s chunks...
[00:40:31] T361: [fail] HEARTS WAIT: 282s remaining, sleeping in 5s chunks...
[00:41:02] T362: [fail] HEARTS WAIT: 252s remaining, sleeping in 5s chunks...
[00:41:33] T363: [fail] HEARTS WAIT: 221s remaining, sleeping in 5s chunks...
[00:42:03] T364: [fail] HEARTS WAIT: 190s remaining, sleeping in 5s chunks...
[00:42:34] T365: [fail] HEARTS WAIT: 159s remaining, sleeping in 5s chunks...
[00:43:05] T366: [fail] HEARTS WAIT: 128s remaining, sleeping in 5s chunks...
[00:43:36] T367: [fail] HEARTS WAIT: 97s remaining, sleeping in 5s chunks...
[00:44:07] T368: [fail] HEARTS WAIT: 67s remaining, sleeping in 5s chunks...
[00:44:37] T369: [fail] HEARTS WAIT: 36s remaining, sleeping in 5s chunks...
[00:45:08] T370: [fail] HEARTS WAIT: 5s remaining, sleeping in 5s chunks...
[00:45:14] T371: [fail] HEARTS-EMPTY popup detected (pixel match). Waiting 900s for regen.
[00:45:14] T372: [fail] HEARTS WAIT: 899s remaining, sleeping in 5s chunks...
[00:45:45] T373: [fail] HEARTS WAIT: 868s remaining, sleeping in 5s chunks...
[00:46:16] T374: [fail] HEARTS WAIT: 837s remaining, sleeping in 5s chunks...
[00:46:47] T375: [fail] HEARTS WAIT: 806s remaining, sleeping in 5s chunks...
[00:47:18] T376: [fail] HEARTS WAIT: 776s remaining, sleeping in 5s chunks...
[00:47:49] T377: [fail] HEARTS WAIT: 745s remaining, sleeping in 5s chunks...
[00:48:19] T378: [fail] HEARTS WAIT: 714s remaining, sleeping in 5s chunks...
[00:48:50] T379: [fail] HEARTS WAIT: 683s remaining, sleeping in 5s chunks...
[00:49:21] T380: [fail] HEARTS WAIT: 652s remaining, sleeping in 5s chunks...
[00:49:52] T381: [fail] HEARTS WAIT: 621s remaining, sleeping in 5s chunks...
[00:50:23] T382: [fail] HEARTS WAIT: 591s remaining, sleeping in 5s chunks...
[00:50:54] T383: [fail] HEARTS WAIT: 560s remaining, sleeping in 5s chunks...
[00:51:25] T384: [lobby] HEARTS WAIT: 529s remaining, sleeping in 5s chunks...
[00:51:55] 
[00:51:55] ============================================================
[00:51:55] SESSION COMPLETE
[00:51:55] ============================================================
[00:51:55] Total turns:   384
[00:51:55] Games started: 8
[00:51:55] Games won:     1
[00:51:55] Games failed:  3
[00:51:55] AI Play DB: E:\AI\virtual_player\data\db\ai_play_pixelflow.db
[00:51:55] Fingerprint DB: E:\AI\virtual_player\data\pixelflow\db\fingerprint.db (loaded)
[00:51:55] Stats saved: E:\AI\virtual_player\data\games\pixelflow\temp\smart\smart_stats.json
