[02:57:56] ============================================================
[02:57:56] Smart PixelFlow Player START
[02:57:56] Duration: 120 min | Target: 04:57:56
[02:57:56] ADB: C:/Program Files/BlueStacks_nxt/HD-Adb.exe | Device: emulator-5554
[02:57:56] YOLO: best.pt
[02:57:56] Profile: cell_profile.json
[FingerprintSearcher] Loaded 4891 rows (win_only=True)
[02:57:57] Fingerprint DB: fingerprint.db (loaded)
[02:57:57] FP threshold: 0.65, top_k: 12
[02:57:57] ============================================================
[02:58:07] T1: [lobby] Hardcoded play button (540,1450)
[02:58:11]   [SESSION] Started a664f0c77c30 (start_cells=280)
[02:58:11] T2: [gameplay] Board=280cells/5colors d=+0 [DarkGreen:198, Brown:41, Orange:24, DarkRed:10, Red:7] | Queue=[FP stall=0 fp_top=0.95] | Holder=[_/DarkGreen/DarkGreen/DarkGreen/DarkGreen] (4/5) | 0.8s
[02:58:11]   -> TAP(314,1495) [[FP:0.95] Human pattern (delta=-59, id=4165)]
[02:58:14] T3: [gameplay] Board=280cells/5colors d=+0 [DarkGreen:198, Brown:41, Orange:24, DarkRed:10, Red:7] | Queue=[FP stall=1 fp_top=0.95] | Holder=[_/DarkGreen/DarkGreen/DarkGreen/DarkGreen] (4/5) | 0.7s
[02:58:14]   -> TAP(316,1516) [[FP:0.97] Human pattern (delta=-28, id=4177)]
[02:58:17] T4: [gameplay] Board=280cells/5colors d=+0 [DarkGreen:198, Brown:41, Orange:24, DarkRed:10, Red:7] | Queue=[FP stall=2 fp_top=0.95] | Holder=[_/DarkGreen/DarkGreen/DarkGreen/DarkGreen] (4/5) | 0.7s
[02:58:17]   -> TAP(342,1656) [[FP:0.97] Human pattern (delta=-14, id=3702)]
[02:58:21] T5: [gameplay] Board=280cells/5colors d=+0 [DarkGreen:198, Brown:41, Orange:24, DarkRed:10, Red:7] | Queue=[FP stall=3 fp_top=0.95] | Holder=[_/DarkGreen/DarkGreen/DarkGreen/DarkGreen] (4/5) | 0.6s
[02:58:21]   -> TAP(696,1517) [[FP:0.97] Human pattern (delta=-40, id=6969)]
[02:58:24] T6: [gameplay] Board=280cells/5colors d=+0 [DarkGreen:198, Brown:41, Orange:24, DarkRed:10, Red:7] | Queue=[FP stall=4 fp_top=0.95] | Holder=[_/DarkGreen/DarkGreen/DarkGreen/DarkGreen] (4/5) | 0.7s
[02:58:24]   -> TAP(732,1524) [[FP:0.97] Human pattern (delta=-20, id=3691)]
[02:58:28]   [EXPLORE] Entering exploration mode (stall x5)
[02:58:28] T7: [gameplay] Board=280cells/5colors d=+0 [DarkGreen:198, Brown:41, Orange:24, DarkRed:10, Red:7] | Queue=[EXPLORE stall=5 fp_top=0.95] | Holder=[_/DarkGreen/DarkGreen/DarkGreen/DarkGreen] (4/5) | 1.4s
[02:58:28]   -> TAP(876,1784) [[EXPLORE:AI_DB] Tap (876,1784) conf=1.00]
[02:58:30]   [SESSION] Ended a664f0c77c30: win (6 turns, end_cells=280)
[02:58:30] T8: [win] Multi-tap continue positions
[02:58:34] T9: [fail] Multi-tap close/retry positions
[02:58:39] T10: [fail] Multi-tap close/retry positions
[02:58:43] T11: [popup] Multi-tap close/retry positions
[02:58:48] T12: [fail] Multi-tap close/retry positions
[02:58:52] T13: POPUP LOOP (popup), relaunch
[02:59:05] T14: [loading] PlayDB: 3 patterns, trying top 2
[02:59:09] T15: [loading] PlayDB: 3 patterns, trying top 2
[02:59:14] T16: [loading] PlayDB: 3 patterns, trying top 2
[02:59:18] T17: [lobby] Hardcoded play button (540,1450)
[02:59:21] T18: [fail] HEARTS-EMPTY popup detected (pixel match). Waiting 900s for regen.
[02:59:21] T19: [fail] HEARTS WAIT: 899s remaining, sleeping in 5s chunks...
[02:59:52] T20: [fail] HEARTS WAIT: 868s remaining, sleeping in 5s chunks...
[03:00:23] T21: [fail] HEARTS WAIT: 837s remaining, sleeping in 5s chunks...
[03:00:54] T22: [fail] HEARTS WAIT: 807s remaining, sleeping in 5s chunks...
[03:01:24] T23: [fail] HEARTS WAIT: 776s remaining, sleeping in 5s chunks...
[03:01:55] T24: [fail] HEARTS WAIT: 745s remaining, sleeping in 5s chunks...
[03:02:26] T25: [fail] HEARTS WAIT: 714s remaining, sleeping in 5s chunks...
[03:02:57] T26: [fail] HEARTS WAIT: 683s remaining, sleeping in 5s chunks...
[03:03:28] T27: [fail] HEARTS WAIT: 653s remaining, sleeping in 5s chunks...
[03:03:58] T28: [fail] HEARTS WAIT: 622s remaining, sleeping in 5s chunks...
[03:04:29] T29: [fail] HEARTS WAIT: 591s remaining, sleeping in 5s chunks...
[03:05:00] T30: [fail] HEARTS WAIT: 560s remaining, sleeping in 5s chunks...
[03:05:31] T31: [fail] HEARTS WAIT: 529s remaining, sleeping in 5s chunks...
[03:06:02] T32: [fail] HEARTS WAIT: 499s remaining, sleeping in 5s chunks...
[03:06:32] T33: [fail] HEARTS WAIT: 468s remaining, sleeping in 5s chunks...
[03:07:03] T34: [fail] HEARTS WAIT: 437s remaining, sleeping in 5s chunks...
[03:07:34] T35: [fail] HEARTS WAIT: 406s remaining, sleeping in 5s chunks...
[03:08:05] T36: [fail] HEARTS WAIT: 375s remaining, sleeping in 5s chunks...
[03:08:36] T37: [fail] HEARTS WAIT: 344s remaining, sleeping in 5s chunks...
[03:09:06] T38: [fail] HEARTS WAIT: 314s remaining, sleeping in 5s chunks...
[03:09:37] T39: [fail] HEARTS WAIT: 283s remaining, sleeping in 5s chunks...
[03:10:08] T40: [fail] HEARTS WAIT: 252s remaining, sleeping in 5s chunks...
[03:10:39] T41: [fail] HEARTS WAIT: 221s remaining, sleeping in 5s chunks...
[03:11:10] T42: [fail] HEARTS WAIT: 190s remaining, sleeping in 5s chunks...
[03:11:41] T43: [fail] HEARTS WAIT: 159s remaining, sleeping in 5s chunks...
[03:12:11] T44: [fail] HEARTS WAIT: 129s remaining, sleeping in 5s chunks...
[03:12:42] T45: [fail] HEARTS WAIT: 98s remaining, sleeping in 5s chunks...
[03:13:13] T46: [fail] HEARTS WAIT: 67s remaining, sleeping in 5s chunks...
[03:13:44] T47: [fail] HEARTS WAIT: 36s remaining, sleeping in 5s chunks...
[03:14:15] T48: [fail] HEARTS WAIT: 5s remaining, sleeping in 5s chunks...
[03:14:20] T49: [fail] HEARTS-EMPTY popup detected (pixel match). Waiting 900s for regen.
[03:14:21] T50: [fail] HEARTS WAIT: 899s remaining, sleeping in 5s chunks...
[03:14:52] T51: [fail] HEARTS WAIT: 868s remaining, sleeping in 5s chunks...
[03:15:22] T52: [fail] HEARTS WAIT: 838s remaining, sleeping in 5s chunks...
[03:15:53] T53: [fail] HEARTS WAIT: 807s remaining, sleeping in 5s chunks...
[03:16:24] T54: [fail] HEARTS WAIT: 776s remaining, sleeping in 5s chunks...
[03:16:55] T55: [fail] HEARTS WAIT: 745s remaining, sleeping in 5s chunks...
[03:17:26] T56: [fail] HEARTS WAIT: 714s remaining, sleeping in 5s chunks...
[03:17:57] T57: [fail] HEARTS WAIT: 683s remaining, sleeping in 5s chunks...
[03:18:27] T58: [fail] HEARTS WAIT: 653s remaining, sleeping in 5s chunks...
[03:18:58] T59: [fail] HEARTS WAIT: 622s remaining, sleeping in 5s chunks...
[03:19:29] T60: [fail] HEARTS WAIT: 591s remaining, sleeping in 5s chunks...
[03:20:00] T61: [fail] HEARTS WAIT: 560s remaining, sleeping in 5s chunks...
[03:20:31] T62: [fail] HEARTS WAIT: 529s remaining, sleeping in 5s chunks...
[03:21:01] T63: [fail] HEARTS WAIT: 499s remaining, sleeping in 5s chunks...
[03:21:32] T64: [lobby] HEARTS WAIT: 468s remaining, sleeping in 5s chunks...
[03:22:03] T65: [lobby] HEARTS WAIT: 437s remaining, sleeping in 5s chunks...
[03:22:34] T66: [lobby] HEARTS WAIT: 406s remaining, sleeping in 5s chunks...
[03:23:05] T67: [lobby] HEARTS WAIT: 375s remaining, sleeping in 5s chunks...
[03:23:36] T68: [lobby] HEARTS WAIT: 344s remaining, sleeping in 5s chunks...
[03:24:07] T69: [lobby] HEARTS WAIT: 313s remaining, sleeping in 5s chunks...
[03:24:38] T70: [lobby] HEARTS WAIT: 282s remaining, sleeping in 5s chunks...
[03:25:09] T71: [lobby] HEARTS WAIT: 251s remaining, sleeping in 5s chunks...
[03:25:40] T72: [lobby] HEARTS WAIT: 220s remaining, sleeping in 5s chunks...
[03:26:11] T73: [lobby] HEARTS WAIT: 189s remaining, sleeping in 5s chunks...
[03:26:42] T74: [lobby] HEARTS WAIT: 158s remaining, sleeping in 5s chunks...
[03:27:13] T75: [lobby] HEARTS WAIT: 127s remaining, sleeping in 5s chunks...
[03:27:44] T76: [lobby] HEARTS WAIT: 96s remaining, sleeping in 5s chunks...
[03:28:15] T77: [lobby] HEARTS WAIT: 65s remaining, sleeping in 5s chunks...
[03:28:46] T78: [lobby] HEARTS WAIT: 34s remaining, sleeping in 5s chunks...
[03:29:17] T79: [lobby] HEARTS WAIT: 3s remaining, sleeping in 5s chunks...
[03:29:22] T80: [lobby] Hardcoded play button (540,1450)
[03:29:26]   [SESSION] Started aa36c4e3a448 (start_cells=295)
[03:29:26] T81: [gameplay] Board=295cells/6colors d=+0 [DarkGreen:212, Brown:39, Orange:26, DarkRed:8, Red:5] | Queue=[FP stall=0 fp_top=0.95] | Holder=[_/DarkGreen/DarkGreen/DarkGreen/DarkGreen] (4/5) | 0.6s
[03:29:26]   -> TAP(314,1495) [[FP:0.95] Human pattern (delta=-59, id=4165)]
[03:29:29] T82: [gameplay] Board=295cells/6colors d=+0 [DarkGreen:212, Brown:39, Orange:26, DarkRed:8, Red:5] | Queue=[FP stall=1 fp_top=0.95] | Holder=[_/DarkGreen/DarkGreen/DarkGreen/DarkGreen] (4/5) | 0.5s
[03:29:29]   -> TAP(316,1516) [[FP:0.97] Human pattern (delta=-28, id=4177)]
[03:29:32] T83: [gameplay] Board=295cells/6colors d=+0 [DarkGreen:212, Brown:39, Orange:26, DarkRed:8, Red:5] | Queue=[FP stall=2 fp_top=0.95] | Holder=[_/DarkGreen/DarkGreen/DarkGreen/DarkGreen] (4/5) | 0.6s
[03:29:32]   -> TAP(524,1512) [[FP:0.98] Human pattern (delta=-9, id=3250)]
[03:29:35] T84: [gameplay] Board=295cells/6colors d=+0 [DarkGreen:212, Brown:39, Orange:26, DarkRed:8, Red:5] | Queue=[FP stall=3 fp_top=0.95] | Holder=[_/DarkRed/SageTeal/SageTeal/SageTeal] (4/5) | 0.6s
[03:29:35]   -> TAP(349,1629) [[FP:0.98] Human pattern (delta=-1, id=3700)]
[03:29:38] T85: [gameplay] Board=295cells/6colors d=+0 [DarkGreen:212, Brown:39, Orange:26, DarkRed:8, Red:5] | Queue=[FP stall=4 fp_top=0.95] | Holder=[_/DarkRed/SageTeal/SageTeal/SageTeal] (4/5) | 0.6s
[03:29:38]   -> TAP(696,1517) [[FP:0.98] Human pattern (delta=-40, id=6969)]
[03:29:42] T86: [gameplay] Board=295cells/6colors d=+0 [DarkGreen:212, Brown:39, Orange:26, DarkRed:8, Red:5] | Queue=[EXPLORE stall=5 fp_top=0.95] | Holder=[_/DarkRed/SageTeal/SageTeal/SageTeal] (4/5) | 0.6s
[03:29:42]   -> TAP(869,1653) [[EXPLORE:PlayDB] Tap (869,1653) human pattern #1]
[03:29:44] T87: [gameplay] Board=295cells/6colors d=+0 [DarkGreen:212, Brown:39, Orange:26, DarkRed:8, Red:5] | Queue=[EXPLORE stall=6 fp_top=0.95] | Holder=[_/DarkRed/SageTeal/SageTeal/SageTeal] (4/5) | 0.6s
[03:29:44]   -> TAP(876,1784) [[EXPLORE:PlayDB] Tap (876,1784) human pattern #2]
[03:29:46]   [SESSION] Ended aa36c4e3a448: fail (7 turns, end_cells=295)
[03:29:46] T88: [fail] Multi-tap close/retry positions
[03:29:51] T89: [fail] Multi-tap close/retry positions
[03:29:55] T90: [popup] Multi-tap close/retry positions
[03:30:00] T91: [popup] Multi-tap close/retry positions
[03:30:04] T92: POPUP LOOP (popup), relaunch
[03:30:16] T93: [loading] PlayDB: 3 patterns, trying top 2
[03:30:20] T94: [loading] PlayDB: 3 patterns, trying top 2
[03:30:25] T95: [lobby] Hardcoded play button (540,1450)
[03:30:27] T96: [fail] HEARTS-EMPTY popup detected (pixel match). Waiting 900s for regen.
[03:30:28] T97: [fail] HEARTS WAIT: 899s remaining, sleeping in 5s chunks...
[03:30:59] T98: [fail] HEARTS WAIT: 868s remaining, sleeping in 5s chunks...
[03:31:29] T99: [fail] HEARTS WAIT: 837s remaining, sleeping in 5s chunks...
[03:32:00] T100: [fail] HEARTS WAIT: 807s remaining, sleeping in 5s chunks...
[03:32:31] T101: [fail] HEARTS WAIT: 776s remaining, sleeping in 5s chunks...
[03:33:02] T102: [fail] HEARTS WAIT: 745s remaining, sleeping in 5s chunks...
[03:33:33] T103: [fail] HEARTS WAIT: 714s remaining, sleeping in 5s chunks...
[03:34:03] T104: [fail] HEARTS WAIT: 684s remaining, sleeping in 5s chunks...
[03:34:34] T105: [fail] HEARTS WAIT: 653s remaining, sleeping in 5s chunks...
[03:35:05] T106: [fail] HEARTS WAIT: 622s remaining, sleeping in 5s chunks...
[03:35:36] T107: [fail] HEARTS WAIT: 591s remaining, sleeping in 5s chunks...
[03:36:06] T108: [fail] HEARTS WAIT: 560s remaining, sleeping in 5s chunks...
[03:36:37] T109: [fail] HEARTS WAIT: 530s remaining, sleeping in 5s chunks...
[03:37:08] T110: [fail] HEARTS WAIT: 499s remaining, sleeping in 5s chunks...
[03:37:39] T111: [fail] HEARTS WAIT: 468s remaining, sleeping in 5s chunks...
[03:38:10] T112: [fail] HEARTS WAIT: 437s remaining, sleeping in 5s chunks...
[03:38:41] T113: [fail] HEARTS WAIT: 406s remaining, sleeping in 5s chunks...
[03:39:11] T114: [fail] HEARTS WAIT: 375s remaining, sleeping in 5s chunks...
[03:39:42] T115: [fail] HEARTS WAIT: 345s remaining, sleeping in 5s chunks...
[03:40:13] T116: [fail] HEARTS WAIT: 314s remaining, sleeping in 5s chunks...
[03:40:44] T117: [fail] HEARTS WAIT: 283s remaining, sleeping in 5s chunks...
[03:41:15] T118: [fail] HEARTS WAIT: 252s remaining, sleeping in 5s chunks...
[03:41:45] T119: [fail] HEARTS WAIT: 221s remaining, sleeping in 5s chunks...
[03:42:16] T120: [fail] HEARTS WAIT: 191s remaining, sleeping in 5s chunks...
[03:42:47] T121: [fail] HEARTS WAIT: 160s remaining, sleeping in 5s chunks...
[03:43:18] T122: [fail] HEARTS WAIT: 129s remaining, sleeping in 5s chunks...
[03:43:49] T123: [fail] HEARTS WAIT: 98s remaining, sleeping in 5s chunks...
[03:44:20] T124: [fail] HEARTS WAIT: 67s remaining, sleeping in 5s chunks...
[03:44:50] T125: [fail] HEARTS WAIT: 36s remaining, sleeping in 5s chunks...
[03:45:21] T126: [fail] HEARTS WAIT: 6s remaining, sleeping in 5s chunks...
[03:45:27] T127: [fail] HEARTS-EMPTY popup detected (pixel match). Waiting 900s for regen.
[03:45:27] T128: [fail] HEARTS WAIT: 899s remaining, sleeping in 5s chunks...
[03:45:58] T129: [fail] HEARTS WAIT: 868s remaining, sleeping in 5s chunks...
[03:46:29] T130: [fail] HEARTS WAIT: 837s remaining, sleeping in 5s chunks...
[03:47:00] T131: [fail] HEARTS WAIT: 806s remaining, sleeping in 5s chunks...
[03:47:31] T132: [fail] HEARTS WAIT: 776s remaining, sleeping in 5s chunks...
[03:48:02] T133: [fail] HEARTS WAIT: 745s remaining, sleeping in 5s chunks...
[03:48:32] T134: [fail] HEARTS WAIT: 714s remaining, sleeping in 5s chunks...
[03:49:03] T135: [fail] HEARTS WAIT: 683s remaining, sleeping in 5s chunks...
[03:49:34] T136: [fail] HEARTS WAIT: 652s remaining, sleeping in 5s chunks...
[03:50:05] T137: [fail] HEARTS WAIT: 622s remaining, sleeping in 5s chunks...
[03:50:36] T138: [fail] HEARTS WAIT: 591s remaining, sleeping in 5s chunks...
[03:51:06] T139: [fail] HEARTS WAIT: 560s remaining, sleeping in 5s chunks...
[03:51:37] T140: [lobby] HEARTS WAIT: 529s remaining, sleeping in 5s chunks...
[03:52:08] T141: [lobby] HEARTS WAIT: 498s remaining, sleeping in 5s chunks...
[03:52:39] T142: [lobby] HEARTS WAIT: 467s remaining, sleeping in 5s chunks...
[03:53:10] T143: [lobby] HEARTS WAIT: 436s remaining, sleeping in 5s chunks...
[03:53:41] T144: [lobby] HEARTS WAIT: 405s remaining, sleeping in 5s chunks...
[03:54:12] T145: [lobby] HEARTS WAIT: 374s remaining, sleeping in 5s chunks...
[03:54:43] T146: [lobby] HEARTS WAIT: 343s remaining, sleeping in 5s chunks...
[03:55:14] T147: [lobby] HEARTS WAIT: 312s remaining, sleeping in 5s chunks...
[03:55:45] T148: [lobby] HEARTS WAIT: 281s remaining, sleeping in 5s chunks...
[03:56:16] T149: [lobby] HEARTS WAIT: 250s remaining, sleeping in 5s chunks...
[03:56:47] T150: [lobby] HEARTS WAIT: 219s remaining, sleeping in 5s chunks...
[03:57:18] T151: [lobby] HEARTS WAIT: 188s remaining, sleeping in 5s chunks...
[03:57:49] T152: [lobby] HEARTS WAIT: 157s remaining, sleeping in 5s chunks...
[03:58:20] T153: [lobby] HEARTS WAIT: 127s remaining, sleeping in 5s chunks...
[03:58:51] T154: [lobby] HEARTS WAIT: 96s remaining, sleeping in 5s chunks...
[03:59:22] T155: [lobby] HEARTS WAIT: 65s remaining, sleeping in 5s chunks...
[03:59:53] T156: [lobby] HEARTS WAIT: 34s remaining, sleeping in 5s chunks...
[04:00:24] T157: [lobby] HEARTS WAIT: 2s remaining, sleeping in 5s chunks...
[04:00:30] T158: [lobby] Hardcoded play button (540,1450)
[04:00:34]   [SESSION] Started 4097b026e5bc (start_cells=292)
[04:00:34] T159: [gameplay] Board=292cells/6colors d=+0 [DarkGreen:203, Brown:40, Orange:28, DarkRed:12, Red:7] | Queue=[FP stall=0 fp_top=0.95] | Holder=[_/DarkGreen/DarkGreen/DarkGreen/DarkGreen] (4/5) | 0.7s
[04:00:34]   -> TAP(314,1495) [[FP:0.95] Human pattern (delta=-59, id=4165)]
[04:00:37] T160: [gameplay] Board=292cells/6colors d=+0 [DarkGreen:203, Brown:40, Orange:28, DarkRed:12, Red:7] | Queue=[FP stall=1 fp_top=0.95] | Holder=[_/DarkGreen/DarkGreen/DarkGreen/DarkGreen] (4/5) | 0.7s
[04:00:37]   -> TAP(723,1537) [[FP:0.97] Human pattern (delta=-37, id=3699)]
[04:00:41] T161: [gameplay] Board=292cells/6colors d=+0 [DarkGreen:203, Brown:40, Orange:28, DarkRed:12, Red:7] | Queue=[FP stall=2 fp_top=0.95] | Holder=[_/DarkGreen/DarkGreen/DarkGreen/DarkGreen] (4/5) | 0.6s
[04:00:41]   -> TAP(524,1512) [[FP:0.97] Human pattern (delta=-9, id=3250)]
[04:00:44] T162: [gameplay] Board=292cells/6colors d=+0 [DarkGreen:203, Brown:40, Orange:28, DarkRed:12, Red:7] | Queue=[FP stall=3 fp_top=0.95] | Holder=[_/DarkRed/SageTeal/_/SageTeal] (3/5) | 0.5s
[04:00:44]   -> TAP(349,1629) [[FP:0.97] Human pattern (delta=-1, id=3700)]
[04:00:47] T163: [gameplay] Board=292cells/6colors d=+0 [DarkGreen:203, Brown:40, Orange:28, DarkRed:12, Red:7] | Queue=[FP stall=4 fp_top=0.95] | Holder=[_/DarkRed/SageTeal/_/SageTeal] (3/5) | 0.6s
[04:00:47]   -> TAP(696,1517) [[FP:0.97] Human pattern (delta=-40, id=6969)]
[04:00:51] T164: [gameplay] Board=292cells/6colors d=+0 [DarkGreen:203, Brown:40, Orange:28, DarkRed:12, Red:7] | Queue=[EXPLORE stall=5 fp_top=0.95] | Holder=[_/DarkRed/_/_/_] (1/5) | 1.1s
[04:00:51]   -> TAP(876,1784) [[EXPLORE:PlayDB] Tap (876,1784) human pattern #3]
[04:00:54]   [SESSION] Ended 4097b026e5bc: fail (6 turns, end_cells=292)
[04:00:54] T165: [fail] Multi-tap close/retry positions
[04:00:58] T166: NO PROGRESS 20 turns (cells=119) — abandoning session + relaunch
[04:01:11] T167: [loading] PlayDB: 3 patterns, trying top 2
[04:01:15] T168: [loading] PlayDB: 3 patterns, trying top 2
[04:01:19] T169: [loading] PlayDB: 3 patterns, trying top 2
[04:01:24] T170: [loading] PlayDB: 3 patterns, trying top 2
[04:01:29] T171: POPUP LOOP (loading), relaunch
[04:01:41] T172: [loading] PlayDB: 3 patterns, trying top 2
[04:01:45] T173: [loading] PlayDB: 3 patterns, trying top 2
[04:01:49] T174: [loading] PlayDB: 3 patterns, trying top 2
[04:01:54] T175: [loading] PlayDB: 3 patterns, trying top 2
[04:01:58] T176: [lobby] Hardcoded play button (540,1450)
[04:02:01] T177: [fail] HEARTS-EMPTY popup detected (pixel match). Waiting 900s for regen.
[04:02:01] T178: [fail] HEARTS WAIT: 899s remaining, sleeping in 5s chunks...
[04:02:32] T179: [fail] HEARTS WAIT: 868s remaining, sleeping in 5s chunks...
[04:03:03] T180: [fail] HEARTS WAIT: 837s remaining, sleeping in 5s chunks...
[04:03:34] T181: [fail] HEARTS WAIT: 806s remaining, sleeping in 5s chunks...
[04:04:05] T182: [fail] HEARTS WAIT: 775s remaining, sleeping in 5s chunks...
[04:04:36] T183: [fail] HEARTS WAIT: 745s remaining, sleeping in 5s chunks...
[04:05:06] T184: [fail] HEARTS WAIT: 714s remaining, sleeping in 5s chunks...
[04:05:37] T185: [fail] HEARTS WAIT: 683s remaining, sleeping in 5s chunks...
[04:06:08] T186: [fail] HEARTS WAIT: 652s remaining, sleeping in 5s chunks...
[04:06:39] T187: [fail] HEARTS WAIT: 621s remaining, sleeping in 5s chunks...
[04:07:11] T188: [fail] HEARTS WAIT: 590s remaining, sleeping in 5s chunks...
[04:07:41] T189: [fail] HEARTS WAIT: 559s remaining, sleeping in 5s chunks...
[04:08:13] T190: [fail] HEARTS WAIT: 528s remaining, sleeping in 5s chunks...
[04:08:44] T191: [fail] HEARTS WAIT: 497s remaining, sleeping in 5s chunks...
[04:09:15] T192: [fail] HEARTS WAIT: 465s remaining, sleeping in 5s chunks...
[04:09:46] T193: [fail] HEARTS WAIT: 434s remaining, sleeping in 5s chunks...
[04:10:17] T194: [fail] HEARTS WAIT: 403s remaining, sleeping in 5s chunks...
[04:10:48] T195: [fail] HEARTS WAIT: 372s remaining, sleeping in 5s chunks...
[04:11:19] T196: [fail] HEARTS WAIT: 341s remaining, sleeping in 5s chunks...
[04:11:50] T197: [fail] HEARTS WAIT: 310s remaining, sleeping in 5s chunks...
[04:12:21] T198: [fail] HEARTS WAIT: 279s remaining, sleeping in 5s chunks...
[04:12:52] T199: [fail] HEARTS WAIT: 248s remaining, sleeping in 5s chunks...
[04:13:23] T200: [fail] HEARTS WAIT: 217s remaining, sleeping in 5s chunks...
[04:13:54] T201: [fail] HEARTS WAIT: 186s remaining, sleeping in 5s chunks...
[04:14:25] T202: [fail] HEARTS WAIT: 155s remaining, sleeping in 5s chunks...
[04:14:56] T203: [fail] HEARTS WAIT: 124s remaining, sleeping in 5s chunks...
[04:15:27] T204: [fail] HEARTS WAIT: 94s remaining, sleeping in 5s chunks...
[04:15:57] T205: [fail] HEARTS WAIT: 63s remaining, sleeping in 5s chunks...
[04:16:28] T206: [fail] HEARTS WAIT: 32s remaining, sleeping in 5s chunks...
[04:16:59] T207: [fail] HEARTS WAIT: 1s remaining, sleeping in 5s chunks...
[04:17:04] T208: [fail] HEARTS-EMPTY popup detected (pixel match). Waiting 900s for regen.
[04:17:05] T209: [fail] HEARTS WAIT: 899s remaining, sleeping in 5s chunks...
[04:17:36] T210: [fail] HEARTS WAIT: 868s remaining, sleeping in 5s chunks...
[04:18:06] T211: [fail] HEARTS WAIT: 837s remaining, sleeping in 5s chunks...
[04:18:37] T212: [fail] HEARTS WAIT: 807s remaining, sleeping in 5s chunks...
[04:19:08] T213: [fail] HEARTS WAIT: 776s remaining, sleeping in 5s chunks...
[04:19:39] T214: [fail] HEARTS WAIT: 745s remaining, sleeping in 5s chunks...
[04:20:10] T215: [fail] HEARTS WAIT: 714s remaining, sleeping in 5s chunks...
[04:20:40] T216: [fail] HEARTS WAIT: 683s remaining, sleeping in 5s chunks...
[04:21:11] T217: [fail] HEARTS WAIT: 653s remaining, sleeping in 5s chunks...
[04:21:42] T218: [lobby] HEARTS WAIT: 622s remaining, sleeping in 5s chunks...
[04:22:13] T219: [lobby] HEARTS WAIT: 591s remaining, sleeping in 5s chunks...
[04:22:44] T220: [lobby] HEARTS WAIT: 559s remaining, sleeping in 5s chunks...
[04:23:15] T221: [lobby] HEARTS WAIT: 528s remaining, sleeping in 5s chunks...
[04:23:46] T222: [lobby] HEARTS WAIT: 497s remaining, sleeping in 5s chunks...
[04:24:17] T223: [lobby] HEARTS WAIT: 466s remaining, sleeping in 5s chunks...
[04:24:48] T224: [lobby] HEARTS WAIT: 436s remaining, sleeping in 5s chunks...
[04:25:19] T225: [lobby] HEARTS WAIT: 405s remaining, sleeping in 5s chunks...
[04:25:50] T226: [lobby] HEARTS WAIT: 374s remaining, sleeping in 5s chunks...
[04:26:21] T227: [lobby] HEARTS WAIT: 343s remaining, sleeping in 5s chunks...
[04:26:52] T228: [lobby] HEARTS WAIT: 312s remaining, sleeping in 5s chunks...
[04:27:23] T229: [lobby] HEARTS WAIT: 281s remaining, sleeping in 5s chunks...
[04:27:54] T230: [lobby] HEARTS WAIT: 250s remaining, sleeping in 5s chunks...
[04:28:25] T231: [lobby] HEARTS WAIT: 219s remaining, sleeping in 5s chunks...
[04:28:56] T232: [lobby] HEARTS WAIT: 188s remaining, sleeping in 5s chunks...
[04:29:27] T233: [lobby] HEARTS WAIT: 157s remaining, sleeping in 5s chunks...
[04:29:58] T234: [lobby] HEARTS WAIT: 126s remaining, sleeping in 5s chunks...
[04:30:29] T235: [lobby] HEARTS WAIT: 95s remaining, sleeping in 5s chunks...
[04:31:00] T236: [lobby] HEARTS WAIT: 64s remaining, sleeping in 5s chunks...
[04:31:31] T237: [lobby] HEARTS WAIT: 33s remaining, sleeping in 5s chunks...
[04:32:02] T238: [lobby] HEARTS WAIT: 2s remaining, sleeping in 5s chunks...
[04:32:07] T239: [lobby] Hardcoded play button (540,1450)
[04:32:11]   [SESSION] Started 2dd29002e4a5 (start_cells=290)
[04:32:11] T240: [gameplay] Board=290cells/5colors d=+0 [DarkGreen:209, Brown:42, Orange:26, DarkRed:8, Red:5] | Queue=[FP stall=0 fp_top=0.95] | Holder=[_/DarkGreen/DarkGreen/DarkGreen/DarkGreen] (4/5) | 0.6s
[04:32:11]   -> TAP(314,1495) [[FP:0.95] Human pattern (delta=-59, id=4165)]
[04:32:14] T241: [gameplay] Board=290cells/5colors d=+0 [DarkGreen:209, Brown:42, Orange:26, DarkRed:8, Red:5] | Queue=[FP stall=1 fp_top=0.95] | Holder=[_/DarkGreen/DarkGreen/DarkGreen/DarkGreen] (4/5) | 0.7s
[04:32:14]   -> TAP(723,1537) [[FP:0.97] Human pattern (delta=-37, id=3699)]
[04:32:17] T242: [gameplay] Board=290cells/5colors d=+0 [DarkGreen:209, Brown:42, Orange:26, DarkRed:8, Red:5] | Queue=[FP stall=2 fp_top=0.95] | Holder=[_/DarkGreen/DarkGreen/DarkGreen/DarkGreen] (4/5) | 0.6s
[04:32:17]   -> TAP(524,1512) [[FP:0.97] Human pattern (delta=-9, id=3250)]
[04:32:21] T243: [gameplay] Board=290cells/5colors d=+0 [DarkGreen:209, Brown:42, Orange:26, DarkRed:8, Red:5] | Queue=[FP stall=3 fp_top=0.95] | Holder=[_/DarkRed/SageTeal/SageTeal/SageTeal] (4/5) | 0.6s
[04:32:21]   -> TAP(717,1495) [[FP:0.97] Human pattern (delta=-43, id=6857)]
[04:32:24] T244: [gameplay] Board=290cells/5colors d=+0 [DarkGreen:209, Brown:42, Orange:26, DarkRed:8, Red:5] | Queue=[FP stall=4 fp_top=0.95] | Holder=[_/DarkRed/_/_/_] (1/5) | 0.6s
[04:32:24]   -> TAP(316,1516) [[FP:0.97] Human pattern (delta=-28, id=4177)]
[04:32:27] T245: [gameplay] Board=254cells/5colors d=-36 [DarkGreen:173, Brown:42, Orange:26, DarkRed:8, Red:5] | Queue=[FP stall=0 fp_top=0.93] | Holder=[_/DarkRed/_/_/_] (1/5) | 0.6s
[04:32:27]   -> TAP(314,1495) [[FP:0.95] Human pattern (delta=-59, id=4165)]
[04:32:30] T246: [gameplay] Board=254cells/5colors d=+0 [DarkGreen:173, Brown:42, Orange:26, DarkRed:8, Red:5] | Queue=[FP stall=1 fp_top=0.93] | Holder=[_/DarkRed/_/_/_] (1/5) | 0.6s
[04:32:31]   -> TAP(696,1517) [[FP:0.96] Human pattern (delta=-40, id=6969)]
[04:32:34] T247: [gameplay] Board=254cells/5colors d=+0 [DarkGreen:173, Brown:42, Orange:26, DarkRed:8, Red:5] | Queue=[FP stall=2 fp_top=0.93] | Holder=[_/DarkRed/_/_/_] (1/5) | 0.6s
[04:32:34]   -> TAP(732,1524) [[FP:0.96] Human pattern (delta=-20, id=3691)]
[04:32:37] T248: [gameplay] Board=254cells/5colors d=+0 [DarkGreen:173, Brown:42, Orange:26, DarkRed:8, Red:5] | Queue=[FP stall=3 fp_top=0.93] | Holder=[_/DarkRed/_/_/_] (1/5) | 0.6s
[04:32:37]   -> TAP(524,1512) [[FP:0.96] Human pattern (delta=-9, id=3250)]
[04:32:40] T249: [gameplay] Board=254cells/5colors d=+0 [DarkGreen:173, Brown:42, Orange:26, DarkRed:8, Red:5] | Queue=[FP stall=4 fp_top=0.93] | Holder=[_/DarkRed/_/_/_] (1/5) | 0.6s
[04:32:40]   -> TAP(611,1630) [[FP:0.93] Human pattern (delta=-71, id=5698)]
[04:32:43]   [EXPLORE] Entering exploration mode (stall x5)
[04:32:44] T250: [gameplay] Board=254cells/5colors d=+0 [DarkGreen:173, Brown:42, Orange:26, DarkRed:8, Red:5] | Queue=[EXPLORE stall=5 fp_top=0.93] | Holder=[LightBlue/DarkRed/_/_/_] (2/5) | 1.1s
[04:32:44]   -> TAP(869,1653) [[EXPLORE:PlayDB] Tap (869,1653) human pattern #1]
[04:32:47] T251: [gameplay] Board=254cells/5colors d=+0 [DarkGreen:173, Brown:42, Orange:26, DarkRed:8, Red:5] | Queue=[EXPLORE stall=6 fp_top=0.93] | Holder=[_/DarkRed/_/_/_] (1/5) | 0.7s
[04:32:47]   -> TAP(876,1784) [[EXPLORE:PlayDB] Tap (876,1784) human pattern #2]
[04:32:49]   [SESSION] Ended 2dd29002e4a5: fail (12 turns, end_cells=254)
[04:32:49] T252: [fail] Multi-tap close/retry positions
[04:32:53] T253: [fail] Multi-tap close/retry positions
[04:33:16] T263: Screenshot failed x10
[04:33:38] T273: Screenshot failed x20
[04:33:59] T283: Screenshot failed x30
[04:33:59]   >> ADB RECOVERY Tier 1 (after 30 fails)
[04:34:12]   >> Tier 1 succeeded — relaunching app
[04:34:24] T284: Screenshot recovered after 30 fails
[04:34:24] T284: [loading] PlayDB: 3 patterns, trying top 2
[04:34:28] T285: [loading] PlayDB: 3 patterns, trying top 2
[04:34:32] T286: POPUP LOOP (loading), relaunch
[04:34:45] T287: [loading] PlayDB: 3 patterns, trying top 2
[04:34:49] T288: [loading] PlayDB: 3 patterns, trying top 2
[04:34:53] T289: [loading] PlayDB: 3 patterns, trying top 2
[04:34:57] T290: [lobby] Hardcoded play button (540,1450)
[04:35:00] T291: [fail] HEARTS-EMPTY popup detected (pixel match). Waiting 900s for regen.
[04:35:00] T292: [fail] HEARTS WAIT: 899s remaining, sleeping in 5s chunks...
[04:35:31] T293: [fail] HEARTS WAIT: 868s remaining, sleeping in 5s chunks...
[04:36:02] T294: [fail] HEARTS WAIT: 837s remaining, sleeping in 5s chunks...
[04:36:33] T295: [fail] HEARTS WAIT: 807s remaining, sleeping in 5s chunks...
[04:37:03] T296: [fail] HEARTS WAIT: 776s remaining, sleeping in 5s chunks...
[04:37:34] T297: [fail] HEARTS WAIT: 745s remaining, sleeping in 5s chunks...
[04:38:05] T298: [fail] HEARTS WAIT: 714s remaining, sleeping in 5s chunks...
[04:38:36] T299: [fail] HEARTS WAIT: 683s remaining, sleeping in 5s chunks...
[04:39:07] T300: [fail] HEARTS WAIT: 653s remaining, sleeping in 5s chunks...
[04:39:37] T301: [fail] HEARTS WAIT: 622s remaining, sleeping in 5s chunks...
[04:40:08] T302: [fail] HEARTS WAIT: 591s remaining, sleeping in 5s chunks...
[04:40:39] T303: [fail] HEARTS WAIT: 560s remaining, sleeping in 5s chunks...
[04:41:10] T304: [fail] HEARTS WAIT: 530s remaining, sleeping in 5s chunks...
[04:41:40] T305: [fail] HEARTS WAIT: 499s remaining, sleeping in 5s chunks...
[04:42:11] T306: [fail] HEARTS WAIT: 468s remaining, sleeping in 5s chunks...
[04:42:42] T307: [fail] HEARTS WAIT: 437s remaining, sleeping in 5s chunks...
[04:43:13] T308: [fail] HEARTS WAIT: 407s remaining, sleeping in 5s chunks...
[04:43:43] T309: [fail] HEARTS WAIT: 376s remaining, sleeping in 5s chunks...
[04:44:14] T310: [fail] HEARTS WAIT: 345s remaining, sleeping in 5s chunks...
[04:44:45] T311: [fail] HEARTS WAIT: 314s remaining, sleeping in 5s chunks...
[04:45:16] T312: [fail] HEARTS WAIT: 284s remaining, sleeping in 5s chunks...
[04:45:47] T313: [fail] HEARTS WAIT: 253s remaining, sleeping in 5s chunks...
[04:46:17] T314: [fail] HEARTS WAIT: 222s remaining, sleeping in 5s chunks...
[04:46:48] T315: [fail] HEARTS WAIT: 191s remaining, sleeping in 5s chunks...
[04:47:19] T316: [fail] HEARTS WAIT: 160s remaining, sleeping in 5s chunks...
[04:47:50] T317: [fail] HEARTS WAIT: 130s remaining, sleeping in 5s chunks...
[04:48:21] T318: [fail] HEARTS WAIT: 99s remaining, sleeping in 5s chunks...
[04:48:51] T319: [fail] HEARTS WAIT: 68s remaining, sleeping in 5s chunks...
[04:49:22] T320: [fail] HEARTS WAIT: 37s remaining, sleeping in 5s chunks...
[04:49:53] T321: [fail] HEARTS WAIT: 6s remaining, sleeping in 5s chunks...
[04:49:59] T322: [fail] HEARTS WAIT: 1s remaining, sleeping in 5s chunks...
[04:50:04] T323: [fail] HEARTS-EMPTY popup detected (pixel match). Waiting 900s for regen.
[04:50:05] T324: [fail] HEARTS WAIT: 899s remaining, sleeping in 5s chunks...
[04:50:36] T325: [fail] HEARTS WAIT: 868s remaining, sleeping in 5s chunks...
[04:51:06] T326: [fail] HEARTS WAIT: 837s remaining, sleeping in 5s chunks...
[04:51:37] T327: [lobby] HEARTS WAIT: 807s remaining, sleeping in 5s chunks...
[04:52:08] T328: [lobby] HEARTS WAIT: 776s remaining, sleeping in 5s chunks...
[04:52:39] T329: [lobby] HEARTS WAIT: 745s remaining, sleeping in 5s chunks...
[04:53:10] T330: [lobby] HEARTS WAIT: 714s remaining, sleeping in 5s chunks...
[04:53:41] T331: [lobby] HEARTS WAIT: 683s remaining, sleeping in 5s chunks...
[04:54:12] T332: [lobby] HEARTS WAIT: 652s remaining, sleeping in 5s chunks...
[04:54:43] T333: [lobby] HEARTS WAIT: 621s remaining, sleeping in 5s chunks...
[04:55:14] T334: [lobby] HEARTS WAIT: 590s remaining, sleeping in 5s chunks...
[04:55:45] T335: [lobby] HEARTS WAIT: 559s remaining, sleeping in 5s chunks...
[04:56:16] T336: [lobby] HEARTS WAIT: 528s remaining, sleeping in 5s chunks...
[04:56:47] T337: [lobby] HEARTS WAIT: 497s remaining, sleeping in 5s chunks...
[04:57:18] T338: [lobby] HEARTS WAIT: 466s remaining, sleeping in 5s chunks...
[04:57:49] T339: [lobby] HEARTS WAIT: 435s remaining, sleeping in 5s chunks...
[04:58:19] 
[04:58:19] ============================================================
[04:58:19] SESSION COMPLETE
[04:58:19] ============================================================
[04:58:19] Total turns:   339
[04:58:19] Games started: 8
[04:58:19] Games won:     1
[04:58:19] Games failed:  8
[04:58:19] AI Play DB: E:\AI\virtual_player\data\db\ai_play_pixelflow.db
[04:58:19] Fingerprint DB: E:\AI\virtual_player\data\pixelflow\db\fingerprint.db (loaded)
[04:58:19] Stats saved: E:\AI\virtual_player\data\games\pixelflow\temp\smart\smart_stats.json
