[07:05:32] ============================================================
[07:05:32] Smart PixelFlow Player START
[07:05:32] Duration: 120 min | Target: 09:05:32
[07:05:32] ADB: C:/Program Files/BlueStacks_nxt/HD-Adb.exe | Device: emulator-5554
[07:05:32] YOLO: best.pt
[07:05:32] Profile: cell_profile.json
[FingerprintSearcher] Loaded 4891 rows (win_only=True)
[07:05:33] Fingerprint DB: fingerprint.db (loaded)
[07:05:33] FP threshold: 0.78, top_k: 8
[07:05:33] ============================================================
[07:05:43] T1: [fail] HEARTS-EMPTY popup detected (pixel match). Waiting 900s for regen.
[07:05:44] T2: [fail] HEARTS WAIT: 899s remaining, sleeping in 5s chunks...
[07:06:14] T3: [fail] HEARTS WAIT: 868s remaining, sleeping in 5s chunks...
[07:06:45] T4: [fail] HEARTS WAIT: 837s remaining, sleeping in 5s chunks...
[07:07:16] T5: [fail] HEARTS WAIT: 806s remaining, sleeping in 5s chunks...
[07:07:47] T6: [fail] HEARTS WAIT: 776s remaining, sleeping in 5s chunks...
[07:08:18] T7: [fail] HEARTS WAIT: 745s remaining, sleeping in 5s chunks...
[07:08:49] T8: [fail] HEARTS WAIT: 714s remaining, sleeping in 5s chunks...
[07:09:20] T9: [fail] HEARTS WAIT: 683s remaining, sleeping in 5s chunks...
[07:09:50] T10: [fail] HEARTS WAIT: 652s remaining, sleeping in 5s chunks...
[07:10:22] T11: [fail] HEARTS WAIT: 621s remaining, sleeping in 5s chunks...
[07:10:52] T12: [fail] HEARTS WAIT: 590s remaining, sleeping in 5s chunks...
[07:11:23] T13: [fail] HEARTS WAIT: 560s remaining, sleeping in 5s chunks...
[07:11:54] T14: [fail] HEARTS WAIT: 529s remaining, sleeping in 5s chunks...
[07:12:25] T15: [fail] HEARTS WAIT: 498s remaining, sleeping in 5s chunks...
[07:12:56] T16: [fail] HEARTS WAIT: 467s remaining, sleeping in 5s chunks...
[07:13:26] T17: [fail] HEARTS WAIT: 436s remaining, sleeping in 5s chunks...
[07:13:57] T18: [fail] HEARTS WAIT: 406s remaining, sleeping in 5s chunks...
[07:14:28] T19: [fail] HEARTS WAIT: 375s remaining, sleeping in 5s chunks...
[07:14:59] T20: [fail] HEARTS WAIT: 344s remaining, sleeping in 5s chunks...
[07:15:29] T21: [fail] HEARTS WAIT: 313s remaining, sleeping in 5s chunks...
[07:16:00] T22: [fail] HEARTS WAIT: 282s remaining, sleeping in 5s chunks...
[07:16:31] T23: [fail] HEARTS WAIT: 252s remaining, sleeping in 5s chunks...
[07:17:02] T24: [fail] HEARTS WAIT: 221s remaining, sleeping in 5s chunks...
[07:17:33] T25: [fail] HEARTS WAIT: 190s remaining, sleeping in 5s chunks...
[07:18:03] T26: [fail] HEARTS WAIT: 159s remaining, sleeping in 5s chunks...
[07:18:34] T27: [fail] HEARTS WAIT: 129s remaining, sleeping in 5s chunks...
[07:19:05] T28: [fail] HEARTS WAIT: 98s remaining, sleeping in 5s chunks...
[07:19:36] T29: [fail] HEARTS WAIT: 67s remaining, sleeping in 5s chunks...
[07:20:06] T30: [fail] HEARTS WAIT: 36s remaining, sleeping in 5s chunks...
[07:20:37] T31: [fail] HEARTS WAIT: 5s remaining, sleeping in 5s chunks...
[07:20:43] T32: [fail] HEARTS-EMPTY popup detected (pixel match). Waiting 900s for regen.
[07:20:43] T33: [fail] HEARTS WAIT: 899s remaining, sleeping in 5s chunks...
[07:21:14] T34: [fail] HEARTS WAIT: 868s remaining, sleeping in 5s chunks...
[07:21:45] T35: [lobby] HEARTS WAIT: 837s remaining, sleeping in 5s chunks...
[07:22:16] T36: [lobby] HEARTS WAIT: 806s remaining, sleeping in 5s chunks...
[07:22:47] T37: [lobby] HEARTS WAIT: 775s remaining, sleeping in 5s chunks...
[07:23:18] T38: [lobby] HEARTS WAIT: 745s remaining, sleeping in 5s chunks...
[07:23:49] T39: [lobby] HEARTS WAIT: 714s remaining, sleeping in 5s chunks...
[07:24:20] T40: [lobby] HEARTS WAIT: 682s remaining, sleeping in 5s chunks...
[07:24:51] T41: [lobby] HEARTS WAIT: 651s remaining, sleeping in 5s chunks...
[07:25:22] T42: [lobby] HEARTS WAIT: 620s remaining, sleeping in 5s chunks...
[07:25:53] T43: [lobby] HEARTS WAIT: 589s remaining, sleeping in 5s chunks...
[07:26:24] T44: [lobby] HEARTS WAIT: 559s remaining, sleeping in 5s chunks...
[07:26:55] T45: [lobby] HEARTS WAIT: 528s remaining, sleeping in 5s chunks...
[07:27:26] T46: [lobby] HEARTS WAIT: 497s remaining, sleeping in 5s chunks...
[07:27:57] T47: [lobby] HEARTS WAIT: 466s remaining, sleeping in 5s chunks...
[07:28:28] T48: [lobby] HEARTS WAIT: 435s remaining, sleeping in 5s chunks...
[07:28:59] T49: [lobby] HEARTS WAIT: 404s remaining, sleeping in 5s chunks...
[07:29:30] T50: [lobby] HEARTS WAIT: 373s remaining, sleeping in 5s chunks...
[07:30:01] T51: [lobby] HEARTS WAIT: 342s remaining, sleeping in 5s chunks...
[07:30:32] T52: [lobby] HEARTS WAIT: 311s remaining, sleeping in 5s chunks...
[07:31:02] T53: [lobby] HEARTS WAIT: 280s remaining, sleeping in 5s chunks...
[07:31:33] T54: [lobby] HEARTS WAIT: 249s remaining, sleeping in 5s chunks...
[07:32:05] T55: [lobby] HEARTS WAIT: 218s remaining, sleeping in 5s chunks...
[07:32:36] T56: [lobby] HEARTS WAIT: 187s remaining, sleeping in 5s chunks...
[07:33:06] T57: [lobby] HEARTS WAIT: 156s remaining, sleeping in 5s chunks...
[07:33:37] T58: [lobby] HEARTS WAIT: 125s remaining, sleeping in 5s chunks...
[07:34:08] T59: [lobby] HEARTS WAIT: 94s remaining, sleeping in 5s chunks...
[07:34:39] T60: [lobby] HEARTS WAIT: 63s remaining, sleeping in 5s chunks...
[07:35:10] T61: [lobby] HEARTS WAIT: 32s remaining, sleeping in 5s chunks...
[07:35:41] T62: [lobby] HEARTS WAIT: 1s remaining, sleeping in 5s chunks...
[07:35:46] T63: [lobby] Hardcoded play button (540,1450)
[07:35:50]   [SESSION] Started 91db05268fb6 (start_cells=284)
[07:35:50] T64: [gameplay] Board=284cells/6colors d=+0 [DarkGreen:198, Brown:38, Orange:26, Red:10, DarkRed:8] | Queue=[FP stall=0 fp_top=0.95] | Holder=[_/DarkGreen/DarkGreen/DarkGreen/DarkGreen] (4/5) | 0.7s
[07:35:50]   -> TAP(314,1495) [[FP:0.95] Human pattern (delta=-59, id=4165)]
[07:35:53] T65: [gameplay] Board=284cells/6colors d=+0 [DarkGreen:198, Brown:38, Orange:26, Red:10, DarkRed:8] | Queue=[FP stall=1 fp_top=0.95] | Holder=[_/DarkGreen/DarkGreen/DarkGreen/DarkGreen] (4/5) | 0.5s
[07:35:53]   -> TAP(316,1516) [[FP:0.97] Human pattern (delta=-28, id=4177)]
[07:35:56] T66: [gameplay] Board=284cells/6colors d=+0 [DarkGreen:198, Brown:38, Orange:26, Red:10, DarkRed:8] | Queue=[FP stall=2 fp_top=0.95] | Holder=[_/DarkGreen/DarkGreen/DarkGreen/DarkGreen] (4/5) | 0.5s
[07:35:56]   -> TAP(342,1656) [[FP:0.97] Human pattern (delta=-14, id=3702)]
[07:36:00] T67: [gameplay] Board=284cells/6colors d=+0 [DarkGreen:198, Brown:38, Orange:26, Red:10, DarkRed:8] | Queue=[FP stall=3 fp_top=0.95] | Holder=[_/DarkGreen/DarkGreen/DarkGreen/DarkGreen] (4/5) | 0.6s
[07:36:00]   -> TAP(696,1517) [[FP:0.97] Human pattern (delta=-40, id=6969)]
[07:36:03] T68: [gameplay] Board=284cells/6colors d=+0 [DarkGreen:198, Brown:38, Orange:26, Red:10, DarkRed:8] | Queue=[FP stall=4 fp_top=0.95] | Holder=[_/DarkGreen/DarkGreen/DarkGreen/DarkGreen] (4/5) | 0.5s
[07:36:03]   -> TAP(732,1524) [[FP:0.97] Human pattern (delta=-20, id=3691)]
[07:36:06]   [EXPLORE] Entering exploration mode (stall x5)
[07:36:07] T69: [gameplay] Board=284cells/6colors d=+0 [DarkGreen:198, Brown:38, Orange:26, Red:10, DarkRed:8] | Queue=[EXPLORE stall=5 fp_top=0.95] | Holder=[_/DarkGreen/DarkGreen/DarkGreen/DarkGreen] (4/5) | 1.3s
[07:36:07]   -> TAP(869,1653) [[EXPLORE:PlayDB] Tap (869,1653) human pattern #1]
[07:36:10] T70: [gameplay] Board=284cells/6colors d=+0 [DarkGreen:198, Brown:38, Orange:26, Red:10, DarkRed:8] | Queue=[EXPLORE stall=6 fp_top=0.95] | Holder=[_/DarkGreen/DarkGreen/DarkGreen/DarkGreen] (4/5) | 0.6s
[07:36:10]   -> TAP(627,1211) [[EXPLORE:PlayDB] Tap (627,1211) human pattern #2]
[07:36:12] T71: [gameplay] Board=284cells/6colors d=+0 [DarkGreen:198, Brown:38, Orange:26, Red:10, DarkRed:8] | Queue=[EXPLORE stall=7 fp_top=0.95] | Holder=[_/DarkGreen/DarkGreen/DarkGreen/DarkGreen] (4/5) | 0.6s
[07:36:12]   -> TAP(202,175) [[EXPLORE:PlayDB] Tap (202,175) human pattern #3]
[07:36:15] T72: [gameplay] Board=284cells/6colors d=+0 [DarkGreen:198, Brown:38, Orange:26, Red:10, DarkRed:8] | Queue=[EXPLORE stall=8 fp_top=0.95] | Holder=[_/DarkGreen/DarkGreen/DarkGreen/DarkGreen] (4/5) | 0.6s
[07:36:15]   -> TAP(817,1164) [[EXPLORE:PlayDB] Tap (817,1164) human pattern #4]
[07:36:18] T73: [gameplay] Board=284cells/6colors d=+0 [DarkGreen:198, Brown:38, Orange:26, Red:10, DarkRed:8] | Queue=[EXPLORE stall=9 fp_top=0.95] | Holder=[_/DarkGreen/DarkGreen/DarkGreen/DarkGreen] (4/5) | 0.6s
[07:36:18]   -> TAP(280,1500) [[EXPLORE:ZONE:0] Tap zone (280,1500)]
[07:36:21] T74: [gameplay] Board=284cells/6colors d=+0 [DarkGreen:198, Brown:38, Orange:26, Red:10, DarkRed:8] | Queue=[EXPLORE stall=10 fp_top=0.95] | Holder=[_/DarkGreen/DarkGreen/DarkGreen/DarkGreen] (4/5) | 0.7s
[07:36:21]   -> TAP(400,1500) [[EXPLORE:ZONE:1] Tap zone (400,1500)]
[07:36:24] T75: [gameplay] Board=284cells/6colors d=+0 [DarkGreen:198, Brown:38, Orange:26, Red:10, DarkRed:8] | Queue=[EXPLORE stall=11 fp_top=0.95] | Holder=[_/DarkGreen/DarkGreen/DarkGreen/DarkGreen] (4/5) | 0.6s
[07:36:24]   -> TAP(530,1500) [[EXPLORE:ZONE:2] Tap zone (530,1500)]
[07:36:26] T76: [gameplay] Board=284cells/6colors d=+0 [DarkGreen:198, Brown:38, Orange:26, Red:10, DarkRed:8] | Queue=[EXPLORE stall=12 fp_top=0.95] | Holder=[_/DarkRed/SageTeal/SageTeal/SageTeal] (4/5) | 0.7s
[07:36:26]   -> TAP(660,1500) [[EXPLORE:ZONE:3] Tap zone (660,1500)]
[07:36:29] T77: [gameplay] Board=284cells/6colors d=+0 [DarkGreen:198, Brown:38, Orange:26, Red:10, DarkRed:8] | Queue=[EXPLORE stall=13 fp_top=0.95] | Holder=[_/DarkRed/_/_/_] (1/5) | 0.6s
[07:36:29]   -> TAP(780,1500) [[EXPLORE:ZONE:4] Tap zone (780,1500)]
[07:36:32]   [LEARN] Explore tap (780,1500) WORKED! (d=-15)
[07:36:32] T78: [gameplay] Board=269cells/6colors d=-15 [DarkGreen:183, Brown:38, Orange:26, Red:10, DarkRed:8] | Queue=[FP stall=0 fp_top=0.95] | Holder=[_/DarkRed/_/_/_] (1/5) | 0.5s
[07:36:32]   -> TAP(314,1495) [[FP:0.95] Human pattern (delta=-59, id=4165)]
[07:36:35] T79: [gameplay] Board=247cells/6colors d=-22 [DarkGreen:161, Brown:38, Orange:26, Red:10, DarkRed:8] | Queue=[FP stall=0 fp_top=0.95] | Holder=[_/DarkRed/_/_/_] (1/5) | 0.5s
[07:36:35]   -> TAP(524,1512) [[FP:0.96] Human pattern (delta=-9, id=3250)]
[07:36:38] T80: [gameplay] Board=247cells/6colors d=+0 [DarkGreen:161, Brown:38, Orange:26, Red:10, DarkRed:8] | Queue=[FP stall=1 fp_top=0.95] | Holder=[_/DarkRed/_/_/_] (1/5) | 0.6s
[07:36:38]   -> TAP(342,1656) [[FP:0.96] Human pattern (delta=-14, id=3702)]
[07:36:42] T81: [gameplay] Board=247cells/6colors d=+0 [DarkGreen:161, Brown:38, Orange:26, Red:10, DarkRed:8] | Queue=[FP stall=2 fp_top=0.95] | Holder=[_/DarkRed/_/_/_] (1/5) | 0.8s
[07:36:42]   -> TAP(316,1516) [[FP:0.97] Human pattern (delta=-28, id=4177)]
[07:36:45] T82: [gameplay] Board=247cells/6colors d=+0 [DarkGreen:161, Brown:38, Orange:26, Red:10, DarkRed:8] | Queue=[FP stall=3 fp_top=0.95] | Holder=[_/DarkRed/_/_/_] (1/5) | 0.6s
[07:36:45]   -> TAP(696,1517) [[FP:0.96] Human pattern (delta=-40, id=6969)]
[07:36:48] T83: [gameplay] Board=247cells/6colors d=+0 [DarkGreen:161, Brown:38, Orange:26, Red:10, DarkRed:8] | Queue=[FP stall=4 fp_top=0.95] | Holder=[_/DarkRed/_/_/_] (1/5) | 0.6s
[07:36:48]   -> TAP(732,1524) [[FP:0.96] Human pattern (delta=-20, id=3691)]
[07:36:52]   [EXPLORE] Entering exploration mode (stall x5)
[07:36:52] T84: [gameplay] Board=247cells/6colors d=+0 [DarkGreen:161, Brown:38, Orange:26, Red:10, DarkRed:8] | Queue=[EXPLORE stall=5 fp_top=0.95] | Holder=[White/DarkRed/_/_/_] (2/5) | 0.7s
[07:36:52]   -> TAP(869,1653) [[EXPLORE:PlayDB] Tap (869,1653) human pattern #1]
[07:36:54]   [SESSION] Ended 91db05268fb6: fail (21 turns, end_cells=247)
[07:36:54] T85: [fail] Multi-tap close/retry positions
[07:36:58] T86: [win] Multi-tap continue positions
[07:37:02] T87: [fail] HEARTS-EMPTY popup detected (pixel match). Waiting 900s for regen.
[07:37:03] T88: [fail] HEARTS WAIT: 899s remaining, sleeping in 5s chunks...
[07:37:34] T89: [fail] HEARTS WAIT: 868s remaining, sleeping in 5s chunks...
[07:38:05] T90: [fail] HEARTS WAIT: 837s remaining, sleeping in 5s chunks...
[07:38:35] T91: [fail] HEARTS WAIT: 807s remaining, sleeping in 5s chunks...
[07:39:06] T92: [fail] HEARTS WAIT: 776s remaining, sleeping in 5s chunks...
[07:39:37] T93: [fail] HEARTS WAIT: 745s remaining, sleeping in 5s chunks...
[07:40:08] T94: [fail] HEARTS WAIT: 714s remaining, sleeping in 5s chunks...
[07:40:38] T95: [fail] HEARTS WAIT: 683s remaining, sleeping in 5s chunks...
[07:41:09] T96: [fail] HEARTS WAIT: 653s remaining, sleeping in 5s chunks...
[07:41:40] T97: [fail] HEARTS WAIT: 622s remaining, sleeping in 5s chunks...
[07:42:11] T98: [fail] HEARTS WAIT: 591s remaining, sleeping in 5s chunks...
[07:42:42] T99: [fail] HEARTS WAIT: 560s remaining, sleeping in 5s chunks...
[07:43:12] T100: [fail] HEARTS WAIT: 529s remaining, sleeping in 5s chunks...
[07:43:43] T101: [fail] HEARTS WAIT: 499s remaining, sleeping in 5s chunks...
[07:44:14] T102: [fail] HEARTS WAIT: 468s remaining, sleeping in 5s chunks...
[07:44:45] T103: [fail] HEARTS WAIT: 437s remaining, sleeping in 5s chunks...
[07:45:16] T104: [fail] HEARTS WAIT: 406s remaining, sleeping in 5s chunks...
[07:45:47] T105: [fail] HEARTS WAIT: 375s remaining, sleeping in 5s chunks...
[07:46:17] T106: [fail] HEARTS WAIT: 344s remaining, sleeping in 5s chunks...
[07:46:48] T107: [fail] HEARTS WAIT: 314s remaining, sleeping in 5s chunks...
[07:47:19] T108: [fail] HEARTS WAIT: 283s remaining, sleeping in 5s chunks...
[07:47:50] T109: [fail] HEARTS WAIT: 252s remaining, sleeping in 5s chunks...
[07:48:21] T110: [fail] HEARTS WAIT: 221s remaining, sleeping in 5s chunks...
[07:48:52] T111: [fail] HEARTS WAIT: 190s remaining, sleeping in 5s chunks...
[07:49:23] T112: [fail] HEARTS WAIT: 159s remaining, sleeping in 5s chunks...
[07:49:54] T113: [fail] HEARTS WAIT: 128s remaining, sleeping in 5s chunks...
[07:50:24] T114: [fail] HEARTS WAIT: 98s remaining, sleeping in 5s chunks...
[07:50:55] T115: [fail] HEARTS WAIT: 67s remaining, sleeping in 5s chunks...
[07:51:26] T116: [win] HEARTS WAIT: 36s remaining, sleeping in 5s chunks...
[07:51:57] T117: [win] HEARTS WAIT: 5s remaining, sleeping in 5s chunks...
[07:52:02] T118: [win] Multi-tap continue positions
[07:52:07]   [SESSION] Started 2af96da0ff04 (start_cells=288)
[07:52:07] T119: [gameplay] Board=288cells/6colors d=+0 [DarkGreen:195, Brown:42, Orange:31, Red:10, DarkRed:8] | Queue=[FP stall=0 fp_top=0.95] | Holder=[_/DarkGreen/DarkGreen/DarkGreen/DarkGreen] (4/5) | 0.7s
[07:52:07]   -> TAP(314,1495) [[FP:0.95] Human pattern (delta=-59, id=4165)]
[07:52:11] T120: [gameplay] Board=288cells/6colors d=+0 [DarkGreen:195, Brown:42, Orange:31, Red:10, DarkRed:8] | Queue=[FP stall=1 fp_top=0.95] | Holder=[_/DarkGreen/DarkGreen/DarkGreen/DarkGreen] (4/5) | 0.6s
[07:52:11]   -> TAP(524,1512) [[FP:0.96] Human pattern (delta=-9, id=3250)]
[07:52:14] T121: [gameplay] Board=288cells/6colors d=+0 [DarkGreen:195, Brown:42, Orange:31, Red:10, DarkRed:8] | Queue=[FP stall=2 fp_top=0.95] | Holder=[_/DarkRed/SageTeal/SageTeal/SageTeal] (4/5) | 0.6s
[07:52:14]   -> TAP(316,1516) [[FP:0.97] Human pattern (delta=-28, id=4177)]
[07:52:17] T122: [gameplay] Board=288cells/6colors d=+0 [DarkGreen:195, Brown:42, Orange:31, Red:10, DarkRed:8] | Queue=[FP stall=3 fp_top=0.95] | Holder=[_/DarkRed/SageTeal/SageTeal/SageTeal] (4/5) | 0.6s
[07:52:17]   -> TAP(342,1656) [[FP:0.96] Human pattern (delta=-14, id=3702)]
[07:52:21] T123: [gameplay] Board=288cells/6colors d=+0 [DarkGreen:195, Brown:42, Orange:31, Red:10, DarkRed:8] | Queue=[FP stall=4 fp_top=0.95] | Holder=[_/DarkRed/SageTeal/SageTeal/SageTeal] (4/5) | 0.6s
[07:52:21]   -> TAP(723,1537) [[FP:0.96] Human pattern (delta=-37, id=3699)]
[07:52:25] T124: [gameplay] Board=288cells/6colors d=+0 [DarkGreen:195, Brown:42, Orange:31, Red:10, DarkRed:8] | Queue=[EXPLORE stall=5 fp_top=0.95] | Holder=[_/DarkRed/SageTeal/SageTeal/SageTeal] (4/5) | 1.0s
[07:52:25]   -> TAP(627,1211) [[EXPLORE:PlayDB] Tap (627,1211) human pattern #2]
[07:52:27] T125: [gameplay] Board=288cells/6colors d=+0 [DarkGreen:195, Brown:42, Orange:31, Red:10, DarkRed:8] | Queue=[EXPLORE stall=6 fp_top=0.95] | Holder=[_/DarkRed/SageTeal/SageTeal/SageTeal] (4/5) | 0.7s
[07:52:27]   -> TAP(202,175) [[EXPLORE:PlayDB] Tap (202,175) human pattern #3]
[07:52:30] T126: [gameplay] Board=288cells/6colors d=+0 [DarkGreen:195, Brown:42, Orange:31, Red:10, DarkRed:8] | Queue=[EXPLORE stall=7 fp_top=0.95] | Holder=[_/DarkRed/SageTeal/SageTeal/SageTeal] (4/5) | 0.7s
[07:52:30]   -> TAP(817,1164) [[EXPLORE:PlayDB] Tap (817,1164) human pattern #4]
[07:52:33] T127: [gameplay] Board=288cells/6colors d=+0 [DarkGreen:195, Brown:42, Orange:31, Red:10, DarkRed:8] | Queue=[EXPLORE stall=8 fp_top=0.95] | Holder=[_/DarkRed/SageTeal/SageTeal/SageTeal] (4/5) | 0.8s
[07:52:33]   -> TAP(280,1500) [[EXPLORE:ZONE:0] Tap zone (280,1500)]
[07:52:36] T128: [gameplay] Board=288cells/6colors d=+0 [DarkGreen:195, Brown:42, Orange:31, Red:10, DarkRed:8] | Queue=[EXPLORE stall=9 fp_top=0.95] | Holder=[_/DarkRed/SageTeal/SageTeal/SageTeal] (4/5) | 1.0s
[07:52:36]   -> TAP(400,1500) [[EXPLORE:ZONE:1] Tap zone (400,1500)]
[07:52:40] T129: [gameplay] Board=288cells/6colors d=+0 [DarkGreen:195, Brown:42, Orange:31, Red:10, DarkRed:8] | Queue=[EXPLORE stall=10 fp_top=0.95] | Holder=[_/_/SageTeal/SageTeal/SageTeal] (3/5) | 0.9s
[07:52:40]   -> TAP(530,1500) [[EXPLORE:ZONE:2] Tap zone (530,1500)]
[07:52:43] T130: [gameplay] Board=290cells/6colors d=+2 [DarkGreen:195, Brown:42, Orange:31, Red:11, DarkRed:9] | Queue=[EXPLORE stall=9 fp_top=0.95] | Holder=[_/_/_/_/_] (0/5) | 0.9s
[07:52:43]   -> TAP(660,1500) [[EXPLORE:ZONE:3] Tap zone (660,1500)]
[07:52:46]   [LEARN] Explore tap (660,1500) WORKED! (d=-35)
[07:52:46] T131: [gameplay] Board=255cells/6colors d=-35 [DarkGreen:162, Brown:42, Orange:31, Red:10, DarkRed:8] | Queue=[FP stall=0 fp_top=0.95] | Holder=[_/_/_/_/_] (0/5) | 0.7s
[07:52:46]   -> TAP(653,1653) [[FP:0.95] Human pattern (delta=-71, id=4262)]
[07:52:49] T132: [gameplay] Board=251cells/6colors d=-4 [DarkGreen:158, Brown:42, Orange:31, Red:10, DarkRed:8] | Queue=[FP stall=0 fp_top=0.95] | Holder=[_/_/_/_/_] (0/5) | 0.9s
[07:52:49]   -> TAP(696,1517) [[FP:0.95] Human pattern (delta=-40, id=6969)]
[07:52:53] T133: [gameplay] Board=251cells/6colors d=+0 [DarkGreen:158, Brown:42, Orange:31, Red:10, DarkRed:8] | Queue=[FP stall=1 fp_top=0.95] | Holder=[_/_/_/_/_] (0/5) | 0.6s
[07:52:53]   -> TAP(524,1512) [[FP:0.95] Human pattern (delta=-9, id=3250)]
[07:52:56] T134: [gameplay] Board=251cells/6colors d=+0 [DarkGreen:158, Brown:42, Orange:31, Red:10, DarkRed:8] | Queue=[FP stall=2 fp_top=0.95] | Holder=[_/_/_/_/_] (0/5) | 0.6s
[07:52:56]   -> TAP(314,1495) [[FP:0.95] Human pattern (delta=-59, id=4165)]
[07:52:59] T135: [gameplay] Board=251cells/6colors d=+0 [DarkGreen:158, Brown:42, Orange:31, Red:10, DarkRed:8] | Queue=[FP stall=3 fp_top=0.95] | Holder=[_/_/_/_/_] (0/5) | 0.6s
[07:52:59]   -> TAP(732,1524) [[FP:0.95] Human pattern (delta=-20, id=3691)]
[07:53:03] T136: [gameplay] Board=251cells/6colors d=+0 [DarkGreen:158, Brown:42, Orange:31, Red:10, DarkRed:8] | Queue=[FP stall=4 fp_top=0.95] | Holder=[_/_/_/_/_] (0/5) | 0.6s
[07:53:03]   -> TAP(342,1656) [[FP:0.95] Human pattern (delta=-14, id=3702)]
[07:53:06]   [EXPLORE] Entering exploration mode (stall x5)
[07:53:06] T137: [gameplay] Board=251cells/6colors d=+0 [DarkGreen:158, Brown:42, Orange:31, Red:10, DarkRed:8] | Queue=[EXPLORE stall=5 fp_top=0.95] | Holder=[_/_/_/_/_] (0/5) | 0.7s
[07:53:06]   -> TAP(869,1653) [[EXPLORE:PlayDB] Tap (869,1653) human pattern #1]
[07:53:09]   [SESSION] Ended 2af96da0ff04: fail (19 turns, end_cells=251)
[07:53:09] T138: [fail] Multi-tap close/retry positions
[07:53:13] T139: [win] Multi-tap continue positions
[07:53:17] T140: [fail] HEARTS-EMPTY popup detected (pixel match). Waiting 900s for regen.
[07:53:18] T141: [fail] HEARTS WAIT: 899s remaining, sleeping in 5s chunks...
[07:53:49] T142: [fail] HEARTS WAIT: 868s remaining, sleeping in 5s chunks...
[07:54:20] T143: [fail] HEARTS WAIT: 837s remaining, sleeping in 5s chunks...
[07:54:50] T144: [fail] HEARTS WAIT: 806s remaining, sleeping in 5s chunks...
[07:55:21] T145: [fail] HEARTS WAIT: 776s remaining, sleeping in 5s chunks...
[07:55:52] T146: [fail] HEARTS WAIT: 745s remaining, sleeping in 5s chunks...
[07:56:23] T147: [fail] HEARTS WAIT: 714s remaining, sleeping in 5s chunks...
[07:56:54] T148: [fail] HEARTS WAIT: 683s remaining, sleeping in 5s chunks...
[07:57:25] T149: [fail] HEARTS WAIT: 652s remaining, sleeping in 5s chunks...
[07:57:56] T150: [fail] HEARTS WAIT: 621s remaining, sleeping in 5s chunks...
[07:58:27] T151: [fail] HEARTS WAIT: 590s remaining, sleeping in 5s chunks...
[07:58:57] T152: [fail] HEARTS WAIT: 559s remaining, sleeping in 5s chunks...
[07:59:28] T153: [fail] HEARTS WAIT: 529s remaining, sleeping in 5s chunks...
[07:59:59] T154: [fail] HEARTS WAIT: 498s remaining, sleeping in 5s chunks...
[08:00:30] T155: [fail] HEARTS WAIT: 467s remaining, sleeping in 5s chunks...
[08:01:01] T156: [fail] HEARTS WAIT: 436s remaining, sleeping in 5s chunks...
[08:01:31] T157: [fail] HEARTS WAIT: 405s remaining, sleeping in 5s chunks...
[08:02:02] T158: [fail] HEARTS WAIT: 374s remaining, sleeping in 5s chunks...
[08:02:33] T159: [fail] HEARTS WAIT: 344s remaining, sleeping in 5s chunks...
[08:03:04] T160: [fail] HEARTS WAIT: 313s remaining, sleeping in 5s chunks...
[08:03:35] T161: [fail] HEARTS WAIT: 282s remaining, sleeping in 5s chunks...
[08:04:06] T162: [fail] HEARTS WAIT: 251s remaining, sleeping in 5s chunks...
[08:04:37] T163: [fail] HEARTS WAIT: 220s remaining, sleeping in 5s chunks...
[08:05:08] T164: [fail] HEARTS WAIT: 189s remaining, sleeping in 5s chunks...
[08:05:39] T165: [fail] HEARTS WAIT: 158s remaining, sleeping in 5s chunks...
[08:06:10] T166: [fail] HEARTS WAIT: 127s remaining, sleeping in 5s chunks...
[08:06:41] T167: [fail] HEARTS WAIT: 96s remaining, sleeping in 5s chunks...
[08:07:11] T168: [fail] HEARTS WAIT: 65s remaining, sleeping in 5s chunks...
[08:07:42] T169: [fail] HEARTS WAIT: 35s remaining, sleeping in 5s chunks...
[08:08:13] T170: [fail] HEARTS WAIT: 4s remaining, sleeping in 5s chunks...
[08:08:19] T171: [fail] HEARTS-EMPTY popup detected (pixel match). Waiting 900s for regen.
[08:08:19] T172: [fail] HEARTS WAIT: 899s remaining, sleeping in 5s chunks...
[08:08:50] T173: [fail] HEARTS WAIT: 868s remaining, sleeping in 5s chunks...
[08:09:21] T174: [fail] HEARTS WAIT: 837s remaining, sleeping in 5s chunks...
[08:09:52] T175: [fail] HEARTS WAIT: 806s remaining, sleeping in 5s chunks...
[08:10:23] T176: [fail] HEARTS WAIT: 775s remaining, sleeping in 5s chunks...
[08:10:54] T177: [fail] HEARTS WAIT: 745s remaining, sleeping in 5s chunks...
[08:11:25] T178: [fail] HEARTS WAIT: 714s remaining, sleeping in 5s chunks...
[08:11:56] T179: [fail] HEARTS WAIT: 683s remaining, sleeping in 5s chunks...
[08:12:27] T180: [fail] HEARTS WAIT: 652s remaining, sleeping in 5s chunks...
[08:12:57] T181: [fail] HEARTS WAIT: 621s remaining, sleeping in 5s chunks...
[08:13:28] T182: [fail] HEARTS WAIT: 590s remaining, sleeping in 5s chunks...
[08:13:59] T183: [fail] HEARTS WAIT: 559s remaining, sleeping in 5s chunks...
[08:14:30] T184: [fail] HEARTS WAIT: 528s remaining, sleeping in 5s chunks...
[08:15:01] T185: [fail] HEARTS WAIT: 497s remaining, sleeping in 5s chunks...
[08:15:32] T186: [fail] HEARTS WAIT: 466s remaining, sleeping in 5s chunks...
[08:16:03] T187: [fail] HEARTS WAIT: 436s remaining, sleeping in 5s chunks...
[08:16:34] T188: [fail] HEARTS WAIT: 405s remaining, sleeping in 5s chunks...
[08:17:05] T189: [fail] HEARTS WAIT: 374s remaining, sleeping in 5s chunks...
[08:17:35] T190: [fail] HEARTS WAIT: 343s remaining, sleeping in 5s chunks...
[08:18:06] T191: [fail] HEARTS WAIT: 312s remaining, sleeping in 5s chunks...
[08:18:37] T192: [fail] HEARTS WAIT: 281s remaining, sleeping in 5s chunks...
[08:19:08] T193: [fail] HEARTS WAIT: 250s remaining, sleeping in 5s chunks...
[08:19:39] T194: [fail] HEARTS WAIT: 219s remaining, sleeping in 5s chunks...
[08:20:10] T195: [fail] HEARTS WAIT: 188s remaining, sleeping in 5s chunks...
[08:20:41] T196: [fail] HEARTS WAIT: 158s remaining, sleeping in 5s chunks...
[08:21:12] T197: [fail] HEARTS WAIT: 127s remaining, sleeping in 5s chunks...
[08:21:42] T198: [win] HEARTS WAIT: 96s remaining, sleeping in 5s chunks...
[08:22:13] T199: [win] HEARTS WAIT: 65s remaining, sleeping in 5s chunks...
[08:22:44] T200: [win] HEARTS WAIT: 34s remaining, sleeping in 5s chunks...
[08:23:15] T201: [win] HEARTS WAIT: 3s remaining, sleeping in 5s chunks...
[08:23:21] T202: [win] Multi-tap continue positions
[08:23:26]   [SESSION] Started 4766a45553ba (start_cells=277)
[08:23:26] T203: [gameplay] Board=277cells/6colors d=+0 [DarkGreen:195, Brown:36, Orange:26, DarkRed:12, Red:7] | Queue=[FP stall=0 fp_top=0.95] | Holder=[_/DarkGreen/DarkGreen/DarkGreen/DarkGreen] (4/5) | 0.6s
[08:23:26]   -> TAP(717,1495) [[FP:0.97] Human pattern (delta=-43, id=6857)]
[08:23:29] T204: [gameplay] Board=277cells/6colors d=+0 [DarkGreen:195, Brown:36, Orange:26, DarkRed:12, Red:7] | Queue=[FP stall=1 fp_top=0.95] | Holder=[_/DarkGreen/DarkGreen/DarkGreen/DarkGreen] (4/5) | 0.6s
[08:23:29]   -> TAP(316,1516) [[FP:0.97] Human pattern (delta=-28, id=4177)]
[08:23:33] T205: [gameplay] Board=277cells/6colors d=+0 [DarkGreen:195, Brown:36, Orange:26, DarkRed:12, Red:7] | Queue=[FP stall=2 fp_top=0.95] | Holder=[_/DarkGreen/DarkGreen/DarkGreen/DarkGreen] (4/5) | 0.6s
[08:23:33]   -> TAP(314,1495) [[FP:0.95] Human pattern (delta=-59, id=4165)]
[08:23:36] T206: [gameplay] Board=277cells/6colors d=+0 [DarkGreen:195, Brown:36, Orange:26, DarkRed:12, Red:7] | Queue=[FP stall=3 fp_top=0.95] | Holder=[_/DarkGreen/DarkGreen/DarkGreen/DarkGreen] (4/5) | 0.6s
[08:23:36]   -> TAP(696,1517) [[FP:0.97] Human pattern (delta=-40, id=6969)]
[08:23:39] T207: [gameplay] Board=277cells/6colors d=+0 [DarkGreen:195, Brown:36, Orange:26, DarkRed:12, Red:7] | Queue=[FP stall=4 fp_top=0.95] | Holder=[_/DarkGreen/DarkGreen/DarkGreen/DarkGreen] (4/5) | 0.6s
[08:23:39]   -> TAP(732,1524) [[FP:0.97] Human pattern (delta=-20, id=3691)]
[08:23:44] T208: [gameplay] Board=277cells/6colors d=+0 [DarkGreen:195, Brown:36, Orange:26, DarkRed:12, Red:7] | Queue=[EXPLORE stall=5 fp_top=0.95] | Holder=[_/DarkGreen/DarkGreen/DarkGreen/DarkGreen] (4/5) | 1.4s
[08:23:44]   -> TAP(627,1211) [[EXPLORE:PlayDB] Tap (627,1211) human pattern #2]
[08:23:46] T209: [gameplay] Board=277cells/6colors d=+0 [DarkGreen:195, Brown:36, Orange:26, DarkRed:12, Red:7] | Queue=[EXPLORE stall=6 fp_top=0.95] | Holder=[_/DarkGreen/DarkGreen/DarkGreen/DarkGreen] (4/5) | 0.8s
[08:23:46]   -> TAP(202,175) [[EXPLORE:PlayDB] Tap (202,175) human pattern #3]
[08:23:49] T210: [gameplay] Board=277cells/6colors d=+0 [DarkGreen:195, Brown:36, Orange:26, DarkRed:12, Red:7] | Queue=[EXPLORE stall=7 fp_top=0.95] | Holder=[_/DarkGreen/DarkGreen/DarkGreen/DarkGreen] (4/5) | 0.8s
[08:23:49]   -> TAP(817,1164) [[EXPLORE:PlayDB] Tap (817,1164) human pattern #4]
[08:23:52] T211: [gameplay] Board=277cells/6colors d=+0 [DarkGreen:195, Brown:36, Orange:26, DarkRed:12, Red:7] | Queue=[EXPLORE stall=8 fp_top=0.95] | Holder=[_/DarkGreen/DarkGreen/DarkGreen/DarkGreen] (4/5) | 0.7s
[08:23:52]   -> TAP(280,1500) [[EXPLORE:ZONE:0] Tap zone (280,1500)]
[08:23:55] T212: [gameplay] Board=277cells/6colors d=+0 [DarkGreen:195, Brown:36, Orange:26, DarkRed:12, Red:7] | Queue=[EXPLORE stall=9 fp_top=0.95] | Holder=[_/DarkGreen/DarkGreen/DarkGreen/DarkGreen] (4/5) | 0.7s
[08:23:55]   -> TAP(400,1500) [[EXPLORE:ZONE:1] Tap zone (400,1500)]
[08:23:58] T213: [gameplay] Board=277cells/6colors d=+0 [DarkGreen:195, Brown:36, Orange:26, DarkRed:12, Red:7] | Queue=[EXPLORE stall=10 fp_top=0.95] | Holder=[_/DarkGreen/DarkGreen/DarkGreen/DarkGreen] (4/5) | 0.7s
[08:23:58]   -> TAP(530,1500) [[EXPLORE:ZONE:2] Tap zone (530,1500)]
[08:24:01] T214: [gameplay] Board=279cells/6colors d=+2 [DarkGreen:195, Brown:36, Orange:26, DarkRed:12, Red:9] | Queue=[EXPLORE stall=9 fp_top=0.95] | Holder=[_/DarkRed/SageTeal/_/SageTeal] (3/5) | 0.7s
[08:24:01]   -> TAP(660,1500) [[EXPLORE:ZONE:3] Tap zone (660,1500)]
[08:24:04]   [LEARN] Explore tap (660,1500) WORKED! (d=-2)
[08:24:04] T215: [gameplay] Board=277cells/6colors d=-2 [DarkGreen:195, Brown:36, Orange:26, DarkRed:12, Red:7] | Queue=[FP stall=0 fp_top=0.95] | Holder=[_/DarkRed/_/_/_] (1/5) | 0.7s
[08:24:04]   -> TAP(717,1495) [[FP:0.97] Human pattern (delta=-43, id=6857)]
[08:24:08] T216: [gameplay] Board=243cells/6colors d=-34 [DarkGreen:161, Brown:36, Orange:26, DarkRed:12, Red:7] | Queue=[FP stall=0 fp_top=0.95] | Holder=[_/DarkRed/_/_/_] (1/5) | 0.6s
[08:24:08]   -> TAP(342,1656) [[FP:0.96] Human pattern (delta=-14, id=3702)]
[08:24:11] T217: [gameplay] Board=239cells/6colors d=-4 [DarkGreen:157, Brown:36, Orange:26, DarkRed:12, Red:7] | Queue=[FP stall=0 fp_top=0.95] | Holder=[_/DarkRed/_/_/_] (1/5) | 0.6s
[08:24:11]   -> TAP(524,1512) [[FP:0.96] Human pattern (delta=-9, id=3250)]
[08:24:14] T218: [gameplay] Board=239cells/6colors d=+0 [DarkGreen:157, Brown:36, Orange:26, DarkRed:12, Red:7] | Queue=[FP stall=1 fp_top=0.95] | Holder=[_/DarkRed/_/_/_] (1/5) | 0.6s
[08:24:14]   -> TAP(314,1495) [[FP:0.95] Human pattern (delta=-59, id=4165)]
[08:24:18] T219: [gameplay] Board=239cells/6colors d=+0 [DarkGreen:157, Brown:36, Orange:26, DarkRed:12, Red:7] | Queue=[FP stall=2 fp_top=0.95] | Holder=[_/DarkRed/_/_/_] (1/5) | 0.6s
[08:24:18]   -> TAP(696,1517) [[FP:0.96] Human pattern (delta=-40, id=6969)]
[08:24:22] T220: [gameplay] Board=239cells/6colors d=+0 [DarkGreen:157, Brown:36, Orange:26, DarkRed:12, Red:7] | Queue=[FP stall=3 fp_top=0.95] | Holder=[_/DarkRed/_/_/_] (1/5) | 0.8s
[08:24:22]   -> TAP(732,1524) [[FP:0.96] Human pattern (delta=-20, id=3691)]
[08:24:24]   [SESSION] Ended 4766a45553ba: fail (18 turns, end_cells=239)
[08:24:25] T221: [fail] Multi-tap close/retry positions
[08:24:29] T222: [win] Multi-tap continue positions
[08:24:33] T223: [fail] HEARTS-EMPTY popup detected (pixel match). Waiting 900s for regen.
[08:24:34] T224: [fail] HEARTS WAIT: 899s remaining, sleeping in 5s chunks...
[08:25:05] T225: [fail] HEARTS WAIT: 868s remaining, sleeping in 5s chunks...
[08:25:36] T226: [fail] HEARTS WAIT: 837s remaining, sleeping in 5s chunks...
[08:26:06] T227: [fail] HEARTS WAIT: 806s remaining, sleeping in 5s chunks...
[08:26:37] T228: [fail] HEARTS WAIT: 775s remaining, sleeping in 5s chunks...
[08:27:08] T229: [fail] HEARTS WAIT: 744s remaining, sleeping in 5s chunks...
[08:27:39] T230: [fail] HEARTS WAIT: 713s remaining, sleeping in 5s chunks...
[08:28:10] T231: [fail] HEARTS WAIT: 682s remaining, sleeping in 5s chunks...
[08:28:41] T232: [fail] HEARTS WAIT: 652s remaining, sleeping in 5s chunks...
[08:29:12] T233: [fail] HEARTS WAIT: 621s remaining, sleeping in 5s chunks...
[08:29:43] T234: [fail] HEARTS WAIT: 590s remaining, sleeping in 5s chunks...
[08:30:14] T235: [fail] HEARTS WAIT: 559s remaining, sleeping in 5s chunks...
[08:30:45] T236: [fail] HEARTS WAIT: 528s remaining, sleeping in 5s chunks...
[08:31:16] T237: [fail] HEARTS WAIT: 497s remaining, sleeping in 5s chunks...
[08:31:47] T238: [fail] HEARTS WAIT: 466s remaining, sleeping in 5s chunks...
[08:32:18] T239: [fail] HEARTS WAIT: 435s remaining, sleeping in 5s chunks...
[08:32:49] T240: [fail] HEARTS WAIT: 404s remaining, sleeping in 5s chunks...
[08:33:20] T241: [fail] HEARTS WAIT: 373s remaining, sleeping in 5s chunks...
[08:33:51] T242: [fail] HEARTS WAIT: 342s remaining, sleeping in 5s chunks...
[08:34:22] T243: [fail] HEARTS WAIT: 311s remaining, sleeping in 5s chunks...
[08:34:53] T244: [fail] HEARTS WAIT: 280s remaining, sleeping in 5s chunks...
[08:35:24] T245: [fail] HEARTS WAIT: 249s remaining, sleeping in 5s chunks...
[08:35:55] T246: [fail] HEARTS WAIT: 218s remaining, sleeping in 5s chunks...
[08:36:25] T247: [fail] HEARTS WAIT: 187s remaining, sleeping in 5s chunks...
[08:36:56] T248: [fail] HEARTS WAIT: 157s remaining, sleeping in 5s chunks...
[08:37:27] T249: [fail] HEARTS WAIT: 126s remaining, sleeping in 5s chunks...
[08:37:58] T250: [fail] HEARTS WAIT: 95s remaining, sleeping in 5s chunks...
[08:38:29] T251: [fail] HEARTS WAIT: 64s remaining, sleeping in 5s chunks...
[08:39:00] T252: [fail] HEARTS WAIT: 33s remaining, sleeping in 5s chunks...
[08:39:31] T253: [fail] HEARTS WAIT: 2s remaining, sleeping in 5s chunks...
[08:39:36] T254: [fail] HEARTS-EMPTY popup detected (pixel match). Waiting 900s for regen.
[08:39:37] T255: [fail] HEARTS WAIT: 899s remaining, sleeping in 5s chunks...
[08:40:08] T256: [fail] HEARTS WAIT: 868s remaining, sleeping in 5s chunks...
[08:40:38] T257: [fail] HEARTS WAIT: 837s remaining, sleeping in 5s chunks...
[08:41:09] T258: [fail] HEARTS WAIT: 806s remaining, sleeping in 5s chunks...
[08:41:40] T259: [fail] HEARTS WAIT: 776s remaining, sleeping in 5s chunks...
[08:42:11] T260: [fail] HEARTS WAIT: 745s remaining, sleeping in 5s chunks...
[08:42:42] T261: [fail] HEARTS WAIT: 714s remaining, sleeping in 5s chunks...
[08:43:13] T262: [fail] HEARTS WAIT: 683s remaining, sleeping in 5s chunks...
[08:43:43] T263: [fail] HEARTS WAIT: 652s remaining, sleeping in 5s chunks...
[08:44:14] T264: [fail] HEARTS WAIT: 621s remaining, sleeping in 5s chunks...
[08:44:45] T265: [fail] HEARTS WAIT: 590s remaining, sleeping in 5s chunks...
[08:45:16] T266: [fail] HEARTS WAIT: 560s remaining, sleeping in 5s chunks...
[08:45:47] T267: [fail] HEARTS WAIT: 529s remaining, sleeping in 5s chunks...
[08:46:18] T268: [fail] HEARTS WAIT: 498s remaining, sleeping in 5s chunks...
[08:46:49] T269: [fail] HEARTS WAIT: 467s remaining, sleeping in 5s chunks...
[08:47:19] T270: [fail] HEARTS WAIT: 436s remaining, sleeping in 5s chunks...
[08:47:50] T271: [fail] HEARTS WAIT: 406s remaining, sleeping in 5s chunks...
[08:48:21] T272: [fail] HEARTS WAIT: 375s remaining, sleeping in 5s chunks...
[08:48:52] T273: [fail] HEARTS WAIT: 344s remaining, sleeping in 5s chunks...
[08:49:23] T274: [fail] HEARTS WAIT: 313s remaining, sleeping in 5s chunks...
[08:49:53] T275: [fail] HEARTS WAIT: 282s remaining, sleeping in 5s chunks...
[08:50:24] T276: [fail] HEARTS WAIT: 251s remaining, sleeping in 5s chunks...
[08:50:55] T277: [fail] HEARTS WAIT: 221s remaining, sleeping in 5s chunks...
[08:51:26] T278: [win] HEARTS WAIT: 190s remaining, sleeping in 5s chunks...
[08:51:57] T279: [win] HEARTS WAIT: 159s remaining, sleeping in 5s chunks...
[08:52:28] T280: [win] HEARTS WAIT: 128s remaining, sleeping in 5s chunks...
[08:52:59] T281: [win] HEARTS WAIT: 97s remaining, sleeping in 5s chunks...
[08:53:29] T282: [win] HEARTS WAIT: 66s remaining, sleeping in 5s chunks...
[08:54:00] T283: [win] HEARTS WAIT: 35s remaining, sleeping in 5s chunks...
[08:54:31] T284: [win] HEARTS WAIT: 4s remaining, sleeping in 5s chunks...
[08:54:37] T285: [win] Multi-tap continue positions
[08:54:42]   [SESSION] Started 0277b355678c (start_cells=290)
[08:54:42] T286: [gameplay] Board=290cells/6colors d=+0 [DarkGreen:202, Brown:36, Orange:28, DarkRed:14, Red:6] | Queue=[FP stall=0 fp_top=0.97] | Holder=[_/DarkGreen/DarkGreen/DarkGreen/DarkGreen] (4/5) | 0.6s
[08:54:42]   -> TAP(717,1495) [[FP:0.97] Human pattern (delta=-43, id=6857)]
[08:54:45] T287: [gameplay] Board=290cells/6colors d=+0 [DarkGreen:202, Brown:36, Orange:28, DarkRed:14, Red:6] | Queue=[FP stall=1 fp_top=0.97] | Holder=[_/DarkGreen/DarkGreen/DarkGreen/DarkGreen] (4/5) | 0.6s
[08:54:45]   -> TAP(342,1656) [[FP:0.97] Human pattern (delta=-14, id=3702)]
[08:54:48] T288: [gameplay] Board=290cells/6colors d=+0 [DarkGreen:202, Brown:36, Orange:28, DarkRed:14, Red:6] | Queue=[FP stall=2 fp_top=0.97] | Holder=[_/DarkGreen/DarkGreen/DarkGreen/DarkGreen] (4/5) | 0.6s
[08:54:48]   -> TAP(316,1516) [[FP:0.97] Human pattern (delta=-28, id=4177)]
[08:54:52] T289: [gameplay] Board=290cells/6colors d=+0 [DarkGreen:202, Brown:36, Orange:28, DarkRed:14, Red:6] | Queue=[FP stall=3 fp_top=0.97] | Holder=[_/DarkGreen/DarkGreen/DarkGreen/DarkGreen] (4/5) | 0.6s
[08:54:52]   -> TAP(524,1512) [[FP:0.97] Human pattern (delta=-9, id=3250)]
[08:54:55] T290: [gameplay] Board=290cells/6colors d=+0 [DarkGreen:202, Brown:36, Orange:28, DarkRed:14, Red:6] | Queue=[FP stall=4 fp_top=0.97] | Holder=[_/DarkRed/SageTeal/SageTeal/SageTeal] (4/5) | 0.6s
[08:54:55]   -> TAP(723,1537) [[FP:0.97] Human pattern (delta=-37, id=3699)]
[08:54:58]   [EXPLORE] Entering exploration mode (stall x5)
[08:54:59] T291: [gameplay] Board=290cells/6colors d=+0 [DarkGreen:202, Brown:36, Orange:28, DarkRed:14, Red:6] | Queue=[EXPLORE stall=5 fp_top=0.97] | Holder=[_/DarkRed/_/_/_] (1/5) | 0.7s
[08:54:59]   -> TAP(869,1653) [[EXPLORE:PlayDB] Tap (869,1653) human pattern #1]
[08:55:01]   [LEARN] Explore tap (869,1653) WORKED! (d=-33)
[08:55:01] T292: [gameplay] Board=257cells/6colors d=-33 [DarkGreen:169, Brown:36, Orange:28, DarkRed:14, Red:6] | Queue=[FP stall=0 fp_top=0.95] | Holder=[_/DarkRed/_/_/_] (1/5) | 0.6s
[08:55:01]   -> TAP(314,1495) [[FP:0.95] Human pattern (delta=-59, id=4165)]
[08:55:05] T293: [gameplay] Board=253cells/6colors d=-4 [DarkGreen:165, Brown:36, Orange:28, DarkRed:14, Red:6] | Queue=[FP stall=0 fp_top=0.95] | Holder=[_/DarkRed/_/_/_] (1/5) | 0.6s
[08:55:05]   -> TAP(342,1656) [[FP:0.96] Human pattern (delta=-14, id=3702)]
[08:55:08] T294: [gameplay] Board=253cells/6colors d=+0 [DarkGreen:165, Brown:36, Orange:28, DarkRed:14, Red:6] | Queue=[FP stall=1 fp_top=0.95] | Holder=[_/DarkRed/_/_/_] (1/5) | 0.6s
[08:55:08]   -> TAP(696,1517) [[FP:0.96] Human pattern (delta=-40, id=6969)]
[08:55:12] T295: [gameplay] Board=253cells/6colors d=+0 [DarkGreen:165, Brown:36, Orange:28, DarkRed:14, Red:6] | Queue=[FP stall=2 fp_top=0.95] | Holder=[_/DarkRed/_/_/_] (1/5) | 0.6s
[08:55:12]   -> TAP(524,1512) [[FP:0.96] Human pattern (delta=-9, id=3250)]
[08:55:15] T296: [gameplay] Board=253cells/6colors d=+0 [DarkGreen:165, Brown:36, Orange:28, DarkRed:14, Red:6] | Queue=[FP stall=3 fp_top=0.95] | Holder=[_/DarkRed/_/_/_] (1/5) | 0.6s
[08:55:15]   -> TAP(316,1516) [[FP:0.97] Human pattern (delta=-28, id=4177)]
[08:55:18] T297: [gameplay] Board=253cells/6colors d=+0 [DarkGreen:165, Brown:36, Orange:28, DarkRed:14, Red:6] | Queue=[FP stall=4 fp_top=0.95] | Holder=[_/DarkRed/_/_/_] (1/5) | 0.7s
[08:55:18]   -> TAP(732,1524) [[FP:0.96] Human pattern (delta=-20, id=3691)]
[08:55:22]   [EXPLORE] Entering exploration mode (stall x5)
[08:55:22] T298: [gameplay] Board=253cells/6colors d=+0 [DarkGreen:165, Brown:36, Orange:28, DarkRed:14, Red:6] | Queue=[EXPLORE stall=5 fp_top=0.95] | Holder=[_/DarkRed/_/_/_] (1/5) | 0.8s
[08:55:22]   -> TAP(869,1653) [[EXPLORE:PlayDB] Tap (869,1653) human pattern #1]
[08:55:25] T299: [gameplay] Board=253cells/6colors d=+0 [DarkGreen:165, Brown:36, Orange:28, DarkRed:14, Red:6] | Queue=[EXPLORE stall=6 fp_top=0.95] | Holder=[_/DarkRed/_/_/_] (1/5) | 0.8s
[08:55:25]   -> TAP(627,1211) [[EXPLORE:PlayDB] Tap (627,1211) human pattern #2]
[08:55:27]   [SESSION] Ended 0277b355678c: fail (14 turns, end_cells=253)
[08:55:27] T300: [fail] Multi-tap close/retry positions
[08:55:32] T301: [win] Multi-tap continue positions
[08:55:36] T302: [fail] HEARTS-EMPTY popup detected (pixel match). Waiting 900s for regen.
[08:55:36] T303: [fail] HEARTS WAIT: 899s remaining, sleeping in 5s chunks...
[08:56:07] T304: [fail] HEARTS WAIT: 868s remaining, sleeping in 5s chunks...
[08:56:38] T305: [fail] HEARTS WAIT: 837s remaining, sleeping in 5s chunks...
[08:57:09] T306: [fail] HEARTS WAIT: 806s remaining, sleeping in 5s chunks...
[08:57:40] T307: [fail] HEARTS WAIT: 775s remaining, sleeping in 5s chunks...
[08:58:11] T308: [fail] HEARTS WAIT: 745s remaining, sleeping in 5s chunks...
[08:58:41] T309: [fail] HEARTS WAIT: 714s remaining, sleeping in 5s chunks...
[08:59:12] T310: [fail] HEARTS WAIT: 683s remaining, sleeping in 5s chunks...
[08:59:43] T311: [fail] HEARTS WAIT: 652s remaining, sleeping in 5s chunks...
[09:00:14] T312: [fail] HEARTS WAIT: 621s remaining, sleeping in 5s chunks...
[09:00:45] T313: [fail] HEARTS WAIT: 590s remaining, sleeping in 5s chunks...
[09:01:15] T314: [fail] HEARTS WAIT: 560s remaining, sleeping in 5s chunks...
[09:01:46] T315: [fail] HEARTS WAIT: 529s remaining, sleeping in 5s chunks...
[09:02:17] T316: [fail] HEARTS WAIT: 498s remaining, sleeping in 5s chunks...
[09:02:48] T317: [fail] HEARTS WAIT: 467s remaining, sleeping in 5s chunks...
[09:03:19] T318: [fail] HEARTS WAIT: 436s remaining, sleeping in 5s chunks...
[09:03:50] T319: [fail] HEARTS WAIT: 405s remaining, sleeping in 5s chunks...
[09:04:21] T320: [fail] HEARTS WAIT: 374s remaining, sleeping in 5s chunks...
[09:04:52] T321: [fail] HEARTS WAIT: 344s remaining, sleeping in 5s chunks...
[09:05:23] T322: [fail] HEARTS WAIT: 313s remaining, sleeping in 5s chunks...
[09:05:53] 
[09:05:53] ============================================================
[09:05:53] SESSION COMPLETE
[09:05:53] ============================================================
[09:05:53] Total turns:   322
[09:05:53] Games started: 1
[09:05:53] Games won:     7
[09:05:53] Games failed:  4
[09:05:53] AI Play DB: E:\AI\virtual_player\data\db\ai_play_pixelflow.db
[09:05:53] Fingerprint DB: E:\AI\virtual_player\data\pixelflow\db\fingerprint.db (loaded)
[09:05:53] Stats saved: E:\AI\virtual_player\data\games\pixelflow\temp\smart\smart_stats.json
