[00:54:59] ============================================================
[00:54:59] Smart PixelFlow Player START
[00:54:59] Duration: 120 min | Target: 02:54:59
[00:54:59] ADB: C:/Program Files/BlueStacks_nxt/HD-Adb.exe | Device: emulator-5554
[00:54:59] YOLO: best.pt
[00:54:59] Profile: cell_profile.json
[FingerprintSearcher] Loaded 4891 rows (win_only=True)
[00:55:00] Fingerprint DB: fingerprint.db (loaded)
[00:55:00] FP threshold: 0.8, top_k: 5
[00:55:00] ============================================================
[00:55:10] T1: [lobby] Hardcoded play button (540,1450)
[00:55:13]   [SESSION] Started f04262cf5848 (start_cells=293)
[00:55:13] T2: [gameplay] Board=293cells/5colors d=+0 [DarkGreen:212, Brown:38, Orange:25, DarkRed:12, Red:6] | Queue=[FP stall=0 fp_top=0.98] | Holder=[_/DarkGreen/DarkGreen/DarkGreen/DarkGreen] (4/5) | 0.8s
[00:55:13]   -> TAP(717,1495) [[FP:0.98] Human pattern (delta=-43, id=6857)]
[00:55:16] T3: [gameplay] Board=293cells/5colors d=+0 [DarkGreen:212, Brown:38, Orange:25, DarkRed:12, Red:6] | Queue=[FP stall=1 fp_top=0.98] | Holder=[_/DarkGreen/DarkGreen/DarkGreen/DarkGreen] (4/5) | 0.6s
[00:55:16]   -> TAP(723,1537) [[FP:0.98] Human pattern (delta=-37, id=3699)]
[00:55:19] T4: [gameplay] Board=293cells/5colors d=+0 [DarkGreen:212, Brown:38, Orange:25, DarkRed:12, Red:6] | Queue=[FP stall=2 fp_top=0.98] | Holder=[_/DarkGreen/DarkGreen/DarkGreen/DarkGreen] (4/5) | 0.5s
[00:55:19]   -> TAP(696,1517) [[FP:0.98] Human pattern (delta=-40, id=6969)]
[00:55:23] T5: [gameplay] Board=293cells/5colors d=+0 [DarkGreen:212, Brown:38, Orange:25, DarkRed:12, Red:6] | Queue=[FP stall=3 fp_top=0.98] | Holder=[_/DarkGreen/DarkGreen/DarkGreen/DarkGreen] (4/5) | 0.5s
[00:55:23]   -> TAP(732,1524) [[FP:0.97] Human pattern (delta=-20, id=3691)]
[00:55:26] T6: [gameplay] Board=293cells/5colors d=+0 [DarkGreen:212, Brown:38, Orange:25, DarkRed:12, Red:6] | Queue=[FP stall=4 fp_top=0.98] | Holder=[_/DarkGreen/DarkGreen/DarkGreen/DarkGreen] (4/5) | 0.5s
[00:55:26]   -> TAP(717,1495) [[FP:0.98] Human pattern (delta=-43, id=6857)]
[00:55:29]   [EXPLORE] Entering exploration mode (stall x5)
[00:55:30] T7: [gameplay] Board=293cells/5colors d=+0 [DarkGreen:212, Brown:38, Orange:25, DarkRed:12, Red:6] | Queue=[EXPLORE stall=5 fp_top=0.98] | Holder=[_/DarkGreen/DarkGreen/DarkGreen/DarkGreen] (4/5) | 1.2s
[00:55:30]   -> TAP(876,1784) [[EXPLORE:AI_DB] Tap (876,1784) conf=0.50]
[00:55:32]   [SESSION] Ended f04262cf5848: win (6 turns, end_cells=293)
[00:55:32] T8: [win] Multi-tap continue positions
[00:55:36] T9: [fail] Multi-tap close/retry positions
[00:55:40] T10: [popup] Multi-tap close/retry positions
[00:55:44] T11: [popup] Multi-tap close/retry positions
[00:55:49] T12: [popup] Multi-tap close/retry positions
[00:55:53] T13: POPUP LOOP (popup), relaunch
[00:56:06] T14: [loading] PlayDB: 3 patterns, trying top 2
[00:56:10] T15: [loading] PlayDB: 3 patterns, trying top 2
[00:56:14] T16: [lobby] Hardcoded play button (540,1450)
[00:56:17] T17: [fail] HEARTS-EMPTY popup detected (pixel match). Waiting 900s for regen.
[00:56:17] T18: [fail] HEARTS WAIT: 899s remaining, sleeping in 5s chunks...
[00:56:48] T19: [fail] HEARTS WAIT: 868s remaining, sleeping in 5s chunks...
[00:57:19] T20: [fail] HEARTS WAIT: 838s remaining, sleeping in 5s chunks...
[00:57:50] T21: [fail] HEARTS WAIT: 807s remaining, sleeping in 5s chunks...
[00:58:20] T22: [fail] HEARTS WAIT: 776s remaining, sleeping in 5s chunks...
[00:58:51] T23: [fail] HEARTS WAIT: 745s remaining, sleeping in 5s chunks...
[00:59:22] T24: [fail] HEARTS WAIT: 715s remaining, sleeping in 5s chunks...
[00:59:53] T25: [fail] HEARTS WAIT: 684s remaining, sleeping in 5s chunks...
[01:00:23] T26: [fail] HEARTS WAIT: 653s remaining, sleeping in 5s chunks...
[01:00:54] T27: [fail] HEARTS WAIT: 622s remaining, sleeping in 5s chunks...
[01:01:25] T28: [fail] HEARTS WAIT: 591s remaining, sleeping in 5s chunks...
[01:01:56] T29: [fail] HEARTS WAIT: 560s remaining, sleeping in 5s chunks...
[01:02:27] T30: [fail] HEARTS WAIT: 529s remaining, sleeping in 5s chunks...
[01:02:58] T31: [fail] HEARTS WAIT: 499s remaining, sleeping in 5s chunks...
[01:03:28] T32: [fail] HEARTS WAIT: 468s remaining, sleeping in 5s chunks...
[01:03:59] T33: [fail] HEARTS WAIT: 437s remaining, sleeping in 5s chunks...
[01:04:30] T34: [fail] HEARTS WAIT: 406s remaining, sleeping in 5s chunks...
[01:05:01] T35: [fail] HEARTS WAIT: 375s remaining, sleeping in 5s chunks...
[01:05:32] T36: [fail] HEARTS WAIT: 344s remaining, sleeping in 5s chunks...
[01:06:03] T37: [fail] HEARTS WAIT: 314s remaining, sleeping in 5s chunks...
[01:06:33] T38: [fail] HEARTS WAIT: 283s remaining, sleeping in 5s chunks...
[01:07:04] T39: [fail] HEARTS WAIT: 252s remaining, sleeping in 5s chunks...
[01:07:35] T40: [fail] HEARTS WAIT: 221s remaining, sleeping in 5s chunks...
[01:08:06] T41: [fail] HEARTS WAIT: 190s remaining, sleeping in 5s chunks...
[01:08:37] T42: [fail] HEARTS WAIT: 159s remaining, sleeping in 5s chunks...
[01:09:08] T43: [fail] HEARTS WAIT: 129s remaining, sleeping in 5s chunks...
[01:09:38] T44: [fail] HEARTS WAIT: 98s remaining, sleeping in 5s chunks...
[01:10:09] T45: [fail] HEARTS WAIT: 67s remaining, sleeping in 5s chunks...
[01:10:40] T46: [fail] HEARTS WAIT: 36s remaining, sleeping in 5s chunks...
[01:11:11] T47: [fail] HEARTS WAIT: 5s remaining, sleeping in 5s chunks...
[01:11:16] T48: [fail] HEARTS-EMPTY popup detected (pixel match). Waiting 900s for regen.
[01:11:17] T49: [fail] HEARTS WAIT: 899s remaining, sleeping in 5s chunks...
[01:11:47] T50: [fail] HEARTS WAIT: 868s remaining, sleeping in 5s chunks...
[01:12:18] T51: [fail] HEARTS WAIT: 837s remaining, sleeping in 5s chunks...
[01:12:49] T52: [fail] HEARTS WAIT: 806s remaining, sleeping in 5s chunks...
[01:13:20] T53: [fail] HEARTS WAIT: 776s remaining, sleeping in 5s chunks...
[01:13:51] T54: [fail] HEARTS WAIT: 745s remaining, sleeping in 5s chunks...
[01:14:22] T55: [fail] HEARTS WAIT: 714s remaining, sleeping in 5s chunks...
[01:14:52] T56: [fail] HEARTS WAIT: 683s remaining, sleeping in 5s chunks...
[01:15:23] T57: [fail] HEARTS WAIT: 652s remaining, sleeping in 5s chunks...
[01:15:54] T58: [fail] HEARTS WAIT: 622s remaining, sleeping in 5s chunks...
[01:16:25] T59: [fail] HEARTS WAIT: 591s remaining, sleeping in 5s chunks...
[01:16:56] T60: [fail] HEARTS WAIT: 560s remaining, sleeping in 5s chunks...
[01:17:27] T61: [fail] HEARTS WAIT: 529s remaining, sleeping in 5s chunks...
[01:17:57] T62: [fail] HEARTS WAIT: 498s remaining, sleeping in 5s chunks...
[01:18:28] T63: [fail] HEARTS WAIT: 468s remaining, sleeping in 5s chunks...
[01:18:59] T64: [fail] HEARTS WAIT: 437s remaining, sleeping in 5s chunks...
[01:19:30] T65: [fail] HEARTS WAIT: 406s remaining, sleeping in 5s chunks...
[01:20:01] T66: [fail] HEARTS WAIT: 375s remaining, sleeping in 5s chunks...
[01:20:31] T67: [fail] HEARTS WAIT: 344s remaining, sleeping in 5s chunks...
[01:21:02] T68: [fail] HEARTS WAIT: 314s remaining, sleeping in 5s chunks...
[01:21:33] T69: [lobby] HEARTS WAIT: 283s remaining, sleeping in 5s chunks...
[01:22:04] T70: [lobby] HEARTS WAIT: 252s remaining, sleeping in 5s chunks...
[01:22:35] T71: [lobby] HEARTS WAIT: 220s remaining, sleeping in 5s chunks...
[01:23:06] T72: [lobby] HEARTS WAIT: 190s remaining, sleeping in 5s chunks...
[01:23:37] T73: [lobby] HEARTS WAIT: 159s remaining, sleeping in 5s chunks...
[01:24:08] T74: [lobby] HEARTS WAIT: 128s remaining, sleeping in 5s chunks...
[01:24:39] T75: [lobby] HEARTS WAIT: 97s remaining, sleeping in 5s chunks...
[01:25:10] T76: [lobby] HEARTS WAIT: 66s remaining, sleeping in 5s chunks...
[01:25:41] T77: [lobby] HEARTS WAIT: 35s remaining, sleeping in 5s chunks...
[01:26:12] T78: [lobby] HEARTS WAIT: 4s remaining, sleeping in 5s chunks...
[01:26:18] T79: [lobby] Hardcoded play button (540,1450)
[01:26:21]   [SESSION] Started f7bee5dfcf29 (start_cells=293)
[01:26:21] T80: [gameplay] Board=293cells/5colors d=+0 [DarkGreen:206, Brown:40, Orange:20, Red:19, DarkRed:8] | Queue=[FP stall=0 fp_top=0.97] | Holder=[_/DarkGreen/DarkGreen/DarkGreen/DarkGreen] (4/5) | 0.5s
[01:26:21]   -> TAP(316,1516) [[FP:0.97] Human pattern (delta=-28, id=4177)]
[01:26:24] T81: [gameplay] Board=293cells/5colors d=+0 [DarkGreen:206, Brown:40, Orange:20, Red:19, DarkRed:8] | Queue=[FP stall=1 fp_top=0.97] | Holder=[_/DarkGreen/DarkGreen/DarkGreen/DarkGreen] (4/5) | 0.5s
[01:26:24]   -> TAP(696,1517) [[FP:0.97] Human pattern (delta=-40, id=6969)]
[01:26:27] T82: [gameplay] Board=293cells/5colors d=+0 [DarkGreen:206, Brown:40, Orange:20, Red:19, DarkRed:8] | Queue=[FP stall=2 fp_top=0.97] | Holder=[_/DarkGreen/DarkGreen/DarkGreen/DarkGreen] (4/5) | 0.5s
[01:26:27]   -> TAP(723,1537) [[FP:0.97] Human pattern (delta=-37, id=3699)]
[01:26:30] T83: [gameplay] Board=293cells/5colors d=+0 [DarkGreen:206, Brown:40, Orange:20, Red:19, DarkRed:8] | Queue=[FP stall=3 fp_top=0.97] | Holder=[_/DarkGreen/DarkGreen/DarkGreen/DarkGreen] (4/5) | 0.6s
[01:26:30]   -> TAP(316,1516) [[FP:0.97] Human pattern (delta=-28, id=4177)]
[01:26:33] T84: [gameplay] Board=293cells/5colors d=+0 [DarkGreen:206, Brown:40, Orange:20, Red:19, DarkRed:8] | Queue=[FP stall=4 fp_top=0.97] | Holder=[_/DarkGreen/DarkGreen/DarkGreen/DarkGreen] (4/5) | 0.5s
[01:26:33]   -> TAP(717,1495) [[FP:0.97] Human pattern (delta=-43, id=6857)]
[01:26:37] T85: [gameplay] Board=293cells/5colors d=+0 [DarkGreen:206, Brown:40, Orange:20, Red:19, DarkRed:8] | Queue=[EXPLORE stall=5 fp_top=0.97] | Holder=[_/DarkGreen/DarkGreen/DarkGreen/DarkGreen] (4/5) | 0.6s
[01:26:37]   -> TAP(869,1653) [[EXPLORE:PlayDB] Tap (869,1653) human pattern #1]
[01:26:40] T86: [gameplay] Board=293cells/5colors d=+0 [DarkGreen:206, Brown:40, Orange:20, Red:19, DarkRed:8] | Queue=[EXPLORE stall=6 fp_top=0.97] | Holder=[_/DarkGreen/DarkGreen/DarkGreen/DarkGreen] (4/5) | 0.6s
[01:26:40]   -> TAP(876,1784) [[EXPLORE:PlayDB] Tap (876,1784) human pattern #2]
[01:26:42]   [SESSION] Ended f7bee5dfcf29: fail (7 turns, end_cells=293)
[01:26:42] T87: [fail] Multi-tap close/retry positions
[01:26:46] T88: [popup] Multi-tap close/retry positions
[01:26:51] T89: [popup] Multi-tap close/retry positions
[01:26:55] T90: [popup] Multi-tap close/retry positions
[01:26:59] T91: POPUP LOOP (popup), relaunch
[01:27:11] T92: [loading] PlayDB: 3 patterns, trying top 2
[01:27:16] T93: [loading] PlayDB: 3 patterns, trying top 2
[01:27:20] T94: [lobby] Hardcoded play button (540,1450)
[01:27:23] T95: [fail] HEARTS-EMPTY popup detected (pixel match). Waiting 900s for regen.
[01:27:23] T96: [fail] HEARTS WAIT: 899s remaining, sleeping in 5s chunks...
[01:27:54] T97: [fail] HEARTS WAIT: 868s remaining, sleeping in 5s chunks...
[01:28:25] T98: [fail] HEARTS WAIT: 837s remaining, sleeping in 5s chunks...
[01:28:56] T99: [fail] HEARTS WAIT: 807s remaining, sleeping in 5s chunks...
[01:29:27] T100: [fail] HEARTS WAIT: 776s remaining, sleeping in 5s chunks...
[01:29:57] T101: [fail] HEARTS WAIT: 745s remaining, sleeping in 5s chunks...
[01:30:28] T102: [fail] HEARTS WAIT: 714s remaining, sleeping in 5s chunks...
[01:30:59] T103: [fail] HEARTS WAIT: 683s remaining, sleeping in 5s chunks...
[01:31:30] T104: [fail] HEARTS WAIT: 653s remaining, sleeping in 5s chunks...
[01:32:01] T105: [fail] HEARTS WAIT: 622s remaining, sleeping in 5s chunks...
[01:32:31] T106: [fail] HEARTS WAIT: 591s remaining, sleeping in 5s chunks...
[01:33:02] T107: [fail] HEARTS WAIT: 560s remaining, sleeping in 5s chunks...
[01:33:33] T108: [fail] HEARTS WAIT: 529s remaining, sleeping in 5s chunks...
[01:34:03] T109: [fail] HEARTS WAIT: 499s remaining, sleeping in 5s chunks...
[01:34:34] T110: [fail] HEARTS WAIT: 468s remaining, sleeping in 5s chunks...
[01:35:05] T111: [fail] HEARTS WAIT: 437s remaining, sleeping in 5s chunks...
[01:35:36] T112: [fail] HEARTS WAIT: 406s remaining, sleeping in 5s chunks...
[01:36:07] T113: [fail] HEARTS WAIT: 375s remaining, sleeping in 5s chunks...
[01:36:37] T114: [fail] HEARTS WAIT: 345s remaining, sleeping in 5s chunks...
[01:37:08] T115: [fail] HEARTS WAIT: 314s remaining, sleeping in 5s chunks...
[01:37:39] T116: [fail] HEARTS WAIT: 283s remaining, sleeping in 5s chunks...
[01:38:10] T117: [fail] HEARTS WAIT: 252s remaining, sleeping in 5s chunks...
[01:38:41] T118: [fail] HEARTS WAIT: 221s remaining, sleeping in 5s chunks...
[01:39:12] T119: [fail] HEARTS WAIT: 190s remaining, sleeping in 5s chunks...
[01:39:43] T120: [fail] HEARTS WAIT: 160s remaining, sleeping in 5s chunks...
[01:40:13] T121: [fail] HEARTS WAIT: 129s remaining, sleeping in 5s chunks...
[01:40:44] T122: [fail] HEARTS WAIT: 98s remaining, sleeping in 5s chunks...
[01:41:15] T123: [fail] HEARTS WAIT: 67s remaining, sleeping in 5s chunks...
[01:41:46] T124: [fail] HEARTS WAIT: 36s remaining, sleeping in 5s chunks...
[01:42:17] T125: [fail] HEARTS WAIT: 5s remaining, sleeping in 5s chunks...
[01:42:23] T126: [fail] HEARTS-EMPTY popup detected (pixel match). Waiting 900s for regen.
[01:42:23] T127: [fail] HEARTS WAIT: 899s remaining, sleeping in 5s chunks...
[01:42:54] T128: [fail] HEARTS WAIT: 868s remaining, sleeping in 5s chunks...
[01:43:25] T129: [fail] HEARTS WAIT: 837s remaining, sleeping in 5s chunks...
[01:43:56] T130: [fail] HEARTS WAIT: 807s remaining, sleeping in 5s chunks...
[01:44:26] T131: [fail] HEARTS WAIT: 776s remaining, sleeping in 5s chunks...
[01:44:57] T132: [fail] HEARTS WAIT: 745s remaining, sleeping in 5s chunks...
[01:45:28] T133: [fail] HEARTS WAIT: 714s remaining, sleeping in 5s chunks...
[01:45:59] T134: [fail] HEARTS WAIT: 683s remaining, sleeping in 5s chunks...
[01:46:30] T135: [fail] HEARTS WAIT: 652s remaining, sleeping in 5s chunks...
[01:47:01] T136: [fail] HEARTS WAIT: 621s remaining, sleeping in 5s chunks...
[01:47:31] T137: [fail] HEARTS WAIT: 591s remaining, sleeping in 5s chunks...
[01:48:02] T138: [fail] HEARTS WAIT: 560s remaining, sleeping in 5s chunks...
[01:48:33] T139: [fail] HEARTS WAIT: 529s remaining, sleeping in 5s chunks...
[01:49:04] T140: [fail] HEARTS WAIT: 498s remaining, sleeping in 5s chunks...
[01:49:35] T141: [fail] HEARTS WAIT: 467s remaining, sleeping in 5s chunks...
[01:50:06] T142: [fail] HEARTS WAIT: 436s remaining, sleeping in 5s chunks...
[01:50:36] T143: [fail] HEARTS WAIT: 406s remaining, sleeping in 5s chunks...
[01:51:07] T144: [fail] HEARTS WAIT: 375s remaining, sleeping in 5s chunks...
[01:51:38] T145: [lobby] HEARTS WAIT: 344s remaining, sleeping in 5s chunks...
[01:52:09] T146: [lobby] HEARTS WAIT: 313s remaining, sleeping in 5s chunks...
[01:52:40] T147: [lobby] HEARTS WAIT: 282s remaining, sleeping in 5s chunks...
[01:53:11] T148: [lobby] HEARTS WAIT: 251s remaining, sleeping in 5s chunks...
[01:53:42] T149: [lobby] HEARTS WAIT: 220s remaining, sleeping in 5s chunks...
[01:54:13] T150: [lobby] HEARTS WAIT: 189s remaining, sleeping in 5s chunks...
[01:54:44] T151: [lobby] HEARTS WAIT: 158s remaining, sleeping in 5s chunks...
[01:55:15] T152: [lobby] HEARTS WAIT: 127s remaining, sleeping in 5s chunks...
[01:55:46] T153: [lobby] HEARTS WAIT: 96s remaining, sleeping in 5s chunks...
[01:56:17] T154: [lobby] HEARTS WAIT: 65s remaining, sleeping in 5s chunks...
[01:56:48] T155: [lobby] HEARTS WAIT: 34s remaining, sleeping in 5s chunks...
[01:57:19] T156: [lobby] HEARTS WAIT: 3s remaining, sleeping in 5s chunks...
[01:57:25] T157: [lobby] Hardcoded play button (540,1450)
[01:57:28]   [SESSION] Started 66685dbba90c (start_cells=286)
[01:57:28] T158: [gameplay] Board=286cells/6colors d=+0 [DarkGreen:203, Brown:31, Orange:28, DarkRed:12, Red:6] | Queue=[FP stall=0 fp_top=0.98] | Holder=[_/DarkGreen/DarkGreen/DarkGreen/DarkGreen] (4/5) | 0.5s
[01:57:28]   -> TAP(342,1656) [[FP:0.98] Human pattern (delta=-14, id=3702)]
[01:57:31] T159: [gameplay] Board=286cells/6colors d=+0 [DarkGreen:203, Brown:31, Orange:28, DarkRed:12, Red:6] | Queue=[FP stall=1 fp_top=0.98] | Holder=[_/DarkGreen/DarkGreen/DarkGreen/DarkGreen] (4/5) | 0.5s
[01:57:31]   -> TAP(696,1517) [[FP:0.98] Human pattern (delta=-40, id=6969)]
[01:57:34] T160: [gameplay] Board=286cells/6colors d=+0 [DarkGreen:203, Brown:31, Orange:28, DarkRed:12, Red:6] | Queue=[FP stall=2 fp_top=0.98] | Holder=[_/DarkGreen/DarkGreen/DarkGreen/DarkGreen] (4/5) | 0.5s
[01:57:34]   -> TAP(732,1524) [[FP:0.98] Human pattern (delta=-20, id=3691)]
[01:57:37] T161: [gameplay] Board=286cells/6colors d=+0 [DarkGreen:203, Brown:31, Orange:28, DarkRed:12, Red:6] | Queue=[FP stall=3 fp_top=0.98] | Holder=[_/DarkGreen/DarkGreen/DarkGreen/DarkGreen] (4/5) | 0.5s
[01:57:37]   -> TAP(342,1656) [[FP:0.98] Human pattern (delta=-14, id=3702)]
[01:57:40] T162: [gameplay] Board=286cells/6colors d=+0 [DarkGreen:203, Brown:31, Orange:28, DarkRed:12, Red:6] | Queue=[FP stall=4 fp_top=0.98] | Holder=[_/DarkGreen/DarkGreen/DarkGreen/DarkGreen] (4/5) | 0.6s
[01:57:40]   -> TAP(717,1495) [[FP:0.98] Human pattern (delta=-43, id=6857)]
[01:57:44] T163: [gameplay] Board=286cells/6colors d=+0 [DarkGreen:203, Brown:31, Orange:28, DarkRed:12, Red:6] | Queue=[EXPLORE stall=5 fp_top=0.98] | Holder=[_/DarkGreen/DarkGreen/DarkGreen/DarkGreen] (4/5) | 0.6s
[01:57:44]   -> TAP(876,1784) [[EXPLORE:PlayDB] Tap (876,1784) human pattern #3]
[01:57:46]   [SESSION] Ended 66685dbba90c: win (6 turns, end_cells=286)
[01:57:46] T164: [win] Multi-tap continue positions
[01:57:50] T165: [fail] Multi-tap close/retry positions
[01:57:54] T166: [popup] Multi-tap close/retry positions
[01:57:59] T167: [popup] Multi-tap close/retry positions
[01:58:03] T168: [popup] Multi-tap close/retry positions
[01:58:07] T169: POPUP LOOP (popup), relaunch
[01:58:19] T170: [loading] PlayDB: 3 patterns, trying top 2
[01:58:24] T171: [loading] PlayDB: 3 patterns, trying top 2
[01:58:28] T172: [lobby] Hardcoded play button (540,1450)
[01:58:30] T173: [fail] HEARTS-EMPTY popup detected (pixel match). Waiting 900s for regen.
[01:58:31] T174: [fail] HEARTS WAIT: 899s remaining, sleeping in 5s chunks...
[01:59:02] T175: [fail] HEARTS WAIT: 868s remaining, sleeping in 5s chunks...
[01:59:32] T176: [fail] HEARTS WAIT: 838s remaining, sleeping in 5s chunks...
[02:00:03] T177: [fail] HEARTS WAIT: 807s remaining, sleeping in 5s chunks...
[02:00:34] T178: [fail] HEARTS WAIT: 776s remaining, sleeping in 5s chunks...
[02:01:04] T179: [fail] HEARTS WAIT: 745s remaining, sleeping in 5s chunks...
[02:01:35] T180: [fail] HEARTS WAIT: 715s remaining, sleeping in 5s chunks...
[02:02:06] T181: [fail] HEARTS WAIT: 684s remaining, sleeping in 5s chunks...
[02:02:37] T182: [fail] HEARTS WAIT: 653s remaining, sleeping in 5s chunks...
[02:03:08] T183: [fail] HEARTS WAIT: 622s remaining, sleeping in 5s chunks...
[02:03:39] T184: [fail] HEARTS WAIT: 591s remaining, sleeping in 5s chunks...
[02:04:09] T185: [fail] HEARTS WAIT: 560s remaining, sleeping in 5s chunks...
[02:04:40] T186: [fail] HEARTS WAIT: 530s remaining, sleeping in 5s chunks...
[02:05:11] T187: [fail] HEARTS WAIT: 499s remaining, sleeping in 5s chunks...
[02:05:42] T188: [fail] HEARTS WAIT: 468s remaining, sleeping in 5s chunks...
[02:06:13] T189: [fail] HEARTS WAIT: 437s remaining, sleeping in 5s chunks...
[02:06:44] T190: [fail] HEARTS WAIT: 406s remaining, sleeping in 5s chunks...
[02:07:14] T191: [fail] HEARTS WAIT: 376s remaining, sleeping in 5s chunks...
[02:07:45] T192: [fail] HEARTS WAIT: 345s remaining, sleeping in 5s chunks...
[02:08:16] T193: [fail] HEARTS WAIT: 314s remaining, sleeping in 5s chunks...
[02:08:47] T194: [fail] HEARTS WAIT: 283s remaining, sleeping in 5s chunks...
[02:09:18] T195: [fail] HEARTS WAIT: 252s remaining, sleeping in 5s chunks...
[02:09:48] T196: [fail] HEARTS WAIT: 221s remaining, sleeping in 5s chunks...
[02:10:19] T197: [fail] HEARTS WAIT: 191s remaining, sleeping in 5s chunks...
[02:10:50] T198: [fail] HEARTS WAIT: 160s remaining, sleeping in 5s chunks...
[02:11:21] T199: [fail] HEARTS WAIT: 129s remaining, sleeping in 5s chunks...
[02:11:52] T200: [fail] HEARTS WAIT: 98s remaining, sleeping in 5s chunks...
[02:12:22] T201: [fail] HEARTS WAIT: 68s remaining, sleeping in 5s chunks...
[02:12:53] T202: [fail] HEARTS WAIT: 37s remaining, sleeping in 5s chunks...
[02:13:24] T203: [fail] HEARTS WAIT: 6s remaining, sleeping in 5s chunks...
[02:13:29] T204: [fail] HEARTS-EMPTY popup detected (pixel match). Waiting 900s for regen.
[02:13:30] T205: [fail] HEARTS WAIT: 899s remaining, sleeping in 5s chunks...
[02:14:01] T206: [fail] HEARTS WAIT: 868s remaining, sleeping in 5s chunks...
[02:14:31] T207: [fail] HEARTS WAIT: 837s remaining, sleeping in 5s chunks...
[02:15:02] T208: [fail] HEARTS WAIT: 807s remaining, sleeping in 5s chunks...
[02:15:33] T209: [fail] HEARTS WAIT: 776s remaining, sleeping in 5s chunks...
[02:16:04] T210: [fail] HEARTS WAIT: 745s remaining, sleeping in 5s chunks...
[02:16:35] T211: [fail] HEARTS WAIT: 714s remaining, sleeping in 5s chunks...
[02:17:06] T212: [fail] HEARTS WAIT: 683s remaining, sleeping in 5s chunks...
[02:17:36] T213: [fail] HEARTS WAIT: 653s remaining, sleeping in 5s chunks...
[02:18:07] T214: [fail] HEARTS WAIT: 622s remaining, sleeping in 5s chunks...
[02:18:38] T215: [fail] HEARTS WAIT: 591s remaining, sleeping in 5s chunks...
[02:19:09] T216: [fail] HEARTS WAIT: 560s remaining, sleeping in 5s chunks...
[02:19:40] T217: [fail] HEARTS WAIT: 529s remaining, sleeping in 5s chunks...
[02:20:10] T218: [fail] HEARTS WAIT: 499s remaining, sleeping in 5s chunks...
[02:20:41] T219: [fail] HEARTS WAIT: 468s remaining, sleeping in 5s chunks...
[02:21:12] T220: [fail] HEARTS WAIT: 437s remaining, sleeping in 5s chunks...
[02:21:43] T221: [lobby] HEARTS WAIT: 406s remaining, sleeping in 5s chunks...
[02:22:14] T222: [lobby] HEARTS WAIT: 375s remaining, sleeping in 5s chunks...
[02:22:45] T223: [lobby] HEARTS WAIT: 344s remaining, sleeping in 5s chunks...
[02:23:16] T224: [lobby] HEARTS WAIT: 313s remaining, sleeping in 5s chunks...
[02:23:47] T225: [lobby] HEARTS WAIT: 282s remaining, sleeping in 5s chunks...
[02:24:18] T226: [lobby] HEARTS WAIT: 251s remaining, sleeping in 5s chunks...
[02:24:49] T227: [lobby] HEARTS WAIT: 220s remaining, sleeping in 5s chunks...
[02:25:20] T228: [lobby] HEARTS WAIT: 189s remaining, sleeping in 5s chunks...
[02:25:51] T229: [lobby] HEARTS WAIT: 158s remaining, sleeping in 5s chunks...
[02:26:21] T230: [lobby] HEARTS WAIT: 127s remaining, sleeping in 5s chunks...
[02:26:52] T231: [lobby] HEARTS WAIT: 97s remaining, sleeping in 5s chunks...
[02:27:23] T232: [lobby] HEARTS WAIT: 66s remaining, sleeping in 5s chunks...
[02:27:54] T233: [lobby] HEARTS WAIT: 35s remaining, sleeping in 5s chunks...
[02:28:25] T234: [lobby] HEARTS WAIT: 4s remaining, sleeping in 5s chunks...
[02:28:31] T235: [lobby] Hardcoded play button (540,1450)
[02:28:34]   [SESSION] Started 9fbad6356f5a (start_cells=291)
[02:28:34] T236: [gameplay] Board=291cells/6colors d=+0 [DarkGreen:210, Brown:31, Orange:25, DarkRed:12, Red:8] | Queue=[FP stall=0 fp_top=0.98] | Holder=[_/DarkGreen/DarkGreen/DarkGreen/DarkGreen] (4/5) | 0.5s
[02:28:34]   -> TAP(696,1517) [[FP:0.98] Human pattern (delta=-40, id=6969)]
[02:28:37] T237: [gameplay] Board=291cells/6colors d=+0 [DarkGreen:210, Brown:31, Orange:25, DarkRed:12, Red:8] | Queue=[FP stall=1 fp_top=0.98] | Holder=[_/DarkGreen/DarkGreen/DarkGreen/DarkGreen] (4/5) | 0.5s
[02:28:37]   -> TAP(723,1537) [[FP:0.98] Human pattern (delta=-37, id=3699)]
[02:28:40] T238: [gameplay] Board=291cells/6colors d=+0 [DarkGreen:210, Brown:31, Orange:25, DarkRed:12, Red:8] | Queue=[FP stall=2 fp_top=0.98] | Holder=[_/DarkGreen/DarkGreen/DarkGreen/DarkGreen] (4/5) | 0.5s
[02:28:40]   -> TAP(732,1524) [[FP:0.98] Human pattern (delta=-20, id=3691)]
[02:28:43] T239: [gameplay] Board=291cells/6colors d=+0 [DarkGreen:210, Brown:31, Orange:25, DarkRed:12, Red:8] | Queue=[FP stall=3 fp_top=0.98] | Holder=[_/DarkGreen/DarkGreen/DarkGreen/DarkGreen] (4/5) | 0.5s
[02:28:43]   -> TAP(342,1656) [[FP:0.98] Human pattern (delta=-14, id=3702)]
[02:28:46] T240: [gameplay] Board=291cells/6colors d=+0 [DarkGreen:210, Brown:31, Orange:25, DarkRed:12, Red:8] | Queue=[FP stall=4 fp_top=0.98] | Holder=[_/DarkGreen/DarkGreen/DarkGreen/DarkGreen] (4/5) | 0.5s
[02:28:46]   -> TAP(696,1517) [[FP:0.98] Human pattern (delta=-40, id=6969)]
[02:28:50] T241: [gameplay] Board=291cells/6colors d=+0 [DarkGreen:210, Brown:31, Orange:25, DarkRed:12, Red:8] | Queue=[EXPLORE stall=5 fp_top=0.98] | Holder=[_/DarkGreen/DarkGreen/DarkGreen/DarkGreen] (4/5) | 0.6s
[02:28:50]   -> TAP(1080,1920) [[EXPLORE:PlayDB] Tap (1080,1920) human pattern #4]
[02:28:52] T242: [gameplay] Board=291cells/6colors d=+0 [DarkGreen:210, Brown:31, Orange:25, DarkRed:12, Red:8] | Queue=[EXPLORE stall=6 fp_top=0.98] | Holder=[_/DarkGreen/DarkGreen/DarkGreen/DarkGreen] (4/5) | 0.6s
[02:28:52]   -> TAP(1080,595) [[EXPLORE:PlayDB] Tap (1080,595) human pattern #5]
[02:28:55] T243: [gameplay] Board=291cells/6colors d=+0 [DarkGreen:210, Brown:31, Orange:25, DarkRed:12, Red:8] | Queue=[EXPLORE stall=7 fp_top=0.98] | Holder=[_/DarkGreen/DarkGreen/DarkGreen/DarkGreen] (4/5) | 0.6s
[02:28:55]   -> TAP(1080,701) [[EXPLORE:PlayDB] Tap (1080,701) human pattern #6]
[02:28:58] T244: [gameplay] Board=291cells/6colors d=+0 [DarkGreen:210, Brown:31, Orange:25, DarkRed:12, Red:8] | Queue=[EXPLORE stall=8 fp_top=0.98] | Holder=[_/DarkGreen/DarkGreen/DarkGreen/DarkGreen] (4/5) | 0.6s
[02:28:58]   -> TAP(1080,679) [[EXPLORE:PlayDB] Tap (1080,679) human pattern #7]
[02:29:00] T245: [gameplay] Board=291cells/6colors d=+0 [DarkGreen:210, Brown:31, Orange:25, DarkRed:12, Red:8] | Queue=[EXPLORE stall=9 fp_top=0.98] | Holder=[_/DarkGreen/DarkGreen/DarkGreen/DarkGreen] (4/5) | 0.6s
[02:29:00]   -> TAP(627,1211) [[EXPLORE:PlayDB] Tap (627,1211) human pattern #8]
[02:29:03] T246: [gameplay] Board=291cells/6colors d=+0 [DarkGreen:210, Brown:31, Orange:25, DarkRed:12, Red:8] | Queue=[EXPLORE stall=10 fp_top=0.98] | Holder=[_/DarkGreen/DarkGreen/DarkGreen/DarkGreen] (4/5) | 0.5s
[02:29:03]   -> TAP(202,175) [[EXPLORE:PlayDB] Tap (202,175) human pattern #9]
[02:29:06] T247: [gameplay] Board=291cells/6colors d=+0 [DarkGreen:210, Brown:31, Orange:25, DarkRed:12, Red:8] | Queue=[EXPLORE stall=11 fp_top=0.98] | Holder=[_/DarkGreen/DarkGreen/DarkGreen/DarkGreen] (4/5) | 0.6s
[02:29:06]   -> TAP(817,1164) [[EXPLORE:PlayDB] Tap (817,1164) human pattern #10]
[02:29:08] T248: [gameplay] Board=291cells/6colors d=+0 [DarkGreen:210, Brown:31, Orange:25, DarkRed:12, Red:8] | Queue=[EXPLORE stall=12 fp_top=0.98] | Holder=[_/DarkGreen/DarkGreen/DarkGreen/DarkGreen] (4/5) | 0.6s
[02:29:08]   -> TAP(185,930) [[EXPLORE:ZONE:0] Tap zone (185,930)]
[02:29:11] T249: [gameplay] Board=291cells/6colors d=+0 [DarkGreen:210, Brown:31, Orange:25, DarkRed:12, Red:8] | Queue=[EXPLORE stall=13 fp_top=0.98] | Holder=[_/DarkGreen/DarkGreen/DarkGreen/DarkGreen] (4/5) | 0.6s
[02:29:11]   -> TAP(310,930) [[EXPLORE:ZONE:1] Tap zone (310,930)]
[02:29:14] T250: [gameplay] Board=291cells/6colors d=+0 [DarkGreen:210, Brown:31, Orange:25, DarkRed:12, Red:8] | Queue=[EXPLORE stall=14 fp_top=0.98] | Holder=[_/DarkGreen/DarkGreen/DarkGreen/DarkGreen] (4/5) | 0.6s
[02:29:14]   -> TAP(435,930) [[EXPLORE:ZONE:2] Tap zone (435,930)]
[02:29:16] T251: [gameplay] Board=291cells/6colors d=+0 [DarkGreen:210, Brown:31, Orange:25, DarkRed:12, Red:8] | Queue=[EXPLORE stall=15 fp_top=0.98] | Holder=[_/DarkGreen/DarkGreen/DarkGreen/DarkGreen] (4/5) | 0.6s
[02:29:16]   -> TAP(560,930) [[EXPLORE:ZONE:3] Tap zone (560,930)]
[02:29:19] T252: [gameplay] Board=291cells/6colors d=+0 [DarkGreen:210, Brown:31, Orange:25, DarkRed:12, Red:8] | Queue=[EXPLORE stall=16 fp_top=0.98] | Holder=[_/DarkGreen/DarkGreen/DarkGreen/DarkGreen] (4/5) | 0.6s
[02:29:19]   -> TAP(685,930) [[EXPLORE:ZONE:4] Tap zone (685,930)]
[02:29:22] T253: [gameplay] Board=291cells/6colors d=+0 [DarkGreen:210, Brown:31, Orange:25, DarkRed:12, Red:8] | Queue=[EXPLORE stall=17 fp_top=0.98] | Holder=[_/DarkGreen/DarkGreen/DarkGreen/DarkGreen] (4/5) | 0.6s
[02:29:22]   -> TAP(400,400) [[EXPLORE:ZONE:5] Tap zone (400,400)]
[02:29:25] T254: [gameplay] Board=291cells/6colors d=+0 [DarkGreen:210, Brown:31, Orange:25, DarkRed:12, Red:8] | Queue=[EXPLORE stall=18 fp_top=0.98] | Holder=[_/DarkGreen/DarkGreen/DarkGreen/DarkGreen] (4/5) | 0.6s
[02:29:25]   -> TAP(540,400) [[EXPLORE:ZONE:6] Tap zone (540,400)]
[02:29:27] T255: [gameplay] Board=291cells/6colors d=+0 [DarkGreen:210, Brown:31, Orange:25, DarkRed:12, Red:8] | Queue=[EXPLORE stall=19 fp_top=0.98] | Holder=[_/DarkGreen/DarkGreen/DarkGreen/DarkGreen] (4/5) | 0.6s
[02:29:27]   -> TAP(680,400) [[EXPLORE:ZONE:7] Tap zone (680,400)]
[02:29:30] T256: [gameplay] Board=291cells/6colors d=+0 [DarkGreen:210, Brown:31, Orange:25, DarkRed:12, Red:8] | Queue=[EXPLORE stall=20 fp_top=0.98] | Holder=[_/DarkGreen/DarkGreen/DarkGreen/DarkGreen] (4/5) | 0.6s
[02:29:30]   -> TAP(400,550) [[EXPLORE:ZONE:8] Tap zone (400,550)]
[02:29:33] T257: [gameplay] Board=291cells/6colors d=+0 [DarkGreen:210, Brown:31, Orange:25, DarkRed:12, Red:8] | Queue=[EXPLORE stall=21 fp_top=0.98] | Holder=[_/DarkGreen/DarkGreen/DarkGreen/DarkGreen] (4/5) | 0.6s
[02:29:33]   -> TAP(540,550) [[EXPLORE:ZONE:9] Tap zone (540,550)]
[02:29:35] T258: [gameplay] Board=291cells/6colors d=+0 [DarkGreen:210, Brown:31, Orange:25, DarkRed:12, Red:8] | Queue=[EXPLORE stall=22 fp_top=0.98] | Holder=[_/DarkGreen/DarkGreen/DarkGreen/DarkGreen] (4/5) | 0.6s
[02:29:35]   -> TAP(680,550) [[EXPLORE:ZONE:10] Tap zone (680,550)]
[02:29:38] T259: [gameplay] Board=291cells/6colors d=+0 [DarkGreen:210, Brown:31, Orange:25, DarkRed:12, Red:8] | Queue=[EXPLORE stall=23 fp_top=0.98] | Holder=[_/DarkGreen/DarkGreen/DarkGreen/DarkGreen] (4/5) | 0.6s
[02:29:38]   -> TAP(400,700) [[EXPLORE:ZONE:11] Tap zone (400,700)]
[02:29:41] T260: [gameplay] Board=291cells/6colors d=+0 [DarkGreen:210, Brown:31, Orange:25, DarkRed:12, Red:8] | Queue=[EXPLORE stall=24 fp_top=0.98] | Holder=[_/DarkGreen/DarkGreen/DarkGreen/DarkGreen] (4/5) | 0.6s
[02:29:41]   -> TAP(540,700) [[EXPLORE:ZONE:12] Tap zone (540,700)]
[02:29:44] T261: [gameplay] Board=291cells/6colors d=+0 [DarkGreen:210, Brown:31, Orange:25, DarkRed:12, Red:8] | Queue=[EXPLORE stall=25 fp_top=0.98] | Holder=[_/DarkGreen/DarkGreen/DarkGreen/DarkGreen] (4/5) | 0.6s
[02:29:44]   -> TAP(680,700) [[EXPLORE:ZONE:13] Tap zone (680,700)]
[02:29:47] T262: [gameplay] Board=291cells/6colors d=+0 [DarkGreen:210, Brown:31, Orange:25, DarkRed:12, Red:8] | Queue=[EXPLORE stall=26 fp_top=0.98] | Holder=[_/DarkGreen/DarkGreen/DarkGreen/DarkGreen] (4/5) | 0.6s
[02:29:47]   -> TAP(380,1350) [[EXPLORE:ZONE:14] Tap zone (380,1350)]
[02:29:49] T263: [gameplay] Board=291cells/6colors d=+0 [DarkGreen:210, Brown:31, Orange:25, DarkRed:12, Red:8] | Queue=[EXPLORE stall=27 fp_top=0.98] | Holder=[_/DarkGreen/DarkGreen/DarkGreen/DarkGreen] (4/5) | 0.6s
[02:29:49]   -> TAP(530,1350) [[EXPLORE:ZONE:15] Tap zone (530,1350)]
[02:29:52] T264: [gameplay] Board=291cells/6colors d=+0 [DarkGreen:210, Brown:31, Orange:25, DarkRed:12, Red:8] | Queue=[EXPLORE stall=28 fp_top=0.98] | Holder=[_/DarkGreen/DarkGreen/DarkGreen/DarkGreen] (4/5) | 0.6s
[02:29:52]   -> TAP(700,1350) [[EXPLORE:ZONE:16] Tap zone (700,1350)]
[02:29:55] T265: [gameplay] Board=291cells/6colors d=+0 [DarkGreen:210, Brown:31, Orange:25, DarkRed:12, Red:8] | Queue=[EXPLORE stall=29 fp_top=0.98] | Holder=[_/DarkGreen/DarkGreen/DarkGreen/DarkGreen] (4/5) | 0.6s
[02:29:55]   -> TAP(380,1600) [[EXPLORE:ZONE:17] Tap zone (380,1600)]
[02:29:57] T266: [gameplay] Board=291cells/6colors d=+0 [DarkGreen:210, Brown:31, Orange:25, DarkRed:12, Red:8] | Queue=[EXPLORE stall=30 fp_top=0.98] | Holder=[_/DarkGreen/DarkGreen/DarkGreen/DarkGreen] (4/5) | 0.5s
[02:29:57]   -> TAP(530,1600) [[EXPLORE:ZONE:18] Tap zone (530,1600)]
[02:30:00] T267: [gameplay] Board=291cells/6colors d=+0 [DarkGreen:210, Brown:31, Orange:25, DarkRed:12, Red:8] | Queue=[EXPLORE stall=31 fp_top=0.98] | Holder=[_/DarkGreen/DarkGreen/DarkGreen/DarkGreen] (4/5) | 0.6s
[02:30:00]   -> TAP(700,1600) [[EXPLORE:ZONE:19] Tap zone (700,1600)]
[02:30:03] T268: [gameplay] Board=291cells/6colors d=+0 [DarkGreen:210, Brown:31, Orange:25, DarkRed:12, Red:8] | Queue=[EXPLORE stall=32 fp_top=0.98] | Holder=[_/DarkGreen/DarkGreen/DarkGreen/DarkGreen] (4/5) | 0.7s
[02:30:03]   -> TAP(100,860) [[EXPLORE:ZONE:20] Tap zone (100,860)]
[02:30:06] T269: [gameplay] Board=291cells/6colors d=+0 [DarkGreen:210, Brown:31, Orange:25, DarkRed:12, Red:8] | Queue=[EXPLORE stall=33 fp_top=0.98] | Holder=[_/DarkGreen/DarkGreen/DarkGreen/DarkGreen] (4/5) | 0.6s
[02:30:06]   -> TAP(980,860) [[EXPLORE:ZONE:21] Tap zone (980,860)]
[02:30:09] T270: [gameplay] Board=291cells/6colors d=+0 [DarkGreen:210, Brown:31, Orange:25, DarkRed:12, Red:8] | Queue=[EXPLORE stall=34 fp_top=0.98] | Holder=[_/DarkGreen/DarkGreen/DarkGreen/DarkGreen] (4/5) | 0.6s
[02:30:09]   -> TAP(185,930) [[EXPLORE:ZONE:0] Tap zone (185,930)]
[02:30:11] T271: [gameplay] Board=291cells/6colors d=+0 [DarkGreen:210, Brown:31, Orange:25, DarkRed:12, Red:8] | Queue=[EXPLORE stall=35 fp_top=0.98] | Holder=[_/DarkGreen/DarkGreen/DarkGreen/DarkGreen] (4/5) | 0.6s
[02:30:11]   -> TAP(310,930) [[EXPLORE:ZONE:1] Tap zone (310,930)]
[02:30:14] T272: [gameplay] Board=291cells/6colors d=+0 [DarkGreen:210, Brown:31, Orange:25, DarkRed:12, Red:8] | Queue=[EXPLORE stall=36 fp_top=0.98] | Holder=[_/DarkGreen/DarkGreen/DarkGreen/DarkGreen] (4/5) | 0.7s
[02:30:14]   -> TAP(435,930) [[EXPLORE:ZONE:2] Tap zone (435,930)]
[02:30:17] T273: [gameplay] Board=291cells/6colors d=+0 [DarkGreen:210, Brown:31, Orange:25, DarkRed:12, Red:8] | Queue=[EXPLORE stall=37 fp_top=0.98] | Holder=[_/DarkGreen/DarkGreen/DarkGreen/DarkGreen] (4/5) | 0.6s
[02:30:17]   -> TAP(560,930) [[EXPLORE:ZONE:3] Tap zone (560,930)]
[02:30:19] T274: [gameplay] Board=291cells/6colors d=+0 [DarkGreen:210, Brown:31, Orange:25, DarkRed:12, Red:8] | Queue=[EXPLORE stall=38 fp_top=0.98] | Holder=[_/DarkGreen/DarkGreen/DarkGreen/DarkGreen] (4/5) | 0.6s
[02:30:19]   -> TAP(685,930) [[EXPLORE:ZONE:4] Tap zone (685,930)]
[02:30:22] T275: [gameplay] Board=291cells/6colors d=+0 [DarkGreen:210, Brown:31, Orange:25, DarkRed:12, Red:8] | Queue=[EXPLORE stall=39 fp_top=0.98] | Holder=[_/DarkGreen/DarkGreen/DarkGreen/DarkGreen] (4/5) | 0.6s
[02:30:22]   -> TAP(400,400) [[EXPLORE:ZONE:5] Tap zone (400,400)]
[02:30:25] T276: [gameplay] Board=291cells/6colors d=+0 [DarkGreen:210, Brown:31, Orange:25, DarkRed:12, Red:8] | Queue=[EXPLORE stall=40 fp_top=0.98] | Holder=[_/DarkGreen/DarkGreen/DarkGreen/DarkGreen] (4/5) | 0.6s
[02:30:25]   -> TAP(540,400) [[EXPLORE:ZONE:6] Tap zone (540,400)]
[02:30:28] T277: [gameplay] Board=291cells/6colors d=+0 [DarkGreen:210, Brown:31, Orange:25, DarkRed:12, Red:8] | Queue=[EXPLORE stall=41 fp_top=0.98] | Holder=[_/DarkGreen/DarkGreen/DarkGreen/DarkGreen] (4/5) | 0.6s
[02:30:28]   -> TAP(680,400) [[EXPLORE:ZONE:7] Tap zone (680,400)]
[02:30:30] T278: [gameplay] Board=291cells/6colors d=+0 [DarkGreen:210, Brown:31, Orange:25, DarkRed:12, Red:8] | Queue=[EXPLORE stall=42 fp_top=0.98] | Holder=[_/DarkGreen/DarkGreen/DarkGreen/DarkGreen] (4/5) | 0.6s
[02:30:30]   -> TAP(400,550) [[EXPLORE:ZONE:8] Tap zone (400,550)]
[02:30:33] T279: [gameplay] Board=291cells/6colors d=+0 [DarkGreen:210, Brown:31, Orange:25, DarkRed:12, Red:8] | Queue=[EXPLORE stall=43 fp_top=0.98] | Holder=[_/DarkGreen/DarkGreen/DarkGreen/DarkGreen] (4/5) | 0.6s
[02:30:33]   -> TAP(540,550) [[EXPLORE:ZONE:9] Tap zone (540,550)]
[02:30:36] T280: [gameplay] Board=291cells/6colors d=+0 [DarkGreen:210, Brown:31, Orange:25, DarkRed:12, Red:8] | Queue=[EXPLORE stall=44 fp_top=0.98] | Holder=[_/DarkGreen/DarkGreen/DarkGreen/DarkGreen] (4/5) | 0.6s
[02:30:36]   -> TAP(680,550) [[EXPLORE:ZONE:10] Tap zone (680,550)]
[02:30:39] T281: [gameplay] Board=291cells/6colors d=+0 [DarkGreen:210, Brown:31, Orange:25, DarkRed:12, Red:8] | Queue=[EXPLORE stall=45 fp_top=0.98] | Holder=[_/DarkGreen/DarkGreen/DarkGreen/DarkGreen] (4/5) | 0.6s
[02:30:39]   -> TAP(400,700) [[EXPLORE:ZONE:11] Tap zone (400,700)]
[02:30:42] T282: [gameplay] Board=291cells/6colors d=+0 [DarkGreen:210, Brown:31, Orange:25, DarkRed:12, Red:8] | Queue=[EXPLORE stall=46 fp_top=0.98] | Holder=[_/DarkGreen/DarkGreen/DarkGreen/DarkGreen] (4/5) | 0.6s
[02:30:42]   -> TAP(540,700) [[EXPLORE:ZONE:12] Tap zone (540,700)]
[02:30:44] T283: [gameplay] Board=291cells/6colors d=+0 [DarkGreen:210, Brown:31, Orange:25, DarkRed:12, Red:8] | Queue=[EXPLORE stall=47 fp_top=0.98] | Holder=[_/DarkGreen/DarkGreen/DarkGreen/DarkGreen] (4/5) | 0.6s
[02:30:44]   -> TAP(680,700) [[EXPLORE:ZONE:13] Tap zone (680,700)]
[02:30:47] T284: [gameplay] Board=291cells/6colors d=+0 [DarkGreen:210, Brown:31, Orange:25, DarkRed:12, Red:8] | Queue=[EXPLORE stall=48 fp_top=0.98] | Holder=[_/DarkGreen/DarkGreen/DarkGreen/DarkGreen] (4/5) | 0.6s
[02:30:47]   -> TAP(380,1350) [[EXPLORE:ZONE:14] Tap zone (380,1350)]
[02:30:50] T285: [gameplay] Board=291cells/6colors d=+0 [DarkGreen:210, Brown:31, Orange:25, DarkRed:12, Red:8] | Queue=[EXPLORE stall=49 fp_top=0.98] | Holder=[_/DarkGreen/DarkGreen/DarkGreen/DarkGreen] (4/5) | 0.6s
[02:30:50]   -> TAP(530,1350) [[EXPLORE:ZONE:15] Tap zone (530,1350)]
[02:30:52] T286: STUCK (gameplay x50), relaunch
[02:31:04] T287: [loading] PlayDB: 3 patterns, trying top 2
[02:31:08] T288: [loading] PlayDB: 3 patterns, trying top 2
[02:31:12] T289: [lobby] Hardcoded play button (540,1450)
[02:31:15]   [SESSION] Ended 9fbad6356f5a: fail (50 turns, end_cells=291)
[02:31:15] T290: [fail] HEARTS-EMPTY popup detected (pixel match). Waiting 900s for regen.
[02:31:16] T291: [fail] HEARTS WAIT: 899s remaining, sleeping in 5s chunks...
[02:31:46] T292: [fail] HEARTS WAIT: 868s remaining, sleeping in 5s chunks...
[02:32:17] T293: [fail] HEARTS WAIT: 837s remaining, sleeping in 5s chunks...
[02:32:48] T294: [fail] HEARTS WAIT: 807s remaining, sleeping in 5s chunks...
[02:33:19] T295: [fail] HEARTS WAIT: 776s remaining, sleeping in 5s chunks...
[02:33:50] T296: [fail] HEARTS WAIT: 745s remaining, sleeping in 5s chunks...
[02:34:20] T297: [fail] HEARTS WAIT: 714s remaining, sleeping in 5s chunks...
[02:34:51] T298: [fail] HEARTS WAIT: 683s remaining, sleeping in 5s chunks...
[02:35:22] T299: [fail] HEARTS WAIT: 652s remaining, sleeping in 5s chunks...
[02:35:53] T300: [fail] HEARTS WAIT: 622s remaining, sleeping in 5s chunks...
[02:36:24] T301: [fail] HEARTS WAIT: 591s remaining, sleeping in 5s chunks...
[02:36:54] T302: [fail] HEARTS WAIT: 560s remaining, sleeping in 5s chunks...
[02:37:25] T303: [fail] HEARTS WAIT: 530s remaining, sleeping in 5s chunks...
[02:37:56] T304: [fail] HEARTS WAIT: 499s remaining, sleeping in 5s chunks...
[02:38:27] T305: [fail] HEARTS WAIT: 468s remaining, sleeping in 5s chunks...
[02:38:58] T306: [fail] HEARTS WAIT: 437s remaining, sleeping in 5s chunks...
[02:39:28] T307: [fail] HEARTS WAIT: 406s remaining, sleeping in 5s chunks...
[02:39:59] T308: [fail] HEARTS WAIT: 376s remaining, sleeping in 5s chunks...
[02:40:30] T309: [fail] HEARTS WAIT: 345s remaining, sleeping in 5s chunks...
[02:41:01] T310: [fail] HEARTS WAIT: 314s remaining, sleeping in 5s chunks...
[02:41:32] T311: [fail] HEARTS WAIT: 283s remaining, sleeping in 5s chunks...
[02:42:03] T312: [fail] HEARTS WAIT: 252s remaining, sleeping in 5s chunks...
[02:42:33] T313: [fail] HEARTS WAIT: 221s remaining, sleeping in 5s chunks...
[02:43:04] T314: [fail] HEARTS WAIT: 190s remaining, sleeping in 5s chunks...
[02:43:35] T315: [fail] HEARTS WAIT: 159s remaining, sleeping in 5s chunks...
[02:44:06] T316: [fail] HEARTS WAIT: 128s remaining, sleeping in 5s chunks...
[02:44:37] T317: [fail] HEARTS WAIT: 98s remaining, sleeping in 5s chunks...
[02:45:08] T318: [fail] HEARTS WAIT: 67s remaining, sleeping in 5s chunks...
[02:45:39] T319: [fail] HEARTS WAIT: 36s remaining, sleeping in 5s chunks...
[02:46:09] T320: [fail] HEARTS WAIT: 5s remaining, sleeping in 5s chunks...
[02:46:15] T321: [fail] HEARTS-EMPTY popup detected (pixel match). Waiting 900s for regen.
[02:46:15] T322: [fail] HEARTS WAIT: 899s remaining, sleeping in 5s chunks...
[02:46:46] T323: [fail] HEARTS WAIT: 868s remaining, sleeping in 5s chunks...
[02:47:17] T324: [fail] HEARTS WAIT: 837s remaining, sleeping in 5s chunks...
[02:47:48] T325: [fail] HEARTS WAIT: 806s remaining, sleeping in 5s chunks...
[02:48:19] T326: [fail] HEARTS WAIT: 776s remaining, sleeping in 5s chunks...
[02:48:50] T327: [fail] HEARTS WAIT: 745s remaining, sleeping in 5s chunks...
[02:49:20] T328: [fail] HEARTS WAIT: 714s remaining, sleeping in 5s chunks...
[02:49:51] T329: [fail] HEARTS WAIT: 683s remaining, sleeping in 5s chunks...
[02:50:22] T330: [fail] HEARTS WAIT: 652s remaining, sleeping in 5s chunks...
[02:50:53] T331: [fail] HEARTS WAIT: 622s remaining, sleeping in 5s chunks...
[02:51:24] T332: [lobby] HEARTS WAIT: 591s remaining, sleeping in 5s chunks...
[02:51:55] T333: [lobby] HEARTS WAIT: 560s remaining, sleeping in 5s chunks...
[02:52:26] T334: [lobby] HEARTS WAIT: 529s remaining, sleeping in 5s chunks...
[02:52:56] T335: [lobby] HEARTS WAIT: 498s remaining, sleeping in 5s chunks...
[02:53:27] T336: [lobby] HEARTS WAIT: 467s remaining, sleeping in 5s chunks...
[02:53:58] T337: [lobby] HEARTS WAIT: 436s remaining, sleeping in 5s chunks...
[02:54:29] T338: [lobby] HEARTS WAIT: 405s remaining, sleeping in 5s chunks...
[02:55:00] 
[02:55:00] ============================================================
[02:55:00] SESSION COMPLETE
[02:55:00] ============================================================
[02:55:00] Total turns:   338
[02:55:00] Games started: 8
[02:55:00] Games won:     2
[02:55:00] Games failed:  3
[02:55:00] AI Play DB: E:\AI\virtual_player\data\db\ai_play_pixelflow.db
[02:55:00] Fingerprint DB: E:\AI\virtual_player\data\pixelflow\db\fingerprint.db (loaded)
[02:55:00] Stats saved: E:\AI\virtual_player\data\games\pixelflow\temp\smart\smart_stats.json
