[23:16:15] ============================================================
[23:16:15] Smart PixelFlow Player START
[23:16:15] Duration: 120 min | Target: 01:16:15
[23:16:15] ADB: C:/Program Files/BlueStacks_nxt/HD-Adb.exe | Device: emulator-5554
[23:16:15] YOLO: best.pt
[23:16:15] Profile: cell_profile.json
[FingerprintSearcher] Loaded 4891 rows (win_only=True)
[23:16:16] Fingerprint DB: fingerprint.db (loaded)
[23:16:16] FP threshold: 0.78, top_k: 8
[23:16:16] ============================================================
[23:16:26] T1: [fail] HEARTS-EMPTY popup detected (pixel match). Waiting 900s for regen.
[23:16:26] T2: [fail] HEARTS WAIT: 899s remaining, sleeping in 5s chunks...
[23:16:57] T3: [fail] HEARTS WAIT: 868s remaining, sleeping in 5s chunks...
[23:17:28] T4: [fail] HEARTS WAIT: 838s remaining, sleeping in 5s chunks...
[23:17:59] T5: [fail] HEARTS WAIT: 807s remaining, sleeping in 5s chunks...
[23:18:30] T6: [fail] HEARTS WAIT: 776s remaining, sleeping in 5s chunks...
[23:19:00] T7: [fail] HEARTS WAIT: 745s remaining, sleeping in 5s chunks...
[23:19:31] T8: [fail] HEARTS WAIT: 714s remaining, sleeping in 5s chunks...
[23:20:02] T9: [fail] HEARTS WAIT: 683s remaining, sleeping in 5s chunks...
[23:20:33] T10: [fail] HEARTS WAIT: 652s remaining, sleeping in 5s chunks...
[23:21:04] T11: [fail] HEARTS WAIT: 621s remaining, sleeping in 5s chunks...
[23:21:35] T12: [lobby] HEARTS WAIT: 590s remaining, sleeping in 5s chunks...
[23:22:06] T13: [lobby] HEARTS WAIT: 559s remaining, sleeping in 5s chunks...
[23:22:37] T14: [lobby] HEARTS WAIT: 528s remaining, sleeping in 5s chunks...
[23:23:08] T15: [lobby] HEARTS WAIT: 497s remaining, sleeping in 5s chunks...
[23:23:39] T16: [lobby] HEARTS WAIT: 466s remaining, sleeping in 5s chunks...
[23:24:10] T17: [lobby] HEARTS WAIT: 435s remaining, sleeping in 5s chunks...
[23:24:41] T18: [lobby] HEARTS WAIT: 404s remaining, sleeping in 5s chunks...
[23:25:12] T19: [lobby] HEARTS WAIT: 373s remaining, sleeping in 5s chunks...
[23:25:43] T20: [lobby] HEARTS WAIT: 342s remaining, sleeping in 5s chunks...
[23:26:14] T21: [lobby] HEARTS WAIT: 311s remaining, sleeping in 5s chunks...
[23:26:45] T22: [lobby] HEARTS WAIT: 280s remaining, sleeping in 5s chunks...
[23:27:16] T23: [lobby] HEARTS WAIT: 249s remaining, sleeping in 5s chunks...
[23:27:47] T24: [lobby] HEARTS WAIT: 218s remaining, sleeping in 5s chunks...
[23:28:18] T25: [lobby] HEARTS WAIT: 187s remaining, sleeping in 5s chunks...
[23:28:49] T26: [lobby] HEARTS WAIT: 156s remaining, sleeping in 5s chunks...
[23:29:20] T27: [lobby] HEARTS WAIT: 125s remaining, sleeping in 5s chunks...
[23:29:51] T28: [lobby] HEARTS WAIT: 94s remaining, sleeping in 5s chunks...
[23:30:22] T29: [lobby] HEARTS WAIT: 63s remaining, sleeping in 5s chunks...
[23:30:53] T30: [lobby] HEARTS WAIT: 32s remaining, sleeping in 5s chunks...
[23:31:24] T31: [lobby] HEARTS WAIT: 1s remaining, sleeping in 5s chunks...
[23:31:31] T32: [lobby] Hardcoded play button (540,1450)
[23:31:34] T33: [loading] PlayDB: 3 patterns, trying top 2
[23:31:39]   [SESSION] Started 5f46aacffba7 (start_cells=315)
[23:31:39] T34: [gameplay] Board=315cells/6colors d=+0 [DarkGreen:199, Brown:39, DarkRed:33, Red:21, Orange:20] | Queue=[FP stall=0 fp_top=0.96] | Holder=[_/DarkGreen/DarkGreen/DarkGreen/DarkGreen] (4/5) | 0.9s
[23:31:39]   -> TAP(717,1495) [[FP:0.96] Human pattern (delta=-43, id=6857)]
[23:31:43] T35: [gameplay] Board=286cells/6colors d=-29 [DarkGreen:199, Brown:39, Orange:20, Red:13, DarkRed:12] | Queue=[FP stall=0 fp_top=0.95] | Holder=[_/DarkGreen/DarkGreen/DarkGreen/DarkGreen] (4/5) | 0.6s
[23:31:43]   -> TAP(696,1517) [[FP:0.97] Human pattern (delta=-40, id=6969)]
[23:31:46] T36: [gameplay] Board=286cells/6colors d=+0 [DarkGreen:199, Brown:39, Orange:20, Red:13, DarkRed:12] | Queue=[FP stall=1 fp_top=0.95] | Holder=[_/DarkGreen/DarkGreen/DarkGreen/DarkGreen] (4/5) | 0.5s
[23:31:46]   -> TAP(732,1524) [[FP:0.97] Human pattern (delta=-20, id=3691)]
[23:31:49] T37: [gameplay] Board=286cells/6colors d=+0 [DarkGreen:199, Brown:39, Orange:20, Red:13, DarkRed:12] | Queue=[FP stall=2 fp_top=0.95] | Holder=[_/DarkGreen/DarkGreen/DarkGreen/DarkGreen] (4/5) | 0.7s
[23:31:49]   -> TAP(524,1512) [[FP:0.97] Human pattern (delta=-9, id=3250)]
[23:31:52]   [EXPLORE] Entering exploration mode (stall x3)
[23:31:52] T38: [gameplay] Board=286cells/6colors d=+0 [DarkGreen:199, Brown:39, Orange:20, Red:13, DarkRed:12] | Queue=[FP stall=3 fp_top=0.95] | Holder=[_/DarkRed/SageTeal/_/SageTeal] (3/5) | 0.6s
[23:31:52]   -> TAP(316,1516) [[FP:0.97] Human pattern (delta=-28, id=4177)]
[23:31:56] T39: [gameplay] Board=286cells/6colors d=+0 [DarkGreen:199, Brown:39, Orange:20, Red:13, DarkRed:12] | Queue=[FP stall=4 fp_top=0.95] | Holder=[_/DarkRed/SageTeal/_/SageTeal] (3/5) | 0.6s
[23:31:56]   -> TAP(342,1656) [[FP:0.97] Human pattern (delta=-14, id=3702)]
[23:32:00] T40: [gameplay] Board=286cells/6colors d=+0 [DarkGreen:199, Brown:39, Orange:20, Red:13, DarkRed:12] | Queue=[EXPLORE stall=5 fp_top=0.95] | Holder=[_/DarkRed/SageTeal/_/SageTeal] (3/5) | 1.0s
[23:32:00]   -> TAP(869,1653) [[EXPLORE:AI_DB] Tap (869,1653) conf=0.50]
[23:32:02] T41: [gameplay] Board=286cells/6colors d=+0 [DarkGreen:199, Brown:39, Orange:20, Red:13, DarkRed:12] | Queue=[EXPLORE stall=6 fp_top=0.95] | Holder=[_/DarkRed/SageTeal/_/SageTeal] (3/5) | 0.6s
[23:32:02]   -> TAP(869,1653) [[EXPLORE:PlayDB] Tap (869,1653) human pattern #1]
[23:32:05] T42: [gameplay] Board=286cells/6colors d=+0 [DarkGreen:199, Brown:39, Orange:20, Red:13, DarkRed:12] | Queue=[EXPLORE stall=7 fp_top=0.95] | Holder=[_/DarkRed/SageTeal/_/SageTeal] (3/5) | 0.6s
[23:32:05]   -> TAP(627,1211) [[EXPLORE:PlayDB] Tap (627,1211) human pattern #2]
[23:32:08] T43: [gameplay] Board=286cells/6colors d=+0 [DarkGreen:199, Brown:39, Orange:20, Red:13, DarkRed:12] | Queue=[EXPLORE stall=8 fp_top=0.95] | Holder=[_/DarkRed/SageTeal/_/SageTeal] (3/5) | 0.7s
[23:32:08]   -> TAP(202,175) [[EXPLORE:PlayDB] Tap (202,175) human pattern #3]
[23:32:11] T44: [gameplay] Board=286cells/6colors d=+0 [DarkGreen:199, Brown:39, Orange:20, Red:13, DarkRed:12] | Queue=[EXPLORE stall=9 fp_top=0.95] | Holder=[_/DarkRed/SageTeal/_/SageTeal] (3/5) | 0.6s
[23:32:11]   -> TAP(817,1164) [[EXPLORE:PlayDB] Tap (817,1164) human pattern #4]
[23:32:13] T45: [gameplay] Board=286cells/6colors d=+0 [DarkGreen:199, Brown:39, Orange:20, Red:13, DarkRed:12] | Queue=[EXPLORE stall=10 fp_top=0.95] | Holder=[_/DarkRed/SageTeal/_/SageTeal] (3/5) | 0.6s
[23:32:13]   -> TAP(185,930) [[EXPLORE:ZONE:0] Tap zone (185,930)]
[23:32:16] T46: [gameplay] Board=286cells/6colors d=+0 [DarkGreen:199, Brown:39, Orange:20, Red:13, DarkRed:12] | Queue=[EXPLORE stall=11 fp_top=0.95] | Holder=[_/DarkRed/SageTeal/_/SageTeal] (3/5) | 0.6s
[23:32:16]   -> TAP(310,930) [[EXPLORE:ZONE:1] Tap zone (310,930)]
[23:32:19] T47: [gameplay] Board=286cells/6colors d=+0 [DarkGreen:199, Brown:39, Orange:20, Red:13, DarkRed:12] | Queue=[EXPLORE stall=12 fp_top=0.95] | Holder=[_/DarkRed/SageTeal/_/SageTeal] (3/5) | 0.6s
[23:32:19]   -> TAP(435,930) [[EXPLORE:ZONE:2] Tap zone (435,930)]
[23:32:22] T48: [gameplay] Board=286cells/6colors d=+0 [DarkGreen:199, Brown:39, Orange:20, Red:13, DarkRed:12] | Queue=[EXPLORE stall=13 fp_top=0.95] | Holder=[_/DarkRed/SageTeal/_/SageTeal] (3/5) | 0.6s
[23:32:22]   -> TAP(560,930) [[EXPLORE:ZONE:3] Tap zone (560,930)]
[23:32:24] T49: [gameplay] Board=286cells/6colors d=+0 [DarkGreen:199, Brown:39, Orange:20, Red:13, DarkRed:12] | Queue=[EXPLORE stall=14 fp_top=0.95] | Holder=[_/DarkRed/SageTeal/_/SageTeal] (3/5) | 0.6s
[23:32:24]   -> TAP(685,930) [[EXPLORE:ZONE:4] Tap zone (685,930)]
[23:32:27] T50: [gameplay] Board=286cells/6colors d=+0 [DarkGreen:199, Brown:39, Orange:20, Red:13, DarkRed:12] | Queue=[EXPLORE stall=15 fp_top=0.95] | Holder=[_/DarkRed/SageTeal/_/SageTeal] (3/5) | 0.6s
[23:32:27]   -> TAP(280,1500) [[EXPLORE:ZONE:5] Tap zone (280,1500)]
[23:32:30] T51: [gameplay] Board=286cells/6colors d=+0 [DarkGreen:199, Brown:39, Orange:20, Red:13, DarkRed:12] | Queue=[EXPLORE stall=16 fp_top=0.95] | Holder=[_/DarkRed/SageTeal/_/SageTeal] (3/5) | 0.6s
[23:32:30]   -> TAP(400,1500) [[EXPLORE:ZONE:6] Tap zone (400,1500)]
[23:32:33] T52: [gameplay] Board=286cells/6colors d=+0 [DarkGreen:199, Brown:39, Orange:20, Red:13, DarkRed:12] | Queue=[EXPLORE stall=17 fp_top=0.95] | Holder=[_/DarkRed/SageTeal/_/SageTeal] (3/5) | 0.6s
[23:32:33]   -> TAP(530,1500) [[EXPLORE:ZONE:7] Tap zone (530,1500)]
[23:32:35] T53: [gameplay] Board=290cells/6colors d=+4 [DarkGreen:199, Brown:43, Orange:20, Red:13, DarkRed:12] | Queue=[EXPLORE stall=16 fp_top=0.95] | Holder=[_/DarkRed/_/_/_] (1/5) | 0.6s
[23:32:35]   -> TAP(660,1500) [[EXPLORE:ZONE:8] Tap zone (660,1500)]
[23:32:38]   [LEARN] Explore tap (660,1500) WORKED! (d=-37)
[23:32:38] T54: [gameplay] Board=253cells/6colors d=-37 [DarkGreen:166, Brown:39, Orange:20, Red:13, DarkRed:12] | Queue=[FP stall=0 fp_top=0.95] | Holder=[_/DarkRed/_/_/_] (1/5) | 0.5s
[23:32:38]   -> TAP(314,1495) [[FP:0.95] Human pattern (delta=-59, id=4165)]
[23:32:41]   [SESSION] Ended 5f46aacffba7: fail (21 turns, end_cells=253)
[23:32:41] T55: [fail] Multi-tap close/retry positions
[23:32:46] T56: [win] Multi-tap continue positions
[23:32:50] T57: [fail] HEARTS-EMPTY popup detected (pixel match). Waiting 900s for regen.
[23:32:50] T58: [fail] HEARTS WAIT: 899s remaining, sleeping in 5s chunks...
[23:33:21] T59: [fail] HEARTS WAIT: 868s remaining, sleeping in 5s chunks...
[23:33:52] T60: [fail] HEARTS WAIT: 838s remaining, sleeping in 5s chunks...
[23:34:23] T61: [fail] HEARTS WAIT: 807s remaining, sleeping in 5s chunks...
[23:34:53] T62: [fail] HEARTS WAIT: 776s remaining, sleeping in 5s chunks...
[23:35:24] T63: [fail] HEARTS WAIT: 745s remaining, sleeping in 5s chunks...
[23:35:55] T64: [fail] HEARTS WAIT: 714s remaining, sleeping in 5s chunks...
[23:36:26] T65: [fail] HEARTS WAIT: 683s remaining, sleeping in 5s chunks...
[23:36:57] T66: [fail] HEARTS WAIT: 652s remaining, sleeping in 5s chunks...
[23:37:28] T67: [fail] HEARTS WAIT: 622s remaining, sleeping in 5s chunks...
[23:37:59] T68: [fail] HEARTS WAIT: 591s remaining, sleeping in 5s chunks...
[23:38:29] T69: [fail] HEARTS WAIT: 560s remaining, sleeping in 5s chunks...
[23:39:00] T70: [fail] HEARTS WAIT: 529s remaining, sleeping in 5s chunks...
[23:39:31] T71: [fail] HEARTS WAIT: 498s remaining, sleeping in 5s chunks...
[23:40:02] T72: [fail] HEARTS WAIT: 468s remaining, sleeping in 5s chunks...
[23:40:33] T73: [fail] HEARTS WAIT: 437s remaining, sleeping in 5s chunks...
[23:41:03] T74: [fail] HEARTS WAIT: 406s remaining, sleeping in 5s chunks...
[23:41:34] T75: [fail] HEARTS WAIT: 375s remaining, sleeping in 5s chunks...
[23:42:05] T76: [fail] HEARTS WAIT: 344s remaining, sleeping in 5s chunks...
[23:42:36] T77: [fail] HEARTS WAIT: 313s remaining, sleeping in 5s chunks...
[23:43:07] T78: [fail] HEARTS WAIT: 282s remaining, sleeping in 5s chunks...
[23:43:38] T79: [fail] HEARTS WAIT: 252s remaining, sleeping in 5s chunks...
[23:44:08] T80: [fail] HEARTS WAIT: 221s remaining, sleeping in 5s chunks...
[23:44:39] T81: [fail] HEARTS WAIT: 190s remaining, sleeping in 5s chunks...
[23:45:10] T82: [fail] HEARTS WAIT: 159s remaining, sleeping in 5s chunks...
[23:45:41] T83: [fail] HEARTS WAIT: 128s remaining, sleeping in 5s chunks...
[23:46:12] T84: [fail] HEARTS WAIT: 97s remaining, sleeping in 5s chunks...
[23:46:43] T85: [fail] HEARTS WAIT: 67s remaining, sleeping in 5s chunks...
[23:47:13] T86: [fail] HEARTS WAIT: 36s remaining, sleeping in 5s chunks...
[23:47:44] T87: [fail] HEARTS WAIT: 5s remaining, sleeping in 5s chunks...
[23:47:50] T88: [fail] HEARTS-EMPTY popup detected (pixel match). Waiting 900s for regen.
[23:47:50] T89: [fail] HEARTS WAIT: 899s remaining, sleeping in 5s chunks...
[23:48:21] T90: [fail] HEARTS WAIT: 868s remaining, sleeping in 5s chunks...
[23:48:52] T91: [fail] HEARTS WAIT: 837s remaining, sleeping in 5s chunks...
[23:49:23] T92: [fail] HEARTS WAIT: 806s remaining, sleeping in 5s chunks...
[23:49:54] T93: [fail] HEARTS WAIT: 775s remaining, sleeping in 5s chunks...
[23:50:25] T94: [fail] HEARTS WAIT: 745s remaining, sleeping in 5s chunks...
[23:50:56] T95: [fail] HEARTS WAIT: 714s remaining, sleeping in 5s chunks...
[23:51:27] T96: [win] HEARTS WAIT: 683s remaining, sleeping in 5s chunks...
[23:51:58] T97: [win] HEARTS WAIT: 652s remaining, sleeping in 5s chunks...
[23:52:29] T98: [win] HEARTS WAIT: 621s remaining, sleeping in 5s chunks...
[23:52:59] T99: [win] HEARTS WAIT: 590s remaining, sleeping in 5s chunks...
[23:53:30] T100: [win] HEARTS WAIT: 559s remaining, sleeping in 5s chunks...
[23:54:02] T101: [win] HEARTS WAIT: 527s remaining, sleeping in 5s chunks...
[23:54:34] T102: [win] HEARTS WAIT: 496s remaining, sleeping in 5s chunks...
[23:55:05] T103: [win] HEARTS WAIT: 465s remaining, sleeping in 5s chunks...
[23:55:35] T104: [win] HEARTS WAIT: 434s remaining, sleeping in 5s chunks...
[23:56:07] T105: [win] HEARTS WAIT: 403s remaining, sleeping in 5s chunks...
[23:56:38] T106: [win] HEARTS WAIT: 372s remaining, sleeping in 5s chunks...
[23:57:09] T107: [win] HEARTS WAIT: 341s remaining, sleeping in 5s chunks...
[23:57:40] T108: [win] HEARTS WAIT: 310s remaining, sleeping in 5s chunks...
[23:58:10] T109: [win] HEARTS WAIT: 279s remaining, sleeping in 5s chunks...
[23:58:42] T110: [win] HEARTS WAIT: 248s remaining, sleeping in 5s chunks...
[23:59:12] T111: [win] HEARTS WAIT: 217s remaining, sleeping in 5s chunks...
[23:59:43] T112: [win] HEARTS WAIT: 186s remaining, sleeping in 5s chunks...
[00:00:14] T113: [win] HEARTS WAIT: 155s remaining, sleeping in 5s chunks...
[00:00:45] T114: [win] HEARTS WAIT: 124s remaining, sleeping in 5s chunks...
[00:01:16] T115: [win] HEARTS WAIT: 93s remaining, sleeping in 5s chunks...
[00:01:47] T116: [win] HEARTS WAIT: 62s remaining, sleeping in 5s chunks...
[00:02:18] T117: [win] HEARTS WAIT: 31s remaining, sleeping in 5s chunks...
[00:02:49] T118: [win] Multi-tap continue positions
[00:02:54]   [SESSION] Started b25b0495e190 (start_cells=295)
[00:02:54] T119: [gameplay] Board=295cells/6colors d=+0 [DarkGreen:206, Brown:37, Orange:28, DarkRed:12, Red:6] | Queue=[FP stall=0 fp_top=0.95] | Holder=[_/DarkGreen/DarkGreen/DarkGreen/DarkGreen] (4/5) | 0.7s
[00:02:54]   -> TAP(723,1537) [[FP:0.97] Human pattern (delta=-37, id=3699)]
[00:02:58] T120: [gameplay] Board=295cells/6colors d=+0 [DarkGreen:206, Brown:37, Orange:28, DarkRed:12, Red:6] | Queue=[FP stall=1 fp_top=0.95] | Holder=[_/DarkGreen/DarkGreen/DarkGreen/DarkGreen] (4/5) | 0.6s
[00:02:58]   -> TAP(717,1495) [[FP:0.97] Human pattern (delta=-43, id=6857)]
[00:03:01] T121: [gameplay] Board=295cells/6colors d=+0 [DarkGreen:206, Brown:37, Orange:28, DarkRed:12, Red:6] | Queue=[FP stall=2 fp_top=0.95] | Holder=[_/DarkGreen/DarkGreen/DarkGreen/DarkGreen] (4/5) | 0.7s
[00:03:01]   -> TAP(696,1517) [[FP:0.97] Human pattern (delta=-40, id=6969)]
[00:03:05]   [EXPLORE] Entering exploration mode (stall x3)
[00:03:05] T122: [gameplay] Board=295cells/6colors d=+0 [DarkGreen:206, Brown:37, Orange:28, DarkRed:12, Red:6] | Queue=[FP stall=3 fp_top=0.95] | Holder=[_/DarkGreen/DarkGreen/DarkGreen/DarkGreen] (4/5) | 0.6s
[00:03:05]   -> TAP(723,1537) [[FP:0.97] Human pattern (delta=-37, id=3699)]
[00:03:08] T123: [gameplay] Board=295cells/6colors d=+0 [DarkGreen:206, Brown:37, Orange:28, DarkRed:12, Red:6] | Queue=[FP stall=4 fp_top=0.95] | Holder=[_/DarkGreen/DarkGreen/DarkGreen/DarkGreen] (4/5) | 0.6s
[00:03:08]   -> TAP(732,1524) [[FP:0.97] Human pattern (delta=-20, id=3691)]
[00:03:12] T124: [gameplay] Board=295cells/6colors d=+0 [DarkGreen:206, Brown:37, Orange:28, DarkRed:12, Red:6] | Queue=[EXPLORE stall=5 fp_top=0.95] | Holder=[_/DarkGreen/DarkGreen/DarkGreen/DarkGreen] (4/5) | 1.3s
[00:03:12]   -> TAP(869,1653) [[EXPLORE:PlayDB] Tap (869,1653) human pattern #1]
[00:03:15] T125: [gameplay] Board=295cells/6colors d=+0 [DarkGreen:206, Brown:37, Orange:28, DarkRed:12, Red:6] | Queue=[EXPLORE stall=6 fp_top=0.95] | Holder=[_/DarkGreen/DarkGreen/DarkGreen/DarkGreen] (4/5) | 0.7s
[00:03:15]   -> TAP(627,1211) [[EXPLORE:PlayDB] Tap (627,1211) human pattern #2]
[00:03:18] T126: [gameplay] Board=295cells/6colors d=+0 [DarkGreen:206, Brown:37, Orange:28, DarkRed:12, Red:6] | Queue=[EXPLORE stall=7 fp_top=0.95] | Holder=[_/DarkGreen/DarkGreen/DarkGreen/DarkGreen] (4/5) | 0.7s
[00:03:18]   -> TAP(202,175) [[EXPLORE:PlayDB] Tap (202,175) human pattern #3]
[00:03:21] T127: [gameplay] Board=295cells/6colors d=+0 [DarkGreen:206, Brown:37, Orange:28, DarkRed:12, Red:6] | Queue=[EXPLORE stall=8 fp_top=0.95] | Holder=[_/DarkGreen/DarkGreen/DarkGreen/DarkGreen] (4/5) | 0.7s
[00:03:21]   -> TAP(817,1164) [[EXPLORE:PlayDB] Tap (817,1164) human pattern #4]
[00:03:24] T128: [gameplay] Board=295cells/6colors d=+0 [DarkGreen:206, Brown:37, Orange:28, DarkRed:12, Red:6] | Queue=[EXPLORE stall=9 fp_top=0.95] | Holder=[_/DarkGreen/DarkGreen/DarkGreen/DarkGreen] (4/5) | 0.7s
[00:03:24]   -> TAP(185,930) [[EXPLORE:ZONE:0] Tap zone (185,930)]
[00:03:27] T129: [gameplay] Board=295cells/6colors d=+0 [DarkGreen:206, Brown:37, Orange:28, DarkRed:12, Red:6] | Queue=[EXPLORE stall=10 fp_top=0.95] | Holder=[_/DarkGreen/DarkGreen/DarkGreen/DarkGreen] (4/5) | 1.1s
[00:03:27]   -> TAP(310,930) [[EXPLORE:ZONE:1] Tap zone (310,930)]
[00:03:31] T130: [gameplay] Board=295cells/6colors d=+0 [DarkGreen:206, Brown:37, Orange:28, DarkRed:12, Red:6] | Queue=[EXPLORE stall=11 fp_top=0.95] | Holder=[_/DarkGreen/DarkGreen/DarkGreen/DarkGreen] (4/5) | 1.1s
[00:03:31]   -> TAP(435,930) [[EXPLORE:ZONE:2] Tap zone (435,930)]
[00:03:34] T131: [gameplay] Board=295cells/6colors d=+0 [DarkGreen:206, Brown:37, Orange:28, DarkRed:12, Red:6] | Queue=[EXPLORE stall=12 fp_top=0.95] | Holder=[_/DarkGreen/DarkGreen/DarkGreen/DarkGreen] (4/5) | 1.1s
[00:03:34]   -> TAP(560,930) [[EXPLORE:ZONE:3] Tap zone (560,930)]
[00:03:38] T132: [gameplay] Board=295cells/6colors d=+0 [DarkGreen:206, Brown:37, Orange:28, DarkRed:12, Red:6] | Queue=[EXPLORE stall=13 fp_top=0.95] | Holder=[_/DarkGreen/DarkGreen/DarkGreen/DarkGreen] (4/5) | 1.1s
[00:03:38]   -> TAP(685,930) [[EXPLORE:ZONE:4] Tap zone (685,930)]
[00:03:41] T133: [gameplay] Board=295cells/6colors d=+0 [DarkGreen:206, Brown:37, Orange:28, DarkRed:12, Red:6] | Queue=[EXPLORE stall=14 fp_top=0.95] | Holder=[_/DarkGreen/DarkGreen/DarkGreen/DarkGreen] (4/5) | 1.2s
[00:03:41]   -> TAP(280,1500) [[EXPLORE:ZONE:5] Tap zone (280,1500)]
[00:03:44] T134: [gameplay] Board=295cells/6colors d=+0 [DarkGreen:206, Brown:37, Orange:28, DarkRed:12, Red:6] | Queue=[EXPLORE stall=15 fp_top=0.95] | Holder=[_/DarkGreen/DarkGreen/DarkGreen/DarkGreen] (4/5) | 0.7s
[00:03:44]   -> TAP(400,1500) [[EXPLORE:ZONE:6] Tap zone (400,1500)]
[00:03:48] T135: [gameplay] Board=295cells/6colors d=+0 [DarkGreen:206, Brown:37, Orange:28, DarkRed:12, Red:6] | Queue=[EXPLORE stall=16 fp_top=0.95] | Holder=[_/DarkGreen/DarkGreen/DarkGreen/DarkGreen] (4/5) | 0.7s
[00:03:48]   -> TAP(530,1500) [[EXPLORE:ZONE:7] Tap zone (530,1500)]
[00:03:50] T136: [gameplay] Board=296cells/6colors d=+1 [DarkGreen:206, Brown:37, Orange:28, DarkRed:12, Red:7] | Queue=[EXPLORE stall=15 fp_top=0.95] | Holder=[_/DarkRed/SageTeal/SageTeal/SageTeal] (4/5) | 0.8s
[00:03:50]   -> TAP(660,1500) [[EXPLORE:ZONE:8] Tap zone (660,1500)]
[00:03:53]   [LEARN] Explore tap (660,1500) WORKED! (d=-1)
[00:03:53] T137: [gameplay] Board=295cells/6colors d=-1 [DarkGreen:206, Brown:37, Orange:28, DarkRed:12, Red:6] | Queue=[FP stall=0 fp_top=0.95] | Holder=[_/DarkRed/_/_/_] (1/5) | 0.7s
[00:03:53]   -> TAP(316,1516) [[FP:0.97] Human pattern (delta=-28, id=4177)]
[00:03:57] T138: [gameplay] Board=261cells/6colors d=-34 [DarkGreen:172, Brown:37, Orange:28, DarkRed:12, Red:6] | Queue=[FP stall=0 fp_top=0.95] | Holder=[_/DarkRed/_/_/_] (1/5) | 0.6s
[00:03:57]   -> TAP(524,1512) [[FP:0.96] Human pattern (delta=-9, id=3250)]
[00:04:00] T139: [gameplay] Board=258cells/6colors d=-3 [DarkGreen:169, Brown:37, Orange:28, DarkRed:12, Red:6] | Queue=[FP stall=0 fp_top=0.95] | Holder=[_/DarkRed/_/_/_] (1/5) | 0.7s
[00:04:00]   -> TAP(342,1656) [[FP:0.96] Human pattern (delta=-14, id=3702)]
[00:04:04] T140: [gameplay] Board=258cells/6colors d=+0 [DarkGreen:169, Brown:37, Orange:28, DarkRed:12, Red:6] | Queue=[FP stall=1 fp_top=0.95] | Holder=[_/DarkRed/_/_/_] (1/5) | 0.6s
[00:04:04]   -> TAP(314,1495) [[FP:0.95] Human pattern (delta=-59, id=4165)]
[00:04:07] T141: [gameplay] Board=258cells/6colors d=+0 [DarkGreen:169, Brown:37, Orange:28, DarkRed:12, Red:6] | Queue=[FP stall=2 fp_top=0.95] | Holder=[_/DarkRed/_/_/_] (1/5) | 0.7s
[00:04:07]   -> TAP(696,1517) [[FP:0.96] Human pattern (delta=-40, id=6969)]
[00:04:10]   [EXPLORE] Entering exploration mode (stall x3)
[00:04:10] T142: [gameplay] Board=258cells/6colors d=+0 [DarkGreen:169, Brown:37, Orange:28, DarkRed:12, Red:6] | Queue=[FP stall=3 fp_top=0.95] | Holder=[_/DarkRed/_/_/_] (1/5) | 0.7s
[00:04:10]   -> TAP(723,1537) [[FP:0.96] Human pattern (delta=-37, id=3699)]
[00:04:13]   [SESSION] Ended b25b0495e190: fail (24 turns, end_cells=258)
[00:04:13] T143: [fail] Multi-tap close/retry positions
[00:04:18] T144: [win] Multi-tap continue positions
[00:04:22] T145: [fail] HEARTS-EMPTY popup detected (pixel match). Waiting 900s for regen.
[00:04:23] T146: [fail] HEARTS WAIT: 899s remaining, sleeping in 5s chunks...
[00:04:54] T147: [fail] HEARTS WAIT: 868s remaining, sleeping in 5s chunks...
[00:05:24] T148: [fail] HEARTS WAIT: 837s remaining, sleeping in 5s chunks...
[00:05:55] T149: [fail] HEARTS WAIT: 806s remaining, sleeping in 5s chunks...
[00:06:26] T150: [fail] HEARTS WAIT: 775s remaining, sleeping in 5s chunks...
[00:06:57] T151: [fail] HEARTS WAIT: 744s remaining, sleeping in 5s chunks...
[00:07:28] T152: [fail] HEARTS WAIT: 713s remaining, sleeping in 5s chunks...
[00:07:59] T153: [fail] HEARTS WAIT: 683s remaining, sleeping in 5s chunks...
[00:08:30] T154: [fail] HEARTS WAIT: 652s remaining, sleeping in 5s chunks...
[00:09:00] T155: [fail] HEARTS WAIT: 621s remaining, sleeping in 5s chunks...
[00:09:31] T156: [fail] HEARTS WAIT: 590s remaining, sleeping in 5s chunks...
[00:10:02] T157: [fail] HEARTS WAIT: 559s remaining, sleeping in 5s chunks...
[00:10:33] T158: [fail] HEARTS WAIT: 528s remaining, sleeping in 5s chunks...
[00:11:04] T159: [fail] HEARTS WAIT: 497s remaining, sleeping in 5s chunks...
[00:11:35] T160: [fail] HEARTS WAIT: 467s remaining, sleeping in 5s chunks...
[00:12:06] T161: [fail] HEARTS WAIT: 436s remaining, sleeping in 5s chunks...
[00:12:37] T162: [fail] HEARTS WAIT: 405s remaining, sleeping in 5s chunks...
[00:13:08] T163: [fail] HEARTS WAIT: 374s remaining, sleeping in 5s chunks...
[00:13:39] T164: [fail] HEARTS WAIT: 343s remaining, sleeping in 5s chunks...
[00:14:10] T165: [fail] HEARTS WAIT: 312s remaining, sleeping in 5s chunks...
[00:14:40] T166: [fail] HEARTS WAIT: 281s remaining, sleeping in 5s chunks...
[00:15:11] T167: [fail] HEARTS WAIT: 250s remaining, sleeping in 5s chunks...
[00:15:42] T168: [fail] HEARTS WAIT: 219s remaining, sleeping in 5s chunks...
[00:16:13] T169: [fail] HEARTS WAIT: 188s remaining, sleeping in 5s chunks...
[00:16:44] T170: [fail] HEARTS WAIT: 157s remaining, sleeping in 5s chunks...
[00:17:15] T171: [fail] HEARTS WAIT: 127s remaining, sleeping in 5s chunks...
[00:17:46] T172: [fail] HEARTS WAIT: 96s remaining, sleeping in 5s chunks...
[00:18:17] T173: [fail] HEARTS WAIT: 65s remaining, sleeping in 5s chunks...
[00:18:48] T174: [fail] HEARTS WAIT: 34s remaining, sleeping in 5s chunks...
[00:19:19] T175: [fail] HEARTS WAIT: 3s remaining, sleeping in 5s chunks...
[00:19:24] T176: [fail] HEARTS-EMPTY popup detected (pixel match). Waiting 900s for regen.
[00:19:25] T177: [fail] HEARTS WAIT: 899s remaining, sleeping in 5s chunks...
[00:19:55] T178: [fail] HEARTS WAIT: 868s remaining, sleeping in 5s chunks...
[00:20:26] T179: [fail] HEARTS WAIT: 837s remaining, sleeping in 5s chunks...
[00:20:57] T180: [fail] HEARTS WAIT: 806s remaining, sleeping in 5s chunks...
[00:21:28] T181: [win] HEARTS WAIT: 776s remaining, sleeping in 5s chunks...
[00:21:59] T182: [win] HEARTS WAIT: 744s remaining, sleeping in 5s chunks...
[00:22:30] T183: [win] HEARTS WAIT: 714s remaining, sleeping in 5s chunks...
[00:23:01] T184: [win] HEARTS WAIT: 683s remaining, sleeping in 5s chunks...
[00:23:32] T185: [win] HEARTS WAIT: 652s remaining, sleeping in 5s chunks...
[00:24:03] T186: [win] HEARTS WAIT: 621s remaining, sleeping in 5s chunks...
[00:24:34] T187: [win] HEARTS WAIT: 590s remaining, sleeping in 5s chunks...
[00:25:05] T188: [win] HEARTS WAIT: 559s remaining, sleeping in 5s chunks...
[00:25:36] T189: [win] HEARTS WAIT: 528s remaining, sleeping in 5s chunks...
[00:26:07] T190: [win] HEARTS WAIT: 497s remaining, sleeping in 5s chunks...
[00:26:38] T191: [win] HEARTS WAIT: 466s remaining, sleeping in 5s chunks...
[00:27:09] T192: [win] HEARTS WAIT: 435s remaining, sleeping in 5s chunks...
[00:27:40] T193: [win] HEARTS WAIT: 404s remaining, sleeping in 5s chunks...
[00:28:11] T194: [win] HEARTS WAIT: 373s remaining, sleeping in 5s chunks...
[00:28:42] T195: [win] HEARTS WAIT: 342s remaining, sleeping in 5s chunks...
[00:29:13] T196: [win] HEARTS WAIT: 311s remaining, sleeping in 5s chunks...
[00:29:44] T197: [win] HEARTS WAIT: 280s remaining, sleeping in 5s chunks...
[00:30:15] T198: [win] HEARTS WAIT: 249s remaining, sleeping in 5s chunks...
[00:30:46] T199: [win] HEARTS WAIT: 218s remaining, sleeping in 5s chunks...
[00:31:17] T200: [win] HEARTS WAIT: 187s remaining, sleeping in 5s chunks...
[00:31:48] T201: [win] HEARTS WAIT: 156s remaining, sleeping in 5s chunks...
[00:32:18] T202: [win] HEARTS WAIT: 125s remaining, sleeping in 5s chunks...
[00:32:50] T203: [win] HEARTS WAIT: 94s remaining, sleeping in 5s chunks...
[00:33:21] T204: [win] HEARTS WAIT: 63s remaining, sleeping in 5s chunks...
[00:33:52] T205: [win] HEARTS WAIT: 32s remaining, sleeping in 5s chunks...
[00:34:23] T206: [win] HEARTS WAIT: 1s remaining, sleeping in 5s chunks...
[00:34:28] T207: [win] Multi-tap continue positions
[00:34:34]   [SESSION] Started cb399b10e045 (start_cells=299)
[00:34:34] T208: [gameplay] Board=299cells/6colors d=+0 [DarkGreen:208, Brown:38, Orange:20, Red:17, DarkRed:14] | Queue=[FP stall=0 fp_top=0.97] | Holder=[_/DarkGreen/DarkGreen/DarkGreen/DarkGreen] (4/5) | 0.8s
[00:34:34]   -> TAP(349,1629) [[FP:0.97] Human pattern (delta=-1, id=3700)]
[00:34:37] T209: [gameplay] Board=299cells/6colors d=+0 [DarkGreen:208, Brown:38, Orange:20, Red:17, DarkRed:14] | Queue=[FP stall=1 fp_top=0.97] | Holder=[_/DarkGreen/DarkGreen/DarkGreen/DarkGreen] (4/5) | 0.7s
[00:34:37]   -> TAP(316,1516) [[FP:0.97] Human pattern (delta=-28, id=4177)]
[00:34:40] T210: [gameplay] Board=299cells/6colors d=+0 [DarkGreen:208, Brown:38, Orange:20, Red:17, DarkRed:14] | Queue=[FP stall=2 fp_top=0.97] | Holder=[_/DarkGreen/DarkGreen/DarkGreen/DarkGreen] (4/5) | 0.6s
[00:34:40]   -> TAP(732,1524) [[FP:0.97] Human pattern (delta=-20, id=3691)]
[00:34:44] T211: [gameplay] Board=299cells/6colors d=+0 [DarkGreen:208, Brown:38, Orange:20, Red:17, DarkRed:14] | Queue=[FP stall=3 fp_top=0.97] | Holder=[_/DarkGreen/DarkGreen/DarkGreen/DarkGreen] (4/5) | 0.6s
[00:34:44]   -> TAP(342,1656) [[FP:0.97] Human pattern (delta=-14, id=3702)]
[00:34:47] T212: [gameplay] Board=299cells/6colors d=+0 [DarkGreen:208, Brown:38, Orange:20, Red:17, DarkRed:14] | Queue=[FP stall=4 fp_top=0.97] | Holder=[_/DarkGreen/DarkGreen/DarkGreen/DarkGreen] (4/5) | 0.7s
[00:34:47]   -> TAP(524,1512) [[FP:0.97] Human pattern (delta=-9, id=3250)]
[00:34:51] T213: [gameplay] Board=299cells/6colors d=+0 [DarkGreen:208, Brown:38, Orange:20, Red:17, DarkRed:14] | Queue=[EXPLORE stall=5 fp_top=0.97] | Holder=[_/DarkRed/SageTeal/SageTeal/SageTeal] (4/5) | 0.7s
[00:34:51]   -> TAP(660,1500) [[EXPLORE:AI_DB] Tap (660,1500) conf=0.50]
[00:34:54] T214: [gameplay] Board=299cells/6colors d=+0 [DarkGreen:208, Brown:38, Orange:20, Red:17, DarkRed:14] | Queue=[EXPLORE stall=6 fp_top=0.97] | Holder=[_/DarkRed/_/_/_] (1/5) | 0.7s
[00:34:54]   -> TAP(869,1653) [[EXPLORE:PlayDB] Tap (869,1653) human pattern #1]
[00:34:57]   [LEARN] Explore tap (869,1653) WORKED! (d=-30)
[00:34:57] T215: [gameplay] Board=269cells/6colors d=-30 [DarkGreen:178, Brown:38, Orange:20, Red:17, DarkRed:14] | Queue=[FP stall=0 fp_top=0.95] | Holder=[_/DarkRed/_/_/_] (1/5) | 0.6s
[00:34:57]   -> TAP(314,1495) [[FP:0.95] Human pattern (delta=-59, id=4165)]
[00:35:01] T216: [gameplay] Board=263cells/6colors d=-6 [DarkGreen:172, Brown:38, Orange:20, Red:17, DarkRed:14] | Queue=[FP stall=0 fp_top=0.95] | Holder=[_/DarkRed/_/_/_] (1/5) | 0.9s
[00:35:01]   -> TAP(696,1517) [[FP:0.96] Human pattern (delta=-40, id=6969)]
[00:35:04] T217: [gameplay] Board=263cells/6colors d=+0 [DarkGreen:172, Brown:38, Orange:20, Red:17, DarkRed:14] | Queue=[FP stall=1 fp_top=0.95] | Holder=[_/DarkRed/_/_/_] (1/5) | 0.6s
[00:35:04]   -> TAP(723,1537) [[FP:0.96] Human pattern (delta=-37, id=3699)]
[00:35:07] T218: [gameplay] Board=263cells/6colors d=+0 [DarkGreen:172, Brown:38, Orange:20, Red:17, DarkRed:14] | Queue=[FP stall=2 fp_top=0.95] | Holder=[_/DarkRed/_/_/_] (1/5) | 0.6s
[00:35:07]   -> TAP(316,1516) [[FP:0.97] Human pattern (delta=-28, id=4177)]
[00:35:11]   [EXPLORE] Entering exploration mode (stall x3)
[00:35:11] T219: [gameplay] Board=263cells/6colors d=+0 [DarkGreen:172, Brown:38, Orange:20, Red:17, DarkRed:14] | Queue=[FP stall=3 fp_top=0.95] | Holder=[_/DarkRed/_/_/_] (1/5) | 0.6s
[00:35:11]   -> TAP(732,1524) [[FP:0.96] Human pattern (delta=-20, id=3691)]
[00:35:14] T220: [gameplay] Board=263cells/6colors d=+0 [DarkGreen:172, Brown:38, Orange:20, Red:17, DarkRed:14] | Queue=[FP stall=4 fp_top=0.95] | Holder=[_/DarkRed/_/_/_] (1/5) | 0.6s
[00:35:14]   -> TAP(342,1656) [[FP:0.96] Human pattern (delta=-14, id=3702)]
[00:35:18] T221: [gameplay] Board=263cells/6colors d=+0 [DarkGreen:172, Brown:38, Orange:20, Red:17, DarkRed:14] | Queue=[EXPLORE stall=5 fp_top=0.95] | Holder=[_/DarkRed/_/_/_] (1/5) | 0.7s
[00:35:18]   -> TAP(869,1653) [[EXPLORE:PlayDB] Tap (869,1653) human pattern #1]
[00:35:21] T222: [gameplay] Board=263cells/6colors d=+0 [DarkGreen:172, Brown:38, Orange:20, Red:17, DarkRed:14] | Queue=[EXPLORE stall=6 fp_top=0.95] | Holder=[_/DarkRed/_/_/_] (1/5) | 0.7s
[00:35:21]   -> TAP(627,1211) [[EXPLORE:PlayDB] Tap (627,1211) human pattern #2]
[00:35:24] T223: [gameplay] Board=263cells/6colors d=+0 [DarkGreen:172, Brown:38, Orange:20, Red:17, DarkRed:14] | Queue=[EXPLORE stall=7 fp_top=0.95] | Holder=[_/DarkRed/_/_/_] (1/5) | 0.7s
[00:35:24]   -> TAP(202,175) [[EXPLORE:PlayDB] Tap (202,175) human pattern #3]
[00:35:27] T224: [gameplay] Board=263cells/6colors d=+0 [DarkGreen:172, Brown:38, Orange:20, Red:17, DarkRed:14] | Queue=[EXPLORE stall=8 fp_top=0.95] | Holder=[_/DarkRed/_/_/_] (1/5) | 0.7s
[00:35:27]   -> TAP(817,1164) [[EXPLORE:PlayDB] Tap (817,1164) human pattern #4]
[00:35:30] T225: [gameplay] Board=263cells/6colors d=+0 [DarkGreen:172, Brown:38, Orange:20, Red:17, DarkRed:14] | Queue=[EXPLORE stall=9 fp_top=0.95] | Holder=[_/DarkRed/_/_/_] (1/5) | 0.7s
[00:35:30]   -> TAP(185,930) [[EXPLORE:ZONE:0] Tap zone (185,930)]
[00:35:33] T226: [gameplay] Board=263cells/6colors d=+0 [DarkGreen:172, Brown:38, Orange:20, Red:17, DarkRed:14] | Queue=[EXPLORE stall=10 fp_top=0.95] | Holder=[_/DarkRed/_/_/_] (1/5) | 0.8s
[00:35:33]   -> TAP(310,930) [[EXPLORE:ZONE:1] Tap zone (310,930)]
[00:35:36] T227: [gameplay] Board=263cells/6colors d=+0 [DarkGreen:172, Brown:38, Orange:20, Red:17, DarkRed:14] | Queue=[EXPLORE stall=11 fp_top=0.95] | Holder=[_/DarkRed/_/_/_] (1/5) | 0.7s
[00:35:36]   -> TAP(435,930) [[EXPLORE:ZONE:2] Tap zone (435,930)]
[00:35:39] T228: [gameplay] Board=263cells/6colors d=+0 [DarkGreen:172, Brown:38, Orange:20, Red:17, DarkRed:14] | Queue=[EXPLORE stall=12 fp_top=0.95] | Holder=[_/DarkRed/_/_/_] (1/5) | 0.8s
[00:35:39]   -> TAP(560,930) [[EXPLORE:ZONE:3] Tap zone (560,930)]
[00:35:42] T229: [gameplay] Board=263cells/6colors d=+0 [DarkGreen:172, Brown:38, Orange:20, Red:17, DarkRed:14] | Queue=[EXPLORE stall=13 fp_top=0.95] | Holder=[_/DarkRed/_/_/_] (1/5) | 0.7s
[00:35:42]   -> TAP(685,930) [[EXPLORE:ZONE:4] Tap zone (685,930)]
[00:35:45] T230: [gameplay] Board=263cells/6colors d=+0 [DarkGreen:172, Brown:38, Orange:20, Red:17, DarkRed:14] | Queue=[EXPLORE stall=14 fp_top=0.95] | Holder=[_/DarkRed/_/_/_] (1/5) | 0.7s
[00:35:45]   -> TAP(280,1500) [[EXPLORE:ZONE:5] Tap zone (280,1500)]
[00:35:48] T231: [gameplay] Board=263cells/6colors d=+0 [DarkGreen:172, Brown:38, Orange:20, Red:17, DarkRed:14] | Queue=[EXPLORE stall=15 fp_top=0.95] | Holder=[_/DarkRed/_/_/_] (1/5) | 0.7s
[00:35:48]   -> TAP(400,1500) [[EXPLORE:ZONE:6] Tap zone (400,1500)]
[00:35:51] T232: [gameplay] Board=263cells/6colors d=+0 [DarkGreen:172, Brown:38, Orange:20, Red:17, DarkRed:14] | Queue=[EXPLORE stall=16 fp_top=0.95] | Holder=[_/_/_/_/_] (0/5) | 0.7s
[00:35:51]   -> TAP(530,1500) [[EXPLORE:ZONE:7] Tap zone (530,1500)]
[00:35:54] T233: [gameplay] Board=265cells/6colors d=+2 [DarkGreen:172, Brown:38, Orange:20, Red:17, DarkRed:16] | Queue=[EXPLORE stall=15 fp_top=0.95] | Holder=[_/_/_/_/_] (0/5) | 0.7s
[00:35:54]   -> TAP(660,1500) [[EXPLORE:ZONE:8] Tap zone (660,1500)]
[00:35:57]   [LEARN] Explore tap (660,1500) WORKED! (d=-2)
[00:35:57] T234: [gameplay] Board=263cells/6colors d=-2 [DarkGreen:172, Brown:38, Orange:20, Red:17, DarkRed:14] | Queue=[FP stall=0 fp_top=0.95] | Holder=[_/_/_/_/_] (0/5) | 0.7s
[00:35:57]   -> TAP(342,1656) [[FP:0.96] Human pattern (delta=-14, id=3702)]
[00:36:00] T235: [gameplay] Board=263cells/6colors d=+0 [DarkGreen:172, Brown:38, Orange:20, Red:17, DarkRed:14] | Queue=[FP stall=1 fp_top=0.95] | Holder=[_/_/_/_/_] (0/5) | 0.8s
[00:36:00]   -> TAP(524,1512) [[FP:0.96] Human pattern (delta=-9, id=3250)]
[00:36:03]   [SESSION] Ended cb399b10e045: fail (28 turns, end_cells=263)
[00:36:03] T236: [fail] Multi-tap close/retry positions
[00:36:08] T237: [fail] Multi-tap close/retry positions
[00:36:33] T247: Screenshot failed x10
[00:36:55] T257: Screenshot failed x20
[00:37:17] T267: Screenshot failed x30
[00:37:17]   >> ADB RECOVERY Tier 1 (after 30 fails)
[00:37:29]   >> Tier 1 succeeded — relaunching app
[00:37:43] T268: Screenshot recovered after 30 fails
[00:37:43] T268: [loading] PlayDB: 3 patterns, trying top 2
[00:37:48] T269: [loading] PlayDB: 3 patterns, trying top 2
[00:37:53] T270: POPUP LOOP (loading), relaunch
[00:38:05] T271: [loading] PlayDB: 3 patterns, trying top 2
[00:38:10] T272: [loading] PlayDB: 3 patterns, trying top 2
[00:38:15] T273: [loading] PlayDB: 3 patterns, trying top 2
[00:38:19] T274: [loading] PlayDB: 3 patterns, trying top 2
[00:38:24] T275: [lobby] Hardcoded play button (540,1450)
[00:38:27] T276: [fail] HEARTS-EMPTY popup detected (pixel match). Waiting 900s for regen.
[00:38:27] T277: [fail] HEARTS WAIT: 899s remaining, sleeping in 5s chunks...
[00:38:59] T278: [fail] HEARTS WAIT: 868s remaining, sleeping in 5s chunks...
[00:39:30] T279: [fail] HEARTS WAIT: 836s remaining, sleeping in 5s chunks...
[00:40:01] T280: [fail] HEARTS WAIT: 805s remaining, sleeping in 5s chunks...
[00:40:33] T281: [fail] HEARTS WAIT: 774s remaining, sleeping in 5s chunks...
[00:41:04] T282: [fail] HEARTS WAIT: 743s remaining, sleeping in 5s chunks...
[00:41:35] T283: [fail] HEARTS WAIT: 712s remaining, sleeping in 5s chunks...
[00:42:06] T284: [fail] HEARTS WAIT: 680s remaining, sleeping in 5s chunks...
[00:42:37] T285: [fail] HEARTS WAIT: 649s remaining, sleeping in 5s chunks...
[00:43:08] T286: [fail] HEARTS WAIT: 618s remaining, sleeping in 5s chunks...
[00:43:40] T287: [fail] HEARTS WAIT: 586s remaining, sleeping in 5s chunks...
[00:44:11] T288: [fail] HEARTS WAIT: 555s remaining, sleeping in 5s chunks...
[00:44:42] T289: [fail] HEARTS WAIT: 524s remaining, sleeping in 5s chunks...
[00:45:13] T290: [fail] HEARTS WAIT: 493s remaining, sleeping in 5s chunks...
[00:45:44] T291: [fail] HEARTS WAIT: 463s remaining, sleeping in 5s chunks...
[00:46:14] T292: [fail] HEARTS WAIT: 432s remaining, sleeping in 5s chunks...
[00:46:45] T293: [fail] HEARTS WAIT: 401s remaining, sleeping in 5s chunks...
[00:47:16] T294: [fail] HEARTS WAIT: 370s remaining, sleeping in 5s chunks...
[00:47:47] T295: [fail] HEARTS WAIT: 339s remaining, sleeping in 5s chunks...
[00:48:18] T296: [fail] HEARTS WAIT: 308s remaining, sleeping in 5s chunks...
[00:48:49] T297: [fail] HEARTS WAIT: 278s remaining, sleeping in 5s chunks...
[00:49:19] T298: [fail] HEARTS WAIT: 247s remaining, sleeping in 5s chunks...
[00:49:50] T299: [fail] HEARTS WAIT: 216s remaining, sleeping in 5s chunks...
[00:50:21] T300: [fail] HEARTS WAIT: 185s remaining, sleeping in 5s chunks...
[00:50:52] T301: [fail] HEARTS WAIT: 155s remaining, sleeping in 5s chunks...
[00:51:23] T302: [lobby] HEARTS WAIT: 123s remaining, sleeping in 5s chunks...
[00:51:54] T303: [lobby] HEARTS WAIT: 92s remaining, sleeping in 5s chunks...
[00:52:25] T304: [lobby] HEARTS WAIT: 61s remaining, sleeping in 5s chunks...
[00:52:56] T305: [lobby] HEARTS WAIT: 30s remaining, sleeping in 5s chunks...
[00:53:27] T306: [lobby] Hardcoded play button (540,1450)
[00:53:30]   [SESSION] Started efeece3593fc (start_cells=279)
[00:53:30] T307: [gameplay] Board=279cells/5colors d=+0 [DarkGreen:197, Brown:46, Orange:24, DarkRed:8, Red:4] | Queue=[FP stall=0 fp_top=0.95] | Holder=[_/DarkGreen/DarkGreen/DarkGreen/DarkGreen] (4/5) | 0.5s
[00:53:30]   -> TAP(314,1495) [[FP:0.95] Human pattern (delta=-59, id=4165)]
[00:53:33] T308: [gameplay] Board=279cells/5colors d=+0 [DarkGreen:197, Brown:46, Orange:24, DarkRed:8, Red:4] | Queue=[FP stall=1 fp_top=0.95] | Holder=[_/DarkGreen/DarkGreen/DarkGreen/DarkGreen] (4/5) | 0.6s
[00:53:33]   -> TAP(696,1517) [[FP:0.97] Human pattern (delta=-40, id=6969)]
[00:53:36] T309: [gameplay] Board=279cells/5colors d=+0 [DarkGreen:197, Brown:46, Orange:24, DarkRed:8, Red:4] | Queue=[FP stall=2 fp_top=0.95] | Holder=[_/DarkGreen/DarkGreen/DarkGreen/DarkGreen] (4/5) | 0.6s
[00:53:36]   -> TAP(723,1537) [[FP:0.97] Human pattern (delta=-37, id=3699)]
[00:53:40]   [EXPLORE] Entering exploration mode (stall x3)
[00:53:40] T310: [gameplay] Board=279cells/5colors d=+0 [DarkGreen:197, Brown:46, Orange:24, DarkRed:8, Red:4] | Queue=[FP stall=3 fp_top=0.95] | Holder=[_/DarkGreen/DarkGreen/DarkGreen/DarkGreen] (4/5) | 0.5s
[00:53:40]   -> TAP(316,1516) [[FP:0.98] Human pattern (delta=-28, id=4177)]
[00:53:43] T311: [gameplay] Board=279cells/5colors d=+0 [DarkGreen:197, Brown:46, Orange:24, DarkRed:8, Red:4] | Queue=[FP stall=4 fp_top=0.95] | Holder=[_/DarkGreen/DarkGreen/DarkGreen/DarkGreen] (4/5) | 0.5s
[00:53:43]   -> TAP(732,1524) [[FP:0.97] Human pattern (delta=-20, id=3691)]
[00:53:46] T312: [gameplay] Board=279cells/5colors d=+0 [DarkGreen:197, Brown:46, Orange:24, DarkRed:8, Red:4] | Queue=[EXPLORE stall=5 fp_top=0.95] | Holder=[_/DarkGreen/DarkGreen/DarkGreen/DarkGreen] (4/5) | 1.0s
[00:53:46]   -> TAP(869,1653) [[EXPLORE:PlayDB] Tap (869,1653) human pattern #1]
[00:53:49] T313: [gameplay] Board=279cells/5colors d=+0 [DarkGreen:197, Brown:46, Orange:24, DarkRed:8, Red:4] | Queue=[EXPLORE stall=6 fp_top=0.95] | Holder=[_/DarkGreen/DarkGreen/DarkGreen/DarkGreen] (4/5) | 0.6s
[00:53:49]   -> TAP(627,1211) [[EXPLORE:PlayDB] Tap (627,1211) human pattern #2]
[00:53:52] T314: [gameplay] Board=279cells/5colors d=+0 [DarkGreen:197, Brown:46, Orange:24, DarkRed:8, Red:4] | Queue=[EXPLORE stall=7 fp_top=0.95] | Holder=[_/DarkGreen/DarkGreen/DarkGreen/DarkGreen] (4/5) | 0.6s
[00:53:52]   -> TAP(202,175) [[EXPLORE:PlayDB] Tap (202,175) human pattern #3]
[00:53:55] T315: [gameplay] Board=279cells/5colors d=+0 [DarkGreen:197, Brown:46, Orange:24, DarkRed:8, Red:4] | Queue=[EXPLORE stall=8 fp_top=0.95] | Holder=[_/DarkGreen/DarkGreen/DarkGreen/DarkGreen] (4/5) | 0.6s
[00:53:55]   -> TAP(817,1164) [[EXPLORE:PlayDB] Tap (817,1164) human pattern #4]
[00:53:57] T316: [gameplay] Board=279cells/5colors d=+0 [DarkGreen:197, Brown:46, Orange:24, DarkRed:8, Red:4] | Queue=[EXPLORE stall=9 fp_top=0.95] | Holder=[_/DarkGreen/DarkGreen/DarkGreen/DarkGreen] (4/5) | 0.7s
[00:53:57]   -> TAP(185,930) [[EXPLORE:ZONE:0] Tap zone (185,930)]
[00:54:00] T317: [gameplay] Board=279cells/5colors d=+0 [DarkGreen:197, Brown:46, Orange:24, DarkRed:8, Red:4] | Queue=[EXPLORE stall=10 fp_top=0.95] | Holder=[_/DarkGreen/DarkGreen/DarkGreen/DarkGreen] (4/5) | 0.6s
[00:54:00]   -> TAP(310,930) [[EXPLORE:ZONE:1] Tap zone (310,930)]
[00:54:03] T318: [gameplay] Board=279cells/5colors d=+0 [DarkGreen:197, Brown:46, Orange:24, DarkRed:8, Red:4] | Queue=[EXPLORE stall=11 fp_top=0.95] | Holder=[_/DarkGreen/DarkGreen/DarkGreen/DarkGreen] (4/5) | 0.6s
[00:54:03]   -> TAP(435,930) [[EXPLORE:ZONE:2] Tap zone (435,930)]
[00:54:06] T319: [gameplay] Board=279cells/5colors d=+0 [DarkGreen:197, Brown:46, Orange:24, DarkRed:8, Red:4] | Queue=[EXPLORE stall=12 fp_top=0.95] | Holder=[_/DarkGreen/DarkGreen/DarkGreen/DarkGreen] (4/5) | 0.6s
[00:54:06]   -> TAP(560,930) [[EXPLORE:ZONE:3] Tap zone (560,930)]
[00:54:09] T320: [gameplay] Board=279cells/5colors d=+0 [DarkGreen:197, Brown:46, Orange:24, DarkRed:8, Red:4] | Queue=[EXPLORE stall=13 fp_top=0.95] | Holder=[_/DarkGreen/DarkGreen/DarkGreen/DarkGreen] (4/5) | 0.7s
[00:54:09]   -> TAP(685,930) [[EXPLORE:ZONE:4] Tap zone (685,930)]
[00:54:11] T321: [gameplay] Board=279cells/5colors d=+0 [DarkGreen:197, Brown:46, Orange:24, DarkRed:8, Red:4] | Queue=[EXPLORE stall=14 fp_top=0.95] | Holder=[_/DarkGreen/DarkGreen/DarkGreen/DarkGreen] (4/5) | 0.6s
[00:54:11]   -> TAP(280,1500) [[EXPLORE:ZONE:5] Tap zone (280,1500)]
[00:54:14] T322: [gameplay] Board=279cells/5colors d=+0 [DarkGreen:197, Brown:46, Orange:24, DarkRed:8, Red:4] | Queue=[EXPLORE stall=15 fp_top=0.95] | Holder=[_/DarkGreen/DarkGreen/DarkGreen/DarkGreen] (4/5) | 0.6s
[00:54:14]   -> TAP(400,1500) [[EXPLORE:ZONE:6] Tap zone (400,1500)]
[00:54:17] T323: [gameplay] Board=279cells/5colors d=+0 [DarkGreen:197, Brown:46, Orange:24, DarkRed:8, Red:4] | Queue=[EXPLORE stall=16 fp_top=0.95] | Holder=[_/DarkGreen/DarkGreen/DarkGreen/DarkGreen] (4/5) | 0.5s
[00:54:17]   -> TAP(530,1500) [[EXPLORE:ZONE:7] Tap zone (530,1500)]
[00:54:19] T324: [gameplay] Board=280cells/5colors d=+1 [DarkGreen:197, Brown:46, Orange:24, DarkRed:8, Red:5] | Queue=[EXPLORE stall=15 fp_top=0.95] | Holder=[_/DarkRed/SageTeal/SageTeal/SageTeal] (4/5) | 0.6s
[00:54:19]   -> TAP(660,1500) [[EXPLORE:ZONE:8] Tap zone (660,1500)]
[00:54:22]   [LEARN] Explore tap (660,1500) WORKED! (d=-1)
[00:54:22] T325: [gameplay] Board=279cells/5colors d=-1 [DarkGreen:197, Brown:46, Orange:24, DarkRed:8, Red:4] | Queue=[FP stall=0 fp_top=0.95] | Holder=[_/DarkRed/_/_/_] (1/5) | 0.5s
[00:54:22]   -> TAP(732,1524) [[FP:0.97] Human pattern (delta=-20, id=3691)]
[00:54:25] T326: [gameplay] Board=247cells/5colors d=-32 [DarkGreen:165, Brown:46, Orange:24, DarkRed:8, Red:4] | Queue=[FP stall=0 fp_top=0.95] | Holder=[_/DarkRed/_/_/_] (1/5) | 0.5s
[00:54:25]   -> TAP(342,1656) [[FP:0.95] Human pattern (delta=-14, id=3702)]
[00:54:29] T327: [gameplay] Board=243cells/5colors d=-4 [DarkGreen:161, Brown:46, Orange:24, DarkRed:8, Red:4] | Queue=[FP stall=0 fp_top=0.95] | Holder=[_/DarkRed/_/_/_] (1/5) | 0.6s
[00:54:29]   -> TAP(524,1512) [[FP:0.95] Human pattern (delta=-9, id=3250)]
[00:54:32] T328: [gameplay] Board=243cells/5colors d=+0 [DarkGreen:161, Brown:46, Orange:24, DarkRed:8, Red:4] | Queue=[FP stall=1 fp_top=0.95] | Holder=[_/DarkRed/_/_/_] (1/5) | 0.6s
[00:54:32]   -> TAP(314,1495) [[FP:0.95] Human pattern (delta=-59, id=4165)]
[00:54:35] T329: [gameplay] Board=243cells/5colors d=+0 [DarkGreen:161, Brown:46, Orange:24, DarkRed:8, Red:4] | Queue=[FP stall=2 fp_top=0.95] | Holder=[White/DarkRed/_/_/_] (2/5) | 0.5s
[00:54:35]   -> TAP(696,1517) [[FP:0.95] Human pattern (delta=-40, id=6969)]
[00:54:38]   [EXPLORE] Entering exploration mode (stall x3)
[00:54:38] T330: [gameplay] Board=243cells/5colors d=+0 [DarkGreen:161, Brown:46, Orange:24, DarkRed:8, Red:4] | Queue=[FP stall=3 fp_top=0.95] | Holder=[_/DarkRed/_/_/_] (1/5) | 0.5s
[00:54:38]   -> TAP(723,1537) [[FP:0.95] Human pattern (delta=-37, id=3699)]
[00:54:42] T331: [gameplay] Board=243cells/5colors d=+0 [DarkGreen:161, Brown:46, Orange:24, DarkRed:8, Red:4] | Queue=[FP stall=4 fp_top=0.95] | Holder=[_/DarkRed/_/_/_] (1/5) | 0.5s
[00:54:42]   -> TAP(316,1516) [[FP:0.98] Human pattern (delta=-28, id=4177)]
[00:54:44] T332: [popup] Multi-tap close/retry positions
[00:54:49]   [SESSION] Ended efeece3593fc: fail (25 turns, end_cells=243)
[00:54:49] T333: [fail] Multi-tap close/retry positions
[00:54:53] T334: [fail] Multi-tap close/retry positions
[00:55:16] T344: Screenshot failed x10
[00:55:38] T354: Screenshot failed x20
[00:55:59] T364: Screenshot failed x30
[00:55:59]   >> ADB RECOVERY Tier 1 (after 30 fails)
[00:56:11]   >> Tier 1 succeeded — relaunching app
[00:56:24] T365: Screenshot recovered after 30 fails
[00:56:24] T365: [loading] PlayDB: 3 patterns, trying top 2
[00:56:28] T366: POPUP LOOP (loading), relaunch
[00:56:40] T367: [loading] PlayDB: 3 patterns, trying top 2
[00:56:44] T368: [loading] PlayDB: 3 patterns, trying top 2
[00:56:48] T369: [loading] PlayDB: 3 patterns, trying top 2
[00:56:52] T370: [lobby] Hardcoded play button (540,1450)
[00:56:55] T371: [fail] HEARTS-EMPTY popup detected (pixel match). Waiting 900s for regen.
[00:56:56] T372: [fail] HEARTS WAIT: 899s remaining, sleeping in 5s chunks...
[00:57:26] T373: [fail] HEARTS WAIT: 868s remaining, sleeping in 5s chunks...
[00:57:57] T374: [fail] HEARTS WAIT: 837s remaining, sleeping in 5s chunks...
[00:58:28] T375: [fail] HEARTS WAIT: 807s remaining, sleeping in 5s chunks...
[00:58:59] T376: [fail] HEARTS WAIT: 776s remaining, sleeping in 5s chunks...
[00:59:30] T377: [fail] HEARTS WAIT: 745s remaining, sleeping in 5s chunks...
[01:00:00] T378: [fail] HEARTS WAIT: 714s remaining, sleeping in 5s chunks...
[01:00:31] T379: [fail] HEARTS WAIT: 684s remaining, sleeping in 5s chunks...
[01:01:02] T380: [fail] HEARTS WAIT: 653s remaining, sleeping in 5s chunks...
[01:01:33] T381: [fail] HEARTS WAIT: 622s remaining, sleeping in 5s chunks...
[01:02:04] T382: [fail] HEARTS WAIT: 591s remaining, sleeping in 5s chunks...
[01:02:35] T383: [fail] HEARTS WAIT: 560s remaining, sleeping in 5s chunks...
[01:03:05] T384: [fail] HEARTS WAIT: 529s remaining, sleeping in 5s chunks...
[01:03:36] T385: [fail] HEARTS WAIT: 498s remaining, sleeping in 5s chunks...
[01:04:07] T386: [fail] HEARTS WAIT: 468s remaining, sleeping in 5s chunks...
[01:04:38] T387: [fail] HEARTS WAIT: 437s remaining, sleeping in 5s chunks...
[01:05:09] T388: [fail] HEARTS WAIT: 406s remaining, sleeping in 5s chunks...
[01:05:40] T389: [fail] HEARTS WAIT: 375s remaining, sleeping in 5s chunks...
[01:06:11] T390: [fail] HEARTS WAIT: 344s remaining, sleeping in 5s chunks...
[01:06:42] T391: [fail] HEARTS WAIT: 313s remaining, sleeping in 5s chunks...
[01:07:12] T392: [fail] HEARTS WAIT: 282s remaining, sleeping in 5s chunks...
[01:07:43] T393: [fail] HEARTS WAIT: 251s remaining, sleeping in 5s chunks...
[01:08:14] T394: [fail] HEARTS WAIT: 221s remaining, sleeping in 5s chunks...
[01:08:45] T395: [fail] HEARTS WAIT: 190s remaining, sleeping in 5s chunks...
[01:09:16] T396: [fail] HEARTS WAIT: 159s remaining, sleeping in 5s chunks...
[01:09:47] T397: [fail] HEARTS WAIT: 128s remaining, sleeping in 5s chunks...
[01:10:18] T398: [fail] HEARTS WAIT: 97s remaining, sleeping in 5s chunks...
[01:10:48] T399: [fail] HEARTS WAIT: 66s remaining, sleeping in 5s chunks...
[01:11:19] T400: [fail] HEARTS WAIT: 35s remaining, sleeping in 5s chunks...
[01:11:50] T401: [fail] HEARTS WAIT: 5s remaining, sleeping in 5s chunks...
[01:11:56] T402: [fail] HEARTS-EMPTY popup detected (pixel match). Waiting 900s for regen.
[01:11:56] T403: [fail] HEARTS WAIT: 899s remaining, sleeping in 5s chunks...
[01:12:27] T404: [fail] HEARTS WAIT: 868s remaining, sleeping in 5s chunks...
[01:12:58] T405: [fail] HEARTS WAIT: 837s remaining, sleeping in 5s chunks...
[01:13:28] T406: [fail] HEARTS WAIT: 807s remaining, sleeping in 5s chunks...
[01:13:59] T407: [fail] HEARTS WAIT: 776s remaining, sleeping in 5s chunks...
[01:14:30] T408: [fail] HEARTS WAIT: 745s remaining, sleeping in 5s chunks...
[01:15:01] T409: [fail] HEARTS WAIT: 714s remaining, sleeping in 5s chunks...
[01:15:32] T410: [fail] HEARTS WAIT: 683s remaining, sleeping in 5s chunks...
[01:16:03] T411: [fail] HEARTS WAIT: 652s remaining, sleeping in 5s chunks...
[01:16:33] 
[01:16:33] ============================================================
[01:16:33] SESSION COMPLETE
[01:16:33] ============================================================
[01:16:33] Total turns:   411
[01:16:33] Games started: 4
[01:16:33] Games won:     4
[01:16:33] Games failed:  6
[01:16:33] AI Play DB: E:\AI\virtual_player\data\db\ai_play_pixelflow.db
[01:16:33] Fingerprint DB: E:\AI\virtual_player\data\pixelflow\db\fingerprint.db (loaded)
[01:16:33] Stats saved: E:\AI\virtual_player\data\games\pixelflow\temp\smart\smart_stats.json
