[19:14:23] ============================================================
[19:14:23] Smart PixelFlow Player START
[19:14:23] Duration: 120 min | Target: 21:14:23
[19:14:23] ADB: C:/Program Files/BlueStacks_nxt/HD-Adb.exe | Device: emulator-5554
[19:14:23] YOLO: best.pt
[19:14:23] Profile: cell_profile.json
[FingerprintSearcher] Loaded 4891 rows (win_only=True)
[19:14:24] Fingerprint DB: fingerprint.db (loaded)
[19:14:24] FP threshold: 0.78, top_k: 8
[19:14:24] ============================================================
[19:14:37] T1: [fail] HEARTS-EMPTY popup detected (pixel match). Waiting 900s for regen.
[19:14:37] T2: [fail] HEARTS WAIT: 899s remaining, sleeping in 5s chunks...
[19:15:08] T3: [fail] HEARTS WAIT: 868s remaining, sleeping in 5s chunks...
[19:15:39] T4: [fail] HEARTS WAIT: 837s remaining, sleeping in 5s chunks...
[19:16:10] T5: [fail] HEARTS WAIT: 806s remaining, sleeping in 5s chunks...
[19:16:40] T6: [fail] HEARTS WAIT: 776s remaining, sleeping in 5s chunks...
[19:17:11] T7: [fail] HEARTS WAIT: 745s remaining, sleeping in 5s chunks...
[19:17:42] T8: [fail] HEARTS WAIT: 714s remaining, sleeping in 5s chunks...
[19:18:13] T9: [fail] HEARTS WAIT: 683s remaining, sleeping in 5s chunks...
[19:18:44] T10: [fail] HEARTS WAIT: 652s remaining, sleeping in 5s chunks...
[19:19:15] T11: [fail] HEARTS WAIT: 621s remaining, sleeping in 5s chunks...
[19:19:45] T12: [fail] HEARTS WAIT: 591s remaining, sleeping in 5s chunks...
[19:20:16] T13: [fail] HEARTS WAIT: 560s remaining, sleeping in 5s chunks...
[19:20:47] T14: [fail] HEARTS WAIT: 529s remaining, sleeping in 5s chunks...
[19:21:18] T15: [win] HEARTS WAIT: 498s remaining, sleeping in 5s chunks...
[19:21:49] T16: [win] HEARTS WAIT: 467s remaining, sleeping in 5s chunks...
[19:22:20] T17: [win] HEARTS WAIT: 436s remaining, sleeping in 5s chunks...
[19:22:51] T18: [win] HEARTS WAIT: 405s remaining, sleeping in 5s chunks...
[19:23:22] T19: [win] HEARTS WAIT: 374s remaining, sleeping in 5s chunks...
[19:23:52] T20: [win] HEARTS WAIT: 344s remaining, sleeping in 5s chunks...
[19:24:23] T21: [win] HEARTS WAIT: 313s remaining, sleeping in 5s chunks...
[19:24:54] T22: [win] HEARTS WAIT: 282s remaining, sleeping in 5s chunks...
[19:25:25] T23: [win] HEARTS WAIT: 251s remaining, sleeping in 5s chunks...
[19:25:56] T24: [win] HEARTS WAIT: 220s remaining, sleeping in 5s chunks...
[19:26:27] T25: [win] HEARTS WAIT: 189s remaining, sleeping in 5s chunks...
[19:26:58] T26: [win] HEARTS WAIT: 158s remaining, sleeping in 5s chunks...
[19:27:29] T27: [win] HEARTS WAIT: 127s remaining, sleeping in 5s chunks...
[19:28:00] T28: [win] HEARTS WAIT: 96s remaining, sleeping in 5s chunks...
[19:28:31] T29: [win] HEARTS WAIT: 65s remaining, sleeping in 5s chunks...
[19:29:02] T30: [win] HEARTS WAIT: 34s remaining, sleeping in 5s chunks...
[19:29:33] T31: [win] HEARTS WAIT: 3s remaining, sleeping in 5s chunks...
[19:29:38] T32: [win] Multi-tap continue positions
[19:29:43]   [SESSION] Started 68cca9b8bf5c (start_cells=288)
[19:29:43] T33: [gameplay] Board=288cells/5colors d=+0 [DarkGreen:202, Brown:47, Orange:27, DarkRed:8, Red:4] | Queue=[FP stall=0 fp_top=0.95] | Holder=[_/DarkGreen/DarkGreen/DarkGreen/DarkGreen] (4/5) | 0.8s
[19:29:43]   -> TAP(314,1495) [[FP:0.95] Human pattern (delta=-59, id=4165)]
[19:29:46] T34: [gameplay] Board=288cells/5colors d=+0 [DarkGreen:202, Brown:47, Orange:27, DarkRed:8, Red:4] | Queue=[FP stall=1 fp_top=0.95] | Holder=[_/DarkGreen/DarkGreen/DarkGreen/DarkGreen] (4/5) | 0.6s
[19:29:46]   -> TAP(316,1516) [[FP:0.98] Human pattern (delta=-28, id=4177)]
[19:29:50] T35: [gameplay] Board=288cells/5colors d=+0 [DarkGreen:202, Brown:47, Orange:27, DarkRed:8, Red:4] | Queue=[FP stall=2 fp_top=0.95] | Holder=[_/DarkGreen/DarkGreen/DarkGreen/DarkGreen] (4/5) | 0.6s
[19:29:50]   -> TAP(342,1656) [[FP:0.96] Human pattern (delta=-14, id=3702)]
[19:29:53]   [EXPLORE] Entering exploration mode (stall x3)
[19:29:53] T36: [gameplay] Board=288cells/5colors d=+0 [DarkGreen:202, Brown:47, Orange:27, DarkRed:8, Red:4] | Queue=[FP stall=3 fp_top=0.95] | Holder=[_/DarkGreen/DarkGreen/DarkGreen/DarkGreen] (4/5) | 0.5s
[19:29:53]   -> TAP(696,1517) [[FP:0.96] Human pattern (delta=-40, id=6969)]
[19:29:56] T37: [gameplay] Board=288cells/5colors d=+0 [DarkGreen:202, Brown:47, Orange:27, DarkRed:8, Red:4] | Queue=[FP stall=4 fp_top=0.95] | Holder=[_/DarkGreen/DarkGreen/DarkGreen/DarkGreen] (4/5) | 0.6s
[19:29:56]   -> TAP(732,1524) [[FP:0.96] Human pattern (delta=-20, id=3691)]
[19:30:00] T38: [gameplay] Board=288cells/5colors d=+0 [DarkGreen:202, Brown:47, Orange:27, DarkRed:8, Red:4] | Queue=[EXPLORE stall=5 fp_top=0.95] | Holder=[_/DarkGreen/DarkGreen/DarkGreen/DarkGreen] (4/5) | 1.5s
[19:30:00]   -> TAP(869,1653) [[EXPLORE:PlayDB] Tap (869,1653) human pattern #1]
[19:30:03] T39: [gameplay] Board=288cells/5colors d=+0 [DarkGreen:202, Brown:47, Orange:27, DarkRed:8, Red:4] | Queue=[EXPLORE stall=6 fp_top=0.95] | Holder=[_/DarkGreen/DarkGreen/DarkGreen/DarkGreen] (4/5) | 0.6s
[19:30:03]   -> TAP(627,1211) [[EXPLORE:PlayDB] Tap (627,1211) human pattern #2]
[19:30:06] T40: [gameplay] Board=288cells/5colors d=+0 [DarkGreen:202, Brown:47, Orange:27, DarkRed:8, Red:4] | Queue=[EXPLORE stall=7 fp_top=0.95] | Holder=[_/DarkGreen/DarkGreen/DarkGreen/DarkGreen] (4/5) | 0.6s
[19:30:06]   -> TAP(202,175) [[EXPLORE:PlayDB] Tap (202,175) human pattern #3]
[19:30:09] T41: [gameplay] Board=288cells/5colors d=+0 [DarkGreen:202, Brown:47, Orange:27, DarkRed:8, Red:4] | Queue=[EXPLORE stall=8 fp_top=0.95] | Holder=[_/DarkGreen/DarkGreen/DarkGreen/DarkGreen] (4/5) | 0.6s
[19:30:09]   -> TAP(817,1164) [[EXPLORE:PlayDB] Tap (817,1164) human pattern #4]
[19:30:12] T42: [gameplay] Board=288cells/5colors d=+0 [DarkGreen:202, Brown:47, Orange:27, DarkRed:8, Red:4] | Queue=[EXPLORE stall=9 fp_top=0.95] | Holder=[_/DarkGreen/DarkGreen/DarkGreen/DarkGreen] (4/5) | 0.6s
[19:30:12]   -> TAP(185,930) [[EXPLORE:ZONE:0] Tap zone (185,930)]
[19:30:15] T43: [gameplay] Board=288cells/5colors d=+0 [DarkGreen:202, Brown:47, Orange:27, DarkRed:8, Red:4] | Queue=[EXPLORE stall=10 fp_top=0.95] | Holder=[_/DarkGreen/DarkGreen/DarkGreen/DarkGreen] (4/5) | 0.6s
[19:30:15]   -> TAP(310,930) [[EXPLORE:ZONE:1] Tap zone (310,930)]
[19:30:17] T44: [gameplay] Board=288cells/5colors d=+0 [DarkGreen:202, Brown:47, Orange:27, DarkRed:8, Red:4] | Queue=[EXPLORE stall=11 fp_top=0.95] | Holder=[_/DarkGreen/DarkGreen/DarkGreen/DarkGreen] (4/5) | 0.7s
[19:30:17]   -> TAP(435,930) [[EXPLORE:ZONE:2] Tap zone (435,930)]
[19:30:20] T45: [gameplay] Board=288cells/5colors d=+0 [DarkGreen:202, Brown:47, Orange:27, DarkRed:8, Red:4] | Queue=[EXPLORE stall=12 fp_top=0.95] | Holder=[_/DarkGreen/DarkGreen/DarkGreen/DarkGreen] (4/5) | 0.6s
[19:30:20]   -> TAP(560,930) [[EXPLORE:ZONE:3] Tap zone (560,930)]
[19:30:23] T46: [gameplay] Board=288cells/5colors d=+0 [DarkGreen:202, Brown:47, Orange:27, DarkRed:8, Red:4] | Queue=[EXPLORE stall=13 fp_top=0.95] | Holder=[_/DarkGreen/DarkGreen/DarkGreen/DarkGreen] (4/5) | 0.7s
[19:30:23]   -> TAP(685,930) [[EXPLORE:ZONE:4] Tap zone (685,930)]
[19:30:26] T47: [gameplay] Board=288cells/5colors d=+0 [DarkGreen:202, Brown:47, Orange:27, DarkRed:8, Red:4] | Queue=[EXPLORE stall=14 fp_top=0.95] | Holder=[_/DarkGreen/DarkGreen/DarkGreen/DarkGreen] (4/5) | 0.7s
[19:30:26]   -> TAP(280,1500) [[EXPLORE:ZONE:5] Tap zone (280,1500)]
[19:30:29] T48: [gameplay] Board=288cells/5colors d=+0 [DarkGreen:202, Brown:47, Orange:27, DarkRed:8, Red:4] | Queue=[EXPLORE stall=15 fp_top=0.95] | Holder=[_/DarkGreen/DarkGreen/DarkGreen/DarkGreen] (4/5) | 0.7s
[19:30:29]   -> TAP(400,1500) [[EXPLORE:ZONE:6] Tap zone (400,1500)]
[19:30:32] T49: [gameplay] Board=288cells/5colors d=+0 [DarkGreen:202, Brown:47, Orange:27, DarkRed:8, Red:4] | Queue=[EXPLORE stall=16 fp_top=0.95] | Holder=[_/DarkGreen/DarkGreen/DarkGreen/DarkGreen] (4/5) | 0.6s
[19:30:32]   -> TAP(530,1500) [[EXPLORE:ZONE:7] Tap zone (530,1500)]
[19:30:35] T50: [gameplay] Board=289cells/5colors d=+1 [DarkGreen:202, Brown:47, Orange:27, DarkRed:8, Red:5] | Queue=[EXPLORE stall=15 fp_top=0.95] | Holder=[_/DarkRed/SageTeal/_/_] (2/5) | 0.7s
[19:30:35]   -> TAP(660,1500) [[EXPLORE:ZONE:8] Tap zone (660,1500)]
[19:30:38]   [LEARN] Explore tap (660,1500) WORKED! (d=-1)
[19:30:38] T51: [gameplay] Board=288cells/5colors d=-1 [DarkGreen:202, Brown:47, Orange:27, DarkRed:8, Red:4] | Queue=[FP stall=0 fp_top=0.95] | Holder=[_/DarkRed/_/_/_] (1/5) | 0.6s
[19:30:38]   -> TAP(524,1512) [[FP:0.96] Human pattern (delta=-9, id=3250)]
[19:30:41] T52: [gameplay] Board=255cells/5colors d=-33 [DarkGreen:169, Brown:47, Orange:27, DarkRed:8, Red:4] | Queue=[FP stall=0 fp_top=0.95] | Holder=[_/DarkRed/_/_/_] (1/5) | 0.6s
[19:30:41]   -> TAP(723,1537) [[FP:0.95] Human pattern (delta=-37, id=3699)]
[19:30:44] T53: [gameplay] Board=251cells/5colors d=-4 [DarkGreen:165, Brown:47, Orange:27, DarkRed:8, Red:4] | Queue=[FP stall=0 fp_top=0.95] | Holder=[_/DarkRed/_/_/_] (1/5) | 0.6s
[19:30:44]   -> TAP(524,1512) [[FP:0.95] Human pattern (delta=-9, id=3250)]
[19:30:48] T54: [gameplay] Board=251cells/5colors d=+0 [DarkGreen:165, Brown:47, Orange:27, DarkRed:8, Red:4] | Queue=[FP stall=1 fp_top=0.95] | Holder=[White/DarkRed/_/_/_] (2/5) | 0.8s
[19:30:48]   -> TAP(314,1495) [[FP:0.95] Human pattern (delta=-59, id=4165)]
[19:30:51] T55: [popup] Multi-tap close/retry positions
[19:30:55]   [SESSION] Ended 68cca9b8bf5c: fail (22 turns, end_cells=251)
[19:30:55] T56: [fail] Multi-tap close/retry positions
[19:31:00] T57: [fail] Multi-tap close/retry positions
[19:31:04] T58: [fail] Multi-tap close/retry positions
[19:31:08] T59: POPUP LOOP (fail), relaunch
[19:31:21] T60: [loading] PlayDB: 3 patterns, trying top 2
[19:31:25] T61: [loading] PlayDB: 3 patterns, trying top 2
[19:31:29] T62: [loading] PlayDB: 3 patterns, trying top 2
[19:31:34] T63: [loading] PlayDB: 3 patterns, trying top 2
[19:31:38] T64: [lobby] Hardcoded play button (540,1450)
[19:31:41] T65: [fail] HEARTS-EMPTY popup detected (pixel match). Waiting 900s for regen.
[19:31:41] T66: [fail] HEARTS WAIT: 899s remaining, sleeping in 5s chunks...
[19:32:12] T67: [fail] HEARTS WAIT: 868s remaining, sleeping in 5s chunks...
[19:32:43] T68: [fail] HEARTS WAIT: 838s remaining, sleeping in 5s chunks...
[19:33:13] T69: [fail] HEARTS WAIT: 807s remaining, sleeping in 5s chunks...
[19:33:44] T70: [fail] HEARTS WAIT: 776s remaining, sleeping in 5s chunks...
[19:34:15] T71: [fail] HEARTS WAIT: 745s remaining, sleeping in 5s chunks...
[19:34:46] T72: [fail] HEARTS WAIT: 714s remaining, sleeping in 5s chunks...
[19:35:17] T73: [fail] HEARTS WAIT: 683s remaining, sleeping in 5s chunks...
[19:35:47] T74: [fail] HEARTS WAIT: 653s remaining, sleeping in 5s chunks...
[19:36:18] T75: [fail] HEARTS WAIT: 622s remaining, sleeping in 5s chunks...
[19:36:49] T76: [fail] HEARTS WAIT: 591s remaining, sleeping in 5s chunks...
[19:37:20] T77: [fail] HEARTS WAIT: 560s remaining, sleeping in 5s chunks...
[19:37:51] T78: [fail] HEARTS WAIT: 530s remaining, sleeping in 5s chunks...
[19:38:22] T79: [fail] HEARTS WAIT: 499s remaining, sleeping in 5s chunks...
[19:38:52] T80: [fail] HEARTS WAIT: 468s remaining, sleeping in 5s chunks...
[19:39:23] T81: [fail] HEARTS WAIT: 437s remaining, sleeping in 5s chunks...
[19:39:54] T82: [fail] HEARTS WAIT: 406s remaining, sleeping in 5s chunks...
[19:40:25] T83: [fail] HEARTS WAIT: 375s remaining, sleeping in 5s chunks...
[19:40:56] T84: [fail] HEARTS WAIT: 345s remaining, sleeping in 5s chunks...
[19:41:26] T85: [fail] HEARTS WAIT: 314s remaining, sleeping in 5s chunks...
[19:41:57] T86: [fail] HEARTS WAIT: 283s remaining, sleeping in 5s chunks...
[19:42:28] T87: [fail] HEARTS WAIT: 252s remaining, sleeping in 5s chunks...
[19:42:59] T88: [fail] HEARTS WAIT: 222s remaining, sleeping in 5s chunks...
[19:43:30] T89: [fail] HEARTS WAIT: 191s remaining, sleeping in 5s chunks...
[19:44:01] T90: [fail] HEARTS WAIT: 160s remaining, sleeping in 5s chunks...
[19:44:31] T91: [fail] HEARTS WAIT: 129s remaining, sleeping in 5s chunks...
[19:45:02] T92: [fail] HEARTS WAIT: 98s remaining, sleeping in 5s chunks...
[19:45:33] T93: [fail] HEARTS WAIT: 67s remaining, sleeping in 5s chunks...
[19:46:04] T94: [fail] HEARTS WAIT: 36s remaining, sleeping in 5s chunks...
[19:46:35] T95: [fail] HEARTS WAIT: 5s remaining, sleeping in 5s chunks...
[19:46:40] T96: [fail] HEARTS-EMPTY popup detected (pixel match). Waiting 900s for regen.
[19:46:41] T97: [fail] HEARTS WAIT: 899s remaining, sleeping in 5s chunks...
[19:47:12] T98: [fail] HEARTS WAIT: 868s remaining, sleeping in 5s chunks...
[19:47:42] T99: [fail] HEARTS WAIT: 838s remaining, sleeping in 5s chunks...
[19:48:13] T100: [fail] HEARTS WAIT: 807s remaining, sleeping in 5s chunks...
[19:48:44] T101: [fail] HEARTS WAIT: 776s remaining, sleeping in 5s chunks...
[19:49:15] T102: [fail] HEARTS WAIT: 745s remaining, sleeping in 5s chunks...
[19:49:46] T103: [fail] HEARTS WAIT: 714s remaining, sleeping in 5s chunks...
[19:50:17] T104: [fail] HEARTS WAIT: 683s remaining, sleeping in 5s chunks...
[19:50:48] T105: [fail] HEARTS WAIT: 652s remaining, sleeping in 5s chunks...
[19:51:19] T106: [lobby] HEARTS WAIT: 621s remaining, sleeping in 5s chunks...
[19:51:50] T107: [lobby] HEARTS WAIT: 590s remaining, sleeping in 5s chunks...
[19:52:21] T108: [lobby] HEARTS WAIT: 559s remaining, sleeping in 5s chunks...
[19:52:52] T109: [lobby] HEARTS WAIT: 528s remaining, sleeping in 5s chunks...
[19:53:23] T110: [lobby] HEARTS WAIT: 497s remaining, sleeping in 5s chunks...
[19:53:54] T111: [lobby] HEARTS WAIT: 466s remaining, sleeping in 5s chunks...
[19:54:25] T112: [lobby] HEARTS WAIT: 435s remaining, sleeping in 5s chunks...
[19:54:56] T113: [lobby] HEARTS WAIT: 404s remaining, sleeping in 5s chunks...
[19:55:27] T114: [lobby] HEARTS WAIT: 373s remaining, sleeping in 5s chunks...
[19:55:58] T115: [lobby] HEARTS WAIT: 342s remaining, sleeping in 5s chunks...
[19:56:29] T116: [lobby] HEARTS WAIT: 311s remaining, sleeping in 5s chunks...
[19:57:00] T117: [lobby] HEARTS WAIT: 280s remaining, sleeping in 5s chunks...
[19:57:31] T118: [lobby] HEARTS WAIT: 249s remaining, sleeping in 5s chunks...
[19:58:02] T119: [lobby] HEARTS WAIT: 218s remaining, sleeping in 5s chunks...
[19:58:33] T120: [lobby] HEARTS WAIT: 187s remaining, sleeping in 5s chunks...
[19:59:04] T121: [lobby] HEARTS WAIT: 156s remaining, sleeping in 5s chunks...
[19:59:35] T122: [lobby] HEARTS WAIT: 125s remaining, sleeping in 5s chunks...
[20:00:06] T123: [lobby] HEARTS WAIT: 94s remaining, sleeping in 5s chunks...
[20:00:37] T124: [lobby] HEARTS WAIT: 63s remaining, sleeping in 5s chunks...
[20:01:08] T125: [lobby] HEARTS WAIT: 32s remaining, sleeping in 5s chunks...
[20:01:39] T126: [lobby] HEARTS WAIT: 1s remaining, sleeping in 5s chunks...
[20:01:45] T127: [lobby] Hardcoded play button (540,1450)
[20:01:48]   [SESSION] Started 3d2948817c73 (start_cells=283)
[20:01:48] T128: [gameplay] Board=283cells/5colors d=+0 [DarkGreen:204, Brown:38, Orange:25, DarkRed:10, Red:6] | Queue=[FP stall=0 fp_top=0.97] | Holder=[_/DarkGreen/DarkGreen/DarkGreen/DarkGreen] (4/5) | 0.7s
[20:01:48]   -> TAP(696,1517) [[FP:0.97] Human pattern (delta=-40, id=6969)]
[20:01:51] T129: [gameplay] Board=283cells/5colors d=+0 [DarkGreen:204, Brown:38, Orange:25, DarkRed:10, Red:6] | Queue=[FP stall=1 fp_top=0.97] | Holder=[_/DarkGreen/DarkGreen/DarkGreen/DarkGreen] (4/5) | 0.6s
[20:01:51]   -> TAP(316,1516) [[FP:0.97] Human pattern (delta=-28, id=4177)]
[20:01:55] T130: [gameplay] Board=283cells/5colors d=+0 [DarkGreen:204, Brown:38, Orange:25, DarkRed:10, Red:6] | Queue=[FP stall=2 fp_top=0.97] | Holder=[_/DarkGreen/DarkGreen/DarkGreen/DarkGreen] (4/5) | 0.8s
[20:01:55]   -> TAP(342,1656) [[FP:0.97] Human pattern (delta=-14, id=3702)]
[20:01:58]   [EXPLORE] Entering exploration mode (stall x3)
[20:01:58] T131: [gameplay] Board=283cells/5colors d=+0 [DarkGreen:204, Brown:38, Orange:25, DarkRed:10, Red:6] | Queue=[FP stall=3 fp_top=0.97] | Holder=[_/DarkGreen/DarkGreen/DarkGreen/DarkGreen] (4/5) | 0.5s
[20:01:58]   -> TAP(732,1524) [[FP:0.97] Human pattern (delta=-20, id=3691)]
[20:02:01] T132: [gameplay] Board=283cells/5colors d=+0 [DarkGreen:204, Brown:38, Orange:25, DarkRed:10, Red:6] | Queue=[FP stall=4 fp_top=0.97] | Holder=[_/DarkGreen/DarkGreen/DarkGreen/DarkGreen] (4/5) | 0.6s
[20:02:01]   -> TAP(342,1656) [[FP:0.97] Human pattern (delta=-14, id=3702)]
[20:02:05] T133: [gameplay] Board=283cells/5colors d=+0 [DarkGreen:204, Brown:38, Orange:25, DarkRed:10, Red:6] | Queue=[EXPLORE stall=5 fp_top=0.97] | Holder=[_/DarkGreen/DarkGreen/DarkGreen/DarkGreen] (4/5) | 1.2s
[20:02:05]   -> TAP(869,1653) [[EXPLORE:PlayDB] Tap (869,1653) human pattern #1]
[20:02:08] T134: [gameplay] Board=283cells/5colors d=+0 [DarkGreen:204, Brown:38, Orange:25, DarkRed:10, Red:6] | Queue=[EXPLORE stall=6 fp_top=0.97] | Holder=[_/DarkGreen/DarkGreen/DarkGreen/DarkGreen] (4/5) | 0.6s
[20:02:08]   -> TAP(627,1211) [[EXPLORE:PlayDB] Tap (627,1211) human pattern #2]
[20:02:10] T135: [gameplay] Board=283cells/5colors d=+0 [DarkGreen:204, Brown:38, Orange:25, DarkRed:10, Red:6] | Queue=[EXPLORE stall=7 fp_top=0.97] | Holder=[_/DarkGreen/DarkGreen/DarkGreen/DarkGreen] (4/5) | 0.5s
[20:02:10]   -> TAP(202,175) [[EXPLORE:PlayDB] Tap (202,175) human pattern #3]
[20:02:13] T136: [gameplay] Board=283cells/5colors d=+0 [DarkGreen:204, Brown:38, Orange:25, DarkRed:10, Red:6] | Queue=[EXPLORE stall=8 fp_top=0.97] | Holder=[_/DarkGreen/DarkGreen/DarkGreen/DarkGreen] (4/5) | 0.6s
[20:02:13]   -> TAP(817,1164) [[EXPLORE:PlayDB] Tap (817,1164) human pattern #4]
[20:02:16] T137: [gameplay] Board=283cells/5colors d=+0 [DarkGreen:204, Brown:38, Orange:25, DarkRed:10, Red:6] | Queue=[EXPLORE stall=9 fp_top=0.97] | Holder=[_/DarkGreen/DarkGreen/DarkGreen/DarkGreen] (4/5) | 0.6s
[20:02:16]   -> TAP(185,930) [[EXPLORE:ZONE:0] Tap zone (185,930)]
[20:02:19] T138: [gameplay] Board=283cells/5colors d=+0 [DarkGreen:204, Brown:38, Orange:25, DarkRed:10, Red:6] | Queue=[EXPLORE stall=10 fp_top=0.97] | Holder=[_/DarkGreen/DarkGreen/DarkGreen/DarkGreen] (4/5) | 0.6s
[20:02:19]   -> TAP(310,930) [[EXPLORE:ZONE:1] Tap zone (310,930)]
[20:02:21] T139: [gameplay] Board=283cells/5colors d=+0 [DarkGreen:204, Brown:38, Orange:25, DarkRed:10, Red:6] | Queue=[EXPLORE stall=11 fp_top=0.97] | Holder=[_/DarkGreen/DarkGreen/DarkGreen/DarkGreen] (4/5) | 0.6s
[20:02:21]   -> TAP(435,930) [[EXPLORE:ZONE:2] Tap zone (435,930)]
[20:02:24] T140: [gameplay] Board=283cells/5colors d=+0 [DarkGreen:204, Brown:38, Orange:25, DarkRed:10, Red:6] | Queue=[EXPLORE stall=12 fp_top=0.97] | Holder=[_/DarkGreen/DarkGreen/DarkGreen/DarkGreen] (4/5) | 0.6s
[20:02:24]   -> TAP(560,930) [[EXPLORE:ZONE:3] Tap zone (560,930)]
[20:02:27] T141: [gameplay] Board=283cells/5colors d=+0 [DarkGreen:204, Brown:38, Orange:25, DarkRed:10, Red:6] | Queue=[EXPLORE stall=13 fp_top=0.97] | Holder=[_/DarkGreen/DarkGreen/DarkGreen/DarkGreen] (4/5) | 0.6s
[20:02:27]   -> TAP(685,930) [[EXPLORE:ZONE:4] Tap zone (685,930)]
[20:02:30] T142: [gameplay] Board=283cells/5colors d=+0 [DarkGreen:204, Brown:38, Orange:25, DarkRed:10, Red:6] | Queue=[EXPLORE stall=14 fp_top=0.97] | Holder=[_/DarkGreen/DarkGreen/DarkGreen/DarkGreen] (4/5) | 0.6s
[20:02:30]   -> TAP(280,1500) [[EXPLORE:ZONE:5] Tap zone (280,1500)]
[20:02:32] T143: [gameplay] Board=283cells/5colors d=+0 [DarkGreen:204, Brown:38, Orange:25, DarkRed:10, Red:6] | Queue=[EXPLORE stall=15 fp_top=0.97] | Holder=[_/DarkGreen/DarkGreen/DarkGreen/DarkGreen] (4/5) | 0.6s
[20:02:32]   -> TAP(400,1500) [[EXPLORE:ZONE:6] Tap zone (400,1500)]
[20:02:35] T144: [gameplay] Board=283cells/5colors d=+0 [DarkGreen:204, Brown:38, Orange:25, DarkRed:10, Red:6] | Queue=[EXPLORE stall=16 fp_top=0.97] | Holder=[_/DarkGreen/DarkGreen/DarkGreen/DarkGreen] (4/5) | 0.5s
[20:02:35]   -> TAP(530,1500) [[EXPLORE:ZONE:7] Tap zone (530,1500)]
[20:02:38] T145: [gameplay] Board=284cells/5colors d=+1 [DarkGreen:204, Brown:38, Orange:25, DarkRed:10, Red:7] | Queue=[EXPLORE stall=15 fp_top=0.97] | Holder=[_/DarkRed/SageTeal/SageTeal/SageTeal] (4/5) | 0.6s
[20:02:38]   -> TAP(660,1500) [[EXPLORE:ZONE:8] Tap zone (660,1500)]
[20:02:41]   [LEARN] Explore tap (660,1500) WORKED! (d=-1)
[20:02:41] T146: [gameplay] Board=283cells/5colors d=-1 [DarkGreen:204, Brown:38, Orange:25, DarkRed:10, Red:6] | Queue=[FP stall=0 fp_top=0.97] | Holder=[_/DarkRed/_/_/_] (1/5) | 0.5s
[20:02:41]   -> TAP(696,1517) [[FP:0.97] Human pattern (delta=-40, id=6969)]
[20:02:44] T147: [gameplay] Board=250cells/5colors d=-33 [DarkGreen:171, Brown:38, Orange:25, DarkRed:10, Red:6] | Queue=[FP stall=0 fp_top=0.95] | Holder=[_/DarkRed/_/_/_] (1/5) | 0.6s
[20:02:44]   -> TAP(723,1537) [[FP:0.96] Human pattern (delta=-37, id=3699)]
[20:02:47] T148: [gameplay] Board=246cells/5colors d=-4 [DarkGreen:167, Brown:38, Orange:25, DarkRed:10, Red:6] | Queue=[FP stall=0 fp_top=0.95] | Holder=[_/DarkRed/_/_/_] (1/5) | 0.6s
[20:02:47]   -> TAP(524,1512) [[FP:0.96] Human pattern (delta=-9, id=3250)]
[20:02:51] T149: [gameplay] Board=246cells/5colors d=+0 [DarkGreen:167, Brown:38, Orange:25, DarkRed:10, Red:6] | Queue=[FP stall=1 fp_top=0.95] | Holder=[_/DarkRed/_/_/_] (1/5) | 0.5s
[20:02:51]   -> TAP(314,1495) [[FP:0.95] Human pattern (delta=-59, id=4165)]
[20:02:54] T150: [gameplay] Board=246cells/5colors d=+0 [DarkGreen:167, Brown:38, Orange:25, DarkRed:10, Red:6] | Queue=[FP stall=2 fp_top=0.95] | Holder=[LightBlue/DarkRed/_/_/_] (2/5) | 0.5s
[20:02:54]   -> TAP(696,1517) [[FP:0.96] Human pattern (delta=-40, id=6969)]
[20:02:57]   [EXPLORE] Entering exploration mode (stall x3)
[20:02:57] T151: [gameplay] Board=246cells/5colors d=+0 [DarkGreen:167, Brown:38, Orange:25, DarkRed:10, Red:6] | Queue=[FP stall=3 fp_top=0.95] | Holder=[_/DarkRed/_/_/_] (1/5) | 0.5s
[20:02:57]   -> TAP(316,1516) [[FP:0.97] Human pattern (delta=-28, id=4177)]
[20:03:00] T152: [gameplay] Board=246cells/5colors d=+0 [DarkGreen:167, Brown:38, Orange:25, DarkRed:10, Red:6] | Queue=[FP stall=4 fp_top=0.95] | Holder=[_/DarkRed/_/_/_] (1/5) | 0.5s
[20:03:00]   -> TAP(316,1516) [[FP:0.97] Human pattern (delta=-28, id=4177)]
[20:03:03] T153: [popup] Multi-tap close/retry positions
[20:03:07]   [SESSION] Ended 3d2948817c73: fail (25 turns, end_cells=246)
[20:03:07] T154: [fail] Multi-tap close/retry positions
[20:03:12] T155: [fail] Multi-tap close/retry positions
[20:03:17] T156: [fail] Multi-tap close/retry positions
[20:03:21] T157: POPUP LOOP (fail), relaunch
[20:03:34] T158: [loading] PlayDB: 3 patterns, trying top 2
[20:03:38] T159: [loading] PlayDB: 3 patterns, trying top 2
[20:03:42] T160: [loading] PlayDB: 3 patterns, trying top 2
[20:03:47] T161: [loading] PlayDB: 3 patterns, trying top 2
[20:03:51] T162: [lobby] Hardcoded play button (540,1450)
[20:03:54] T163: [fail] HEARTS-EMPTY popup detected (pixel match). Waiting 900s for regen.
[20:03:54] T164: [fail] HEARTS WAIT: 899s remaining, sleeping in 5s chunks...
[20:04:25] T165: [fail] HEARTS WAIT: 868s remaining, sleeping in 5s chunks...
[20:04:56] T166: [fail] HEARTS WAIT: 837s remaining, sleeping in 5s chunks...
[20:05:27] T167: [fail] HEARTS WAIT: 806s remaining, sleeping in 5s chunks...
[20:05:58] T168: [fail] HEARTS WAIT: 776s remaining, sleeping in 5s chunks...
[20:06:29] T169: [fail] HEARTS WAIT: 745s remaining, sleeping in 5s chunks...
[20:07:00] T170: [fail] HEARTS WAIT: 714s remaining, sleeping in 5s chunks...
[20:07:30] T171: [fail] HEARTS WAIT: 683s remaining, sleeping in 5s chunks...
[20:08:01] T172: [fail] HEARTS WAIT: 652s remaining, sleeping in 5s chunks...
[20:08:32] T173: [fail] HEARTS WAIT: 621s remaining, sleeping in 5s chunks...
[20:09:03] T174: [fail] HEARTS WAIT: 590s remaining, sleeping in 5s chunks...
[20:09:34] T175: [fail] HEARTS WAIT: 559s remaining, sleeping in 5s chunks...
[20:10:05] T176: [fail] HEARTS WAIT: 528s remaining, sleeping in 5s chunks...
[20:10:36] T177: [fail] HEARTS WAIT: 497s remaining, sleeping in 5s chunks...
[20:11:07] T178: [fail] HEARTS WAIT: 467s remaining, sleeping in 5s chunks...
[20:11:38] T179: [fail] HEARTS WAIT: 436s remaining, sleeping in 5s chunks...
[20:12:09] T180: [fail] HEARTS WAIT: 405s remaining, sleeping in 5s chunks...
[20:12:40] T181: [fail] HEARTS WAIT: 374s remaining, sleeping in 5s chunks...
[20:13:11] T182: [fail] HEARTS WAIT: 343s remaining, sleeping in 5s chunks...
[20:13:41] T183: [fail] HEARTS WAIT: 312s remaining, sleeping in 5s chunks...
[20:14:12] T184: [fail] HEARTS WAIT: 281s remaining, sleeping in 5s chunks...
[20:14:43] T185: [fail] HEARTS WAIT: 250s remaining, sleeping in 5s chunks...
[20:15:14] T186: [fail] HEARTS WAIT: 219s remaining, sleeping in 5s chunks...
[20:15:45] T187: [fail] HEARTS WAIT: 188s remaining, sleeping in 5s chunks...
[20:16:16] T188: [fail] HEARTS WAIT: 157s remaining, sleeping in 5s chunks...
[20:16:47] T189: [fail] HEARTS WAIT: 126s remaining, sleeping in 5s chunks...
[20:17:18] T190: [fail] HEARTS WAIT: 95s remaining, sleeping in 5s chunks...
[20:17:49] T191: [fail] HEARTS WAIT: 64s remaining, sleeping in 5s chunks...
[20:18:20] T192: [fail] HEARTS WAIT: 33s remaining, sleeping in 5s chunks...
[20:18:51] T193: [fail] HEARTS WAIT: 3s remaining, sleeping in 5s chunks...
[20:18:56] T194: [fail] HEARTS-EMPTY popup detected (pixel match). Waiting 900s for regen.
[20:18:57] T195: [fail] HEARTS WAIT: 899s remaining, sleeping in 5s chunks...
[20:19:28] T196: [fail] HEARTS WAIT: 868s remaining, sleeping in 5s chunks...
[20:19:59] T197: [fail] HEARTS WAIT: 837s remaining, sleeping in 5s chunks...
[20:20:29] T198: [fail] HEARTS WAIT: 806s remaining, sleeping in 5s chunks...
[20:21:01] T199: [fail] HEARTS WAIT: 775s remaining, sleeping in 5s chunks...
[20:21:32] T200: [lobby] HEARTS WAIT: 744s remaining, sleeping in 5s chunks...
[20:22:03] T201: [lobby] HEARTS WAIT: 713s remaining, sleeping in 5s chunks...
[20:22:34] T202: [lobby] HEARTS WAIT: 682s remaining, sleeping in 5s chunks...
[20:23:05] T203: [lobby] HEARTS WAIT: 651s remaining, sleeping in 5s chunks...
[20:23:36] T204: [lobby] HEARTS WAIT: 620s remaining, sleeping in 5s chunks...
[20:24:07] T205: [lobby] HEARTS WAIT: 588s remaining, sleeping in 5s chunks...
[20:24:38] T206: [lobby] HEARTS WAIT: 557s remaining, sleeping in 5s chunks...
[20:25:10] T207: [lobby] HEARTS WAIT: 526s remaining, sleeping in 5s chunks...
[20:25:41] T208: [lobby] HEARTS WAIT: 495s remaining, sleeping in 5s chunks...
[20:26:12] T209: [lobby] HEARTS WAIT: 464s remaining, sleeping in 5s chunks...
[20:26:43] T210: [lobby] HEARTS WAIT: 433s remaining, sleeping in 5s chunks...
[20:27:14] T211: [lobby] HEARTS WAIT: 401s remaining, sleeping in 5s chunks...
[20:27:45] T212: [lobby] HEARTS WAIT: 371s remaining, sleeping in 5s chunks...
[20:28:16] T213: [lobby] HEARTS WAIT: 340s remaining, sleeping in 5s chunks...
[20:28:47] T214: [lobby] HEARTS WAIT: 309s remaining, sleeping in 5s chunks...
[20:29:18] T215: [lobby] HEARTS WAIT: 278s remaining, sleeping in 5s chunks...
[20:29:49] T216: [lobby] HEARTS WAIT: 247s remaining, sleeping in 5s chunks...
[20:30:20] T217: [lobby] HEARTS WAIT: 216s remaining, sleeping in 5s chunks...
[20:30:51] T218: [lobby] HEARTS WAIT: 185s remaining, sleeping in 5s chunks...
[20:31:21] T219: [lobby] HEARTS WAIT: 154s remaining, sleeping in 5s chunks...
[20:31:53] T220: [lobby] HEARTS WAIT: 123s remaining, sleeping in 5s chunks...
[20:32:24] T221: [lobby] HEARTS WAIT: 92s remaining, sleeping in 5s chunks...
[20:32:55] T222: [lobby] HEARTS WAIT: 61s remaining, sleeping in 5s chunks...
[20:33:26] T223: [lobby] HEARTS WAIT: 30s remaining, sleeping in 5s chunks...
[20:33:57] T224: [lobby] Hardcoded play button (540,1450)
[20:34:01]   [SESSION] Started b8769f4cb53c (start_cells=283)
[20:34:01] T225: [gameplay] Board=283cells/6colors d=+0 [DarkGreen:200, Brown:32, Orange:25, DarkRed:12, DustyRose:8] | Queue=[FP stall=0 fp_top=0.98] | Holder=[_/DarkGreen/DarkGreen/DarkGreen/DarkGreen] (4/5) | 0.6s
[20:34:01]   -> TAP(717,1495) [[FP:0.98] Human pattern (delta=-43, id=6857)]
[20:34:04] T226: [gameplay] Board=283cells/6colors d=+0 [DarkGreen:200, Brown:32, Orange:25, DarkRed:12, DustyRose:8] | Queue=[FP stall=1 fp_top=0.98] | Holder=[_/DarkGreen/DarkGreen/DarkGreen/DarkGreen] (4/5) | 0.6s
[20:34:04]   -> TAP(342,1656) [[FP:0.98] Human pattern (delta=-14, id=3702)]
[20:34:07] T227: [gameplay] Board=283cells/6colors d=+0 [DarkGreen:200, Brown:32, Orange:25, DarkRed:12, DustyRose:8] | Queue=[FP stall=2 fp_top=0.98] | Holder=[_/DarkGreen/DarkGreen/DarkGreen/DarkGreen] (4/5) | 0.7s
[20:34:07]   -> TAP(732,1524) [[FP:0.98] Human pattern (delta=-20, id=3691)]
[20:34:11] T228: [gameplay] Board=283cells/6colors d=+0 [DarkGreen:200, Brown:32, Orange:25, DarkRed:12, DustyRose:8] | Queue=[FP stall=3 fp_top=0.98] | Holder=[_/DarkGreen/DarkGreen/DarkGreen/DarkGreen] (4/5) | 0.7s
[20:34:11]   -> TAP(732,1524) [[FP:0.98] Human pattern (delta=-20, id=3691)]
[20:34:14] T229: [gameplay] Board=283cells/6colors d=+0 [DarkGreen:200, Brown:32, Orange:25, DarkRed:12, DustyRose:8] | Queue=[FP stall=4 fp_top=0.98] | Holder=[_/DarkGreen/DarkGreen/DarkGreen/DarkGreen] (4/5) | 0.7s
[20:34:14]   -> TAP(524,1512) [[FP:0.98] Human pattern (delta=-9, id=3250)]
[20:34:18] T230: [gameplay] Board=283cells/6colors d=+0 [DarkGreen:200, Brown:32, Orange:25, DarkRed:12, DustyRose:8] | Queue=[EXPLORE stall=5 fp_top=0.98] | Holder=[_/DarkRed/SageTeal/SageTeal/SageTeal] (4/5) | 1.3s
[20:34:18]   -> TAP(869,1653) [[EXPLORE:PlayDB] Tap (869,1653) human pattern #1]
[20:34:21] T231: [gameplay] Board=283cells/6colors d=+0 [DarkGreen:200, Brown:32, Orange:25, DarkRed:12, DustyRose:8] | Queue=[EXPLORE stall=6 fp_top=0.98] | Holder=[_/DarkRed/SageTeal/SageTeal/SageTeal] (4/5) | 0.7s
[20:34:21]   -> TAP(627,1211) [[EXPLORE:PlayDB] Tap (627,1211) human pattern #2]
[20:34:24] T232: [gameplay] Board=283cells/6colors d=+0 [DarkGreen:200, Brown:32, Orange:25, DarkRed:12, DustyRose:8] | Queue=[EXPLORE stall=7 fp_top=0.98] | Holder=[_/DarkRed/SageTeal/SageTeal/SageTeal] (4/5) | 0.7s
[20:34:24]   -> TAP(202,175) [[EXPLORE:PlayDB] Tap (202,175) human pattern #3]
[20:34:27] T233: [gameplay] Board=283cells/6colors d=+0 [DarkGreen:200, Brown:32, Orange:25, DarkRed:12, DustyRose:8] | Queue=[EXPLORE stall=8 fp_top=0.98] | Holder=[_/DarkRed/SageTeal/SageTeal/SageTeal] (4/5) | 0.8s
[20:34:27]   -> TAP(817,1164) [[EXPLORE:PlayDB] Tap (817,1164) human pattern #4]
[20:34:30] T234: [gameplay] Board=283cells/6colors d=+0 [DarkGreen:200, Brown:32, Orange:25, DarkRed:12, DustyRose:8] | Queue=[EXPLORE stall=9 fp_top=0.98] | Holder=[_/DarkRed/SageTeal/SageTeal/SageTeal] (4/5) | 0.6s
[20:34:30]   -> TAP(185,930) [[EXPLORE:ZONE:0] Tap zone (185,930)]
[20:34:33] T235: [gameplay] Board=283cells/6colors d=+0 [DarkGreen:200, Brown:32, Orange:25, DarkRed:12, DustyRose:8] | Queue=[EXPLORE stall=10 fp_top=0.98] | Holder=[_/DarkRed/SageTeal/SageTeal/SageTeal] (4/5) | 0.9s
[20:34:33]   -> TAP(310,930) [[EXPLORE:ZONE:1] Tap zone (310,930)]
[20:34:36] T236: [gameplay] Board=283cells/6colors d=+0 [DarkGreen:200, Brown:32, Orange:25, DarkRed:12, DustyRose:8] | Queue=[EXPLORE stall=11 fp_top=0.98] | Holder=[_/DarkRed/SageTeal/SageTeal/SageTeal] (4/5) | 0.6s
[20:34:36]   -> TAP(435,930) [[EXPLORE:ZONE:2] Tap zone (435,930)]
[20:34:39] T237: [gameplay] Board=283cells/6colors d=+0 [DarkGreen:200, Brown:32, Orange:25, DarkRed:12, DustyRose:8] | Queue=[EXPLORE stall=12 fp_top=0.98] | Holder=[_/DarkRed/SageTeal/SageTeal/SageTeal] (4/5) | 0.6s
[20:34:39]   -> TAP(560,930) [[EXPLORE:ZONE:3] Tap zone (560,930)]
[20:34:42] T238: [gameplay] Board=283cells/6colors d=+0 [DarkGreen:200, Brown:32, Orange:25, DarkRed:12, DustyRose:8] | Queue=[EXPLORE stall=13 fp_top=0.98] | Holder=[_/DarkRed/SageTeal/SageTeal/SageTeal] (4/5) | 0.6s
[20:34:42]   -> TAP(685,930) [[EXPLORE:ZONE:4] Tap zone (685,930)]
[20:34:45] T239: [gameplay] Board=283cells/6colors d=+0 [DarkGreen:200, Brown:32, Orange:25, DarkRed:12, DustyRose:8] | Queue=[EXPLORE stall=14 fp_top=0.98] | Holder=[_/DarkRed/SageTeal/SageTeal/SageTeal] (4/5) | 0.6s
[20:34:45]   -> TAP(280,1500) [[EXPLORE:ZONE:5] Tap zone (280,1500)]
[20:34:47] T240: NO PROGRESS 20 turns (cells=283) — abandoning session + relaunch
[20:34:47]   [SESSION] Ended b8769f4cb53c: stuck (15 turns, end_cells=283)
[20:35:00] T241: [loading] PlayDB: 3 patterns, trying top 2
[20:35:04] T242: [loading] PlayDB: 3 patterns, trying top 2
[20:35:08] T243: [loading] PlayDB: 3 patterns, trying top 2
[20:35:13] T244: [loading] PlayDB: 3 patterns, trying top 2
[20:35:17] T245: POPUP LOOP (fail), relaunch
[20:35:29] T246: [loading] PlayDB: 3 patterns, trying top 2
[20:35:33] T247: [loading] PlayDB: 3 patterns, trying top 2
[20:35:38] T248: [loading] PlayDB: 3 patterns, trying top 2
[20:35:42] T249: [loading] PlayDB: 3 patterns, trying top 2
[20:35:46] T250: [lobby] Hardcoded play button (540,1450)
[20:35:49] T251: [fail] HEARTS-EMPTY popup detected (pixel match). Waiting 900s for regen.
[20:35:49] T252: [fail] HEARTS WAIT: 899s remaining, sleeping in 5s chunks...
[20:36:20] T253: [fail] HEARTS WAIT: 868s remaining, sleeping in 5s chunks...
[20:36:51] T254: [fail] HEARTS WAIT: 837s remaining, sleeping in 5s chunks...
[20:37:22] T255: [fail] HEARTS WAIT: 806s remaining, sleeping in 5s chunks...
[20:37:53] T256: [fail] HEARTS WAIT: 775s remaining, sleeping in 5s chunks...
[20:38:24] T257: [fail] HEARTS WAIT: 745s remaining, sleeping in 5s chunks...
[20:38:55] T258: [fail] HEARTS WAIT: 714s remaining, sleeping in 5s chunks...
[20:39:25] T259: [fail] HEARTS WAIT: 683s remaining, sleeping in 5s chunks...
[20:39:56] T260: [fail] HEARTS WAIT: 652s remaining, sleeping in 5s chunks...
[20:40:27] T261: [fail] HEARTS WAIT: 621s remaining, sleeping in 5s chunks...
[20:40:58] T262: [fail] HEARTS WAIT: 591s remaining, sleeping in 5s chunks...
[20:41:29] T263: [fail] HEARTS WAIT: 560s remaining, sleeping in 5s chunks...
[20:42:00] T264: [fail] HEARTS WAIT: 529s remaining, sleeping in 5s chunks...
[20:42:30] T265: [fail] HEARTS WAIT: 498s remaining, sleeping in 5s chunks...
[20:43:01] T266: [fail] HEARTS WAIT: 467s remaining, sleeping in 5s chunks...
[20:43:32] T267: [fail] HEARTS WAIT: 436s remaining, sleeping in 5s chunks...
[20:44:03] T268: [fail] HEARTS WAIT: 406s remaining, sleeping in 5s chunks...
[20:44:33] T269: [fail] HEARTS WAIT: 375s remaining, sleeping in 5s chunks...
[20:45:04] T270: [fail] HEARTS WAIT: 344s remaining, sleeping in 5s chunks...
[20:45:35] T271: [fail] HEARTS WAIT: 313s remaining, sleeping in 5s chunks...
[20:46:06] T272: [fail] HEARTS WAIT: 283s remaining, sleeping in 5s chunks...
[20:46:37] T273: [fail] HEARTS WAIT: 252s remaining, sleeping in 5s chunks...
[20:47:07] T274: [fail] HEARTS WAIT: 221s remaining, sleeping in 5s chunks...
[20:47:38] T275: [fail] HEARTS WAIT: 190s remaining, sleeping in 5s chunks...
[20:48:09] T276: [fail] HEARTS WAIT: 159s remaining, sleeping in 5s chunks...
[20:48:40] T277: [fail] HEARTS WAIT: 129s remaining, sleeping in 5s chunks...
[20:49:10] T278: [fail] HEARTS WAIT: 98s remaining, sleeping in 5s chunks...
[20:49:41] T279: [fail] HEARTS WAIT: 67s remaining, sleeping in 5s chunks...
[20:50:12] T280: [fail] HEARTS WAIT: 36s remaining, sleeping in 5s chunks...
[20:50:43] T281: [fail] HEARTS WAIT: 5s remaining, sleeping in 5s chunks...
[20:50:48] T282: [fail] HEARTS-EMPTY popup detected (pixel match). Waiting 900s for regen.
[20:50:49] T283: [fail] HEARTS WAIT: 899s remaining, sleeping in 5s chunks...
[20:51:20] T284: [lobby] HEARTS WAIT: 868s remaining, sleeping in 5s chunks...
[20:51:51] T285: [lobby] HEARTS WAIT: 837s remaining, sleeping in 5s chunks...
[20:52:22] T286: [lobby] HEARTS WAIT: 806s remaining, sleeping in 5s chunks...
[20:52:53] T287: [lobby] HEARTS WAIT: 775s remaining, sleeping in 5s chunks...
[20:53:24] T288: [lobby] HEARTS WAIT: 744s remaining, sleeping in 5s chunks...
[20:53:54] T289: [lobby] HEARTS WAIT: 713s remaining, sleeping in 5s chunks...
[20:54:26] T290: [lobby] HEARTS WAIT: 682s remaining, sleeping in 5s chunks...
[20:54:57] T291: [lobby] HEARTS WAIT: 651s remaining, sleeping in 5s chunks...
[20:55:28] T292: [lobby] HEARTS WAIT: 620s remaining, sleeping in 5s chunks...
[20:55:59] T293: [lobby] HEARTS WAIT: 589s remaining, sleeping in 5s chunks...
[20:56:30] T294: [lobby] HEARTS WAIT: 558s remaining, sleeping in 5s chunks...
[20:57:01] T295: [lobby] HEARTS WAIT: 527s remaining, sleeping in 5s chunks...
[20:57:32] T296: [lobby] HEARTS WAIT: 496s remaining, sleeping in 5s chunks...
[20:58:03] T297: [lobby] HEARTS WAIT: 465s remaining, sleeping in 5s chunks...
[20:58:34] T298: [lobby] HEARTS WAIT: 434s remaining, sleeping in 5s chunks...
[20:59:04] T299: [lobby] HEARTS WAIT: 404s remaining, sleeping in 5s chunks...
[20:59:35] T300: [lobby] HEARTS WAIT: 372s remaining, sleeping in 5s chunks...
[21:00:06] T301: [lobby] HEARTS WAIT: 342s remaining, sleeping in 5s chunks...
[21:00:37] T302: [lobby] HEARTS WAIT: 311s remaining, sleeping in 5s chunks...
[21:01:08] T303: [lobby] HEARTS WAIT: 280s remaining, sleeping in 5s chunks...
[21:01:39] T304: [lobby] HEARTS WAIT: 249s remaining, sleeping in 5s chunks...
[21:02:10] T305: [lobby] HEARTS WAIT: 218s remaining, sleeping in 5s chunks...
[21:02:41] T306: [lobby] HEARTS WAIT: 186s remaining, sleeping in 5s chunks...
[21:03:12] T307: [lobby] HEARTS WAIT: 156s remaining, sleeping in 5s chunks...
[21:03:43] T308: [lobby] HEARTS WAIT: 125s remaining, sleeping in 5s chunks...
[21:04:14] T309: [lobby] HEARTS WAIT: 94s remaining, sleeping in 5s chunks...
[21:04:45] T310: [lobby] HEARTS WAIT: 63s remaining, sleeping in 5s chunks...
[21:05:16] T311: [lobby] HEARTS WAIT: 32s remaining, sleeping in 5s chunks...
[21:05:47] T312: [lobby] HEARTS WAIT: 1s remaining, sleeping in 5s chunks...
[21:05:53] T313: [lobby] Hardcoded play button (540,1450)
[21:05:56]   [SESSION] Started cf88871c5cf2 (start_cells=292)
[21:05:56] T314: [gameplay] Board=292cells/5colors d=+0 [DarkGreen:205, Brown:38, Orange:29, DarkRed:12, Red:8] | Queue=[FP stall=0 fp_top=0.95] | Holder=[_/DarkGreen/DarkGreen/DarkGreen/DarkGreen] (4/5) | 0.5s
[21:05:56]   -> TAP(314,1495) [[FP:0.95] Human pattern (delta=-59, id=4165)]
[21:05:59] T315: [gameplay] Board=292cells/5colors d=+0 [DarkGreen:205, Brown:38, Orange:29, DarkRed:12, Red:8] | Queue=[FP stall=1 fp_top=0.95] | Holder=[_/DarkGreen/DarkGreen/DarkGreen/DarkGreen] (4/5) | 0.5s
[21:05:59]   -> TAP(696,1517) [[FP:0.97] Human pattern (delta=-40, id=6969)]
[21:06:02] T316: [gameplay] Board=292cells/5colors d=+0 [DarkGreen:205, Brown:38, Orange:29, DarkRed:12, Red:8] | Queue=[FP stall=2 fp_top=0.95] | Holder=[_/DarkGreen/DarkGreen/DarkGreen/DarkGreen] (4/5) | 0.5s
[21:06:02]   -> TAP(316,1516) [[FP:0.97] Human pattern (delta=-28, id=4177)]
[21:06:05]   [EXPLORE] Entering exploration mode (stall x3)
[21:06:05] T317: [gameplay] Board=292cells/5colors d=+0 [DarkGreen:205, Brown:38, Orange:29, DarkRed:12, Red:8] | Queue=[FP stall=3 fp_top=0.95] | Holder=[_/DarkGreen/DarkGreen/DarkGreen/DarkGreen] (4/5) | 0.6s
[21:06:05]   -> TAP(732,1524) [[FP:0.97] Human pattern (delta=-20, id=3691)]
[21:06:09] T318: [gameplay] Board=292cells/5colors d=+0 [DarkGreen:205, Brown:38, Orange:29, DarkRed:12, Red:8] | Queue=[FP stall=4 fp_top=0.95] | Holder=[_/DarkGreen/DarkGreen/DarkGreen/DarkGreen] (4/5) | 0.6s
[21:06:09]   -> TAP(342,1656) [[FP:0.97] Human pattern (delta=-14, id=3702)]
[21:06:12] T319: [gameplay] Board=292cells/5colors d=+0 [DarkGreen:205, Brown:38, Orange:29, DarkRed:12, Red:8] | Queue=[EXPLORE stall=5 fp_top=0.95] | Holder=[_/DarkGreen/DarkGreen/DarkGreen/DarkGreen] (4/5) | 1.0s
[21:06:12]   -> TAP(869,1653) [[EXPLORE:PlayDB] Tap (869,1653) human pattern #1]
[21:06:15] T320: [gameplay] Board=292cells/5colors d=+0 [DarkGreen:205, Brown:38, Orange:29, DarkRed:12, Red:8] | Queue=[EXPLORE stall=6 fp_top=0.95] | Holder=[_/DarkGreen/DarkGreen/DarkGreen/DarkGreen] (4/5) | 0.5s
[21:06:15]   -> TAP(627,1211) [[EXPLORE:PlayDB] Tap (627,1211) human pattern #2]
[21:06:18] T321: [gameplay] Board=292cells/5colors d=+0 [DarkGreen:205, Brown:38, Orange:29, DarkRed:12, Red:8] | Queue=[EXPLORE stall=7 fp_top=0.95] | Holder=[_/DarkGreen/DarkGreen/DarkGreen/DarkGreen] (4/5) | 0.6s
[21:06:18]   -> TAP(202,175) [[EXPLORE:PlayDB] Tap (202,175) human pattern #3]
[21:06:20] T322: [gameplay] Board=292cells/5colors d=+0 [DarkGreen:205, Brown:38, Orange:29, DarkRed:12, Red:8] | Queue=[EXPLORE stall=8 fp_top=0.95] | Holder=[_/DarkGreen/DarkGreen/DarkGreen/DarkGreen] (4/5) | 0.6s
[21:06:20]   -> TAP(817,1164) [[EXPLORE:PlayDB] Tap (817,1164) human pattern #4]
[21:06:23] T323: [gameplay] Board=292cells/5colors d=+0 [DarkGreen:205, Brown:38, Orange:29, DarkRed:12, Red:8] | Queue=[EXPLORE stall=9 fp_top=0.95] | Holder=[_/DarkGreen/DarkGreen/DarkGreen/DarkGreen] (4/5) | 0.6s
[21:06:23]   -> TAP(185,930) [[EXPLORE:ZONE:0] Tap zone (185,930)]
[21:06:26] T324: [gameplay] Board=292cells/5colors d=+0 [DarkGreen:205, Brown:38, Orange:29, DarkRed:12, Red:8] | Queue=[EXPLORE stall=10 fp_top=0.95] | Holder=[_/DarkGreen/DarkGreen/DarkGreen/DarkGreen] (4/5) | 0.6s
[21:06:26]   -> TAP(310,930) [[EXPLORE:ZONE:1] Tap zone (310,930)]
[21:06:29] T325: [gameplay] Board=292cells/5colors d=+0 [DarkGreen:205, Brown:38, Orange:29, DarkRed:12, Red:8] | Queue=[EXPLORE stall=11 fp_top=0.95] | Holder=[_/DarkGreen/DarkGreen/DarkGreen/DarkGreen] (4/5) | 0.6s
[21:06:29]   -> TAP(435,930) [[EXPLORE:ZONE:2] Tap zone (435,930)]
[21:06:32] T326: [gameplay] Board=292cells/5colors d=+0 [DarkGreen:205, Brown:38, Orange:29, DarkRed:12, Red:8] | Queue=[EXPLORE stall=12 fp_top=0.95] | Holder=[_/DarkGreen/DarkGreen/DarkGreen/DarkGreen] (4/5) | 0.6s
[21:06:32]   -> TAP(560,930) [[EXPLORE:ZONE:3] Tap zone (560,930)]
[21:06:34] T327: [gameplay] Board=292cells/5colors d=+0 [DarkGreen:205, Brown:38, Orange:29, DarkRed:12, Red:8] | Queue=[EXPLORE stall=13 fp_top=0.95] | Holder=[_/DarkGreen/DarkGreen/DarkGreen/DarkGreen] (4/5) | 0.6s
[21:06:34]   -> TAP(685,930) [[EXPLORE:ZONE:4] Tap zone (685,930)]
[21:06:37] T328: [gameplay] Board=292cells/5colors d=+0 [DarkGreen:205, Brown:38, Orange:29, DarkRed:12, Red:8] | Queue=[EXPLORE stall=14 fp_top=0.95] | Holder=[_/DarkGreen/DarkGreen/DarkGreen/DarkGreen] (4/5) | 0.6s
[21:06:37]   -> TAP(280,1500) [[EXPLORE:ZONE:5] Tap zone (280,1500)]
[21:06:40] T329: [gameplay] Board=292cells/5colors d=+0 [DarkGreen:205, Brown:38, Orange:29, DarkRed:12, Red:8] | Queue=[EXPLORE stall=15 fp_top=0.95] | Holder=[_/DarkGreen/DarkGreen/DarkGreen/DarkGreen] (4/5) | 0.6s
[21:06:40]   -> TAP(400,1500) [[EXPLORE:ZONE:6] Tap zone (400,1500)]
[21:06:43] T330: [gameplay] Board=292cells/5colors d=+0 [DarkGreen:205, Brown:38, Orange:29, DarkRed:12, Red:8] | Queue=[EXPLORE stall=16 fp_top=0.95] | Holder=[_/DarkGreen/DarkGreen/DarkGreen/DarkGreen] (4/5) | 0.6s
[21:06:43]   -> TAP(530,1500) [[EXPLORE:ZONE:7] Tap zone (530,1500)]
[21:06:46] T331: [gameplay] Board=293cells/5colors d=+1 [DarkGreen:205, Brown:38, Orange:29, DarkRed:12, Red:9] | Queue=[EXPLORE stall=15 fp_top=0.95] | Holder=[_/DarkRed/SageTeal/SageTeal/_] (3/5) | 0.6s
[21:06:46]   -> TAP(660,1500) [[EXPLORE:ZONE:8] Tap zone (660,1500)]
[21:06:48]   [LEARN] Explore tap (660,1500) WORKED! (d=-1)
[21:06:48] T332: [gameplay] Board=292cells/5colors d=-1 [DarkGreen:205, Brown:38, Orange:29, DarkRed:12, Red:8] | Queue=[FP stall=0 fp_top=0.95] | Holder=[_/DarkRed/_/_/_] (1/5) | 0.5s
[21:06:48]   -> TAP(314,1495) [[FP:0.95] Human pattern (delta=-59, id=4165)]
[21:06:51] T333: [gameplay] Board=260cells/5colors d=-32 [DarkGreen:173, Brown:38, Orange:29, DarkRed:12, Red:8] | Queue=[FP stall=0 fp_top=0.95] | Holder=[_/DarkRed/_/_/_] (1/5) | 0.6s
[21:06:51]   -> TAP(723,1537) [[FP:0.96] Human pattern (delta=-37, id=3699)]
[21:06:55] T334: [gameplay] Board=256cells/5colors d=-4 [DarkGreen:169, Brown:38, Orange:29, DarkRed:12, Red:8] | Queue=[FP stall=0 fp_top=0.95] | Holder=[_/DarkRed/_/_/_] (1/5) | 0.5s
[21:06:55]   -> TAP(316,1516) [[FP:0.97] Human pattern (delta=-28, id=4177)]
[21:06:58] T335: [gameplay] Board=256cells/5colors d=+0 [DarkGreen:169, Brown:38, Orange:29, DarkRed:12, Red:8] | Queue=[FP stall=1 fp_top=0.95] | Holder=[_/DarkRed/_/_/_] (1/5) | 0.5s
[21:06:58]   -> TAP(524,1512) [[FP:0.96] Human pattern (delta=-9, id=3250)]
[21:07:01] T336: [gameplay] Board=256cells/5colors d=+0 [DarkGreen:169, Brown:38, Orange:29, DarkRed:12, Red:8] | Queue=[FP stall=2 fp_top=0.95] | Holder=[_/DarkRed/_/_/_] (1/5) | 0.6s
[21:07:01]   -> TAP(342,1656) [[FP:0.96] Human pattern (delta=-14, id=3702)]
[21:07:04]   [EXPLORE] Entering exploration mode (stall x3)
[21:07:04] T337: [gameplay] Board=256cells/5colors d=+0 [DarkGreen:169, Brown:38, Orange:29, DarkRed:12, Red:8] | Queue=[FP stall=3 fp_top=0.95] | Holder=[LightBlue/DarkRed/_/_/_] (2/5) | 0.5s
[21:07:04]   -> TAP(696,1517) [[FP:0.96] Human pattern (delta=-40, id=6969)]
[21:07:08] T338: [gameplay] Board=256cells/5colors d=+0 [DarkGreen:169, Brown:38, Orange:29, DarkRed:12, Red:8] | Queue=[FP stall=4 fp_top=0.95] | Holder=[_/DarkRed/_/_/_] (1/5) | 0.5s
[21:07:08]   -> TAP(314,1495) [[FP:0.95] Human pattern (delta=-59, id=4165)]
[21:07:11] T339: [gameplay] Board=256cells/5colors d=+0 [DarkGreen:169, Brown:38, Orange:29, DarkRed:12, Red:8] | Queue=[EXPLORE stall=5 fp_top=0.95] | Holder=[SageTeal/DarkRed/_/_/_] (2/5) | 0.6s
[21:07:11]   -> TAP(869,1653) [[EXPLORE:PlayDB] Tap (869,1653) human pattern #1]
[21:07:13]   [SESSION] Ended cf88871c5cf2: fail (26 turns, end_cells=256)
[21:07:13] T340: [fail] Multi-tap close/retry positions
[21:07:18] T341: [win] Multi-tap continue positions
[21:07:22] T342: [fail] HEARTS-EMPTY popup detected (pixel match). Waiting 900s for regen.
[21:07:22] T343: [fail] HEARTS WAIT: 899s remaining, sleeping in 5s chunks...
[21:07:53] T344: [fail] HEARTS WAIT: 868s remaining, sleeping in 5s chunks...
[21:08:24] T345: [fail] HEARTS WAIT: 838s remaining, sleeping in 5s chunks...
[21:08:54] T346: [fail] HEARTS WAIT: 807s remaining, sleeping in 5s chunks...
[21:09:25] T347: [fail] HEARTS WAIT: 776s remaining, sleeping in 5s chunks...
[21:09:56] T348: [fail] HEARTS WAIT: 745s remaining, sleeping in 5s chunks...
[21:10:27] T349: [fail] HEARTS WAIT: 714s remaining, sleeping in 5s chunks...
[21:10:58] T350: [fail] HEARTS WAIT: 684s remaining, sleeping in 5s chunks...
[21:11:29] T351: [fail] HEARTS WAIT: 653s remaining, sleeping in 5s chunks...
[21:11:59] T352: [fail] HEARTS WAIT: 622s remaining, sleeping in 5s chunks...
[21:12:30] T353: [fail] HEARTS WAIT: 591s remaining, sleeping in 5s chunks...
[21:13:01] T354: [fail] HEARTS WAIT: 560s remaining, sleeping in 5s chunks...
[21:13:32] T355: [fail] HEARTS WAIT: 529s remaining, sleeping in 5s chunks...
[21:14:03] T356: [fail] HEARTS WAIT: 499s remaining, sleeping in 5s chunks...
[21:14:33] 
[21:14:33] ============================================================
[21:14:33] SESSION COMPLETE
[21:14:33] ============================================================
[21:14:33] Total turns:   356
[21:14:33] Games started: 6
[21:14:33] Games won:     2
[21:14:33] Games failed:  7
[21:14:33] AI Play DB: E:\AI\virtual_player\data\db\ai_play_pixelflow.db
[21:14:33] Fingerprint DB: E:\AI\virtual_player\data\pixelflow\db\fingerprint.db (loaded)
[21:14:33] Stats saved: E:\AI\virtual_player\data\games\pixelflow\temp\smart\smart_stats.json
