[20:46:35] ============================================================
[20:46:35] Smart PixelFlow Player START
[20:46:35] Duration: 7200 min | Target: 20:46:35
[20:46:35] ADB: C:/Program Files/BlueStacks_nxt/HD-Adb.exe | Device: emulator-5554
[20:46:35] YOLO: best.pt
[20:46:35] Profile: cell_profile.json
[FingerprintSearcher] Loaded 4891 rows (win_only=True)
[20:46:36] Fingerprint DB: fingerprint.db (loaded)
[20:46:36] FP threshold: 0.8, top_k: 5
[20:46:36] ============================================================
[20:46:46] T1: [fail] HEARTS-EMPTY popup detected (pixel match). Waiting 900s for regen.
[20:46:46] T2: [fail] HEARTS WAIT: 899s remaining, sleeping in 5s chunks...
[20:47:17] T3: [fail] HEARTS WAIT: 868s remaining, sleeping in 5s chunks...
[20:47:48] T4: [fail] HEARTS WAIT: 837s remaining, sleeping in 5s chunks...
[20:48:19] T5: [fail] HEARTS WAIT: 806s remaining, sleeping in 5s chunks...
[20:48:49] T6: [fail] HEARTS WAIT: 776s remaining, sleeping in 5s chunks...
[20:49:20] T7: [fail] HEARTS WAIT: 745s remaining, sleeping in 5s chunks...
[20:49:51] T8: [fail] HEARTS WAIT: 714s remaining, sleeping in 5s chunks...
[20:50:22] T9: [fail] HEARTS WAIT: 683s remaining, sleeping in 5s chunks...
[20:50:53] T10: [fail] HEARTS WAIT: 652s remaining, sleeping in 5s chunks...
[20:51:24] T11: [lobby] HEARTS WAIT: 621s remaining, sleeping in 5s chunks...
[20:51:55] T12: [lobby] HEARTS WAIT: 590s remaining, sleeping in 5s chunks...
[20:52:26] T13: [lobby] HEARTS WAIT: 559s remaining, sleeping in 5s chunks...
[20:52:57] T14: [lobby] HEARTS WAIT: 528s remaining, sleeping in 5s chunks...
[20:53:28] T15: [lobby] HEARTS WAIT: 497s remaining, sleeping in 5s chunks...
[20:53:59] T16: [lobby] HEARTS WAIT: 466s remaining, sleeping in 5s chunks...
[20:54:30] T17: [lobby] HEARTS WAIT: 435s remaining, sleeping in 5s chunks...
[20:55:01] T18: [lobby] HEARTS WAIT: 404s remaining, sleeping in 5s chunks...
[20:55:32] T19: [lobby] HEARTS WAIT: 373s remaining, sleeping in 5s chunks...
[20:56:03] T20: [lobby] HEARTS WAIT: 342s remaining, sleeping in 5s chunks...
[20:56:34] T21: [lobby] HEARTS WAIT: 311s remaining, sleeping in 5s chunks...
[20:57:05] T22: [lobby] HEARTS WAIT: 280s remaining, sleeping in 5s chunks...
[20:57:36] T23: [lobby] HEARTS WAIT: 249s remaining, sleeping in 5s chunks...
[20:58:07] T24: [lobby] HEARTS WAIT: 218s remaining, sleeping in 5s chunks...
[20:58:38] T25: [lobby] HEARTS WAIT: 187s remaining, sleeping in 5s chunks...
[20:59:09] T26: [lobby] HEARTS WAIT: 156s remaining, sleeping in 5s chunks...
[20:59:41] T27: [lobby] HEARTS WAIT: 125s remaining, sleeping in 5s chunks...
[21:00:11] T28: [lobby] HEARTS WAIT: 94s remaining, sleeping in 5s chunks...
[21:00:42] T29: [lobby] HEARTS WAIT: 63s remaining, sleeping in 5s chunks...
[21:01:14] T30: [lobby] HEARTS WAIT: 32s remaining, sleeping in 5s chunks...
[21:01:45] T31: [lobby] HEARTS WAIT: 1s remaining, sleeping in 5s chunks...
[21:01:50] T32: [lobby] Hardcoded play button (540,1450)
[21:01:54]   [SESSION] Started c20e2fa6ca23 (start_cells=291)
[21:01:54] T33: [gameplay] Board=291cells/5colors d=+0 [DarkGreen:201, Brown:40, Orange:28, DarkRed:14, Red:8] | Queue=[FP stall=0 fp_top=0.97] | Holder=[_/DarkGreen/DarkGreen/DarkGreen/DarkGreen] (4/5) | 0.7s
[21:01:54]   -> TAP(717,1495) [[FP:0.97] Human pattern (delta=-43, id=6857)]
[21:01:57] T34: [gameplay] Board=291cells/5colors d=+0 [DarkGreen:201, Brown:40, Orange:28, DarkRed:14, Red:8] | Queue=[FP stall=1 fp_top=0.97] | Holder=[_/DarkGreen/DarkGreen/DarkGreen/DarkGreen] (4/5) | 0.6s
[21:01:57]   -> TAP(696,1517) [[FP:0.97] Human pattern (delta=-40, id=6969)]
[21:02:00] T35: [gameplay] Board=291cells/5colors d=+0 [DarkGreen:201, Brown:40, Orange:28, DarkRed:14, Red:8] | Queue=[FP stall=2 fp_top=0.97] | Holder=[_/DarkGreen/DarkGreen/DarkGreen/DarkGreen] (4/5) | 0.5s
[21:02:00]   -> TAP(723,1537) [[FP:0.97] Human pattern (delta=-37, id=3699)]
[21:02:03] T36: [gameplay] Board=291cells/5colors d=+0 [DarkGreen:201, Brown:40, Orange:28, DarkRed:14, Red:8] | Queue=[FP stall=3 fp_top=0.97] | Holder=[_/DarkGreen/DarkGreen/DarkGreen/DarkGreen] (4/5) | 0.5s
[21:02:03]   -> TAP(316,1516) [[FP:0.97] Human pattern (delta=-28, id=4177)]
[21:02:06] T37: [gameplay] Board=291cells/5colors d=+0 [DarkGreen:201, Brown:40, Orange:28, DarkRed:14, Red:8] | Queue=[FP stall=4 fp_top=0.97] | Holder=[_/DarkGreen/DarkGreen/DarkGreen/DarkGreen] (4/5) | 0.6s
[21:02:06]   -> TAP(717,1495) [[FP:0.97] Human pattern (delta=-43, id=6857)]
[21:02:09]   [EXPLORE] Entering exploration mode (stall x5)
[21:02:09] T38: [gameplay] Board=291cells/5colors d=+0 [DarkGreen:201, Brown:40, Orange:28, DarkRed:14, Red:8] | Queue=[FP stall=5 fp_top=0.97] | Holder=[_/DarkGreen/DarkGreen/DarkGreen/DarkGreen] (4/5) | 0.5s
[21:02:09]   -> TAP(696,1517) [[FP:0.97] Human pattern (delta=-40, id=6969)]
[21:02:13] T39: [gameplay] Board=291cells/5colors d=+0 [DarkGreen:201, Brown:40, Orange:28, DarkRed:14, Red:8] | Queue=[FP stall=6 fp_top=0.97] | Holder=[_/DarkGreen/DarkGreen/DarkGreen/DarkGreen] (4/5) | 0.5s
[21:02:13]   -> TAP(723,1537) [[FP:0.97] Human pattern (delta=-37, id=3699)]
[21:02:16] T40: [gameplay] Board=291cells/5colors d=+0 [DarkGreen:201, Brown:40, Orange:28, DarkRed:14, Red:8] | Queue=[FP stall=7 fp_top=0.97] | Holder=[_/DarkGreen/DarkGreen/DarkGreen/DarkGreen] (4/5) | 0.6s
[21:02:16]   -> TAP(316,1516) [[FP:0.97] Human pattern (delta=-28, id=4177)]
[21:02:19] T41: [gameplay] Board=291cells/5colors d=+0 [DarkGreen:201, Brown:40, Orange:28, DarkRed:14, Red:8] | Queue=[FP stall=8 fp_top=0.97] | Holder=[_/DarkGreen/DarkGreen/DarkGreen/DarkGreen] (4/5) | 0.5s
[21:02:19]   -> TAP(717,1495) [[FP:0.97] Human pattern (delta=-43, id=6857)]
[21:02:22] T42: [gameplay] Board=291cells/5colors d=+0 [DarkGreen:201, Brown:40, Orange:28, DarkRed:14, Red:8] | Queue=[FP stall=9 fp_top=0.97] | Holder=[_/DarkGreen/DarkGreen/DarkGreen/DarkGreen] (4/5) | 0.5s
[21:02:22]   -> TAP(696,1517) [[FP:0.97] Human pattern (delta=-40, id=6969)]
[21:02:26] T43: [gameplay] Board=291cells/5colors d=+0 [DarkGreen:201, Brown:40, Orange:28, DarkRed:14, Red:8] | Queue=[EXPLORE stall=10 fp_top=0.97] | Holder=[_/DarkGreen/DarkGreen/DarkGreen/DarkGreen] (4/5) | 1.2s
[21:02:26]   -> TAP(869,1653) [[EXPLORE:PlayDB] Tap (869,1653) human pattern #1]
[21:02:29] T44: [gameplay] Board=291cells/5colors d=+0 [DarkGreen:201, Brown:40, Orange:28, DarkRed:14, Red:8] | Queue=[EXPLORE stall=11 fp_top=0.97] | Holder=[_/DarkGreen/DarkGreen/DarkGreen/DarkGreen] (4/5) | 0.6s
[21:02:29]   -> TAP(876,1784) [[EXPLORE:PlayDB] Tap (876,1784) human pattern #2]
[21:02:31]   [SESSION] Ended c20e2fa6ca23: win (12 turns, end_cells=291)
[21:02:31] T45: [win] Multi-tap continue positions
[21:02:35] T46: [fail] Multi-tap close/retry positions
[21:02:39] T47: [popup] Multi-tap close/retry positions
[21:02:44] T48: [popup] Multi-tap close/retry positions
[21:02:48] T49: [popup] Multi-tap close/retry positions
[21:02:53] T50: [popup] Multi-tap close/retry positions
[21:02:57] T51: [popup] Multi-tap close/retry positions
[21:03:02] T52: [popup] Multi-tap close/retry positions
[21:03:06] T53: POPUP LOOP (popup), relaunch
[21:03:18] T54: [loading] PlayDB: 3 patterns, trying top 2
[21:03:23] T55: [loading] PlayDB: 3 patterns, trying top 2
[21:03:27] T56: [lobby] Hardcoded play button (540,1450)
[21:03:29] T57: [fail] HEARTS-EMPTY popup detected (pixel match). Waiting 900s for regen.
[21:03:30] T58: [fail] HEARTS WAIT: 899s remaining, sleeping in 5s chunks...
[21:04:01] T59: [fail] HEARTS WAIT: 868s remaining, sleeping in 5s chunks...
[21:04:32] T60: [fail] HEARTS WAIT: 837s remaining, sleeping in 5s chunks...
[21:05:02] T61: [fail] HEARTS WAIT: 806s remaining, sleeping in 5s chunks...
[21:05:34] T62: [fail] HEARTS WAIT: 775s remaining, sleeping in 5s chunks...
[21:06:04] T63: [fail] HEARTS WAIT: 744s remaining, sleeping in 5s chunks...
[21:06:35] T64: [fail] HEARTS WAIT: 714s remaining, sleeping in 5s chunks...
[21:07:06] T65: [fail] HEARTS WAIT: 683s remaining, sleeping in 5s chunks...
[21:07:37] T66: [fail] HEARTS WAIT: 651s remaining, sleeping in 5s chunks...
[21:08:09] T67: [fail] HEARTS WAIT: 620s remaining, sleeping in 5s chunks...
[21:08:40] T68: [fail] HEARTS WAIT: 589s remaining, sleeping in 5s chunks...
[21:09:11] T69: [fail] HEARTS WAIT: 558s remaining, sleeping in 5s chunks...
[21:09:42] T70: [fail] HEARTS WAIT: 527s remaining, sleeping in 5s chunks...
[21:10:13] T71: [fail] HEARTS WAIT: 496s remaining, sleeping in 5s chunks...
[21:10:44] T72: [fail] HEARTS WAIT: 465s remaining, sleeping in 5s chunks...
[21:11:15] T73: [fail] HEARTS WAIT: 434s remaining, sleeping in 5s chunks...
[21:11:46] T74: [fail] HEARTS WAIT: 403s remaining, sleeping in 5s chunks...
[21:12:17] T75: [fail] HEARTS WAIT: 372s remaining, sleeping in 5s chunks...
[21:12:48] T76: [fail] HEARTS WAIT: 341s remaining, sleeping in 5s chunks...
[21:13:19] T77: [fail] HEARTS WAIT: 310s remaining, sleeping in 5s chunks...
[21:13:50] T78: [fail] HEARTS WAIT: 278s remaining, sleeping in 5s chunks...
[21:14:22] T79: [fail] HEARTS WAIT: 247s remaining, sleeping in 5s chunks...
[21:14:53] T80: [fail] HEARTS WAIT: 215s remaining, sleeping in 5s chunks...
[21:15:25] T81: [fail] HEARTS WAIT: 184s remaining, sleeping in 5s chunks...
[21:15:56] T82: [fail] HEARTS WAIT: 153s remaining, sleeping in 5s chunks...
[21:16:27] T83: [fail] HEARTS WAIT: 122s remaining, sleeping in 5s chunks...
[21:16:58] T84: [fail] HEARTS WAIT: 91s remaining, sleeping in 5s chunks...
[21:17:29] T85: [fail] HEARTS WAIT: 60s remaining, sleeping in 5s chunks...
[21:18:00] T86: [fail] HEARTS WAIT: 29s remaining, sleeping in 5s chunks...
[21:18:26] T87: [fail] HEARTS WAIT: 3s remaining, sleeping in 5s chunks...
[21:18:32] T88: [fail] HEARTS-EMPTY popup detected (pixel match). Waiting 900s for regen.
[21:18:32] T89: [fail] HEARTS WAIT: 899s remaining, sleeping in 5s chunks...
[21:19:03] T90: [fail] HEARTS WAIT: 868s remaining, sleeping in 5s chunks...
[21:19:34] T91: [fail] HEARTS WAIT: 837s remaining, sleeping in 5s chunks...
[21:20:05] T92: [fail] HEARTS WAIT: 806s remaining, sleeping in 5s chunks...
[21:20:36] T93: [fail] HEARTS WAIT: 775s remaining, sleeping in 5s chunks...
[21:21:07] T94: [fail] HEARTS WAIT: 745s remaining, sleeping in 5s chunks...
[21:21:38] T95: [lobby] HEARTS WAIT: 714s remaining, sleeping in 5s chunks...
[21:22:08] T96: [lobby] HEARTS WAIT: 683s remaining, sleeping in 5s chunks...
[21:22:39] T97: [lobby] HEARTS WAIT: 652s remaining, sleeping in 5s chunks...
[21:23:10] T98: [lobby] HEARTS WAIT: 621s remaining, sleeping in 5s chunks...
[21:23:41] T99: [lobby] HEARTS WAIT: 590s remaining, sleeping in 5s chunks...
[21:24:12] T100: [lobby] HEARTS WAIT: 559s remaining, sleeping in 5s chunks...
[21:24:43] T101: [lobby] HEARTS WAIT: 528s remaining, sleeping in 5s chunks...
[21:25:14] T102: [lobby] HEARTS WAIT: 497s remaining, sleeping in 5s chunks...
[21:25:45] T103: [lobby] HEARTS WAIT: 466s remaining, sleeping in 5s chunks...
[21:26:16] T104: [lobby] HEARTS WAIT: 435s remaining, sleeping in 5s chunks...
[21:26:47] T105: [lobby] HEARTS WAIT: 404s remaining, sleeping in 5s chunks...
[21:27:18] T106: [lobby] HEARTS WAIT: 373s remaining, sleeping in 5s chunks...
[21:27:49] T107: [lobby] HEARTS WAIT: 343s remaining, sleeping in 5s chunks...
[21:28:20] T108: [lobby] HEARTS WAIT: 311s remaining, sleeping in 5s chunks...
[21:28:51] T109: [lobby] HEARTS WAIT: 281s remaining, sleeping in 5s chunks...
[21:29:22] T110: [lobby] HEARTS WAIT: 250s remaining, sleeping in 5s chunks...
[21:29:52] T111: [lobby] HEARTS WAIT: 219s remaining, sleeping in 5s chunks...
[21:30:23] T112: [lobby] HEARTS WAIT: 188s remaining, sleeping in 5s chunks...
[21:30:54] T113: [lobby] HEARTS WAIT: 157s remaining, sleeping in 5s chunks...
[21:31:25] T114: [lobby] HEARTS WAIT: 126s remaining, sleeping in 5s chunks...
[21:31:56] T115: [lobby] HEARTS WAIT: 95s remaining, sleeping in 5s chunks...
[21:32:27] T116: [lobby] HEARTS WAIT: 64s remaining, sleeping in 5s chunks...
[21:32:58] T117: [lobby] HEARTS WAIT: 33s remaining, sleeping in 5s chunks...
[21:33:29] T118: [lobby] HEARTS WAIT: 2s remaining, sleeping in 5s chunks...
[21:33:35] T119: [lobby] Hardcoded play button (540,1450)
[21:33:38]   [SESSION] Started dda5aece4f60 (start_cells=296)
[21:33:38] T120: [gameplay] Board=296cells/6colors d=+0 [DarkGreen:201, Brown:36, Orange:29, DarkRed:14, Red:12] | Queue=[FP stall=0 fp_top=0.97] | Holder=[_/DarkGreen/DarkGreen/DarkGreen/DarkGreen] (4/5) | 0.5s
[21:33:38]   -> TAP(717,1495) [[FP:0.97] Human pattern (delta=-43, id=6857)]
[21:33:41] T121: [gameplay] Board=296cells/6colors d=+0 [DarkGreen:201, Brown:36, Orange:29, DarkRed:14, Red:12] | Queue=[FP stall=1 fp_top=0.97] | Holder=[_/DarkGreen/DarkGreen/DarkGreen/DarkGreen] (4/5) | 0.6s
[21:33:41]   -> TAP(696,1517) [[FP:0.97] Human pattern (delta=-40, id=6969)]
[21:33:44] T122: [gameplay] Board=296cells/6colors d=+0 [DarkGreen:201, Brown:36, Orange:29, DarkRed:14, Red:12] | Queue=[FP stall=2 fp_top=0.97] | Holder=[_/DarkGreen/DarkGreen/DarkGreen/DarkGreen] (4/5) | 0.5s
[21:33:44]   -> TAP(732,1524) [[FP:0.97] Human pattern (delta=-20, id=3691)]
[21:33:48] T123: [gameplay] Board=296cells/6colors d=+0 [DarkGreen:201, Brown:36, Orange:29, DarkRed:14, Red:12] | Queue=[FP stall=3 fp_top=0.97] | Holder=[_/DarkGreen/DarkGreen/DarkGreen/DarkGreen] (4/5) | 0.5s
[21:33:48]   -> TAP(342,1656) [[FP:0.97] Human pattern (delta=-14, id=3702)]
[21:33:51] T124: [gameplay] Board=296cells/6colors d=+0 [DarkGreen:201, Brown:36, Orange:29, DarkRed:14, Red:12] | Queue=[FP stall=4 fp_top=0.97] | Holder=[_/DarkGreen/DarkGreen/DarkGreen/DarkGreen] (4/5) | 0.5s
[21:33:51]   -> TAP(717,1495) [[FP:0.97] Human pattern (delta=-43, id=6857)]
[21:33:54] T125: [gameplay] Board=296cells/6colors d=+0 [DarkGreen:201, Brown:36, Orange:29, DarkRed:14, Red:12] | Queue=[FP stall=5 fp_top=0.97] | Holder=[_/DarkGreen/DarkGreen/DarkGreen/DarkGreen] (4/5) | 0.5s
[21:33:54]   -> TAP(696,1517) [[FP:0.97] Human pattern (delta=-40, id=6969)]
[21:33:57] T126: [gameplay] Board=296cells/6colors d=+0 [DarkGreen:201, Brown:36, Orange:29, DarkRed:14, Red:12] | Queue=[FP stall=6 fp_top=0.97] | Holder=[_/DarkGreen/DarkGreen/DarkGreen/DarkGreen] (4/5) | 0.5s
[21:33:57]   -> TAP(732,1524) [[FP:0.97] Human pattern (delta=-20, id=3691)]
[21:34:00] T127: [gameplay] Board=296cells/6colors d=+0 [DarkGreen:201, Brown:36, Orange:29, DarkRed:14, Red:12] | Queue=[FP stall=7 fp_top=0.97] | Holder=[_/DarkGreen/DarkGreen/DarkGreen/DarkGreen] (4/5) | 0.6s
[21:34:00]   -> TAP(342,1656) [[FP:0.97] Human pattern (delta=-14, id=3702)]
[21:34:04] T128: [gameplay] Board=296cells/6colors d=+0 [DarkGreen:201, Brown:36, Orange:29, DarkRed:14, Red:12] | Queue=[FP stall=8 fp_top=0.97] | Holder=[_/DarkGreen/DarkGreen/DarkGreen/DarkGreen] (4/5) | 0.6s
[21:34:04]   -> TAP(717,1495) [[FP:0.97] Human pattern (delta=-43, id=6857)]
[21:34:07] T129: [gameplay] Board=296cells/6colors d=+0 [DarkGreen:201, Brown:36, Orange:29, DarkRed:14, Red:12] | Queue=[FP stall=9 fp_top=0.97] | Holder=[_/DarkGreen/DarkGreen/DarkGreen/DarkGreen] (4/5) | 0.5s
[21:34:07]   -> TAP(696,1517) [[FP:0.97] Human pattern (delta=-40, id=6969)]
[21:34:10] T130: [gameplay] Board=296cells/6colors d=+0 [DarkGreen:201, Brown:36, Orange:29, DarkRed:14, Red:12] | Queue=[EXPLORE stall=10 fp_top=0.97] | Holder=[_/DarkGreen/DarkGreen/DarkGreen/DarkGreen] (4/5) | 0.6s
[21:34:10]   -> TAP(876,1784) [[EXPLORE:PlayDB] Tap (876,1784) human pattern #3]
[21:34:12]   [SESSION] Ended dda5aece4f60: fail (11 turns, end_cells=296)
[21:34:12] T131: [fail] Multi-tap close/retry positions
[21:34:17] T132: [fail] Multi-tap close/retry positions
[21:34:21] T133: [popup] Multi-tap close/retry positions
[21:34:26] T134: [popup] Multi-tap close/retry positions
[21:34:30] T135: [popup] Multi-tap close/retry positions
[21:34:35] T136: [popup] Multi-tap close/retry positions
[21:34:39] T137: [popup] Multi-tap close/retry positions
[21:34:43] T138: POPUP LOOP (popup), relaunch
[21:34:56] T139: [loading] PlayDB: 3 patterns, trying top 2
[21:35:00] T140: [loading] PlayDB: 3 patterns, trying top 2
[21:35:04] T141: [lobby] Hardcoded play button (540,1450)
[21:35:07] T142: [fail] HEARTS-EMPTY popup detected (pixel match). Waiting 900s for regen.
[21:35:08] T143: [fail] HEARTS WAIT: 899s remaining, sleeping in 5s chunks...
[21:35:38] T144: [fail] HEARTS WAIT: 868s remaining, sleeping in 5s chunks...
[21:36:09] T145: [fail] HEARTS WAIT: 837s remaining, sleeping in 5s chunks...
[21:36:40] T146: [fail] HEARTS WAIT: 806s remaining, sleeping in 5s chunks...
[21:37:11] T147: [fail] HEARTS WAIT: 776s remaining, sleeping in 5s chunks...
[21:37:42] T148: [fail] HEARTS WAIT: 745s remaining, sleeping in 5s chunks...
[21:38:13] T149: [fail] HEARTS WAIT: 714s remaining, sleeping in 5s chunks...
[21:38:43] T150: [fail] HEARTS WAIT: 683s remaining, sleeping in 5s chunks...
[21:39:14] T151: [fail] HEARTS WAIT: 652s remaining, sleeping in 5s chunks...
[21:39:45] T152: [fail] HEARTS WAIT: 621s remaining, sleeping in 5s chunks...
[21:40:16] T153: [fail] HEARTS WAIT: 591s remaining, sleeping in 5s chunks...
[21:40:47] T154: [fail] HEARTS WAIT: 560s remaining, sleeping in 5s chunks...
[21:41:18] T155: [fail] HEARTS WAIT: 529s remaining, sleeping in 5s chunks...
[21:41:48] T156: [fail] HEARTS WAIT: 498s remaining, sleeping in 5s chunks...
[21:42:19] T157: [fail] HEARTS WAIT: 468s remaining, sleeping in 5s chunks...
[21:42:50] T158: [fail] HEARTS WAIT: 437s remaining, sleeping in 5s chunks...
[21:43:21] T159: [fail] HEARTS WAIT: 406s remaining, sleeping in 5s chunks...
[21:43:51] T160: [fail] HEARTS WAIT: 375s remaining, sleeping in 5s chunks...
[21:44:22] T161: [fail] HEARTS WAIT: 344s remaining, sleeping in 5s chunks...
[21:44:53] T162: [fail] HEARTS WAIT: 314s remaining, sleeping in 5s chunks...
[21:45:24] T163: [fail] HEARTS WAIT: 283s remaining, sleeping in 5s chunks...
[21:45:55] T164: [fail] HEARTS WAIT: 252s remaining, sleeping in 5s chunks...
[21:46:25] T165: [fail] HEARTS WAIT: 221s remaining, sleeping in 5s chunks...
[21:46:56] T166: [fail] HEARTS WAIT: 190s remaining, sleeping in 5s chunks...
[21:47:27] T167: [fail] HEARTS WAIT: 160s remaining, sleeping in 5s chunks...
[21:47:58] T168: [fail] HEARTS WAIT: 129s remaining, sleeping in 5s chunks...
[21:48:29] T169: [fail] HEARTS WAIT: 98s remaining, sleeping in 5s chunks...
[21:49:00] T170: [fail] HEARTS WAIT: 67s remaining, sleeping in 5s chunks...
[21:49:30] T171: [fail] HEARTS WAIT: 36s remaining, sleeping in 5s chunks...
[21:50:01] T172: [fail] HEARTS WAIT: 6s remaining, sleeping in 5s chunks...
[21:50:07] T173: [fail] HEARTS-EMPTY popup detected (pixel match). Waiting 900s for regen.
[21:50:07] T174: [fail] HEARTS WAIT: 899s remaining, sleeping in 5s chunks...
[21:50:38] T175: [fail] HEARTS WAIT: 868s remaining, sleeping in 5s chunks...
[21:51:09] T176: [fail] HEARTS WAIT: 837s remaining, sleeping in 5s chunks...
[21:51:40] T177: [lobby] HEARTS WAIT: 806s remaining, sleeping in 5s chunks...
[21:52:11] T178: [lobby] HEARTS WAIT: 775s remaining, sleeping in 5s chunks...
[21:52:41] T179: [lobby] HEARTS WAIT: 745s remaining, sleeping in 5s chunks...
[21:53:13] T180: [lobby] HEARTS WAIT: 714s remaining, sleeping in 5s chunks...
[21:53:43] T181: [lobby] HEARTS WAIT: 683s remaining, sleeping in 5s chunks...
[21:54:14] T182: [lobby] HEARTS WAIT: 652s remaining, sleeping in 5s chunks...
[21:54:45] T183: [lobby] HEARTS WAIT: 621s remaining, sleeping in 5s chunks...
[21:55:16] T184: [lobby] HEARTS WAIT: 590s remaining, sleeping in 5s chunks...
[21:55:47] T185: [lobby] HEARTS WAIT: 559s remaining, sleeping in 5s chunks...
[21:56:18] T186: [lobby] HEARTS WAIT: 528s remaining, sleeping in 5s chunks...
[21:56:49] T187: [lobby] HEARTS WAIT: 497s remaining, sleeping in 5s chunks...
[21:57:20] T188: [lobby] HEARTS WAIT: 466s remaining, sleeping in 5s chunks...
[21:57:51] T189: [lobby] HEARTS WAIT: 435s remaining, sleeping in 5s chunks...
[21:58:22] T190: [lobby] HEARTS WAIT: 404s remaining, sleeping in 5s chunks...
[21:58:53] T191: [lobby] HEARTS WAIT: 373s remaining, sleeping in 5s chunks...
[21:59:24] T192: [lobby] HEARTS WAIT: 342s remaining, sleeping in 5s chunks...
[21:59:55] T193: [lobby] HEARTS WAIT: 312s remaining, sleeping in 5s chunks...
[22:00:26] T194: [lobby] HEARTS WAIT: 280s remaining, sleeping in 5s chunks...
[22:00:57] T195: [lobby] HEARTS WAIT: 249s remaining, sleeping in 5s chunks...
[22:01:27] T196: [lobby] HEARTS WAIT: 219s remaining, sleeping in 5s chunks...
[22:01:58] T197: [lobby] HEARTS WAIT: 188s remaining, sleeping in 5s chunks...
[22:02:29] T198: [lobby] HEARTS WAIT: 157s remaining, sleeping in 5s chunks...
[22:03:00] T199: [lobby] HEARTS WAIT: 126s remaining, sleeping in 5s chunks...
[22:03:31] T200: [lobby] HEARTS WAIT: 95s remaining, sleeping in 5s chunks...
[22:04:02] T201: [lobby] HEARTS WAIT: 64s remaining, sleeping in 5s chunks...
[22:04:33] T202: [lobby] HEARTS WAIT: 33s remaining, sleeping in 5s chunks...
[22:05:04] T203: [lobby] HEARTS WAIT: 2s remaining, sleeping in 5s chunks...
[22:05:09] T204: [lobby] Hardcoded play button (540,1450)
[22:05:13]   [SESSION] Started 3761daffacdb (start_cells=293)
[22:05:13] T205: [gameplay] Board=293cells/6colors d=+0 [DarkGreen:207, Brown:33, Orange:28, DarkRed:14, Red:6] | Queue=[FP stall=0 fp_top=0.98] | Holder=[_/DarkGreen/DarkGreen/DarkGreen/DarkGreen] (4/5) | 0.5s
[22:05:13]   -> TAP(717,1495) [[FP:0.98] Human pattern (delta=-43, id=6857)]
[22:05:16] T206: [gameplay] Board=293cells/6colors d=+0 [DarkGreen:207, Brown:33, Orange:28, DarkRed:14, Red:6] | Queue=[FP stall=1 fp_top=0.98] | Holder=[_/DarkGreen/DarkGreen/DarkGreen/DarkGreen] (4/5) | 0.6s
[22:05:16]   -> TAP(696,1517) [[FP:0.98] Human pattern (delta=-40, id=6969)]
[22:05:19] T207: [gameplay] Board=293cells/6colors d=+0 [DarkGreen:207, Brown:33, Orange:28, DarkRed:14, Red:6] | Queue=[FP stall=2 fp_top=0.98] | Holder=[_/DarkGreen/DarkGreen/DarkGreen/DarkGreen] (4/5) | 0.5s
[22:05:19]   -> TAP(723,1537) [[FP:0.98] Human pattern (delta=-37, id=3699)]
[22:05:22] T208: [gameplay] Board=293cells/6colors d=+0 [DarkGreen:207, Brown:33, Orange:28, DarkRed:14, Red:6] | Queue=[FP stall=3 fp_top=0.98] | Holder=[_/DarkGreen/DarkGreen/DarkGreen/DarkGreen] (4/5) | 0.5s
[22:05:22]   -> TAP(732,1524) [[FP:0.98] Human pattern (delta=-20, id=3691)]
[22:05:25] T209: [gameplay] Board=293cells/6colors d=+0 [DarkGreen:207, Brown:33, Orange:28, DarkRed:14, Red:6] | Queue=[FP stall=4 fp_top=0.98] | Holder=[_/DarkGreen/DarkGreen/DarkGreen/DarkGreen] (4/5) | 0.5s
[22:05:25]   -> TAP(717,1495) [[FP:0.98] Human pattern (delta=-43, id=6857)]
[22:05:28] T210: [gameplay] Board=293cells/6colors d=+0 [DarkGreen:207, Brown:33, Orange:28, DarkRed:14, Red:6] | Queue=[FP stall=5 fp_top=0.98] | Holder=[_/DarkGreen/DarkGreen/DarkGreen/DarkGreen] (4/5) | 0.5s
[22:05:28]   -> TAP(696,1517) [[FP:0.98] Human pattern (delta=-40, id=6969)]
[22:05:31] T211: [gameplay] Board=293cells/6colors d=+0 [DarkGreen:207, Brown:33, Orange:28, DarkRed:14, Red:6] | Queue=[FP stall=6 fp_top=0.98] | Holder=[_/DarkGreen/DarkGreen/DarkGreen/DarkGreen] (4/5) | 0.5s
[22:05:31]   -> TAP(723,1537) [[FP:0.98] Human pattern (delta=-37, id=3699)]
[22:05:35] T212: [gameplay] Board=293cells/6colors d=+0 [DarkGreen:207, Brown:33, Orange:28, DarkRed:14, Red:6] | Queue=[FP stall=7 fp_top=0.98] | Holder=[_/DarkGreen/DarkGreen/DarkGreen/DarkGreen] (4/5) | 0.5s
[22:05:35]   -> TAP(732,1524) [[FP:0.98] Human pattern (delta=-20, id=3691)]
[22:05:38] T213: [gameplay] Board=293cells/6colors d=+0 [DarkGreen:207, Brown:33, Orange:28, DarkRed:14, Red:6] | Queue=[FP stall=8 fp_top=0.98] | Holder=[_/DarkGreen/DarkGreen/DarkGreen/DarkGreen] (4/5) | 0.5s
[22:05:38]   -> TAP(717,1495) [[FP:0.98] Human pattern (delta=-43, id=6857)]
[22:05:41] T214: [gameplay] Board=293cells/6colors d=+0 [DarkGreen:207, Brown:33, Orange:28, DarkRed:14, Red:6] | Queue=[FP stall=9 fp_top=0.98] | Holder=[_/DarkGreen/DarkGreen/DarkGreen/DarkGreen] (4/5) | 0.5s
[22:05:41]   -> TAP(696,1517) [[FP:0.98] Human pattern (delta=-40, id=6969)]
[22:05:45] T215: [gameplay] Board=293cells/6colors d=+0 [DarkGreen:207, Brown:33, Orange:28, DarkRed:14, Red:6] | Queue=[EXPLORE stall=10 fp_top=0.98] | Holder=[_/DarkGreen/DarkGreen/DarkGreen/DarkGreen] (4/5) | 1.2s
[22:05:45]   -> TAP(1080,1920) [[EXPLORE:PlayDB] Tap (1080,1920) human pattern #4]
[22:05:48] T216: [gameplay] Board=293cells/6colors d=+0 [DarkGreen:207, Brown:33, Orange:28, DarkRed:14, Red:6] | Queue=[EXPLORE stall=11 fp_top=0.98] | Holder=[_/DarkGreen/DarkGreen/DarkGreen/DarkGreen] (4/5) | 0.5s
[22:05:48]   -> TAP(1080,595) [[EXPLORE:PlayDB] Tap (1080,595) human pattern #5]
[22:05:50] T217: [gameplay] Board=293cells/6colors d=+0 [DarkGreen:207, Brown:33, Orange:28, DarkRed:14, Red:6] | Queue=[EXPLORE stall=12 fp_top=0.98] | Holder=[_/DarkGreen/DarkGreen/DarkGreen/DarkGreen] (4/5) | 0.5s
[22:05:50]   -> TAP(1080,701) [[EXPLORE:PlayDB] Tap (1080,701) human pattern #6]
[22:05:53] T218: [gameplay] Board=293cells/6colors d=+0 [DarkGreen:207, Brown:33, Orange:28, DarkRed:14, Red:6] | Queue=[EXPLORE stall=13 fp_top=0.98] | Holder=[_/DarkGreen/DarkGreen/DarkGreen/DarkGreen] (4/5) | 0.6s
[22:05:53]   -> TAP(1080,679) [[EXPLORE:PlayDB] Tap (1080,679) human pattern #7]
[22:05:56] T219: [gameplay] Board=293cells/6colors d=+0 [DarkGreen:207, Brown:33, Orange:28, DarkRed:14, Red:6] | Queue=[EXPLORE stall=14 fp_top=0.98] | Holder=[_/DarkGreen/DarkGreen/DarkGreen/DarkGreen] (4/5) | 0.6s
[22:05:56]   -> TAP(627,1211) [[EXPLORE:PlayDB] Tap (627,1211) human pattern #8]
[22:05:59] T220: [gameplay] Board=293cells/6colors d=+0 [DarkGreen:207, Brown:33, Orange:28, DarkRed:14, Red:6] | Queue=[EXPLORE stall=15 fp_top=0.98] | Holder=[_/DarkGreen/DarkGreen/DarkGreen/DarkGreen] (4/5) | 0.6s
[22:05:59]   -> TAP(202,175) [[EXPLORE:PlayDB] Tap (202,175) human pattern #9]
[22:06:01] T221: [gameplay] Board=293cells/6colors d=+0 [DarkGreen:207, Brown:33, Orange:28, DarkRed:14, Red:6] | Queue=[EXPLORE stall=16 fp_top=0.98] | Holder=[_/DarkGreen/DarkGreen/DarkGreen/DarkGreen] (4/5) | 0.6s
[22:06:01]   -> TAP(817,1164) [[EXPLORE:PlayDB] Tap (817,1164) human pattern #10]
[22:06:04] T222: [gameplay] Board=293cells/6colors d=+0 [DarkGreen:207, Brown:33, Orange:28, DarkRed:14, Red:6] | Queue=[EXPLORE stall=17 fp_top=0.98] | Holder=[_/DarkGreen/DarkGreen/DarkGreen/DarkGreen] (4/5) | 0.6s
[22:06:04]   -> TAP(185,930) [[EXPLORE:ZONE:0] Tap zone (185,930)]
[22:06:07] T223: [gameplay] Board=293cells/6colors d=+0 [DarkGreen:207, Brown:33, Orange:28, DarkRed:14, Red:6] | Queue=[EXPLORE stall=18 fp_top=0.98] | Holder=[_/DarkGreen/DarkGreen/DarkGreen/DarkGreen] (4/5) | 0.6s
[22:06:07]   -> TAP(310,930) [[EXPLORE:ZONE:1] Tap zone (310,930)]
[22:06:10] T224: [gameplay] Board=293cells/6colors d=+0 [DarkGreen:207, Brown:33, Orange:28, DarkRed:14, Red:6] | Queue=[EXPLORE stall=19 fp_top=0.98] | Holder=[_/DarkGreen/DarkGreen/DarkGreen/DarkGreen] (4/5) | 0.5s
[22:06:10]   -> TAP(435,930) [[EXPLORE:ZONE:2] Tap zone (435,930)]
[22:06:12] T225: [gameplay] Board=293cells/6colors d=+0 [DarkGreen:207, Brown:33, Orange:28, DarkRed:14, Red:6] | Queue=[EXPLORE stall=20 fp_top=0.98] | Holder=[_/DarkGreen/DarkGreen/DarkGreen/DarkGreen] (4/5) | 0.6s
[22:06:12]   -> TAP(560,930) [[EXPLORE:ZONE:3] Tap zone (560,930)]
[22:06:15] T226: [gameplay] Board=293cells/6colors d=+0 [DarkGreen:207, Brown:33, Orange:28, DarkRed:14, Red:6] | Queue=[EXPLORE stall=21 fp_top=0.98] | Holder=[_/DarkGreen/DarkGreen/DarkGreen/DarkGreen] (4/5) | 0.7s
[22:06:15]   -> TAP(685,930) [[EXPLORE:ZONE:4] Tap zone (685,930)]
[22:06:18] T227: [gameplay] Board=293cells/6colors d=+0 [DarkGreen:207, Brown:33, Orange:28, DarkRed:14, Red:6] | Queue=[EXPLORE stall=22 fp_top=0.98] | Holder=[_/DarkGreen/DarkGreen/DarkGreen/DarkGreen] (4/5) | 0.6s
[22:06:18]   -> TAP(400,400) [[EXPLORE:ZONE:5] Tap zone (400,400)]
[22:06:21] T228: [gameplay] Board=293cells/6colors d=+0 [DarkGreen:207, Brown:33, Orange:28, DarkRed:14, Red:6] | Queue=[EXPLORE stall=23 fp_top=0.98] | Holder=[_/DarkGreen/DarkGreen/DarkGreen/DarkGreen] (4/5) | 0.6s
[22:06:21]   -> TAP(540,400) [[EXPLORE:ZONE:6] Tap zone (540,400)]
[22:06:23] T229: [gameplay] Board=293cells/6colors d=+0 [DarkGreen:207, Brown:33, Orange:28, DarkRed:14, Red:6] | Queue=[EXPLORE stall=24 fp_top=0.98] | Holder=[_/DarkGreen/DarkGreen/DarkGreen/DarkGreen] (4/5) | 0.6s
[22:06:23]   -> TAP(680,400) [[EXPLORE:ZONE:7] Tap zone (680,400)]
[22:06:26] T230: [gameplay] Board=293cells/6colors d=+0 [DarkGreen:207, Brown:33, Orange:28, DarkRed:14, Red:6] | Queue=[EXPLORE stall=25 fp_top=0.98] | Holder=[_/DarkGreen/DarkGreen/DarkGreen/DarkGreen] (4/5) | 0.6s
[22:06:26]   -> TAP(400,550) [[EXPLORE:ZONE:8] Tap zone (400,550)]
[22:06:29] T231: [gameplay] Board=293cells/6colors d=+0 [DarkGreen:207, Brown:33, Orange:28, DarkRed:14, Red:6] | Queue=[EXPLORE stall=26 fp_top=0.98] | Holder=[_/DarkGreen/DarkGreen/DarkGreen/DarkGreen] (4/5) | 0.5s
[22:06:29]   -> TAP(540,550) [[EXPLORE:ZONE:9] Tap zone (540,550)]
[22:06:32] T232: [gameplay] Board=293cells/6colors d=+0 [DarkGreen:207, Brown:33, Orange:28, DarkRed:14, Red:6] | Queue=[EXPLORE stall=27 fp_top=0.98] | Holder=[_/DarkGreen/DarkGreen/DarkGreen/DarkGreen] (4/5) | 0.5s
[22:06:32]   -> TAP(680,550) [[EXPLORE:ZONE:10] Tap zone (680,550)]
[22:06:34] T233: [gameplay] Board=293cells/6colors d=+0 [DarkGreen:207, Brown:33, Orange:28, DarkRed:14, Red:6] | Queue=[EXPLORE stall=28 fp_top=0.98] | Holder=[_/DarkGreen/DarkGreen/DarkGreen/DarkGreen] (4/5) | 0.6s
[22:06:34]   -> TAP(400,700) [[EXPLORE:ZONE:11] Tap zone (400,700)]
[22:06:37] T234: [gameplay] Board=293cells/6colors d=+0 [DarkGreen:207, Brown:33, Orange:28, DarkRed:14, Red:6] | Queue=[EXPLORE stall=29 fp_top=0.98] | Holder=[_/DarkGreen/DarkGreen/DarkGreen/DarkGreen] (4/5) | 0.6s
[22:06:37]   -> TAP(540,700) [[EXPLORE:ZONE:12] Tap zone (540,700)]
[22:06:40] T235: [gameplay] Board=293cells/6colors d=+0 [DarkGreen:207, Brown:33, Orange:28, DarkRed:14, Red:6] | Queue=[EXPLORE stall=30 fp_top=0.98] | Holder=[_/DarkGreen/DarkGreen/DarkGreen/DarkGreen] (4/5) | 0.6s
[22:06:40]   -> TAP(680,700) [[EXPLORE:ZONE:13] Tap zone (680,700)]
[22:06:43] T236: [gameplay] Board=293cells/6colors d=+0 [DarkGreen:207, Brown:33, Orange:28, DarkRed:14, Red:6] | Queue=[EXPLORE stall=31 fp_top=0.98] | Holder=[_/DarkGreen/DarkGreen/DarkGreen/DarkGreen] (4/5) | 0.8s
[22:06:43]   -> TAP(380,1350) [[EXPLORE:ZONE:14] Tap zone (380,1350)]
[22:06:45] T237: [gameplay] Board=293cells/6colors d=+0 [DarkGreen:207, Brown:33, Orange:28, DarkRed:14, Red:6] | Queue=[EXPLORE stall=32 fp_top=0.98] | Holder=[_/DarkGreen/DarkGreen/DarkGreen/DarkGreen] (4/5) | 0.6s
[22:06:45]   -> TAP(530,1350) [[EXPLORE:ZONE:15] Tap zone (530,1350)]
[22:06:48] T238: [gameplay] Board=293cells/6colors d=+0 [DarkGreen:207, Brown:33, Orange:28, DarkRed:14, Red:6] | Queue=[EXPLORE stall=33 fp_top=0.98] | Holder=[_/DarkGreen/DarkGreen/DarkGreen/DarkGreen] (4/5) | 0.6s
[22:06:48]   -> TAP(700,1350) [[EXPLORE:ZONE:16] Tap zone (700,1350)]
[22:06:51] T239: [gameplay] Board=293cells/6colors d=+0 [DarkGreen:207, Brown:33, Orange:28, DarkRed:14, Red:6] | Queue=[EXPLORE stall=34 fp_top=0.98] | Holder=[_/DarkGreen/DarkGreen/DarkGreen/DarkGreen] (4/5) | 0.6s
[22:06:51]   -> TAP(380,1600) [[EXPLORE:ZONE:17] Tap zone (380,1600)]
[22:06:54] T240: [gameplay] Board=293cells/6colors d=+0 [DarkGreen:207, Brown:33, Orange:28, DarkRed:14, Red:6] | Queue=[EXPLORE stall=35 fp_top=0.98] | Holder=[_/DarkGreen/DarkGreen/DarkGreen/DarkGreen] (4/5) | 0.6s
[22:06:54]   -> TAP(530,1600) [[EXPLORE:ZONE:18] Tap zone (530,1600)]
[22:06:56] T241: [gameplay] Board=293cells/6colors d=+0 [DarkGreen:207, Brown:33, Orange:28, DarkRed:14, Red:6] | Queue=[EXPLORE stall=36 fp_top=0.98] | Holder=[_/DarkGreen/DarkGreen/DarkGreen/DarkGreen] (4/5) | 0.6s
[22:06:56]   -> TAP(700,1600) [[EXPLORE:ZONE:19] Tap zone (700,1600)]
[22:06:59] T242: [gameplay] Board=293cells/6colors d=+0 [DarkGreen:207, Brown:33, Orange:28, DarkRed:14, Red:6] | Queue=[EXPLORE stall=37 fp_top=0.98] | Holder=[_/DarkGreen/DarkGreen/DarkGreen/DarkGreen] (4/5) | 0.5s
[22:06:59]   -> TAP(100,860) [[EXPLORE:ZONE:20] Tap zone (100,860)]
[22:07:02] T243: [gameplay] Board=293cells/6colors d=+0 [DarkGreen:207, Brown:33, Orange:28, DarkRed:14, Red:6] | Queue=[EXPLORE stall=38 fp_top=0.98] | Holder=[_/DarkGreen/DarkGreen/DarkGreen/DarkGreen] (4/5) | 0.6s
[22:07:02]   -> TAP(980,860) [[EXPLORE:ZONE:21] Tap zone (980,860)]
[22:07:04] T244: [gameplay] Board=293cells/6colors d=+0 [DarkGreen:207, Brown:33, Orange:28, DarkRed:14, Red:6] | Queue=[EXPLORE stall=39 fp_top=0.98] | Holder=[_/DarkGreen/DarkGreen/DarkGreen/DarkGreen] (4/5) | 0.6s
[22:07:04]   -> TAP(185,930) [[EXPLORE:ZONE:0] Tap zone (185,930)]
[22:07:07] T245: [gameplay] Board=293cells/6colors d=+0 [DarkGreen:207, Brown:33, Orange:28, DarkRed:14, Red:6] | Queue=[EXPLORE stall=40 fp_top=0.98] | Holder=[_/DarkGreen/DarkGreen/DarkGreen/DarkGreen] (4/5) | 0.6s
[22:07:07]   -> TAP(310,930) [[EXPLORE:ZONE:1] Tap zone (310,930)]
[22:07:10] T246: [gameplay] Board=293cells/6colors d=+0 [DarkGreen:207, Brown:33, Orange:28, DarkRed:14, Red:6] | Queue=[EXPLORE stall=41 fp_top=0.98] | Holder=[_/DarkGreen/DarkGreen/DarkGreen/DarkGreen] (4/5) | 0.6s
[22:07:10]   -> TAP(435,930) [[EXPLORE:ZONE:2] Tap zone (435,930)]
[22:07:13] T247: [gameplay] Board=293cells/6colors d=+0 [DarkGreen:207, Brown:33, Orange:28, DarkRed:14, Red:6] | Queue=[EXPLORE stall=42 fp_top=0.98] | Holder=[_/DarkGreen/DarkGreen/DarkGreen/DarkGreen] (4/5) | 0.6s
[22:07:13]   -> TAP(560,930) [[EXPLORE:ZONE:3] Tap zone (560,930)]
[22:07:16] T248: [gameplay] Board=293cells/6colors d=+0 [DarkGreen:207, Brown:33, Orange:28, DarkRed:14, Red:6] | Queue=[EXPLORE stall=43 fp_top=0.98] | Holder=[_/DarkGreen/DarkGreen/DarkGreen/DarkGreen] (4/5) | 0.7s
[22:07:16]   -> TAP(685,930) [[EXPLORE:ZONE:4] Tap zone (685,930)]
[22:07:18] T249: [gameplay] Board=293cells/6colors d=+0 [DarkGreen:207, Brown:33, Orange:28, DarkRed:14, Red:6] | Queue=[EXPLORE stall=44 fp_top=0.98] | Holder=[_/DarkGreen/DarkGreen/DarkGreen/DarkGreen] (4/5) | 0.6s
[22:07:18]   -> TAP(400,400) [[EXPLORE:ZONE:5] Tap zone (400,400)]
[22:07:21] T250: [gameplay] Board=293cells/6colors d=+0 [DarkGreen:207, Brown:33, Orange:28, DarkRed:14, Red:6] | Queue=[EXPLORE stall=45 fp_top=0.98] | Holder=[_/DarkGreen/DarkGreen/DarkGreen/DarkGreen] (4/5) | 0.6s
[22:07:21]   -> TAP(540,400) [[EXPLORE:ZONE:6] Tap zone (540,400)]
[22:07:24] T251: [gameplay] Board=293cells/6colors d=+0 [DarkGreen:207, Brown:33, Orange:28, DarkRed:14, Red:6] | Queue=[EXPLORE stall=46 fp_top=0.98] | Holder=[_/DarkGreen/DarkGreen/DarkGreen/DarkGreen] (4/5) | 0.6s
[22:07:24]   -> TAP(680,400) [[EXPLORE:ZONE:7] Tap zone (680,400)]
[22:07:27] T252: [gameplay] Board=293cells/6colors d=+0 [DarkGreen:207, Brown:33, Orange:28, DarkRed:14, Red:6] | Queue=[EXPLORE stall=47 fp_top=0.98] | Holder=[_/DarkGreen/DarkGreen/DarkGreen/DarkGreen] (4/5) | 0.6s
[22:07:27]   -> TAP(400,550) [[EXPLORE:ZONE:8] Tap zone (400,550)]
[22:07:29] T253: [gameplay] Board=293cells/6colors d=+0 [DarkGreen:207, Brown:33, Orange:28, DarkRed:14, Red:6] | Queue=[EXPLORE stall=48 fp_top=0.98] | Holder=[_/DarkGreen/DarkGreen/DarkGreen/DarkGreen] (4/5) | 0.5s
[22:07:29]   -> TAP(540,550) [[EXPLORE:ZONE:9] Tap zone (540,550)]
[22:07:32] T254: [gameplay] Board=293cells/6colors d=+0 [DarkGreen:207, Brown:33, Orange:28, DarkRed:14, Red:6] | Queue=[EXPLORE stall=49 fp_top=0.98] | Holder=[_/DarkGreen/DarkGreen/DarkGreen/DarkGreen] (4/5) | 0.6s
[22:07:32]   -> TAP(680,550) [[EXPLORE:ZONE:10] Tap zone (680,550)]
[22:07:34] T255: STUCK (gameplay x50), relaunch
[22:07:46] T256: [loading] PlayDB: 3 patterns, trying top 2
[22:07:51] T257: [loading] PlayDB: 3 patterns, trying top 2
[22:07:55] T258: [lobby] Hardcoded play button (540,1450)
[22:07:58]   [SESSION] Ended 3761daffacdb: fail (50 turns, end_cells=293)
[22:07:58] T259: [fail] HEARTS-EMPTY popup detected (pixel match). Waiting 900s for regen.
[22:07:58] T260: [fail] HEARTS WAIT: 899s remaining, sleeping in 5s chunks...
[22:08:29] T261: [fail] HEARTS WAIT: 868s remaining, sleeping in 5s chunks...
[22:09:00] T262: [fail] HEARTS WAIT: 837s remaining, sleeping in 5s chunks...
[22:09:31] T263: [fail] HEARTS WAIT: 806s remaining, sleeping in 5s chunks...
[22:10:02] T264: [fail] HEARTS WAIT: 776s remaining, sleeping in 5s chunks...
[22:10:32] T265: [fail] HEARTS WAIT: 745s remaining, sleeping in 5s chunks...
[22:11:03] T266: [fail] HEARTS WAIT: 714s remaining, sleeping in 5s chunks...
[22:11:34] T267: [fail] HEARTS WAIT: 683s remaining, sleeping in 5s chunks...
[22:12:05] T268: [fail] HEARTS WAIT: 652s remaining, sleeping in 5s chunks...
[22:12:35] T269: [fail] HEARTS WAIT: 622s remaining, sleeping in 5s chunks...
[22:13:06] T270: [fail] HEARTS WAIT: 591s remaining, sleeping in 5s chunks...
[22:13:37] T271: [fail] HEARTS WAIT: 560s remaining, sleeping in 5s chunks...
[22:14:08] T272: [fail] HEARTS WAIT: 529s remaining, sleeping in 5s chunks...
[22:14:39] T273: [fail] HEARTS WAIT: 498s remaining, sleeping in 5s chunks...
[22:15:10] T274: [fail] HEARTS WAIT: 467s remaining, sleeping in 5s chunks...
[22:15:40] T275: [fail] HEARTS WAIT: 437s remaining, sleeping in 5s chunks...
[22:16:11] T276: [fail] HEARTS WAIT: 406s remaining, sleeping in 5s chunks...
[22:16:42] T277: [fail] HEARTS WAIT: 375s remaining, sleeping in 5s chunks...
[22:17:13] T278: [fail] HEARTS WAIT: 344s remaining, sleeping in 5s chunks...
[22:17:44] T279: [fail] HEARTS WAIT: 313s remaining, sleeping in 5s chunks...
[22:18:14] T280: [fail] HEARTS WAIT: 283s remaining, sleeping in 5s chunks...
[22:18:45] T281: [fail] HEARTS WAIT: 252s remaining, sleeping in 5s chunks...
[22:19:16] T282: [fail] HEARTS WAIT: 221s remaining, sleeping in 5s chunks...
[22:19:47] T283: [fail] HEARTS WAIT: 190s remaining, sleeping in 5s chunks...
[22:20:18] T284: [fail] HEARTS WAIT: 159s remaining, sleeping in 5s chunks...
[22:20:49] T285: [fail] HEARTS WAIT: 128s remaining, sleeping in 5s chunks...
[22:21:20] T286: [fail] HEARTS WAIT: 98s remaining, sleeping in 5s chunks...
[22:21:51] T287: [lobby] HEARTS WAIT: 67s remaining, sleeping in 5s chunks...
[22:22:21] T288: [lobby] HEARTS WAIT: 36s remaining, sleeping in 5s chunks...
[22:22:52] T289: [lobby] HEARTS WAIT: 5s remaining, sleeping in 5s chunks...
[22:22:58] T290: [lobby] Hardcoded play button (540,1450)
[22:23:01]   [SESSION] Started dc62c9c86511 (start_cells=291)
[22:23:01] T291: [gameplay] Board=291cells/6colors d=+0 [DarkGreen:200, Brown:41, Orange:21, Red:18, DarkRed:10] | Queue=[FP stall=0 fp_top=0.97] | Holder=[_/DarkGreen/DarkGreen/DarkGreen/DarkGreen] (4/5) | 0.5s
[22:23:01]   -> TAP(717,1495) [[FP:0.97] Human pattern (delta=-43, id=6857)]
[22:23:05] T292: [gameplay] Board=291cells/6colors d=+0 [DarkGreen:200, Brown:41, Orange:21, Red:18, DarkRed:10] | Queue=[FP stall=1 fp_top=0.97] | Holder=[_/DarkGreen/DarkGreen/DarkGreen/DarkGreen] (4/5) | 0.5s
[22:23:05]   -> TAP(696,1517) [[FP:0.97] Human pattern (delta=-40, id=6969)]
[22:23:08] T293: [gameplay] Board=291cells/6colors d=+0 [DarkGreen:200, Brown:41, Orange:21, Red:18, DarkRed:10] | Queue=[FP stall=2 fp_top=0.97] | Holder=[_/DarkGreen/DarkGreen/DarkGreen/DarkGreen] (4/5) | 0.6s
[22:23:08]   -> TAP(316,1516) [[FP:0.97] Human pattern (delta=-28, id=4177)]
[22:23:11] T294: [gameplay] Board=291cells/6colors d=+0 [DarkGreen:200, Brown:41, Orange:21, Red:18, DarkRed:10] | Queue=[FP stall=3 fp_top=0.97] | Holder=[_/DarkGreen/DarkGreen/DarkGreen/DarkGreen] (4/5) | 0.5s
[22:23:11]   -> TAP(732,1524) [[FP:0.97] Human pattern (delta=-20, id=3691)]
[22:23:15] T295: [gameplay] Board=291cells/6colors d=+0 [DarkGreen:200, Brown:41, Orange:21, Red:18, DarkRed:10] | Queue=[FP stall=4 fp_top=0.97] | Holder=[_/DarkGreen/DarkGreen/DarkGreen/DarkGreen] (4/5) | 0.6s
[22:23:15]   -> TAP(717,1495) [[FP:0.97] Human pattern (delta=-43, id=6857)]
[22:23:18] T296: [gameplay] Board=291cells/6colors d=+0 [DarkGreen:200, Brown:41, Orange:21, Red:18, DarkRed:10] | Queue=[FP stall=5 fp_top=0.97] | Holder=[_/DarkGreen/DarkGreen/DarkGreen/DarkGreen] (4/5) | 0.5s
[22:23:18]   -> TAP(696,1517) [[FP:0.97] Human pattern (delta=-40, id=6969)]
[22:23:21] T297: [gameplay] Board=291cells/6colors d=+0 [DarkGreen:200, Brown:41, Orange:21, Red:18, DarkRed:10] | Queue=[FP stall=6 fp_top=0.97] | Holder=[_/DarkGreen/DarkGreen/DarkGreen/DarkGreen] (4/5) | 0.5s
[22:23:21]   -> TAP(316,1516) [[FP:0.97] Human pattern (delta=-28, id=4177)]
[22:23:24] T298: [gameplay] Board=291cells/6colors d=+0 [DarkGreen:200, Brown:41, Orange:21, Red:18, DarkRed:10] | Queue=[FP stall=7 fp_top=0.97] | Holder=[_/DarkGreen/DarkGreen/DarkGreen/DarkGreen] (4/5) | 0.6s
[22:23:24]   -> TAP(732,1524) [[FP:0.97] Human pattern (delta=-20, id=3691)]
[22:23:27] T299: [gameplay] Board=291cells/6colors d=+0 [DarkGreen:200, Brown:41, Orange:21, Red:18, DarkRed:10] | Queue=[FP stall=8 fp_top=0.97] | Holder=[_/DarkGreen/DarkGreen/DarkGreen/DarkGreen] (4/5) | 0.5s
[22:23:27]   -> TAP(717,1495) [[FP:0.97] Human pattern (delta=-43, id=6857)]
[22:23:31] T300: [gameplay] Board=291cells/6colors d=+0 [DarkGreen:200, Brown:41, Orange:21, Red:18, DarkRed:10] | Queue=[FP stall=9 fp_top=0.97] | Holder=[_/DarkGreen/DarkGreen/DarkGreen/DarkGreen] (4/5) | 0.6s
[22:23:31]   -> TAP(696,1517) [[FP:0.97] Human pattern (delta=-40, id=6969)]
[22:23:34] T301: [gameplay] Board=291cells/6colors d=+0 [DarkGreen:200, Brown:41, Orange:21, Red:18, DarkRed:10] | Queue=[EXPLORE stall=10 fp_top=0.97] | Holder=[_/DarkGreen/DarkGreen/DarkGreen/DarkGreen] (4/5) | 0.6s
[22:23:34]   -> TAP(400,700) [[EXPLORE:ZONE:11] Tap zone (400,700)]
[22:23:36] T302: [gameplay] Board=291cells/6colors d=+0 [DarkGreen:200, Brown:41, Orange:21, Red:18, DarkRed:10] | Queue=[EXPLORE stall=11 fp_top=0.97] | Holder=[_/DarkGreen/DarkGreen/DarkGreen/DarkGreen] (4/5) | 0.6s
[22:23:36]   -> TAP(540,700) [[EXPLORE:ZONE:12] Tap zone (540,700)]
[22:23:39] T303: [gameplay] Board=291cells/6colors d=+0 [DarkGreen:200, Brown:41, Orange:21, Red:18, DarkRed:10] | Queue=[EXPLORE stall=12 fp_top=0.97] | Holder=[_/DarkGreen/DarkGreen/DarkGreen/DarkGreen] (4/5) | 0.6s
[22:23:39]   -> TAP(680,700) [[EXPLORE:ZONE:13] Tap zone (680,700)]
[22:23:42] T304: [gameplay] Board=291cells/6colors d=+0 [DarkGreen:200, Brown:41, Orange:21, Red:18, DarkRed:10] | Queue=[EXPLORE stall=13 fp_top=0.97] | Holder=[_/DarkGreen/DarkGreen/DarkGreen/DarkGreen] (4/5) | 0.6s
[22:23:42]   -> TAP(380,1350) [[EXPLORE:ZONE:14] Tap zone (380,1350)]
[22:23:45] T305: [gameplay] Board=291cells/6colors d=+0 [DarkGreen:200, Brown:41, Orange:21, Red:18, DarkRed:10] | Queue=[EXPLORE stall=14 fp_top=0.97] | Holder=[_/DarkGreen/DarkGreen/DarkGreen/DarkGreen] (4/5) | 0.6s
[22:23:45]   -> TAP(530,1350) [[EXPLORE:ZONE:15] Tap zone (530,1350)]
[22:23:48] T306: [gameplay] Board=291cells/6colors d=+0 [DarkGreen:200, Brown:41, Orange:21, Red:18, DarkRed:10] | Queue=[EXPLORE stall=15 fp_top=0.97] | Holder=[_/DarkGreen/DarkGreen/DarkGreen/DarkGreen] (4/5) | 0.6s
[22:23:48]   -> TAP(700,1350) [[EXPLORE:ZONE:16] Tap zone (700,1350)]
[22:23:50] T307: [gameplay] Board=291cells/6colors d=+0 [DarkGreen:200, Brown:41, Orange:21, Red:18, DarkRed:10] | Queue=[EXPLORE stall=16 fp_top=0.97] | Holder=[_/DarkGreen/DarkGreen/DarkGreen/DarkGreen] (4/5) | 0.6s
[22:23:50]   -> TAP(380,1600) [[EXPLORE:ZONE:17] Tap zone (380,1600)]
[22:23:53] T308: [gameplay] Board=291cells/6colors d=+0 [DarkGreen:200, Brown:41, Orange:21, Red:18, DarkRed:10] | Queue=[EXPLORE stall=17 fp_top=0.97] | Holder=[_/DarkGreen/DarkGreen/DarkGreen/DarkGreen] (4/5) | 0.6s
[22:23:53]   -> TAP(530,1600) [[EXPLORE:ZONE:18] Tap zone (530,1600)]
[22:23:56] T309: [gameplay] Board=291cells/6colors d=+0 [DarkGreen:200, Brown:41, Orange:21, Red:18, DarkRed:10] | Queue=[EXPLORE stall=18 fp_top=0.97] | Holder=[_/DarkGreen/DarkGreen/DarkGreen/DarkGreen] (4/5) | 0.6s
[22:23:56]   -> TAP(700,1600) [[EXPLORE:ZONE:19] Tap zone (700,1600)]
[22:23:59] T310: [gameplay] Board=291cells/6colors d=+0 [DarkGreen:200, Brown:41, Orange:21, Red:18, DarkRed:10] | Queue=[EXPLORE stall=19 fp_top=0.97] | Holder=[_/DarkGreen/DarkGreen/DarkGreen/DarkGreen] (4/5) | 0.6s
[22:23:59]   -> TAP(100,860) [[EXPLORE:ZONE:20] Tap zone (100,860)]
[22:24:01] T311: [gameplay] Board=291cells/6colors d=+0 [DarkGreen:200, Brown:41, Orange:21, Red:18, DarkRed:10] | Queue=[EXPLORE stall=20 fp_top=0.97] | Holder=[_/DarkGreen/DarkGreen/DarkGreen/DarkGreen] (4/5) | 0.6s
[22:24:01]   -> TAP(980,860) [[EXPLORE:ZONE:21] Tap zone (980,860)]
[22:24:04] T312: [gameplay] Board=291cells/6colors d=+0 [DarkGreen:200, Brown:41, Orange:21, Red:18, DarkRed:10] | Queue=[EXPLORE stall=21 fp_top=0.97] | Holder=[_/DarkGreen/DarkGreen/DarkGreen/DarkGreen] (4/5) | 0.6s
[22:24:04]   -> TAP(185,930) [[EXPLORE:ZONE:0] Tap zone (185,930)]
[22:24:07] T313: [gameplay] Board=291cells/6colors d=+0 [DarkGreen:200, Brown:41, Orange:21, Red:18, DarkRed:10] | Queue=[EXPLORE stall=22 fp_top=0.97] | Holder=[_/DarkGreen/DarkGreen/DarkGreen/DarkGreen] (4/5) | 0.6s
[22:24:07]   -> TAP(310,930) [[EXPLORE:ZONE:1] Tap zone (310,930)]
[22:24:10] T314: [gameplay] Board=291cells/6colors d=+0 [DarkGreen:200, Brown:41, Orange:21, Red:18, DarkRed:10] | Queue=[EXPLORE stall=23 fp_top=0.97] | Holder=[_/DarkGreen/DarkGreen/DarkGreen/DarkGreen] (4/5) | 0.6s
[22:24:10]   -> TAP(435,930) [[EXPLORE:ZONE:2] Tap zone (435,930)]
[22:24:12] T315: [gameplay] Board=291cells/6colors d=+0 [DarkGreen:200, Brown:41, Orange:21, Red:18, DarkRed:10] | Queue=[EXPLORE stall=24 fp_top=0.97] | Holder=[_/DarkGreen/DarkGreen/DarkGreen/DarkGreen] (4/5) | 0.6s
[22:24:12]   -> TAP(560,930) [[EXPLORE:ZONE:3] Tap zone (560,930)]
[22:24:15] T316: [gameplay] Board=291cells/6colors d=+0 [DarkGreen:200, Brown:41, Orange:21, Red:18, DarkRed:10] | Queue=[EXPLORE stall=25 fp_top=0.97] | Holder=[_/DarkGreen/DarkGreen/DarkGreen/DarkGreen] (4/5) | 0.7s
[22:24:15]   -> TAP(685,930) [[EXPLORE:ZONE:4] Tap zone (685,930)]
[22:24:18] T317: [gameplay] Board=291cells/6colors d=+0 [DarkGreen:200, Brown:41, Orange:21, Red:18, DarkRed:10] | Queue=[EXPLORE stall=26 fp_top=0.97] | Holder=[_/DarkGreen/DarkGreen/DarkGreen/DarkGreen] (4/5) | 0.6s
[22:24:18]   -> TAP(400,400) [[EXPLORE:ZONE:5] Tap zone (400,400)]
[22:24:21] T318: [gameplay] Board=291cells/6colors d=+0 [DarkGreen:200, Brown:41, Orange:21, Red:18, DarkRed:10] | Queue=[EXPLORE stall=27 fp_top=0.97] | Holder=[_/DarkGreen/DarkGreen/DarkGreen/DarkGreen] (4/5) | 0.6s
[22:24:21]   -> TAP(540,400) [[EXPLORE:ZONE:6] Tap zone (540,400)]
[22:24:24] T319: [gameplay] Board=291cells/6colors d=+0 [DarkGreen:200, Brown:41, Orange:21, Red:18, DarkRed:10] | Queue=[EXPLORE stall=28 fp_top=0.97] | Holder=[_/DarkGreen/DarkGreen/DarkGreen/DarkGreen] (4/5) | 0.6s
[22:24:24]   -> TAP(680,400) [[EXPLORE:ZONE:7] Tap zone (680,400)]
[22:24:27] T320: [gameplay] Board=291cells/6colors d=+0 [DarkGreen:200, Brown:41, Orange:21, Red:18, DarkRed:10] | Queue=[EXPLORE stall=29 fp_top=0.97] | Holder=[_/DarkGreen/DarkGreen/DarkGreen/DarkGreen] (4/5) | 0.8s
[22:24:27]   -> TAP(400,550) [[EXPLORE:ZONE:8] Tap zone (400,550)]
[22:24:29] T321: [gameplay] Board=291cells/6colors d=+0 [DarkGreen:200, Brown:41, Orange:21, Red:18, DarkRed:10] | Queue=[EXPLORE stall=30 fp_top=0.97] | Holder=[_/DarkGreen/DarkGreen/DarkGreen/DarkGreen] (4/5) | 0.6s
[22:24:29]   -> TAP(540,550) [[EXPLORE:ZONE:9] Tap zone (540,550)]
[22:24:32] T322: [gameplay] Board=291cells/6colors d=+0 [DarkGreen:200, Brown:41, Orange:21, Red:18, DarkRed:10] | Queue=[EXPLORE stall=31 fp_top=0.97] | Holder=[_/DarkGreen/DarkGreen/DarkGreen/DarkGreen] (4/5) | 0.6s
[22:24:32]   -> TAP(680,550) [[EXPLORE:ZONE:10] Tap zone (680,550)]
[22:24:35] T323: [gameplay] Board=291cells/6colors d=+0 [DarkGreen:200, Brown:41, Orange:21, Red:18, DarkRed:10] | Queue=[EXPLORE stall=32 fp_top=0.97] | Holder=[_/DarkGreen/DarkGreen/DarkGreen/DarkGreen] (4/5) | 0.6s
[22:24:35]   -> TAP(400,700) [[EXPLORE:ZONE:11] Tap zone (400,700)]
[22:24:38] T324: [gameplay] Board=291cells/6colors d=+0 [DarkGreen:200, Brown:41, Orange:21, Red:18, DarkRed:10] | Queue=[EXPLORE stall=33 fp_top=0.97] | Holder=[_/DarkGreen/DarkGreen/DarkGreen/DarkGreen] (4/5) | 0.6s
[22:24:38]   -> TAP(540,700) [[EXPLORE:ZONE:12] Tap zone (540,700)]
[22:24:41] T325: [gameplay] Board=291cells/6colors d=+0 [DarkGreen:200, Brown:41, Orange:21, Red:18, DarkRed:10] | Queue=[EXPLORE stall=34 fp_top=0.97] | Holder=[_/DarkGreen/DarkGreen/DarkGreen/DarkGreen] (4/5) | 0.6s
[22:24:41]   -> TAP(680,700) [[EXPLORE:ZONE:13] Tap zone (680,700)]
[22:24:43] T326: [gameplay] Board=291cells/6colors d=+0 [DarkGreen:200, Brown:41, Orange:21, Red:18, DarkRed:10] | Queue=[EXPLORE stall=35 fp_top=0.97] | Holder=[_/DarkGreen/DarkGreen/DarkGreen/DarkGreen] (4/5) | 0.6s
[22:24:43]   -> TAP(380,1350) [[EXPLORE:ZONE:14] Tap zone (380,1350)]
[22:24:46] T327: [gameplay] Board=291cells/6colors d=+0 [DarkGreen:200, Brown:41, Orange:21, Red:18, DarkRed:10] | Queue=[EXPLORE stall=36 fp_top=0.97] | Holder=[_/DarkGreen/DarkGreen/DarkGreen/DarkGreen] (4/5) | 0.6s
[22:24:46]   -> TAP(530,1350) [[EXPLORE:ZONE:15] Tap zone (530,1350)]
[22:24:49] T328: [gameplay] Board=291cells/6colors d=+0 [DarkGreen:200, Brown:41, Orange:21, Red:18, DarkRed:10] | Queue=[EXPLORE stall=37 fp_top=0.97] | Holder=[_/DarkGreen/DarkGreen/DarkGreen/DarkGreen] (4/5) | 0.6s
[22:24:49]   -> TAP(700,1350) [[EXPLORE:ZONE:16] Tap zone (700,1350)]
[22:24:52] T329: [gameplay] Board=291cells/6colors d=+0 [DarkGreen:200, Brown:41, Orange:21, Red:18, DarkRed:10] | Queue=[EXPLORE stall=38 fp_top=0.97] | Holder=[_/DarkGreen/DarkGreen/DarkGreen/DarkGreen] (4/5) | 0.6s
[22:24:52]   -> TAP(380,1600) [[EXPLORE:ZONE:17] Tap zone (380,1600)]
[22:24:55] T330: [gameplay] Board=291cells/6colors d=+0 [DarkGreen:200, Brown:41, Orange:21, Red:18, DarkRed:10] | Queue=[EXPLORE stall=39 fp_top=0.97] | Holder=[_/DarkGreen/DarkGreen/DarkGreen/DarkGreen] (4/5) | 0.6s
[22:24:55]   -> TAP(530,1600) [[EXPLORE:ZONE:18] Tap zone (530,1600)]
[22:24:57] T331: [gameplay] Board=291cells/6colors d=+0 [DarkGreen:200, Brown:41, Orange:21, Red:18, DarkRed:10] | Queue=[EXPLORE stall=40 fp_top=0.97] | Holder=[_/DarkGreen/DarkGreen/DarkGreen/DarkGreen] (4/5) | 0.6s
[22:24:57]   -> TAP(700,1600) [[EXPLORE:ZONE:19] Tap zone (700,1600)]
[22:25:00] T332: [gameplay] Board=291cells/6colors d=+0 [DarkGreen:200, Brown:41, Orange:21, Red:18, DarkRed:10] | Queue=[EXPLORE stall=41 fp_top=0.97] | Holder=[_/DarkGreen/DarkGreen/DarkGreen/DarkGreen] (4/5) | 0.6s
[22:25:00]   -> TAP(100,860) [[EXPLORE:ZONE:20] Tap zone (100,860)]
[22:25:03] T333: [gameplay] Board=291cells/6colors d=+0 [DarkGreen:200, Brown:41, Orange:21, Red:18, DarkRed:10] | Queue=[EXPLORE stall=42 fp_top=0.97] | Holder=[_/DarkGreen/DarkGreen/DarkGreen/DarkGreen] (4/5) | 0.6s
[22:25:03]   -> TAP(980,860) [[EXPLORE:ZONE:21] Tap zone (980,860)]
[22:25:05] T334: [gameplay] Board=291cells/6colors d=+0 [DarkGreen:200, Brown:41, Orange:21, Red:18, DarkRed:10] | Queue=[EXPLORE stall=43 fp_top=0.97] | Holder=[_/DarkGreen/DarkGreen/DarkGreen/DarkGreen] (4/5) | 0.6s
[22:25:05]   -> TAP(185,930) [[EXPLORE:ZONE:0] Tap zone (185,930)]
[22:25:08] T335: [gameplay] Board=291cells/6colors d=+0 [DarkGreen:200, Brown:41, Orange:21, Red:18, DarkRed:10] | Queue=[EXPLORE stall=44 fp_top=0.97] | Holder=[_/DarkGreen/DarkGreen/DarkGreen/DarkGreen] (4/5) | 0.6s
[22:25:08]   -> TAP(310,930) [[EXPLORE:ZONE:1] Tap zone (310,930)]
[22:25:11] T336: [gameplay] Board=291cells/6colors d=+0 [DarkGreen:200, Brown:41, Orange:21, Red:18, DarkRed:10] | Queue=[EXPLORE stall=45 fp_top=0.97] | Holder=[_/DarkGreen/DarkGreen/DarkGreen/DarkGreen] (4/5) | 0.6s
[22:25:11]   -> TAP(435,930) [[EXPLORE:ZONE:2] Tap zone (435,930)]
[22:25:14] T337: [gameplay] Board=291cells/6colors d=+0 [DarkGreen:200, Brown:41, Orange:21, Red:18, DarkRed:10] | Queue=[EXPLORE stall=46 fp_top=0.97] | Holder=[_/DarkGreen/DarkGreen/DarkGreen/DarkGreen] (4/5) | 0.7s
[22:25:14]   -> TAP(560,930) [[EXPLORE:ZONE:3] Tap zone (560,930)]
[22:25:17] T338: [gameplay] Board=291cells/6colors d=+0 [DarkGreen:200, Brown:41, Orange:21, Red:18, DarkRed:10] | Queue=[EXPLORE stall=47 fp_top=0.97] | Holder=[_/DarkGreen/DarkGreen/DarkGreen/DarkGreen] (4/5) | 0.6s
[22:25:17]   -> TAP(685,930) [[EXPLORE:ZONE:4] Tap zone (685,930)]
[22:25:20] T339: [gameplay] Board=291cells/6colors d=+0 [DarkGreen:200, Brown:41, Orange:21, Red:18, DarkRed:10] | Queue=[EXPLORE stall=48 fp_top=0.97] | Holder=[_/DarkGreen/DarkGreen/DarkGreen/DarkGreen] (4/5) | 0.6s
[22:25:20]   -> TAP(400,400) [[EXPLORE:ZONE:5] Tap zone (400,400)]
[22:25:23] T340: [gameplay] Board=291cells/6colors d=+0 [DarkGreen:200, Brown:41, Orange:21, Red:18, DarkRed:10] | Queue=[EXPLORE stall=49 fp_top=0.97] | Holder=[_/DarkGreen/DarkGreen/DarkGreen/DarkGreen] (4/5) | 0.6s
[22:25:23]   -> TAP(540,400) [[EXPLORE:ZONE:6] Tap zone (540,400)]
[22:25:25] T341: STUCK (gameplay x50), relaunch
[22:25:37] T342: [loading] PlayDB: 3 patterns, trying top 2
[22:25:41] T343: [loading] PlayDB: 3 patterns, trying top 2
[22:25:45] T344: [lobby] Hardcoded play button (540,1450)
[22:25:48]   [SESSION] Ended dc62c9c86511: fail (50 turns, end_cells=291)
[22:25:48] T345: [fail] HEARTS-EMPTY popup detected (pixel match). Waiting 900s for regen.
[22:25:49] T346: [fail] HEARTS WAIT: 899s remaining, sleeping in 5s chunks...
[22:26:20] T347: [fail] HEARTS WAIT: 868s remaining, sleeping in 5s chunks...
[22:26:50] T348: [fail] HEARTS WAIT: 837s remaining, sleeping in 5s chunks...
[22:27:21] T349: [fail] HEARTS WAIT: 806s remaining, sleeping in 5s chunks...
[22:27:52] T350: [fail] HEARTS WAIT: 776s remaining, sleeping in 5s chunks...
[22:28:23] T351: [fail] HEARTS WAIT: 745s remaining, sleeping in 5s chunks...
[22:28:54] T352: [fail] HEARTS WAIT: 714s remaining, sleeping in 5s chunks...
[22:29:25] T353: [fail] HEARTS WAIT: 683s remaining, sleeping in 5s chunks...
[22:29:56] T354: [fail] HEARTS WAIT: 652s remaining, sleeping in 5s chunks...
[22:30:27] T355: [fail] HEARTS WAIT: 621s remaining, sleeping in 5s chunks...
[22:30:57] T356: [fail] HEARTS WAIT: 590s remaining, sleeping in 5s chunks...
[22:31:28] T357: [fail] HEARTS WAIT: 560s remaining, sleeping in 5s chunks...
[22:31:59] T358: [fail] HEARTS WAIT: 529s remaining, sleeping in 5s chunks...
[22:32:30] T359: [fail] HEARTS WAIT: 498s remaining, sleeping in 5s chunks...
[22:33:01] T360: [fail] HEARTS WAIT: 467s remaining, sleeping in 5s chunks...
[22:33:31] T361: [fail] HEARTS WAIT: 436s remaining, sleeping in 5s chunks...
[22:34:02] T362: [fail] HEARTS WAIT: 406s remaining, sleeping in 5s chunks...
[22:34:33] T363: [fail] HEARTS WAIT: 375s remaining, sleeping in 5s chunks...
[22:35:04] T364: [fail] HEARTS WAIT: 344s remaining, sleeping in 5s chunks...
[22:35:35] T365: [fail] HEARTS WAIT: 313s remaining, sleeping in 5s chunks...
[22:36:06] T366: [fail] HEARTS WAIT: 282s remaining, sleeping in 5s chunks...
[22:36:36] T367: [fail] HEARTS WAIT: 251s remaining, sleeping in 5s chunks...
[22:37:07] T368: [fail] HEARTS WAIT: 221s remaining, sleeping in 5s chunks...
[22:37:38] T369: [fail] HEARTS WAIT: 190s remaining, sleeping in 5s chunks...
[22:38:09] T370: [fail] HEARTS WAIT: 159s remaining, sleeping in 5s chunks...
[22:38:40] T371: [fail] HEARTS WAIT: 128s remaining, sleeping in 5s chunks...
[22:39:11] T372: [fail] HEARTS WAIT: 97s remaining, sleeping in 5s chunks...
[22:39:42] T373: [fail] HEARTS WAIT: 66s remaining, sleeping in 5s chunks...
[22:40:12] T374: [fail] HEARTS WAIT: 35s remaining, sleeping in 5s chunks...
[22:40:43] T375: [fail] HEARTS WAIT: 5s remaining, sleeping in 5s chunks...
[22:40:49] T376: [fail] HEARTS-EMPTY popup detected (pixel match). Waiting 900s for regen.
[22:40:49] T377: [fail] HEARTS WAIT: 899s remaining, sleeping in 5s chunks...
[22:41:20] T378: [fail] HEARTS WAIT: 868s remaining, sleeping in 5s chunks...
[22:41:51] T379: [fail] HEARTS WAIT: 837s remaining, sleeping in 5s chunks...
[22:42:22] T380: [fail] HEARTS WAIT: 806s remaining, sleeping in 5s chunks...
[22:42:52] T381: [fail] HEARTS WAIT: 776s remaining, sleeping in 5s chunks...
[22:43:23] T382: [fail] HEARTS WAIT: 745s remaining, sleeping in 5s chunks...
[22:43:54] T383: [fail] HEARTS WAIT: 714s remaining, sleeping in 5s chunks...
[22:44:25] T384: [fail] HEARTS WAIT: 683s remaining, sleeping in 5s chunks...
[22:44:56] T385: [fail] HEARTS WAIT: 652s remaining, sleeping in 5s chunks...
[22:45:27] T386: [fail] HEARTS WAIT: 621s remaining, sleeping in 5s chunks...
[22:45:58] T387: [fail] HEARTS WAIT: 590s remaining, sleeping in 5s chunks...
[22:46:29] T388: [fail] HEARTS WAIT: 559s remaining, sleeping in 5s chunks...
[22:47:00] T389: [fail] HEARTS WAIT: 529s remaining, sleeping in 5s chunks...
[22:47:31] T390: [fail] HEARTS WAIT: 497s remaining, sleeping in 5s chunks...
[22:48:01] T391: [fail] HEARTS WAIT: 467s remaining, sleeping in 5s chunks...
[22:48:32] T392: [fail] HEARTS WAIT: 436s remaining, sleeping in 5s chunks...
[22:49:03] T393: [fail] HEARTS WAIT: 405s remaining, sleeping in 5s chunks...
