[13:11:55] ============================================================
[13:11:55] Smart PixelFlow Player START
[13:11:55] Duration: 120 min | Target: 15:11:55
[13:11:55] ADB: C:/Program Files/BlueStacks_nxt/HD-Adb.exe | Device: emulator-5554
[13:11:55] YOLO: best.pt
[13:11:55] Profile: cell_profile.json
[FingerprintSearcher] Loaded 4891 rows (win_only=True)
[13:11:56] Fingerprint DB: fingerprint.db (loaded)
[13:11:56] FP threshold: 0.78, top_k: 8
[13:11:56] ============================================================
[13:12:09] T1: [fail] HEARTS-EMPTY popup detected (pixel match). Waiting 900s for regen.
[13:12:09] T2: [fail] HEARTS WAIT: 899s remaining, sleeping in 5s chunks...
[13:12:40] T3: [fail] HEARTS WAIT: 868s remaining, sleeping in 5s chunks...
[13:13:11] T4: [fail] HEARTS WAIT: 837s remaining, sleeping in 5s chunks...
[13:13:42] T5: [fail] HEARTS WAIT: 806s remaining, sleeping in 5s chunks...
[13:14:13] T6: [fail] HEARTS WAIT: 775s remaining, sleeping in 5s chunks...
[13:14:44] T7: [fail] HEARTS WAIT: 744s remaining, sleeping in 5s chunks...
[13:15:15] T8: [fail] HEARTS WAIT: 714s remaining, sleeping in 5s chunks...
[13:15:46] T9: [fail] HEARTS WAIT: 683s remaining, sleeping in 5s chunks...
[13:16:16] T10: [fail] HEARTS WAIT: 652s remaining, sleeping in 5s chunks...
[13:16:47] T11: [fail] HEARTS WAIT: 621s remaining, sleeping in 5s chunks...
[13:17:18] T12: [fail] HEARTS WAIT: 591s remaining, sleeping in 5s chunks...
[13:17:49] T13: [fail] HEARTS WAIT: 560s remaining, sleeping in 5s chunks...
[13:18:20] T14: [fail] HEARTS WAIT: 529s remaining, sleeping in 5s chunks...
[13:18:51] T15: [fail] HEARTS WAIT: 498s remaining, sleeping in 5s chunks...
[13:19:22] T16: [fail] HEARTS WAIT: 467s remaining, sleeping in 5s chunks...
[13:19:52] T17: [fail] HEARTS WAIT: 436s remaining, sleeping in 5s chunks...
[13:20:23] T18: [fail] HEARTS WAIT: 405s remaining, sleeping in 5s chunks...
[13:20:54] T19: [fail] HEARTS WAIT: 375s remaining, sleeping in 5s chunks...
[13:21:25] T20: [win] HEARTS WAIT: 344s remaining, sleeping in 5s chunks...
[13:21:56] T21: [win] HEARTS WAIT: 313s remaining, sleeping in 5s chunks...
[13:22:27] T22: [win] HEARTS WAIT: 282s remaining, sleeping in 5s chunks...
[13:22:58] T23: [win] HEARTS WAIT: 251s remaining, sleeping in 5s chunks...
[13:23:28] T24: [win] HEARTS WAIT: 220s remaining, sleeping in 5s chunks...
[13:23:59] T25: [win] HEARTS WAIT: 189s remaining, sleeping in 5s chunks...
[13:24:30] T26: [win] HEARTS WAIT: 158s remaining, sleeping in 5s chunks...
[13:25:01] T27: [win] HEARTS WAIT: 127s remaining, sleeping in 5s chunks...
[13:25:32] T28: [win] HEARTS WAIT: 96s remaining, sleeping in 5s chunks...
[13:26:03] T29: [win] HEARTS WAIT: 65s remaining, sleeping in 5s chunks...
[13:26:34] T30: [win] HEARTS WAIT: 34s remaining, sleeping in 5s chunks...
[13:27:05] T31: [win] HEARTS WAIT: 3s remaining, sleeping in 5s chunks...
[13:27:11] T32: [win] Multi-tap continue positions
[13:27:16]   [SESSION] Started c740a4a852fa (start_cells=274)
[13:27:16] T33: [gameplay] Board=274cells/6colors d=+0 [DarkGreen:196, Brown:36, Orange:25, DarkRed:10, Red:5] | Queue=[FP stall=0 fp_top=0.97] | Holder=[_/DarkGreen/DarkGreen/DarkGreen/DarkGreen] (4/5) | 1.0s
[13:27:16]   -> TAP(696,1517) [[FP:0.97] Human pattern (delta=-40, id=6969)]
[13:27:20] T34: [gameplay] Board=274cells/6colors d=+0 [DarkGreen:196, Brown:36, Orange:25, DarkRed:10, Red:5] | Queue=[FP stall=1 fp_top=0.97] | Holder=[_/DarkGreen/DarkGreen/DarkGreen/DarkGreen] (4/5) | 0.7s
[13:27:20]   -> TAP(316,1516) [[FP:0.97] Human pattern (delta=-28, id=4177)]
[13:27:23] T35: [gameplay] Board=274cells/6colors d=+0 [DarkGreen:196, Brown:36, Orange:25, DarkRed:10, Red:5] | Queue=[FP stall=2 fp_top=0.97] | Holder=[_/DarkGreen/DarkGreen/DarkGreen/DarkGreen] (4/5) | 0.6s
[13:27:23]   -> TAP(342,1656) [[FP:0.97] Human pattern (delta=-14, id=3702)]
[13:27:26]   [EXPLORE] Entering exploration mode (stall x3)
[13:27:26] T36: [gameplay] Board=274cells/6colors d=+0 [DarkGreen:196, Brown:36, Orange:25, DarkRed:10, Red:5] | Queue=[FP stall=3 fp_top=0.97] | Holder=[_/DarkGreen/DarkGreen/DarkGreen/DarkGreen] (4/5) | 0.7s
[13:27:26]   -> TAP(723,1537) [[FP:0.97] Human pattern (delta=-37, id=3699)]
[13:27:30] T37: [gameplay] Board=274cells/6colors d=+0 [DarkGreen:196, Brown:36, Orange:25, DarkRed:10, Red:5] | Queue=[FP stall=4 fp_top=0.97] | Holder=[_/DarkGreen/DarkGreen/DarkGreen/DarkGreen] (4/5) | 0.6s
[13:27:30]   -> TAP(732,1524) [[FP:0.97] Human pattern (delta=-20, id=3691)]
[13:27:34] T38: [gameplay] Board=274cells/6colors d=+0 [DarkGreen:196, Brown:36, Orange:25, DarkRed:10, Red:5] | Queue=[EXPLORE stall=5 fp_top=0.97] | Holder=[_/DarkGreen/DarkGreen/DarkGreen/DarkGreen] (4/5) | 1.4s
[13:27:34]   -> TAP(869,1653) [[EXPLORE:PlayDB] Tap (869,1653) human pattern #1]
[13:27:37] T39: [gameplay] Board=274cells/6colors d=+0 [DarkGreen:196, Brown:36, Orange:25, DarkRed:10, Red:5] | Queue=[EXPLORE stall=6 fp_top=0.97] | Holder=[_/DarkGreen/DarkGreen/DarkGreen/DarkGreen] (4/5) | 0.7s
[13:27:37]   -> TAP(627,1211) [[EXPLORE:PlayDB] Tap (627,1211) human pattern #2]
[13:27:40] T40: [gameplay] Board=274cells/6colors d=+0 [DarkGreen:196, Brown:36, Orange:25, DarkRed:10, Red:5] | Queue=[EXPLORE stall=7 fp_top=0.97] | Holder=[_/DarkGreen/DarkGreen/DarkGreen/DarkGreen] (4/5) | 0.9s
[13:27:40]   -> TAP(202,175) [[EXPLORE:PlayDB] Tap (202,175) human pattern #3]
[13:27:43] T41: [gameplay] Board=274cells/6colors d=+0 [DarkGreen:196, Brown:36, Orange:25, DarkRed:10, Red:5] | Queue=[EXPLORE stall=8 fp_top=0.97] | Holder=[_/DarkGreen/DarkGreen/DarkGreen/DarkGreen] (4/5) | 0.7s
[13:27:43]   -> TAP(817,1164) [[EXPLORE:PlayDB] Tap (817,1164) human pattern #4]
[13:27:46] T42: [gameplay] Board=274cells/6colors d=+0 [DarkGreen:196, Brown:36, Orange:25, DarkRed:10, Red:5] | Queue=[EXPLORE stall=9 fp_top=0.97] | Holder=[_/DarkGreen/DarkGreen/DarkGreen/DarkGreen] (4/5) | 0.7s
[13:27:46]   -> TAP(280,1500) [[EXPLORE:ZONE:0] Tap zone (280,1500)]
[13:27:49] T43: [gameplay] Board=274cells/6colors d=+0 [DarkGreen:196, Brown:36, Orange:25, DarkRed:10, Red:5] | Queue=[EXPLORE stall=10 fp_top=0.97] | Holder=[_/DarkGreen/DarkGreen/DarkGreen/DarkGreen] (4/5) | 0.7s
[13:27:49]   -> TAP(400,1500) [[EXPLORE:ZONE:1] Tap zone (400,1500)]
[13:27:52] T44: [gameplay] Board=274cells/6colors d=+0 [DarkGreen:196, Brown:36, Orange:25, DarkRed:10, Red:5] | Queue=[EXPLORE stall=11 fp_top=0.97] | Holder=[_/DarkGreen/DarkGreen/DarkGreen/DarkGreen] (4/5) | 0.7s
[13:27:52]   -> TAP(530,1500) [[EXPLORE:ZONE:2] Tap zone (530,1500)]
[13:27:55] T45: [gameplay] Board=276cells/7colors d=+2 [DarkGreen:196, Brown:36, Orange:25, DarkRed:10, Red:6] | Queue=[EXPLORE stall=10 fp_top=0.97] | Holder=[_/DarkRed/SageTeal/_/SageTeal] (3/5) | 0.7s
[13:27:55]   -> TAP(660,1500) [[EXPLORE:ZONE:3] Tap zone (660,1500)]
[13:27:58]   [LEARN] Explore tap (660,1500) WORKED! (d=-2)
[13:27:58] T46: [gameplay] Board=274cells/6colors d=-2 [DarkGreen:196, Brown:36, Orange:25, DarkRed:10, Red:5] | Queue=[FP stall=0 fp_top=0.97] | Holder=[_/DarkRed/_/_/_] (1/5) | 0.7s
[13:27:58]   -> TAP(524,1512) [[FP:0.97] Human pattern (delta=-9, id=3250)]
[13:28:01] T47: [gameplay] Board=240cells/6colors d=-34 [DarkGreen:162, Brown:36, Orange:25, DarkRed:10, Red:5] | Queue=[FP stall=0 fp_top=0.95] | Holder=[_/DarkRed/_/_/_] (1/5) | 0.7s
[13:28:01]   -> TAP(314,1495) [[FP:0.95] Human pattern (delta=-59, id=4165)]
[13:28:04] T48: [gameplay] Board=236cells/6colors d=-4 [DarkGreen:158, Brown:36, Orange:25, DarkRed:10, Red:5] | Queue=[FP stall=0 fp_top=0.95] | Holder=[_/DarkRed/_/_/_] (1/5) | 0.6s
[13:28:04]   -> TAP(732,1524) [[FP:0.96] Human pattern (delta=-20, id=3691)]
[13:28:08] T49: [gameplay] Board=236cells/6colors d=+0 [DarkGreen:158, Brown:36, Orange:25, DarkRed:10, Red:5] | Queue=[FP stall=1 fp_top=0.95] | Holder=[_/DarkRed/_/_/_] (1/5) | 0.6s
[13:28:08]   -> TAP(342,1656) [[FP:0.96] Human pattern (delta=-14, id=3702)]
[13:28:11]   [SESSION] Ended c740a4a852fa: fail (17 turns, end_cells=236)
[13:28:11] T50: [fail] Multi-tap close/retry positions
[13:28:15] T51: [win] Multi-tap continue positions
[13:28:19] T52: [fail] HEARTS-EMPTY popup detected (pixel match). Waiting 900s for regen.
[13:28:20] T53: [fail] HEARTS WAIT: 899s remaining, sleeping in 5s chunks...
[13:28:51] T54: [fail] HEARTS WAIT: 868s remaining, sleeping in 5s chunks...
[13:29:22] T55: [fail] HEARTS WAIT: 837s remaining, sleeping in 5s chunks...
[13:29:53] T56: [fail] HEARTS WAIT: 806s remaining, sleeping in 5s chunks...
[13:30:23] T57: [fail] HEARTS WAIT: 775s remaining, sleeping in 5s chunks...
[13:30:54] T58: [fail] HEARTS WAIT: 745s remaining, sleeping in 5s chunks...
[13:31:25] T59: [fail] HEARTS WAIT: 714s remaining, sleeping in 5s chunks...
[13:31:56] T60: [fail] HEARTS WAIT: 683s remaining, sleeping in 5s chunks...
[13:32:27] T61: [fail] HEARTS WAIT: 652s remaining, sleeping in 5s chunks...
[13:32:58] T62: [fail] HEARTS WAIT: 621s remaining, sleeping in 5s chunks...
[13:33:29] T63: [fail] HEARTS WAIT: 590s remaining, sleeping in 5s chunks...
[13:34:00] T64: [fail] HEARTS WAIT: 559s remaining, sleeping in 5s chunks...
[13:34:31] T65: [fail] HEARTS WAIT: 528s remaining, sleeping in 5s chunks...
[13:35:01] T66: [fail] HEARTS WAIT: 497s remaining, sleeping in 5s chunks...
[13:35:32] T67: [fail] HEARTS WAIT: 467s remaining, sleeping in 5s chunks...
[13:36:03] T68: [fail] HEARTS WAIT: 436s remaining, sleeping in 5s chunks...
[13:36:34] T69: [fail] HEARTS WAIT: 405s remaining, sleeping in 5s chunks...
[13:37:05] T70: [fail] HEARTS WAIT: 374s remaining, sleeping in 5s chunks...
[13:37:36] T71: [fail] HEARTS WAIT: 343s remaining, sleeping in 5s chunks...
[13:38:07] T72: [fail] HEARTS WAIT: 312s remaining, sleeping in 5s chunks...
[13:38:37] T73: [fail] HEARTS WAIT: 282s remaining, sleeping in 5s chunks...
[13:39:08] T74: [fail] HEARTS WAIT: 251s remaining, sleeping in 5s chunks...
[13:39:39] T75: [fail] HEARTS WAIT: 220s remaining, sleeping in 5s chunks...
[13:40:10] T76: [fail] HEARTS WAIT: 189s remaining, sleeping in 5s chunks...
[13:40:41] T77: [fail] HEARTS WAIT: 158s remaining, sleeping in 5s chunks...
[13:41:12] T78: [fail] HEARTS WAIT: 127s remaining, sleeping in 5s chunks...
[13:41:43] T79: [fail] HEARTS WAIT: 96s remaining, sleeping in 5s chunks...
[13:42:14] T80: [fail] HEARTS WAIT: 65s remaining, sleeping in 5s chunks...
[13:42:44] T81: [fail] HEARTS WAIT: 34s remaining, sleeping in 5s chunks...
[13:43:15] T82: [fail] HEARTS WAIT: 4s remaining, sleeping in 5s chunks...
[13:43:21] T83: [fail] HEARTS-EMPTY popup detected (pixel match). Waiting 900s for regen.
[13:43:21] T84: [fail] HEARTS WAIT: 899s remaining, sleeping in 5s chunks...
[13:43:52] T85: [fail] HEARTS WAIT: 868s remaining, sleeping in 5s chunks...
[13:44:23] T86: [fail] HEARTS WAIT: 837s remaining, sleeping in 5s chunks...
[13:44:54] T87: [fail] HEARTS WAIT: 806s remaining, sleeping in 5s chunks...
[13:45:25] T88: [fail] HEARTS WAIT: 776s remaining, sleeping in 5s chunks...
[13:45:55] T89: [fail] HEARTS WAIT: 745s remaining, sleeping in 5s chunks...
[13:46:26] T90: [fail] HEARTS WAIT: 714s remaining, sleeping in 5s chunks...
[13:46:57] T91: [fail] HEARTS WAIT: 683s remaining, sleeping in 5s chunks...
[13:47:28] T92: [fail] HEARTS WAIT: 652s remaining, sleeping in 5s chunks...
[13:47:59] T93: [fail] HEARTS WAIT: 621s remaining, sleeping in 5s chunks...
[13:48:30] T94: [fail] HEARTS WAIT: 590s remaining, sleeping in 5s chunks...
[13:49:01] T95: [fail] HEARTS WAIT: 559s remaining, sleeping in 5s chunks...
[13:49:32] T96: [fail] HEARTS WAIT: 528s remaining, sleeping in 5s chunks...
[13:50:03] T97: [fail] HEARTS WAIT: 498s remaining, sleeping in 5s chunks...
[13:50:33] T98: [fail] HEARTS WAIT: 467s remaining, sleeping in 5s chunks...
[13:51:04] T99: [fail] HEARTS WAIT: 436s remaining, sleeping in 5s chunks...
[13:51:35] T100: [win] HEARTS WAIT: 405s remaining, sleeping in 5s chunks...
[13:52:06] T101: [win] HEARTS WAIT: 374s remaining, sleeping in 5s chunks...
[13:52:37] T102: [win] HEARTS WAIT: 343s remaining, sleeping in 5s chunks...
[13:53:08] T103: [win] HEARTS WAIT: 312s remaining, sleeping in 5s chunks...
[13:53:39] T104: [win] HEARTS WAIT: 282s remaining, sleeping in 5s chunks...
[13:54:10] T105: [win] HEARTS WAIT: 250s remaining, sleeping in 5s chunks...
[13:54:41] T106: [win] HEARTS WAIT: 219s remaining, sleeping in 5s chunks...
[13:55:12] T107: [win] HEARTS WAIT: 189s remaining, sleeping in 5s chunks...
[13:55:43] T108: [win] HEARTS WAIT: 158s remaining, sleeping in 5s chunks...
[13:56:13] T109: [win] HEARTS WAIT: 127s remaining, sleeping in 5s chunks...
[13:56:44] T110: [win] HEARTS WAIT: 96s remaining, sleeping in 5s chunks...
[13:57:15] T111: [win] HEARTS WAIT: 65s remaining, sleeping in 5s chunks...
[13:57:46] T112: [win] HEARTS WAIT: 34s remaining, sleeping in 5s chunks...
[13:58:17] T113: [win] HEARTS WAIT: 3s remaining, sleeping in 5s chunks...
[13:58:23] T114: [win] Multi-tap continue positions
[13:58:28]   [SESSION] Started 5619dda71d03 (start_cells=288)
[13:58:28] T115: [gameplay] Board=288cells/6colors d=+0 [DarkGreen:201, Brown:41, Orange:20, Red:13, DarkRed:12] | Queue=[FP stall=0 fp_top=0.95] | Holder=[_/DarkGreen/DarkGreen/DarkGreen/DarkGreen] (4/5) | 0.7s
[13:58:28]   -> TAP(696,1517) [[FP:0.97] Human pattern (delta=-40, id=6969)]
[13:58:31] T116: [gameplay] Board=288cells/6colors d=+0 [DarkGreen:201, Brown:41, Orange:20, Red:13, DarkRed:12] | Queue=[FP stall=1 fp_top=0.95] | Holder=[_/DarkGreen/DarkGreen/DarkGreen/DarkGreen] (4/5) | 0.6s
[13:58:31]   -> TAP(316,1516) [[FP:0.97] Human pattern (delta=-28, id=4177)]
[13:58:35] T117: [gameplay] Board=288cells/6colors d=+0 [DarkGreen:201, Brown:41, Orange:20, Red:13, DarkRed:12] | Queue=[FP stall=2 fp_top=0.95] | Holder=[_/DarkGreen/DarkGreen/DarkGreen/DarkGreen] (4/5) | 0.7s
[13:58:35]   -> TAP(316,1516) [[FP:0.97] Human pattern (delta=-28, id=4177)]
[13:58:38]   [EXPLORE] Entering exploration mode (stall x3)
[13:58:38] T118: [gameplay] Board=288cells/6colors d=+0 [DarkGreen:201, Brown:41, Orange:20, Red:13, DarkRed:12] | Queue=[FP stall=3 fp_top=0.95] | Holder=[_/DarkGreen/DarkGreen/DarkGreen/DarkGreen] (4/5) | 0.6s
[13:58:38]   -> TAP(732,1524) [[FP:0.97] Human pattern (delta=-20, id=3691)]
[13:58:41] T119: [gameplay] Board=288cells/6colors d=+0 [DarkGreen:201, Brown:41, Orange:20, Red:13, DarkRed:12] | Queue=[FP stall=4 fp_top=0.95] | Holder=[_/DarkGreen/DarkGreen/DarkGreen/DarkGreen] (4/5) | 0.6s
[13:58:41]   -> TAP(342,1656) [[FP:0.97] Human pattern (delta=-14, id=3702)]
[13:58:45] T120: [gameplay] Board=288cells/6colors d=+0 [DarkGreen:201, Brown:41, Orange:20, Red:13, DarkRed:12] | Queue=[EXPLORE stall=5 fp_top=0.95] | Holder=[_/DarkGreen/DarkGreen/DarkGreen/DarkGreen] (4/5) | 0.7s
[13:58:45]   -> TAP(869,1653) [[EXPLORE:AI_DB] Tap (869,1653) conf=0.50]
[13:58:48] T121: [gameplay] Board=288cells/6colors d=+0 [DarkGreen:201, Brown:41, Orange:20, Red:13, DarkRed:12] | Queue=[EXPLORE stall=6 fp_top=0.95] | Holder=[_/DarkGreen/DarkGreen/DarkGreen/DarkGreen] (4/5) | 0.6s
[13:58:48]   -> TAP(869,1653) [[EXPLORE:PlayDB] Tap (869,1653) human pattern #1]
[13:58:51] T122: [gameplay] Board=288cells/6colors d=+0 [DarkGreen:201, Brown:41, Orange:20, Red:13, DarkRed:12] | Queue=[EXPLORE stall=7 fp_top=0.95] | Holder=[_/DarkGreen/DarkGreen/DarkGreen/DarkGreen] (4/5) | 0.7s
[13:58:51]   -> TAP(627,1211) [[EXPLORE:PlayDB] Tap (627,1211) human pattern #2]
[13:58:54] T123: [gameplay] Board=288cells/6colors d=+0 [DarkGreen:201, Brown:41, Orange:20, Red:13, DarkRed:12] | Queue=[EXPLORE stall=8 fp_top=0.95] | Holder=[_/DarkGreen/DarkGreen/DarkGreen/DarkGreen] (4/5) | 0.7s
[13:58:54]   -> TAP(202,175) [[EXPLORE:PlayDB] Tap (202,175) human pattern #3]
[13:58:57] T124: [gameplay] Board=288cells/6colors d=+0 [DarkGreen:201, Brown:41, Orange:20, Red:13, DarkRed:12] | Queue=[EXPLORE stall=9 fp_top=0.95] | Holder=[_/DarkGreen/DarkGreen/DarkGreen/DarkGreen] (4/5) | 0.8s
[13:58:57]   -> TAP(817,1164) [[EXPLORE:PlayDB] Tap (817,1164) human pattern #4]
[13:59:00] T125: [gameplay] Board=288cells/6colors d=+0 [DarkGreen:201, Brown:41, Orange:20, Red:13, DarkRed:12] | Queue=[EXPLORE stall=10 fp_top=0.95] | Holder=[_/DarkGreen/DarkGreen/DarkGreen/DarkGreen] (4/5) | 0.7s
[13:59:00]   -> TAP(280,1500) [[EXPLORE:ZONE:0] Tap zone (280,1500)]
[13:59:03] T126: [gameplay] Board=288cells/6colors d=+0 [DarkGreen:201, Brown:41, Orange:20, Red:13, DarkRed:12] | Queue=[EXPLORE stall=11 fp_top=0.95] | Holder=[_/DarkGreen/DarkGreen/DarkGreen/DarkGreen] (4/5) | 0.8s
[13:59:03]   -> TAP(400,1500) [[EXPLORE:ZONE:1] Tap zone (400,1500)]
[13:59:06] T127: [gameplay] Board=288cells/6colors d=+0 [DarkGreen:201, Brown:41, Orange:20, Red:13, DarkRed:12] | Queue=[EXPLORE stall=12 fp_top=0.95] | Holder=[_/DarkGreen/DarkGreen/DarkGreen/DarkGreen] (4/5) | 0.7s
[13:59:06]   -> TAP(530,1500) [[EXPLORE:ZONE:2] Tap zone (530,1500)]
[13:59:09] T128: [gameplay] Board=289cells/6colors d=+1 [DarkGreen:201, Brown:41, Orange:20, Red:14, DarkRed:12] | Queue=[EXPLORE stall=11 fp_top=0.95] | Holder=[_/DarkRed/SageTeal/_/SageTeal] (3/5) | 0.8s
[13:59:09]   -> TAP(660,1500) [[EXPLORE:ZONE:3] Tap zone (660,1500)]
[13:59:11]   [LEARN] Explore tap (660,1500) WORKED! (d=-1)
[13:59:11] T129: [gameplay] Board=288cells/6colors d=-1 [DarkGreen:201, Brown:41, Orange:20, Red:13, DarkRed:12] | Queue=[FP stall=0 fp_top=0.95] | Holder=[_/DarkRed/_/_/_] (1/5) | 0.7s
[13:59:11]   -> TAP(524,1512) [[FP:0.97] Human pattern (delta=-9, id=3250)]
[13:59:15] T130: [gameplay] Board=255cells/6colors d=-33 [DarkGreen:168, Brown:41, Orange:20, Red:13, DarkRed:12] | Queue=[FP stall=0 fp_top=0.95] | Holder=[_/DarkRed/_/_/_] (1/5) | 0.6s
[13:59:15]   -> TAP(314,1495) [[FP:0.95] Human pattern (delta=-59, id=4165)]
[13:59:18] T131: [gameplay] Board=251cells/6colors d=-4 [DarkGreen:164, Brown:41, Orange:20, Red:13, DarkRed:12] | Queue=[FP stall=0 fp_top=0.95] | Holder=[_/DarkRed/_/_/_] (1/5) | 0.7s
[13:59:18]   -> TAP(349,1629) [[FP:0.96] Human pattern (delta=-1, id=3700)]
[13:59:22] T132: [gameplay] Board=251cells/6colors d=+0 [DarkGreen:164, Brown:41, Orange:20, Red:13, DarkRed:12] | Queue=[FP stall=1 fp_top=0.95] | Holder=[_/DarkRed/_/_/_] (1/5) | 0.7s
[13:59:22]   -> TAP(732,1524) [[FP:0.96] Human pattern (delta=-20, id=3691)]
[13:59:25] T133: [gameplay] Board=251cells/6colors d=+0 [DarkGreen:164, Brown:41, Orange:20, Red:13, DarkRed:12] | Queue=[FP stall=2 fp_top=0.95] | Holder=[_/DarkRed/_/_/_] (1/5) | 0.7s
[13:59:25]   -> TAP(696,1517) [[FP:0.96] Human pattern (delta=-40, id=6969)]
[13:59:29]   [EXPLORE] Entering exploration mode (stall x3)
[13:59:29] T134: [gameplay] Board=251cells/6colors d=+0 [DarkGreen:164, Brown:41, Orange:20, Red:13, DarkRed:12] | Queue=[FP stall=3 fp_top=0.95] | Holder=[_/DarkRed/_/_/_] (1/5) | 0.7s
[13:59:29]   -> TAP(524,1512) [[FP:0.96] Human pattern (delta=-9, id=3250)]
[13:59:32]   [SESSION] Ended 5619dda71d03: fail (20 turns, end_cells=251)
[13:59:32] T135: [fail] Multi-tap close/retry positions
[13:59:55] T145: Screenshot failed x10
[14:00:16] T155: Screenshot failed x20
[14:00:38] T165: Screenshot failed x30
[14:00:38]   >> ADB RECOVERY Tier 1 (after 30 fails)
[14:00:50]   >> Tier 1 succeeded — relaunching app
[14:01:03] T166: Screenshot recovered after 30 fails
[14:01:03] T166: [loading] PlayDB: 3 patterns, trying top 2
[14:01:07] T167: [loading] PlayDB: 3 patterns, trying top 2
[14:01:12] T168: [loading] PlayDB: 3 patterns, trying top 2
[14:01:16] T169: POPUP LOOP (loading), relaunch
[14:01:28] T170: [loading] PlayDB: 3 patterns, trying top 2
[14:01:32] T171: [loading] PlayDB: 3 patterns, trying top 2
[14:01:37] T172: [loading] PlayDB: 3 patterns, trying top 2
[14:01:42] T173: [loading] PlayDB: 3 patterns, trying top 2
[14:01:46] T174: POPUP LOOP (fail), relaunch
[14:01:58] T175: [loading] PlayDB: 3 patterns, trying top 2
[14:02:02] T176: [loading] PlayDB: 3 patterns, trying top 2
[14:02:07] T177: [loading] PlayDB: 3 patterns, trying top 2
[14:02:11] T178: [lobby] Hardcoded play button (540,1450)
[14:02:14] T179: [fail] HEARTS-EMPTY popup detected (pixel match). Waiting 900s for regen.
[14:02:15] T180: [fail] HEARTS WAIT: 899s remaining, sleeping in 5s chunks...
[14:02:46] T181: [fail] HEARTS WAIT: 868s remaining, sleeping in 5s chunks...
[14:03:16] T182: [fail] HEARTS WAIT: 837s remaining, sleeping in 5s chunks...
[14:03:47] T183: [fail] HEARTS WAIT: 806s remaining, sleeping in 5s chunks...
[14:04:18] T184: [fail] HEARTS WAIT: 775s remaining, sleeping in 5s chunks...
[14:04:49] T185: [fail] HEARTS WAIT: 744s remaining, sleeping in 5s chunks...
[14:05:20] T186: [fail] HEARTS WAIT: 714s remaining, sleeping in 5s chunks...
[14:05:51] T187: [fail] HEARTS WAIT: 683s remaining, sleeping in 5s chunks...
[14:06:22] T188: [fail] HEARTS WAIT: 652s remaining, sleeping in 5s chunks...
[14:06:53] T189: [fail] HEARTS WAIT: 621s remaining, sleeping in 5s chunks...
[14:07:23] T190: [fail] HEARTS WAIT: 590s remaining, sleeping in 5s chunks...
[14:07:54] T191: [fail] HEARTS WAIT: 559s remaining, sleeping in 5s chunks...
[14:08:25] T192: [fail] HEARTS WAIT: 528s remaining, sleeping in 5s chunks...
[14:08:56] T193: [fail] HEARTS WAIT: 498s remaining, sleeping in 5s chunks...
[14:09:27] T194: [fail] HEARTS WAIT: 467s remaining, sleeping in 5s chunks...
[14:09:58] T195: [fail] HEARTS WAIT: 436s remaining, sleeping in 5s chunks...
[14:10:29] T196: [fail] HEARTS WAIT: 405s remaining, sleeping in 5s chunks...
[14:10:59] T197: [fail] HEARTS WAIT: 374s remaining, sleeping in 5s chunks...
[14:11:30] T198: [fail] HEARTS WAIT: 343s remaining, sleeping in 5s chunks...
[14:12:01] T199: [fail] HEARTS WAIT: 312s remaining, sleeping in 5s chunks...
[14:12:32] T200: [fail] HEARTS WAIT: 282s remaining, sleeping in 5s chunks...
[14:13:03] T201: [fail] HEARTS WAIT: 251s remaining, sleeping in 5s chunks...
[14:13:34] T202: [fail] HEARTS WAIT: 220s remaining, sleeping in 5s chunks...
[14:14:04] T203: [fail] HEARTS WAIT: 189s remaining, sleeping in 5s chunks...
[14:14:35] T204: [fail] HEARTS WAIT: 158s remaining, sleeping in 5s chunks...
[14:15:06] T205: [fail] HEARTS WAIT: 128s remaining, sleeping in 5s chunks...
[14:15:37] T206: [fail] HEARTS WAIT: 97s remaining, sleeping in 5s chunks...
[14:16:07] T207: [fail] HEARTS WAIT: 66s remaining, sleeping in 5s chunks...
[14:16:38] T208: [fail] HEARTS WAIT: 35s remaining, sleeping in 5s chunks...
[14:17:09] T209: [fail] HEARTS WAIT: 5s remaining, sleeping in 5s chunks...
[14:17:15] T210: [fail] HEARTS-EMPTY popup detected (pixel match). Waiting 900s for regen.
[14:17:15] T211: [fail] HEARTS WAIT: 899s remaining, sleeping in 5s chunks...
[14:17:46] T212: [fail] HEARTS WAIT: 868s remaining, sleeping in 5s chunks...
[14:18:16] T213: [fail] HEARTS WAIT: 838s remaining, sleeping in 5s chunks...
[14:18:47] T214: [fail] HEARTS WAIT: 807s remaining, sleeping in 5s chunks...
[14:19:18] T215: [fail] HEARTS WAIT: 776s remaining, sleeping in 5s chunks...
[14:19:49] T216: [fail] HEARTS WAIT: 745s remaining, sleeping in 5s chunks...
[14:20:20] T217: [fail] HEARTS WAIT: 714s remaining, sleeping in 5s chunks...
[14:20:51] T218: [fail] HEARTS WAIT: 683s remaining, sleeping in 5s chunks...
[14:21:22] T219: [lobby] HEARTS WAIT: 653s remaining, sleeping in 5s chunks...
[14:21:52] T220: [lobby] HEARTS WAIT: 622s remaining, sleeping in 5s chunks...
[14:22:24] T221: [lobby] HEARTS WAIT: 591s remaining, sleeping in 5s chunks...
[14:22:54] T222: [lobby] HEARTS WAIT: 560s remaining, sleeping in 5s chunks...
[14:23:25] T223: [lobby] HEARTS WAIT: 529s remaining, sleeping in 5s chunks...
[14:23:56] T224: [lobby] HEARTS WAIT: 498s remaining, sleeping in 5s chunks...
[14:24:27] T225: [lobby] HEARTS WAIT: 467s remaining, sleeping in 5s chunks...
[14:24:58] T226: [lobby] HEARTS WAIT: 436s remaining, sleeping in 5s chunks...
[14:25:29] T227: [lobby] HEARTS WAIT: 405s remaining, sleeping in 5s chunks...
[14:26:00] T228: [lobby] HEARTS WAIT: 374s remaining, sleeping in 5s chunks...
[14:26:31] T229: [lobby] HEARTS WAIT: 343s remaining, sleeping in 5s chunks...
[14:27:03] T230: [lobby] HEARTS WAIT: 311s remaining, sleeping in 5s chunks...
[14:27:34] T231: [lobby] HEARTS WAIT: 280s remaining, sleeping in 5s chunks...
[14:28:05] T232: [lobby] HEARTS WAIT: 249s remaining, sleeping in 5s chunks...
[14:28:36] T233: [lobby] HEARTS WAIT: 218s remaining, sleeping in 5s chunks...
[14:29:07] T234: [lobby] HEARTS WAIT: 187s remaining, sleeping in 5s chunks...
[14:29:38] T235: [lobby] HEARTS WAIT: 156s remaining, sleeping in 5s chunks...
[14:30:09] T236: [lobby] HEARTS WAIT: 125s remaining, sleeping in 5s chunks...
[14:30:40] T237: [lobby] HEARTS WAIT: 94s remaining, sleeping in 5s chunks...
[14:31:11] T238: [lobby] HEARTS WAIT: 63s remaining, sleeping in 5s chunks...
[14:31:42] T239: [lobby] HEARTS WAIT: 32s remaining, sleeping in 5s chunks...
[14:32:13] T240: [lobby] HEARTS WAIT: 1s remaining, sleeping in 5s chunks...
[14:32:19] T241: [lobby] Hardcoded play button (540,1450)
[14:32:22]   [SESSION] Started ac0ddf2e6163 (start_cells=289)
[14:32:22] T242: [gameplay] Board=289cells/6colors d=+0 [DarkGreen:209, Brown:41, Orange:25, DarkRed:8, Red:5] | Queue=[FP stall=0 fp_top=0.95] | Holder=[_/DarkGreen/DarkGreen/DarkGreen/DarkGreen] (4/5) | 0.6s
[14:32:22]   -> TAP(717,1495) [[FP:0.97] Human pattern (delta=-43, id=6857)]
[14:32:25] T243: [gameplay] Board=289cells/6colors d=+0 [DarkGreen:209, Brown:41, Orange:25, DarkRed:8, Red:5] | Queue=[FP stall=1 fp_top=0.95] | Holder=[_/DarkGreen/DarkGreen/DarkGreen/DarkGreen] (4/5) | 0.5s
[14:32:25]   -> TAP(316,1516) [[FP:0.97] Human pattern (delta=-28, id=4177)]
[14:32:28] T244: [gameplay] Board=289cells/6colors d=+0 [DarkGreen:209, Brown:41, Orange:25, DarkRed:8, Red:5] | Queue=[FP stall=2 fp_top=0.95] | Holder=[_/DarkGreen/DarkGreen/DarkGreen/DarkGreen] (4/5) | 0.5s
[14:32:28]   -> TAP(342,1656) [[FP:0.97] Human pattern (delta=-14, id=3702)]
[14:32:32] T245: [gameplay] Board=289cells/6colors d=+0 [DarkGreen:209, Brown:41, Orange:25, DarkRed:8, Red:5] | Queue=[FP stall=3 fp_top=0.95] | Holder=[_/DarkGreen/DarkGreen/DarkGreen/DarkGreen] (4/5) | 0.5s
[14:32:32]   -> TAP(316,1516) [[FP:0.97] Human pattern (delta=-28, id=4177)]
[14:32:35] T246: [gameplay] Board=289cells/6colors d=+0 [DarkGreen:209, Brown:41, Orange:25, DarkRed:8, Red:5] | Queue=[FP stall=4 fp_top=0.95] | Holder=[_/DarkGreen/DarkGreen/DarkGreen/DarkGreen] (4/5) | 0.6s
[14:32:35]   -> TAP(314,1495) [[FP:0.95] Human pattern (delta=-59, id=4165)]
[14:32:39] T247: [gameplay] Board=289cells/6colors d=+0 [DarkGreen:209, Brown:41, Orange:25, DarkRed:8, Red:5] | Queue=[EXPLORE stall=5 fp_top=0.95] | Holder=[_/DarkGreen/DarkGreen/DarkGreen/DarkGreen] (4/5) | 1.1s
[14:32:39]   -> TAP(660,1500) [[EXPLORE:AI_DB] Tap (660,1500) conf=0.50]
[14:32:41] T248: [gameplay] Board=289cells/6colors d=+0 [DarkGreen:209, Brown:41, Orange:25, DarkRed:8, Red:5] | Queue=[EXPLORE stall=6 fp_top=0.95] | Holder=[_/DarkGreen/DarkGreen/DarkGreen/DarkGreen] (4/5) | 0.6s
[14:32:41]   -> TAP(869,1653) [[EXPLORE:PlayDB] Tap (869,1653) human pattern #1]
[14:32:44] T249: [gameplay] Board=289cells/6colors d=+0 [DarkGreen:209, Brown:41, Orange:25, DarkRed:8, Red:5] | Queue=[EXPLORE stall=7 fp_top=0.95] | Holder=[_/DarkGreen/DarkGreen/DarkGreen/DarkGreen] (4/5) | 0.6s
[14:32:44]   -> TAP(627,1211) [[EXPLORE:PlayDB] Tap (627,1211) human pattern #2]
[14:32:47] T250: [gameplay] Board=289cells/6colors d=+0 [DarkGreen:209, Brown:41, Orange:25, DarkRed:8, Red:5] | Queue=[EXPLORE stall=8 fp_top=0.95] | Holder=[_/DarkGreen/DarkGreen/DarkGreen/DarkGreen] (4/5) | 0.6s
[14:32:47]   -> TAP(202,175) [[EXPLORE:PlayDB] Tap (202,175) human pattern #3]
[14:32:50] T251: [gameplay] Board=289cells/6colors d=+0 [DarkGreen:209, Brown:41, Orange:25, DarkRed:8, Red:5] | Queue=[EXPLORE stall=9 fp_top=0.95] | Holder=[_/DarkGreen/DarkGreen/DarkGreen/DarkGreen] (4/5) | 0.9s
[14:32:50]   -> TAP(817,1164) [[EXPLORE:PlayDB] Tap (817,1164) human pattern #4]
[14:32:53] T252: [gameplay] Board=289cells/6colors d=+0 [DarkGreen:209, Brown:41, Orange:25, DarkRed:8, Red:5] | Queue=[EXPLORE stall=10 fp_top=0.95] | Holder=[_/DarkGreen/DarkGreen/DarkGreen/DarkGreen] (4/5) | 0.6s
[14:32:53]   -> TAP(280,1500) [[EXPLORE:ZONE:0] Tap zone (280,1500)]
[14:32:56] T253: [gameplay] Board=289cells/6colors d=+0 [DarkGreen:209, Brown:41, Orange:25, DarkRed:8, Red:5] | Queue=[EXPLORE stall=11 fp_top=0.95] | Holder=[_/DarkGreen/DarkGreen/DarkGreen/DarkGreen] (4/5) | 0.6s
[14:32:56]   -> TAP(400,1500) [[EXPLORE:ZONE:1] Tap zone (400,1500)]
[14:32:59] T254: [gameplay] Board=289cells/6colors d=+0 [DarkGreen:209, Brown:41, Orange:25, DarkRed:8, Red:5] | Queue=[EXPLORE stall=12 fp_top=0.95] | Holder=[_/DarkGreen/DarkGreen/DarkGreen/DarkGreen] (4/5) | 0.6s
[14:32:59]   -> TAP(530,1500) [[EXPLORE:ZONE:2] Tap zone (530,1500)]
[14:33:02] T255: [gameplay] Board=293cells/6colors d=+4 [DarkGreen:209, Brown:41, Orange:25, Red:9, DarkRed:8] | Queue=[EXPLORE stall=11 fp_top=0.95] | Holder=[_/DarkRed/SageTeal/SageTeal/SageTeal] (4/5) | 0.6s
[14:33:02]   -> TAP(660,1500) [[EXPLORE:ZONE:3] Tap zone (660,1500)]
[14:33:04]   [LEARN] Explore tap (660,1500) WORKED! (d=-4)
[14:33:04] T256: [gameplay] Board=289cells/6colors d=-4 [DarkGreen:209, Brown:41, Orange:25, DarkRed:8, Red:5] | Queue=[FP stall=0 fp_top=0.95] | Holder=[_/DarkRed/_/_/_] (1/5) | 0.6s
[14:33:04]   -> TAP(314,1495) [[FP:0.95] Human pattern (delta=-59, id=4165)]
[14:33:08] T257: [gameplay] Board=254cells/6colors d=-35 [DarkGreen:174, Brown:41, Orange:25, DarkRed:8, Red:5] | Queue=[FP stall=0 fp_top=0.95] | Holder=[_/DarkRed/_/_/_] (1/5) | 0.6s
[14:33:08]   -> TAP(732,1524) [[FP:0.96] Human pattern (delta=-20, id=3691)]
[14:33:11] T258: [gameplay] Board=250cells/6colors d=-4 [DarkGreen:170, Brown:41, Orange:25, DarkRed:8, Red:5] | Queue=[FP stall=0 fp_top=0.95] | Holder=[_/DarkRed/_/_/_] (1/5) | 0.6s
[14:33:11]   -> TAP(696,1517) [[FP:0.96] Human pattern (delta=-40, id=6969)]
[14:33:14] T259: [gameplay] Board=250cells/6colors d=+0 [DarkGreen:170, Brown:41, Orange:25, DarkRed:8, Red:5] | Queue=[FP stall=1 fp_top=0.95] | Holder=[_/DarkRed/_/_/_] (1/5) | 0.6s
[14:33:14]   -> TAP(524,1512) [[FP:0.96] Human pattern (delta=-9, id=3250)]
[14:33:18] T260: [gameplay] Board=250cells/6colors d=+0 [DarkGreen:170, Brown:41, Orange:25, DarkRed:8, Red:5] | Queue=[FP stall=2 fp_top=0.95] | Holder=[_/DarkRed/_/_/_] (1/5) | 0.5s
[14:33:18]   -> TAP(314,1495) [[FP:0.95] Human pattern (delta=-59, id=4165)]
[14:33:21]   [EXPLORE] Entering exploration mode (stall x3)
[14:33:21] T261: [gameplay] Board=250cells/6colors d=+0 [DarkGreen:170, Brown:41, Orange:25, DarkRed:8, Red:5] | Queue=[FP stall=3 fp_top=0.95] | Holder=[_/DarkRed/_/_/_] (1/5) | 0.5s
[14:33:21]   -> TAP(696,1517) [[FP:0.96] Human pattern (delta=-40, id=6969)]
[14:33:24] T262: [gameplay] Board=250cells/6colors d=+0 [DarkGreen:170, Brown:41, Orange:25, DarkRed:8, Red:5] | Queue=[FP stall=4 fp_top=0.95] | Holder=[_/DarkRed/_/_/_] (1/5) | 0.6s
[14:33:24]   -> TAP(342,1656) [[FP:0.96] Human pattern (delta=-14, id=3702)]
[14:33:28] T263: [gameplay] Board=250cells/6colors d=+0 [DarkGreen:170, Brown:41, Orange:25, DarkRed:8, Red:5] | Queue=[EXPLORE stall=5 fp_top=0.95] | Holder=[White/DarkRed/_/_/_] (2/5) | 0.7s
[14:33:28]   -> TAP(869,1653) [[EXPLORE:PlayDB] Tap (869,1653) human pattern #1]
[14:33:30]   [SESSION] Ended ac0ddf2e6163: fail (22 turns, end_cells=250)
[14:33:30] T264: [fail] Multi-tap close/retry positions
[14:33:34] T265: [win] Multi-tap continue positions
[14:33:39] T266: [fail] HEARTS-EMPTY popup detected (pixel match). Waiting 900s for regen.
[14:33:39] T267: [fail] HEARTS WAIT: 899s remaining, sleeping in 5s chunks...
[14:34:10] T268: [fail] HEARTS WAIT: 868s remaining, sleeping in 5s chunks...
[14:34:41] T269: [fail] HEARTS WAIT: 837s remaining, sleeping in 5s chunks...
[14:35:12] T270: [fail] HEARTS WAIT: 806s remaining, sleeping in 5s chunks...
[14:35:43] T271: [fail] HEARTS WAIT: 776s remaining, sleeping in 5s chunks...
[14:36:14] T272: [fail] HEARTS WAIT: 745s remaining, sleeping in 5s chunks...
[14:36:45] T273: [fail] HEARTS WAIT: 714s remaining, sleeping in 5s chunks...
[14:37:16] T274: [fail] HEARTS WAIT: 683s remaining, sleeping in 5s chunks...
[14:37:47] T275: [fail] HEARTS WAIT: 651s remaining, sleeping in 5s chunks...
[14:38:18] T276: [fail] HEARTS WAIT: 620s remaining, sleeping in 5s chunks...
[14:38:49] T277: [fail] HEARTS WAIT: 590s remaining, sleeping in 5s chunks...
[14:39:20] T278: [fail] HEARTS WAIT: 559s remaining, sleeping in 5s chunks...
[14:39:51] T279: [fail] HEARTS WAIT: 528s remaining, sleeping in 5s chunks...
[14:40:22] T280: [fail] HEARTS WAIT: 497s remaining, sleeping in 5s chunks...
[14:40:53] T281: [fail] HEARTS WAIT: 466s remaining, sleeping in 5s chunks...
[14:41:23] T282: [fail] HEARTS WAIT: 435s remaining, sleeping in 5s chunks...
[14:41:54] T283: [fail] HEARTS WAIT: 404s remaining, sleeping in 5s chunks...
[14:42:26] T284: [fail] HEARTS WAIT: 373s remaining, sleeping in 5s chunks...
[14:42:57] T285: [fail] HEARTS WAIT: 341s remaining, sleeping in 5s chunks...
[14:43:28] T286: [fail] HEARTS WAIT: 310s remaining, sleeping in 5s chunks...
[14:43:59] T287: [fail] HEARTS WAIT: 279s remaining, sleeping in 5s chunks...
[14:44:30] T288: [fail] HEARTS WAIT: 249s remaining, sleeping in 5s chunks...
[14:45:01] T289: [fail] HEARTS WAIT: 217s remaining, sleeping in 5s chunks...
[14:45:32] T290: [fail] HEARTS WAIT: 186s remaining, sleeping in 5s chunks...
[14:46:03] T291: [fail] HEARTS WAIT: 155s remaining, sleeping in 5s chunks...
[14:46:34] T292: [fail] HEARTS WAIT: 124s remaining, sleeping in 5s chunks...
[14:47:05] T293: [fail] HEARTS WAIT: 93s remaining, sleeping in 5s chunks...
[14:47:36] T294: [fail] HEARTS WAIT: 62s remaining, sleeping in 5s chunks...
[14:48:07] T295: [fail] HEARTS WAIT: 31s remaining, sleeping in 5s chunks...
[14:48:38] T296: [fail] HEARTS-EMPTY popup detected (pixel match). Waiting 900s for regen.
[14:48:39] T297: [fail] HEARTS WAIT: 899s remaining, sleeping in 5s chunks...
[14:49:10] T298: [fail] HEARTS WAIT: 868s remaining, sleeping in 5s chunks...
[14:49:41] T299: [fail] HEARTS WAIT: 837s remaining, sleeping in 5s chunks...
[14:50:12] T300: [fail] HEARTS WAIT: 806s remaining, sleeping in 5s chunks...
[14:50:43] T301: [fail] HEARTS WAIT: 775s remaining, sleeping in 5s chunks...
[14:51:14] T302: [win] HEARTS WAIT: 744s remaining, sleeping in 5s chunks...
[14:51:45] T303: [win] HEARTS WAIT: 712s remaining, sleeping in 5s chunks...
[14:52:17] T304: [win] HEARTS WAIT: 681s remaining, sleeping in 5s chunks...
[14:52:48] T305: [win] HEARTS WAIT: 650s remaining, sleeping in 5s chunks...
[14:53:19] T306: [win] HEARTS WAIT: 619s remaining, sleeping in 5s chunks...
[14:53:50] T307: [win] HEARTS WAIT: 588s remaining, sleeping in 5s chunks...
[14:54:21] T308: [win] HEARTS WAIT: 557s remaining, sleeping in 5s chunks...
[14:54:52] T309: [win] HEARTS WAIT: 525s remaining, sleeping in 5s chunks...
[14:55:24] T310: [win] HEARTS WAIT: 494s remaining, sleeping in 5s chunks...
[14:55:55] T311: [win] HEARTS WAIT: 463s remaining, sleeping in 5s chunks...
[14:56:26] T312: [win] HEARTS WAIT: 432s remaining, sleeping in 5s chunks...
[14:56:57] T313: [win] HEARTS WAIT: 401s remaining, sleeping in 5s chunks...
[14:57:29] T314: [win] HEARTS WAIT: 369s remaining, sleeping in 5s chunks...
[14:58:00] T315: [win] HEARTS WAIT: 338s remaining, sleeping in 5s chunks...
[14:58:31] T316: [win] HEARTS WAIT: 307s remaining, sleeping in 5s chunks...
[14:59:02] T317: [win] HEARTS WAIT: 276s remaining, sleeping in 5s chunks...
[14:59:34] T318: [win] HEARTS WAIT: 244s remaining, sleeping in 5s chunks...
[15:00:05] T319: [win] HEARTS WAIT: 213s remaining, sleeping in 5s chunks...
[15:00:36] T320: [win] HEARTS WAIT: 182s remaining, sleeping in 5s chunks...
[15:01:07] T321: [win] HEARTS WAIT: 151s remaining, sleeping in 5s chunks...
[15:01:38] T322: [win] HEARTS WAIT: 120s remaining, sleeping in 5s chunks...
[15:02:09] T323: [win] HEARTS WAIT: 89s remaining, sleeping in 5s chunks...
[15:02:40] T324: [win] HEARTS WAIT: 58s remaining, sleeping in 5s chunks...
[15:03:11] T325: [win] HEARTS WAIT: 27s remaining, sleeping in 5s chunks...
[15:03:37] T326: [win] HEARTS WAIT: 1s remaining, sleeping in 5s chunks...
[15:03:43] T327: [win] Multi-tap continue positions
[15:03:47]   [SESSION] Started 24ab30315da7 (start_cells=288)
[15:03:47] T328: [gameplay] Board=288cells/6colors d=+0 [DarkGreen:201, Brown:38, Orange:27, Red:12, DarkRed:8] | Queue=[FP stall=0 fp_top=0.97] | Holder=[_/DarkGreen/DarkGreen/DarkGreen/DarkGreen] (4/5) | 0.7s
[15:03:47]   -> TAP(723,1537) [[FP:0.97] Human pattern (delta=-37, id=3699)]
[15:03:51] T329: [gameplay] Board=288cells/6colors d=+0 [DarkGreen:201, Brown:38, Orange:27, Red:12, DarkRed:8] | Queue=[FP stall=1 fp_top=0.97] | Holder=[_/DarkGreen/DarkGreen/DarkGreen/DarkGreen] (4/5) | 0.7s
[15:03:51]   -> TAP(316,1516) [[FP:0.97] Human pattern (delta=-28, id=4177)]
[15:03:54] T330: [gameplay] Board=288cells/6colors d=+0 [DarkGreen:201, Brown:38, Orange:27, Red:12, DarkRed:8] | Queue=[FP stall=2 fp_top=0.97] | Holder=[_/DarkGreen/DarkGreen/DarkGreen/DarkGreen] (4/5) | 0.6s
[15:03:54]   -> TAP(316,1516) [[FP:0.97] Human pattern (delta=-28, id=4177)]
[15:03:58] T331: [gameplay] Board=288cells/6colors d=+0 [DarkGreen:201, Brown:38, Orange:27, Red:12, DarkRed:8] | Queue=[FP stall=3 fp_top=0.97] | Holder=[_/DarkGreen/DarkGreen/DarkGreen/DarkGreen] (4/5) | 0.7s
[15:03:58]   -> TAP(732,1524) [[FP:0.97] Human pattern (delta=-20, id=3691)]
[15:04:01] T332: [gameplay] Board=288cells/6colors d=+0 [DarkGreen:201, Brown:38, Orange:27, Red:12, DarkRed:8] | Queue=[FP stall=4 fp_top=0.97] | Holder=[_/DarkGreen/DarkGreen/DarkGreen/DarkGreen] (4/5) | 0.7s
[15:04:01]   -> TAP(342,1656) [[FP:0.97] Human pattern (delta=-14, id=3702)]
[15:04:05] T333: [gameplay] Board=288cells/6colors d=+0 [DarkGreen:201, Brown:38, Orange:27, Red:12, DarkRed:8] | Queue=[EXPLORE stall=5 fp_top=0.97] | Holder=[_/DarkGreen/DarkGreen/DarkGreen/DarkGreen] (4/5) | 0.7s
[15:04:05]   -> TAP(627,1211) [[EXPLORE:PlayDB] Tap (627,1211) human pattern #2]
[15:04:07] T334: [gameplay] Board=288cells/6colors d=+0 [DarkGreen:201, Brown:38, Orange:27, Red:12, DarkRed:8] | Queue=[EXPLORE stall=6 fp_top=0.97] | Holder=[_/DarkGreen/DarkGreen/DarkGreen/DarkGreen] (4/5) | 0.8s
[15:04:07]   -> TAP(202,175) [[EXPLORE:PlayDB] Tap (202,175) human pattern #3]
[15:04:10] T335: [gameplay] Board=288cells/6colors d=+0 [DarkGreen:201, Brown:38, Orange:27, Red:12, DarkRed:8] | Queue=[EXPLORE stall=7 fp_top=0.97] | Holder=[_/DarkGreen/DarkGreen/DarkGreen/DarkGreen] (4/5) | 0.7s
[15:04:10]   -> TAP(817,1164) [[EXPLORE:PlayDB] Tap (817,1164) human pattern #4]
[15:04:13] T336: [gameplay] Board=288cells/6colors d=+0 [DarkGreen:201, Brown:38, Orange:27, Red:12, DarkRed:8] | Queue=[EXPLORE stall=8 fp_top=0.97] | Holder=[_/DarkGreen/DarkGreen/DarkGreen/DarkGreen] (4/5) | 0.7s
[15:04:13]   -> TAP(280,1500) [[EXPLORE:ZONE:0] Tap zone (280,1500)]
[15:04:16] T337: [gameplay] Board=288cells/6colors d=+0 [DarkGreen:201, Brown:38, Orange:27, Red:12, DarkRed:8] | Queue=[EXPLORE stall=9 fp_top=0.97] | Holder=[_/DarkGreen/DarkGreen/DarkGreen/DarkGreen] (4/5) | 0.7s
[15:04:16]   -> TAP(400,1500) [[EXPLORE:ZONE:1] Tap zone (400,1500)]
[15:04:19] T338: [gameplay] Board=288cells/6colors d=+0 [DarkGreen:201, Brown:38, Orange:27, Red:12, DarkRed:8] | Queue=[EXPLORE stall=10 fp_top=0.97] | Holder=[_/DarkGreen/DarkGreen/DarkGreen/DarkGreen] (4/5) | 0.7s
[15:04:19]   -> TAP(530,1500) [[EXPLORE:ZONE:2] Tap zone (530,1500)]
[15:04:22] T339: [gameplay] Board=288cells/6colors d=+0 [DarkGreen:201, Brown:38, Orange:27, Red:12, DarkRed:8] | Queue=[EXPLORE stall=11 fp_top=0.97] | Holder=[_/DarkRed/SageTeal/SageTeal/SageTeal] (4/5) | 0.7s
[15:04:22]   -> TAP(660,1500) [[EXPLORE:ZONE:3] Tap zone (660,1500)]
[15:04:25] T340: [gameplay] Board=288cells/6colors d=+0 [DarkGreen:201, Brown:38, Orange:27, Red:12, DarkRed:8] | Queue=[EXPLORE stall=12 fp_top=0.97] | Holder=[_/DarkRed/_/_/_] (1/5) | 0.8s
[15:04:25]   -> TAP(780,1500) [[EXPLORE:ZONE:4] Tap zone (780,1500)]
[15:04:28]   [LEARN] Explore tap (780,1500) WORKED! (d=-33)
[15:04:28] T341: [gameplay] Board=255cells/6colors d=-33 [DarkGreen:168, Brown:38, Orange:27, Red:12, DarkRed:8] | Queue=[FP stall=0 fp_top=0.95] | Holder=[_/DarkRed/_/_/_] (1/5) | 0.7s
[15:04:28]   -> TAP(524,1512) [[FP:0.96] Human pattern (delta=-9, id=3250)]
[15:04:31] T342: [gameplay] Board=251cells/6colors d=-4 [DarkGreen:164, Brown:38, Orange:27, Red:12, DarkRed:8] | Queue=[FP stall=0 fp_top=0.95] | Holder=[_/DarkRed/_/_/_] (1/5) | 0.6s
[15:04:31]   -> TAP(314,1495) [[FP:0.95] Human pattern (delta=-59, id=4165)]
[15:04:35] T343: [gameplay] Board=251cells/6colors d=+0 [DarkGreen:164, Brown:38, Orange:27, Red:12, DarkRed:8] | Queue=[FP stall=1 fp_top=0.95] | Holder=[_/DarkRed/_/_/_] (1/5) | 0.6s
[15:04:35]   -> TAP(696,1517) [[FP:0.96] Human pattern (delta=-40, id=6969)]
[15:04:38] T344: [gameplay] Board=251cells/6colors d=+0 [DarkGreen:164, Brown:38, Orange:27, Red:12, DarkRed:8] | Queue=[FP stall=2 fp_top=0.95] | Holder=[_/DarkRed/_/_/_] (1/5) | 0.6s
[15:04:38]   -> TAP(342,1656) [[FP:0.96] Human pattern (delta=-14, id=3702)]
[15:04:42]   [EXPLORE] Entering exploration mode (stall x3)
[15:04:42] T345: [gameplay] Board=251cells/6colors d=+0 [DarkGreen:164, Brown:38, Orange:27, Red:12, DarkRed:8] | Queue=[FP stall=3 fp_top=0.95] | Holder=[White/DarkRed/_/_/_] (2/5) | 0.8s
[15:04:42]   -> TAP(524,1512) [[FP:0.96] Human pattern (delta=-9, id=3250)]
[15:04:44] T346: [popup] Multi-tap close/retry positions
[15:04:49]   [SESSION] Ended 24ab30315da7: fail (18 turns, end_cells=251)
[15:04:49] T347: [fail] Multi-tap close/retry positions
[15:04:53] T348: [fail] Multi-tap close/retry positions
[15:04:58] T349: [fail] Multi-tap close/retry positions
[15:05:02] T350: POPUP LOOP (fail), relaunch
[15:05:15] T351: [loading] PlayDB: 3 patterns, trying top 2
[15:05:19] T352: [loading] PlayDB: 3 patterns, trying top 2
[15:05:24] T353: [loading] PlayDB: 3 patterns, trying top 2
[15:05:28] T354: [loading] PlayDB: 3 patterns, trying top 2
[15:05:32] T355: [lobby] Hardcoded play button (540,1450)
[15:05:35] T356: [fail] HEARTS-EMPTY popup detected (pixel match). Waiting 900s for regen.
[15:05:35] T357: [fail] HEARTS WAIT: 899s remaining, sleeping in 5s chunks...
[15:06:06] T358: [fail] HEARTS WAIT: 868s remaining, sleeping in 5s chunks...
[15:06:37] T359: [fail] HEARTS WAIT: 837s remaining, sleeping in 5s chunks...
[15:07:08] T360: [fail] HEARTS WAIT: 807s remaining, sleeping in 5s chunks...
[15:07:39] T361: [fail] HEARTS WAIT: 776s remaining, sleeping in 5s chunks...
[15:08:09] T362: [fail] HEARTS WAIT: 745s remaining, sleeping in 5s chunks...
[15:08:40] T363: [fail] HEARTS WAIT: 714s remaining, sleeping in 5s chunks...
[15:09:11] T364: [fail] HEARTS WAIT: 683s remaining, sleeping in 5s chunks...
[15:09:42] T365: [fail] HEARTS WAIT: 652s remaining, sleeping in 5s chunks...
[15:10:13] T366: [fail] HEARTS WAIT: 622s remaining, sleeping in 5s chunks...
[15:10:44] T367: [fail] HEARTS WAIT: 591s remaining, sleeping in 5s chunks...
[15:11:14] T368: [fail] HEARTS WAIT: 560s remaining, sleeping in 5s chunks...
[15:11:45] T369: [fail] HEARTS WAIT: 529s remaining, sleeping in 5s chunks...
[15:12:15] 
[15:12:15] ============================================================
[15:12:15] SESSION COMPLETE
[15:12:15] ============================================================
[15:12:15] Total turns:   369
[15:12:15] Games started: 3
[15:12:15] Games won:     5
[15:12:15] Games failed:  6
[15:12:15] AI Play DB: E:\AI\virtual_player\data\db\ai_play_pixelflow.db
[15:12:15] Fingerprint DB: E:\AI\virtual_player\data\pixelflow\db\fingerprint.db (loaded)
[15:12:15] Stats saved: E:\AI\virtual_player\data\games\pixelflow\temp\smart\smart_stats.json
