[05:01:06] ============================================================
[05:01:06] Smart PixelFlow Player START
[05:01:06] Duration: 120 min | Target: 07:01:06
[05:01:06] ADB: C:/Program Files/BlueStacks_nxt/HD-Adb.exe | Device: emulator-5554
[05:01:06] YOLO: best.pt
[05:01:06] Profile: cell_profile.json
[FingerprintSearcher] Loaded 4891 rows (win_only=True)
[05:01:06] Fingerprint DB: fingerprint.db (loaded)
[05:01:06] FP threshold: 0.78, top_k: 8
[05:01:06] ============================================================
[05:01:17] T1: [lobby] Hardcoded play button (540,1450)
[05:01:20]   [SESSION] Started 1c1e6f5691ab (start_cells=302)
[05:01:20] T2: [gameplay] Board=302cells/6colors d=+0 [DarkGreen:209, Brown:32, Orange:28, DarkRed:16, Red:13] | Queue=[FP stall=0 fp_top=0.98] | Holder=[_/DarkGreen/DarkGreen/DarkGreen/DarkGreen] (4/5) | 0.7s
[05:01:20]   -> TAP(696,1517) [[FP:0.98] Human pattern (delta=-40, id=6969)]
[05:01:23] T3: [gameplay] Board=302cells/6colors d=+0 [DarkGreen:209, Brown:32, Orange:28, DarkRed:16, Red:13] | Queue=[FP stall=1 fp_top=0.98] | Holder=[_/DarkGreen/DarkGreen/DarkGreen/DarkGreen] (4/5) | 0.5s
[05:01:23]   -> TAP(732,1524) [[FP:0.97] Human pattern (delta=-20, id=3691)]
[05:01:27] T4: [gameplay] Board=302cells/6colors d=+0 [DarkGreen:209, Brown:32, Orange:28, DarkRed:16, Red:13] | Queue=[FP stall=2 fp_top=0.98] | Holder=[_/DarkGreen/DarkGreen/DarkGreen/DarkGreen] (4/5) | 0.5s
[05:01:27]   -> TAP(524,1512) [[FP:0.98] Human pattern (delta=-9, id=3250)]
[05:01:30] T5: [gameplay] Board=302cells/6colors d=+0 [DarkGreen:209, Brown:32, Orange:28, DarkRed:16, Red:13] | Queue=[FP stall=3 fp_top=0.98] | Holder=[_/DarkRed/SageTeal/_/SageTeal] (3/5) | 0.5s
[05:01:30]   -> TAP(316,1516) [[FP:0.96] Human pattern (delta=-28, id=4177)]
[05:01:33] T6: [gameplay] Board=302cells/6colors d=+0 [DarkGreen:209, Brown:32, Orange:28, DarkRed:16, Red:13] | Queue=[FP stall=4 fp_top=0.98] | Holder=[_/DarkRed/SageTeal/_/SageTeal] (3/5) | 0.6s
[05:01:33]   -> TAP(342,1656) [[FP:0.98] Human pattern (delta=-14, id=3702)]
[05:01:36]   [EXPLORE] Entering exploration mode (stall x5)
[05:01:37] T7: [gameplay] Board=302cells/6colors d=+0 [DarkGreen:209, Brown:32, Orange:28, DarkRed:16, Red:13] | Queue=[EXPLORE stall=5 fp_top=0.98] | Holder=[_/DarkRed/SageTeal/_/SageTeal] (3/5) | 1.3s
[05:01:37]   -> TAP(869,1653) [[EXPLORE:PlayDB] Tap (869,1653) human pattern #1]
[05:01:40] T8: [gameplay] Board=302cells/6colors d=+0 [DarkGreen:209, Brown:32, Orange:28, DarkRed:16, Red:13] | Queue=[EXPLORE stall=6 fp_top=0.98] | Holder=[_/DarkRed/SageTeal/_/SageTeal] (3/5) | 0.6s
[05:01:40]   -> TAP(627,1211) [[EXPLORE:PlayDB] Tap (627,1211) human pattern #2]
[05:01:42] T9: [gameplay] Board=302cells/6colors d=+0 [DarkGreen:209, Brown:32, Orange:28, DarkRed:16, Red:13] | Queue=[EXPLORE stall=7 fp_top=0.98] | Holder=[_/DarkRed/SageTeal/_/SageTeal] (3/5) | 0.6s
[05:01:42]   -> TAP(202,175) [[EXPLORE:PlayDB] Tap (202,175) human pattern #3]
[05:01:45] T10: [gameplay] Board=302cells/6colors d=+0 [DarkGreen:209, Brown:32, Orange:28, DarkRed:16, Red:13] | Queue=[EXPLORE stall=8 fp_top=0.98] | Holder=[_/DarkRed/SageTeal/_/SageTeal] (3/5) | 0.6s
[05:01:45]   -> TAP(817,1164) [[EXPLORE:PlayDB] Tap (817,1164) human pattern #4]
[05:01:48] T11: [gameplay] Board=302cells/6colors d=+0 [DarkGreen:209, Brown:32, Orange:28, DarkRed:16, Red:13] | Queue=[EXPLORE stall=9 fp_top=0.98] | Holder=[_/DarkRed/SageTeal/_/SageTeal] (3/5) | 0.6s
[05:01:48]   -> TAP(185,930) [[EXPLORE:ZONE:0] Tap zone (185,930)]
[05:01:51] T12: [gameplay] Board=302cells/6colors d=+0 [DarkGreen:209, Brown:32, Orange:28, DarkRed:16, Red:13] | Queue=[EXPLORE stall=10 fp_top=0.98] | Holder=[_/DarkRed/SageTeal/_/SageTeal] (3/5) | 0.5s
[05:01:51]   -> TAP(310,930) [[EXPLORE:ZONE:1] Tap zone (310,930)]
[05:01:53] T13: [gameplay] Board=302cells/6colors d=+0 [DarkGreen:209, Brown:32, Orange:28, DarkRed:16, Red:13] | Queue=[EXPLORE stall=11 fp_top=0.98] | Holder=[_/DarkRed/SageTeal/_/SageTeal] (3/5) | 0.6s
[05:01:53]   -> TAP(435,930) [[EXPLORE:ZONE:2] Tap zone (435,930)]
[05:01:56] T14: [gameplay] Board=302cells/6colors d=+0 [DarkGreen:209, Brown:32, Orange:28, DarkRed:16, Red:13] | Queue=[EXPLORE stall=12 fp_top=0.98] | Holder=[_/DarkRed/SageTeal/_/SageTeal] (3/5) | 0.6s
[05:01:56]   -> TAP(560,930) [[EXPLORE:ZONE:3] Tap zone (560,930)]
[05:01:59] T15: [gameplay] Board=302cells/6colors d=+0 [DarkGreen:209, Brown:32, Orange:28, DarkRed:16, Red:13] | Queue=[EXPLORE stall=13 fp_top=0.98] | Holder=[_/DarkRed/SageTeal/_/SageTeal] (3/5) | 0.6s
[05:01:59]   -> TAP(685,930) [[EXPLORE:ZONE:4] Tap zone (685,930)]
[05:02:02] T16: [gameplay] Board=302cells/6colors d=+0 [DarkGreen:209, Brown:32, Orange:28, DarkRed:16, Red:13] | Queue=[EXPLORE stall=14 fp_top=0.98] | Holder=[_/DarkRed/SageTeal/_/SageTeal] (3/5) | 0.6s
[05:02:02]   -> TAP(400,400) [[EXPLORE:ZONE:5] Tap zone (400,400)]
[05:02:04] T17: [gameplay] Board=302cells/6colors d=+0 [DarkGreen:209, Brown:32, Orange:28, DarkRed:16, Red:13] | Queue=[EXPLORE stall=15 fp_top=0.98] | Holder=[_/DarkRed/SageTeal/_/SageTeal] (3/5) | 0.6s
[05:02:04]   -> TAP(540,400) [[EXPLORE:ZONE:6] Tap zone (540,400)]
[05:02:07] T18: [gameplay] Board=302cells/6colors d=+0 [DarkGreen:209, Brown:32, Orange:28, DarkRed:16, Red:13] | Queue=[EXPLORE stall=16 fp_top=0.98] | Holder=[_/DarkRed/SageTeal/_/SageTeal] (3/5) | 0.6s
[05:02:07]   -> TAP(680,400) [[EXPLORE:ZONE:7] Tap zone (680,400)]
[05:02:10] T19: [gameplay] Board=302cells/6colors d=+0 [DarkGreen:209, Brown:32, Orange:28, DarkRed:16, Red:13] | Queue=[EXPLORE stall=17 fp_top=0.98] | Holder=[_/DarkRed/SageTeal/_/SageTeal] (3/5) | 0.6s
[05:02:10]   -> TAP(400,550) [[EXPLORE:ZONE:8] Tap zone (400,550)]
[05:02:12] T20: [gameplay] Board=302cells/6colors d=+0 [DarkGreen:209, Brown:32, Orange:28, DarkRed:16, Red:13] | Queue=[EXPLORE stall=18 fp_top=0.98] | Holder=[_/DarkRed/SageTeal/_/SageTeal] (3/5) | 0.6s
[05:02:12]   -> TAP(540,550) [[EXPLORE:ZONE:9] Tap zone (540,550)]
[05:02:15] T21: NO PROGRESS 20 turns (cells=302) — abandoning session + relaunch
[05:02:15]   [SESSION] Ended 1c1e6f5691ab: stuck (19 turns, end_cells=302)
[05:02:28] T22: [loading] PlayDB: 3 patterns, trying top 2
[05:02:32] T23: [loading] PlayDB: 3 patterns, trying top 2
[05:02:36] T24: [loading] PlayDB: 3 patterns, trying top 2
[05:02:40] T25: [lobby] Hardcoded play button (540,1450)
[05:02:42] T26: [fail] HEARTS-EMPTY popup detected (pixel match). Waiting 900s for regen.
[05:02:43] T27: [fail] HEARTS WAIT: 899s remaining, sleeping in 5s chunks...
[05:03:14] T28: [fail] HEARTS WAIT: 868s remaining, sleeping in 5s chunks...
[05:03:45] T29: [fail] HEARTS WAIT: 837s remaining, sleeping in 5s chunks...
[05:04:15] T30: [fail] HEARTS WAIT: 806s remaining, sleeping in 5s chunks...
[05:04:46] T31: [fail] HEARTS WAIT: 776s remaining, sleeping in 5s chunks...
[05:05:17] T32: [fail] HEARTS WAIT: 745s remaining, sleeping in 5s chunks...
[05:05:48] T33: [fail] HEARTS WAIT: 714s remaining, sleeping in 5s chunks...
[05:06:18] T34: [fail] HEARTS WAIT: 684s remaining, sleeping in 5s chunks...
[05:06:49] T35: [fail] HEARTS WAIT: 653s remaining, sleeping in 5s chunks...
[05:07:20] T36: [fail] HEARTS WAIT: 622s remaining, sleeping in 5s chunks...
[05:07:51] T37: [fail] HEARTS WAIT: 591s remaining, sleeping in 5s chunks...
[05:08:22] T38: [fail] HEARTS WAIT: 560s remaining, sleeping in 5s chunks...
[05:08:52] T39: [fail] HEARTS WAIT: 529s remaining, sleeping in 5s chunks...
[05:09:23] T40: [fail] HEARTS WAIT: 499s remaining, sleeping in 5s chunks...
[05:09:54] T41: [fail] HEARTS WAIT: 468s remaining, sleeping in 5s chunks...
[05:10:25] T42: [fail] HEARTS WAIT: 437s remaining, sleeping in 5s chunks...
[05:10:56] T43: [fail] HEARTS WAIT: 406s remaining, sleeping in 5s chunks...
[05:11:27] T44: [fail] HEARTS WAIT: 375s remaining, sleeping in 5s chunks...
[05:11:57] T45: [fail] HEARTS WAIT: 345s remaining, sleeping in 5s chunks...
[05:12:28] T46: [fail] HEARTS WAIT: 314s remaining, sleeping in 5s chunks...
[05:12:59] T47: [fail] HEARTS WAIT: 283s remaining, sleeping in 5s chunks...
[05:13:30] T48: [fail] HEARTS WAIT: 252s remaining, sleeping in 5s chunks...
[05:14:00] T49: [fail] HEARTS WAIT: 222s remaining, sleeping in 5s chunks...
[05:14:31] T50: [fail] HEARTS WAIT: 191s remaining, sleeping in 5s chunks...
[05:15:02] T51: [fail] HEARTS WAIT: 160s remaining, sleeping in 5s chunks...
[05:15:33] T52: [fail] HEARTS WAIT: 129s remaining, sleeping in 5s chunks...
[05:16:04] T53: [fail] HEARTS WAIT: 98s remaining, sleeping in 5s chunks...
[05:16:35] T54: [fail] HEARTS WAIT: 67s remaining, sleeping in 5s chunks...
[05:17:05] T55: [fail] HEARTS WAIT: 37s remaining, sleeping in 5s chunks...
[05:17:36] T56: [fail] HEARTS WAIT: 6s remaining, sleeping in 5s chunks...
[05:17:42] T57: [fail] HEARTS-EMPTY popup detected (pixel match). Waiting 900s for regen.
[05:17:42] T58: [fail] HEARTS WAIT: 899s remaining, sleeping in 5s chunks...
[05:18:13] T59: [fail] HEARTS WAIT: 868s remaining, sleeping in 5s chunks...
[05:18:44] T60: [fail] HEARTS WAIT: 837s remaining, sleeping in 5s chunks...
[05:19:15] T61: [fail] HEARTS WAIT: 806s remaining, sleeping in 5s chunks...
[05:19:46] T62: [fail] HEARTS WAIT: 776s remaining, sleeping in 5s chunks...
[05:20:16] T63: [fail] HEARTS WAIT: 745s remaining, sleeping in 5s chunks...
[05:20:47] T64: [fail] HEARTS WAIT: 714s remaining, sleeping in 5s chunks...
[05:21:18] T65: [lobby] HEARTS WAIT: 683s remaining, sleeping in 5s chunks...
[05:21:49] T66: [lobby] HEARTS WAIT: 652s remaining, sleeping in 5s chunks...
[05:22:20] T67: [lobby] HEARTS WAIT: 621s remaining, sleeping in 5s chunks...
[05:22:51] T68: [lobby] HEARTS WAIT: 590s remaining, sleeping in 5s chunks...
[05:23:22] T69: [lobby] HEARTS WAIT: 559s remaining, sleeping in 5s chunks...
[05:23:53] T70: [lobby] HEARTS WAIT: 528s remaining, sleeping in 5s chunks...
[05:24:24] T71: [lobby] HEARTS WAIT: 497s remaining, sleeping in 5s chunks...
[05:24:55] T72: [lobby] HEARTS WAIT: 466s remaining, sleeping in 5s chunks...
[05:25:26] T73: [lobby] HEARTS WAIT: 435s remaining, sleeping in 5s chunks...
[05:25:57] T74: [lobby] HEARTS WAIT: 404s remaining, sleeping in 5s chunks...
[05:26:28] T75: [lobby] HEARTS WAIT: 374s remaining, sleeping in 5s chunks...
[05:26:59] T76: [lobby] HEARTS WAIT: 343s remaining, sleeping in 5s chunks...
[05:27:30] T77: [lobby] HEARTS WAIT: 312s remaining, sleeping in 5s chunks...
[05:28:01] T78: [lobby] HEARTS WAIT: 281s remaining, sleeping in 5s chunks...
[05:28:32] T79: [lobby] HEARTS WAIT: 250s remaining, sleeping in 5s chunks...
[05:29:03] T80: [lobby] HEARTS WAIT: 219s remaining, sleeping in 5s chunks...
[05:29:34] T81: [lobby] HEARTS WAIT: 188s remaining, sleeping in 5s chunks...
[05:30:04] T82: [lobby] HEARTS WAIT: 157s remaining, sleeping in 5s chunks...
[05:30:35] T83: [lobby] HEARTS WAIT: 126s remaining, sleeping in 5s chunks...
[05:31:06] T84: [lobby] HEARTS WAIT: 95s remaining, sleeping in 5s chunks...
[05:31:37] T85: [lobby] HEARTS WAIT: 64s remaining, sleeping in 5s chunks...
[05:32:08] T86: [lobby] HEARTS WAIT: 33s remaining, sleeping in 5s chunks...
[05:32:39] T87: [lobby] HEARTS WAIT: 2s remaining, sleeping in 5s chunks...
[05:32:45] T88: [lobby] Hardcoded play button (540,1450)
[05:32:49]   [SESSION] Started 1b28f88fe038 (start_cells=279)
[05:32:49] T89: [gameplay] Board=279cells/6colors d=+0 [DarkGreen:200, Brown:31, Orange:25, DarkRed:10, DustyRose:7] | Queue=[FP stall=0 fp_top=0.98] | Holder=[_/DarkGreen/DarkGreen/DarkGreen/DarkGreen] (4/5) | 0.8s
[05:32:49]   -> TAP(696,1517) [[FP:0.98] Human pattern (delta=-40, id=6969)]
[05:32:52] T90: [gameplay] Board=279cells/6colors d=+0 [DarkGreen:200, Brown:31, Orange:25, DarkRed:10, DustyRose:7] | Queue=[FP stall=1 fp_top=0.98] | Holder=[_/DarkGreen/DarkGreen/DarkGreen/DarkGreen] (4/5) | 0.6s
[05:32:52]   -> TAP(732,1524) [[FP:0.98] Human pattern (delta=-20, id=3691)]
[05:32:55] T91: [gameplay] Board=279cells/6colors d=+0 [DarkGreen:200, Brown:31, Orange:25, DarkRed:10, DustyRose:7] | Queue=[FP stall=2 fp_top=0.98] | Holder=[_/DarkGreen/DarkGreen/DarkGreen/DarkGreen] (4/5) | 0.6s
[05:32:55]   -> TAP(524,1512) [[FP:0.98] Human pattern (delta=-9, id=3250)]
[05:32:58] T92: [gameplay] Board=279cells/6colors d=+0 [DarkGreen:200, Brown:31, Orange:25, DarkRed:10, DustyRose:7] | Queue=[FP stall=3 fp_top=0.98] | Holder=[_/DarkRed/SageTeal/_/SageTeal] (3/5) | 0.6s
[05:32:58]   -> TAP(316,1516) [[FP:0.97] Human pattern (delta=-28, id=4177)]
[05:33:02] T93: [gameplay] Board=279cells/6colors d=+0 [DarkGreen:200, Brown:31, Orange:25, DarkRed:10, DustyRose:7] | Queue=[FP stall=4 fp_top=0.98] | Holder=[_/DarkRed/SageTeal/_/SageTeal] (3/5) | 0.6s
[05:33:02]   -> TAP(342,1656) [[FP:0.98] Human pattern (delta=-14, id=3702)]
[05:33:05]   [EXPLORE] Entering exploration mode (stall x5)
[05:33:05] T94: [gameplay] Board=279cells/6colors d=+0 [DarkGreen:200, Brown:31, Orange:25, DarkRed:10, DustyRose:7] | Queue=[EXPLORE stall=5 fp_top=0.98] | Holder=[_/DarkRed/SageTeal/_/SageTeal] (3/5) | 0.6s
[05:33:05]   -> TAP(869,1653) [[EXPLORE:PlayDB] Tap (869,1653) human pattern #1]
[05:33:08] T95: [gameplay] Board=279cells/6colors d=+0 [DarkGreen:200, Brown:31, Orange:25, DarkRed:10, DustyRose:7] | Queue=[EXPLORE stall=6 fp_top=0.98] | Holder=[_/DarkRed/SageTeal/_/SageTeal] (3/5) | 0.7s
[05:33:08]   -> TAP(627,1211) [[EXPLORE:PlayDB] Tap (627,1211) human pattern #2]
[05:33:11] T96: [gameplay] Board=279cells/6colors d=+0 [DarkGreen:200, Brown:31, Orange:25, DarkRed:10, DustyRose:7] | Queue=[EXPLORE stall=7 fp_top=0.98] | Holder=[_/DarkRed/SageTeal/_/SageTeal] (3/5) | 0.7s
[05:33:11]   -> TAP(202,175) [[EXPLORE:PlayDB] Tap (202,175) human pattern #3]
[05:33:14] T97: [gameplay] Board=279cells/6colors d=+0 [DarkGreen:200, Brown:31, Orange:25, DarkRed:10, DustyRose:7] | Queue=[EXPLORE stall=8 fp_top=0.98] | Holder=[_/DarkRed/SageTeal/_/SageTeal] (3/5) | 0.7s
[05:33:14]   -> TAP(817,1164) [[EXPLORE:PlayDB] Tap (817,1164) human pattern #4]
[05:33:16] T98: [gameplay] Board=279cells/6colors d=+0 [DarkGreen:200, Brown:31, Orange:25, DarkRed:10, DustyRose:7] | Queue=[EXPLORE stall=9 fp_top=0.98] | Holder=[_/DarkRed/SageTeal/_/SageTeal] (3/5) | 0.7s
[05:33:16]   -> TAP(185,930) [[EXPLORE:ZONE:0] Tap zone (185,930)]
[05:33:19] T99: [gameplay] Board=279cells/6colors d=+0 [DarkGreen:200, Brown:31, Orange:25, DarkRed:10, DustyRose:7] | Queue=[EXPLORE stall=10 fp_top=0.98] | Holder=[_/DarkRed/SageTeal/_/SageTeal] (3/5) | 0.7s
[05:33:19]   -> TAP(310,930) [[EXPLORE:ZONE:1] Tap zone (310,930)]
[05:33:22] T100: [gameplay] Board=279cells/6colors d=+0 [DarkGreen:200, Brown:31, Orange:25, DarkRed:10, DustyRose:7] | Queue=[EXPLORE stall=11 fp_top=0.98] | Holder=[_/DarkRed/SageTeal/_/SageTeal] (3/5) | 0.7s
[05:33:22]   -> TAP(435,930) [[EXPLORE:ZONE:2] Tap zone (435,930)]
[05:33:25] T101: [gameplay] Board=279cells/6colors d=+0 [DarkGreen:200, Brown:31, Orange:25, DarkRed:10, DustyRose:7] | Queue=[EXPLORE stall=12 fp_top=0.98] | Holder=[_/DarkRed/SageTeal/_/SageTeal] (3/5) | 0.7s
[05:33:25]   -> TAP(560,930) [[EXPLORE:ZONE:3] Tap zone (560,930)]
[05:33:28] T102: [gameplay] Board=279cells/6colors d=+0 [DarkGreen:200, Brown:31, Orange:25, DarkRed:10, DustyRose:7] | Queue=[EXPLORE stall=13 fp_top=0.98] | Holder=[_/DarkRed/SageTeal/_/SageTeal] (3/5) | 0.7s
[05:33:28]   -> TAP(685,930) [[EXPLORE:ZONE:4] Tap zone (685,930)]
[05:33:31] T103: [gameplay] Board=279cells/6colors d=+0 [DarkGreen:200, Brown:31, Orange:25, DarkRed:10, DustyRose:7] | Queue=[EXPLORE stall=14 fp_top=0.98] | Holder=[_/DarkRed/SageTeal/_/SageTeal] (3/5) | 0.7s
[05:33:31]   -> TAP(400,400) [[EXPLORE:ZONE:5] Tap zone (400,400)]
[05:33:34] T104: [gameplay] Board=279cells/6colors d=+0 [DarkGreen:200, Brown:31, Orange:25, DarkRed:10, DustyRose:7] | Queue=[EXPLORE stall=15 fp_top=0.98] | Holder=[_/DarkRed/SageTeal/_/SageTeal] (3/5) | 0.6s
[05:33:34]   -> TAP(540,400) [[EXPLORE:ZONE:6] Tap zone (540,400)]
[05:33:37] T105: [gameplay] Board=279cells/6colors d=+0 [DarkGreen:200, Brown:31, Orange:25, DarkRed:10, DustyRose:7] | Queue=[EXPLORE stall=16 fp_top=0.98] | Holder=[_/DarkRed/SageTeal/_/SageTeal] (3/5) | 0.6s
[05:33:37]   -> TAP(680,400) [[EXPLORE:ZONE:7] Tap zone (680,400)]
[05:33:40] T106: [gameplay] Board=279cells/6colors d=+0 [DarkGreen:200, Brown:31, Orange:25, DarkRed:10, DustyRose:7] | Queue=[EXPLORE stall=17 fp_top=0.98] | Holder=[_/DarkRed/SageTeal/_/SageTeal] (3/5) | 0.6s
[05:33:40]   -> TAP(400,550) [[EXPLORE:ZONE:8] Tap zone (400,550)]
[05:33:42] T107: [gameplay] Board=279cells/6colors d=+0 [DarkGreen:200, Brown:31, Orange:25, DarkRed:10, DustyRose:7] | Queue=[EXPLORE stall=18 fp_top=0.98] | Holder=[_/DarkRed/SageTeal/_/SageTeal] (3/5) | 0.7s
[05:33:42]   -> TAP(540,550) [[EXPLORE:ZONE:9] Tap zone (540,550)]
[05:33:45] T108: NO PROGRESS 20 turns (cells=279) — abandoning session + relaunch
[05:33:45]   [SESSION] Ended 1b28f88fe038: stuck (19 turns, end_cells=279)
[05:33:57] T109: [loading] PlayDB: 3 patterns, trying top 2
[05:34:02] T110: [loading] PlayDB: 3 patterns, trying top 2
[05:34:06] T111: [loading] PlayDB: 3 patterns, trying top 2
[05:34:10] T112: [lobby] Hardcoded play button (540,1450)
[05:34:13] T113: [fail] HEARTS-EMPTY popup detected (pixel match). Waiting 900s for regen.
[05:34:13] T114: [fail] HEARTS WAIT: 899s remaining, sleeping in 5s chunks...
[05:34:44] T115: [fail] HEARTS WAIT: 868s remaining, sleeping in 5s chunks...
[05:35:15] T116: [fail] HEARTS WAIT: 837s remaining, sleeping in 5s chunks...
[05:35:46] T117: [fail] HEARTS WAIT: 807s remaining, sleeping in 5s chunks...
[05:36:16] T118: [fail] HEARTS WAIT: 776s remaining, sleeping in 5s chunks...
[05:36:47] T119: [fail] HEARTS WAIT: 745s remaining, sleeping in 5s chunks...
[05:37:18] T120: [fail] HEARTS WAIT: 714s remaining, sleeping in 5s chunks...
[05:37:49] T121: [fail] HEARTS WAIT: 683s remaining, sleeping in 5s chunks...
[05:38:20] T122: [fail] HEARTS WAIT: 652s remaining, sleeping in 5s chunks...
[05:38:51] T123: [fail] HEARTS WAIT: 622s remaining, sleeping in 5s chunks...
[05:39:21] T124: [fail] HEARTS WAIT: 591s remaining, sleeping in 5s chunks...
[05:39:52] T125: [fail] HEARTS WAIT: 560s remaining, sleeping in 5s chunks...
[05:40:23] T126: [fail] HEARTS WAIT: 529s remaining, sleeping in 5s chunks...
[05:40:54] T127: [fail] HEARTS WAIT: 498s remaining, sleeping in 5s chunks...
[05:41:25] T128: [fail] HEARTS WAIT: 468s remaining, sleeping in 5s chunks...
[05:41:55] T129: [fail] HEARTS WAIT: 437s remaining, sleeping in 5s chunks...
[05:42:26] T130: [fail] HEARTS WAIT: 406s remaining, sleeping in 5s chunks...
[05:42:57] T131: [fail] HEARTS WAIT: 375s remaining, sleeping in 5s chunks...
[05:43:28] T132: [fail] HEARTS WAIT: 344s remaining, sleeping in 5s chunks...
[05:43:59] T133: [fail] HEARTS WAIT: 314s remaining, sleeping in 5s chunks...
[05:44:29] T134: [fail] HEARTS WAIT: 283s remaining, sleeping in 5s chunks...
[05:45:00] T135: [fail] HEARTS WAIT: 252s remaining, sleeping in 5s chunks...
[05:45:31] T136: [fail] HEARTS WAIT: 221s remaining, sleeping in 5s chunks...
[05:46:02] T137: [fail] HEARTS WAIT: 190s remaining, sleeping in 5s chunks...
[05:46:33] T138: [fail] HEARTS WAIT: 159s remaining, sleeping in 5s chunks...
[05:47:03] T139: [fail] HEARTS WAIT: 129s remaining, sleeping in 5s chunks...
[05:47:34] T140: [fail] HEARTS WAIT: 98s remaining, sleeping in 5s chunks...
[05:48:05] T141: [fail] HEARTS WAIT: 67s remaining, sleeping in 5s chunks...
[05:48:36] T142: [fail] HEARTS WAIT: 36s remaining, sleeping in 5s chunks...
[05:49:07] T143: [fail] HEARTS WAIT: 5s remaining, sleeping in 5s chunks...
[05:49:12] T144: [fail] HEARTS-EMPTY popup detected (pixel match). Waiting 900s for regen.
[05:49:13] T145: [fail] HEARTS WAIT: 899s remaining, sleeping in 5s chunks...
[05:49:44] T146: [fail] HEARTS WAIT: 868s remaining, sleeping in 5s chunks...
[05:50:14] T147: [fail] HEARTS WAIT: 837s remaining, sleeping in 5s chunks...
[05:50:45] T148: [fail] HEARTS WAIT: 807s remaining, sleeping in 5s chunks...
[05:51:16] T149: [fail] HEARTS WAIT: 776s remaining, sleeping in 5s chunks...
[05:51:47] T150: [lobby] HEARTS WAIT: 745s remaining, sleeping in 5s chunks...
[05:52:18] T151: [lobby] HEARTS WAIT: 714s remaining, sleeping in 5s chunks...
[05:52:49] T152: [lobby] HEARTS WAIT: 683s remaining, sleeping in 5s chunks...
[05:53:20] T153: [lobby] HEARTS WAIT: 652s remaining, sleeping in 5s chunks...
[05:53:51] T154: [lobby] HEARTS WAIT: 621s remaining, sleeping in 5s chunks...
[05:54:22] T155: [lobby] HEARTS WAIT: 590s remaining, sleeping in 5s chunks...
[05:54:53] T156: [lobby] HEARTS WAIT: 559s remaining, sleeping in 5s chunks...
[05:55:24] T157: [lobby] HEARTS WAIT: 528s remaining, sleeping in 5s chunks...
[05:55:55] T158: [lobby] HEARTS WAIT: 497s remaining, sleeping in 5s chunks...
[05:56:25] T159: [lobby] HEARTS WAIT: 466s remaining, sleeping in 5s chunks...
[05:56:57] T160: [lobby] HEARTS WAIT: 435s remaining, sleeping in 5s chunks...
[05:57:28] T161: [lobby] HEARTS WAIT: 404s remaining, sleeping in 5s chunks...
[05:57:58] T162: [lobby] HEARTS WAIT: 373s remaining, sleeping in 5s chunks...
[05:58:29] T163: [lobby] HEARTS WAIT: 342s remaining, sleeping in 5s chunks...
[05:59:00] T164: [lobby] HEARTS WAIT: 312s remaining, sleeping in 5s chunks...
[05:59:31] T165: [lobby] HEARTS WAIT: 281s remaining, sleeping in 5s chunks...
[06:00:02] T166: [lobby] HEARTS WAIT: 250s remaining, sleeping in 5s chunks...
[06:00:33] T167: [lobby] HEARTS WAIT: 219s remaining, sleeping in 5s chunks...
[06:01:04] T168: [lobby] HEARTS WAIT: 188s remaining, sleeping in 5s chunks...
[06:01:35] T169: [lobby] HEARTS WAIT: 157s remaining, sleeping in 5s chunks...
[06:02:06] T170: [lobby] HEARTS WAIT: 126s remaining, sleeping in 5s chunks...
[06:02:37] T171: [lobby] HEARTS WAIT: 95s remaining, sleeping in 5s chunks...
[06:03:08] T172: [lobby] HEARTS WAIT: 64s remaining, sleeping in 5s chunks...
[06:03:39] T173: [lobby] HEARTS WAIT: 33s remaining, sleeping in 5s chunks...
[06:04:09] T174: [lobby] HEARTS WAIT: 2s remaining, sleeping in 5s chunks...
[06:04:15] T175: [lobby] Hardcoded play button (540,1450)
[06:04:18]   [SESSION] Started b5b76090c285 (start_cells=296)
[06:04:18] T176: [gameplay] Board=296cells/5colors d=+0 [DarkGreen:209, Brown:42, Orange:25, Red:12, DarkRed:8] | Queue=[FP stall=0 fp_top=0.95] | Holder=[_/DarkGreen/DarkGreen/DarkGreen/DarkGreen] (4/5) | 0.6s
[06:04:18]   -> TAP(314,1495) [[FP:0.95] Human pattern (delta=-59, id=4165)]
[06:04:22] T177: [gameplay] Board=296cells/5colors d=+0 [DarkGreen:209, Brown:42, Orange:25, Red:12, DarkRed:8] | Queue=[FP stall=1 fp_top=0.95] | Holder=[_/DarkGreen/DarkGreen/DarkGreen/DarkGreen] (4/5) | 0.6s
[06:04:22]   -> TAP(696,1517) [[FP:0.97] Human pattern (delta=-40, id=6969)]
[06:04:25] T178: [gameplay] Board=296cells/5colors d=+0 [DarkGreen:209, Brown:42, Orange:25, Red:12, DarkRed:8] | Queue=[FP stall=2 fp_top=0.95] | Holder=[_/DarkGreen/DarkGreen/DarkGreen/DarkGreen] (4/5) | 0.6s
[06:04:25]   -> TAP(732,1524) [[FP:0.97] Human pattern (delta=-20, id=3691)]
[06:04:28] T179: [gameplay] Board=296cells/5colors d=+0 [DarkGreen:209, Brown:42, Orange:25, Red:12, DarkRed:8] | Queue=[FP stall=3 fp_top=0.95] | Holder=[_/DarkGreen/DarkGreen/DarkGreen/DarkGreen] (4/5) | 0.5s
[06:04:28]   -> TAP(316,1516) [[FP:0.97] Human pattern (delta=-28, id=4177)]
[06:04:31] T180: [gameplay] Board=296cells/5colors d=+0 [DarkGreen:209, Brown:42, Orange:25, Red:12, DarkRed:8] | Queue=[FP stall=4 fp_top=0.95] | Holder=[_/DarkGreen/DarkGreen/DarkGreen/DarkGreen] (4/5) | 0.5s
[06:04:31]   -> TAP(717,1495) [[FP:0.97] Human pattern (delta=-43, id=6857)]
[06:04:34]   [EXPLORE] Entering exploration mode (stall x5)
[06:04:34] T181: [gameplay] Board=296cells/5colors d=+0 [DarkGreen:209, Brown:42, Orange:25, Red:12, DarkRed:8] | Queue=[EXPLORE stall=5 fp_top=0.95] | Holder=[_/DarkGreen/DarkGreen/DarkGreen/DarkGreen] (4/5) | 0.6s
[06:04:34]   -> TAP(869,1653) [[EXPLORE:PlayDB] Tap (869,1653) human pattern #1]
[06:04:37] T182: [gameplay] Board=296cells/5colors d=+0 [DarkGreen:209, Brown:42, Orange:25, Red:12, DarkRed:8] | Queue=[EXPLORE stall=6 fp_top=0.95] | Holder=[_/DarkGreen/DarkGreen/DarkGreen/DarkGreen] (4/5) | 0.6s
[06:04:37]   -> TAP(627,1211) [[EXPLORE:PlayDB] Tap (627,1211) human pattern #2]
[06:04:40] T183: [gameplay] Board=296cells/5colors d=+0 [DarkGreen:209, Brown:42, Orange:25, Red:12, DarkRed:8] | Queue=[EXPLORE stall=7 fp_top=0.95] | Holder=[_/DarkGreen/DarkGreen/DarkGreen/DarkGreen] (4/5) | 0.6s
[06:04:40]   -> TAP(202,175) [[EXPLORE:PlayDB] Tap (202,175) human pattern #3]
[06:04:43] T184: [gameplay] Board=296cells/5colors d=+0 [DarkGreen:209, Brown:42, Orange:25, Red:12, DarkRed:8] | Queue=[EXPLORE stall=8 fp_top=0.95] | Holder=[_/DarkGreen/DarkGreen/DarkGreen/DarkGreen] (4/5) | 0.6s
[06:04:43]   -> TAP(817,1164) [[EXPLORE:PlayDB] Tap (817,1164) human pattern #4]
[06:04:46] T185: [gameplay] Board=296cells/5colors d=+0 [DarkGreen:209, Brown:42, Orange:25, Red:12, DarkRed:8] | Queue=[EXPLORE stall=9 fp_top=0.95] | Holder=[_/DarkGreen/DarkGreen/DarkGreen/DarkGreen] (4/5) | 0.6s
[06:04:46]   -> TAP(185,930) [[EXPLORE:ZONE:0] Tap zone (185,930)]
[06:04:48] T186: [gameplay] Board=296cells/5colors d=+0 [DarkGreen:209, Brown:42, Orange:25, Red:12, DarkRed:8] | Queue=[EXPLORE stall=10 fp_top=0.95] | Holder=[_/DarkGreen/DarkGreen/DarkGreen/DarkGreen] (4/5) | 0.6s
[06:04:48]   -> TAP(310,930) [[EXPLORE:ZONE:1] Tap zone (310,930)]
[06:04:51] T187: [gameplay] Board=296cells/5colors d=+0 [DarkGreen:209, Brown:42, Orange:25, Red:12, DarkRed:8] | Queue=[EXPLORE stall=11 fp_top=0.95] | Holder=[_/DarkGreen/DarkGreen/DarkGreen/DarkGreen] (4/5) | 0.6s
[06:04:51]   -> TAP(435,930) [[EXPLORE:ZONE:2] Tap zone (435,930)]
[06:04:54] T188: [gameplay] Board=296cells/5colors d=+0 [DarkGreen:209, Brown:42, Orange:25, Red:12, DarkRed:8] | Queue=[EXPLORE stall=12 fp_top=0.95] | Holder=[_/DarkGreen/DarkGreen/DarkGreen/DarkGreen] (4/5) | 0.6s
[06:04:54]   -> TAP(560,930) [[EXPLORE:ZONE:3] Tap zone (560,930)]
[06:04:57] T189: [gameplay] Board=296cells/5colors d=+0 [DarkGreen:209, Brown:42, Orange:25, Red:12, DarkRed:8] | Queue=[EXPLORE stall=13 fp_top=0.95] | Holder=[_/DarkGreen/DarkGreen/DarkGreen/DarkGreen] (4/5) | 0.6s
[06:04:57]   -> TAP(685,930) [[EXPLORE:ZONE:4] Tap zone (685,930)]
[06:04:59] T190: [gameplay] Board=296cells/5colors d=+0 [DarkGreen:209, Brown:42, Orange:25, Red:12, DarkRed:8] | Queue=[EXPLORE stall=14 fp_top=0.95] | Holder=[_/DarkGreen/DarkGreen/DarkGreen/DarkGreen] (4/5) | 0.6s
[06:04:59]   -> TAP(400,400) [[EXPLORE:ZONE:5] Tap zone (400,400)]
[06:05:02] T191: [gameplay] Board=296cells/5colors d=+0 [DarkGreen:209, Brown:42, Orange:25, Red:12, DarkRed:8] | Queue=[EXPLORE stall=15 fp_top=0.95] | Holder=[_/DarkGreen/DarkGreen/DarkGreen/DarkGreen] (4/5) | 0.6s
[06:05:02]   -> TAP(540,400) [[EXPLORE:ZONE:6] Tap zone (540,400)]
[06:05:05] T192: [gameplay] Board=296cells/5colors d=+0 [DarkGreen:209, Brown:42, Orange:25, Red:12, DarkRed:8] | Queue=[EXPLORE stall=16 fp_top=0.95] | Holder=[_/DarkGreen/DarkGreen/DarkGreen/DarkGreen] (4/5) | 0.6s
[06:05:05]   -> TAP(680,400) [[EXPLORE:ZONE:7] Tap zone (680,400)]
[06:05:08] T193: [gameplay] Board=296cells/5colors d=+0 [DarkGreen:209, Brown:42, Orange:25, Red:12, DarkRed:8] | Queue=[EXPLORE stall=17 fp_top=0.95] | Holder=[_/DarkGreen/DarkGreen/DarkGreen/DarkGreen] (4/5) | 0.6s
[06:05:08]   -> TAP(400,550) [[EXPLORE:ZONE:8] Tap zone (400,550)]
[06:05:10] T194: [gameplay] Board=296cells/5colors d=+0 [DarkGreen:209, Brown:42, Orange:25, Red:12, DarkRed:8] | Queue=[EXPLORE stall=18 fp_top=0.95] | Holder=[_/DarkGreen/DarkGreen/DarkGreen/DarkGreen] (4/5) | 0.6s
[06:05:10]   -> TAP(540,550) [[EXPLORE:ZONE:9] Tap zone (540,550)]
[06:05:13] T195: NO PROGRESS 20 turns (cells=296) — abandoning session + relaunch
[06:05:13]   [SESSION] Ended b5b76090c285: stuck (19 turns, end_cells=296)
[06:05:25] T196: [loading] PlayDB: 3 patterns, trying top 2
[06:05:29] T197: [loading] PlayDB: 3 patterns, trying top 2
[06:05:34] T198: [loading] PlayDB: 3 patterns, trying top 2
[06:05:38] T199: [lobby] Hardcoded play button (540,1450)
[06:05:41] T200: [fail] HEARTS-EMPTY popup detected (pixel match). Waiting 900s for regen.
[06:05:41] T201: [fail] HEARTS WAIT: 899s remaining, sleeping in 5s chunks...
[06:06:12] T202: [fail] HEARTS WAIT: 868s remaining, sleeping in 5s chunks...
[06:06:43] T203: [fail] HEARTS WAIT: 837s remaining, sleeping in 5s chunks...
[06:07:13] T204: [fail] HEARTS WAIT: 807s remaining, sleeping in 5s chunks...
[06:07:44] T205: [fail] HEARTS WAIT: 776s remaining, sleeping in 5s chunks...
[06:08:15] T206: [fail] HEARTS WAIT: 745s remaining, sleeping in 5s chunks...
[06:08:46] T207: [fail] HEARTS WAIT: 714s remaining, sleeping in 5s chunks...
[06:09:17] T208: [fail] HEARTS WAIT: 683s remaining, sleeping in 5s chunks...
[06:09:48] T209: [fail] HEARTS WAIT: 652s remaining, sleeping in 5s chunks...
[06:10:19] T210: [fail] HEARTS WAIT: 621s remaining, sleeping in 5s chunks...
[06:10:50] T211: [fail] HEARTS WAIT: 591s remaining, sleeping in 5s chunks...
[06:11:20] T212: [fail] HEARTS WAIT: 560s remaining, sleeping in 5s chunks...
[06:11:51] T213: [fail] HEARTS WAIT: 529s remaining, sleeping in 5s chunks...
[06:12:22] T214: [fail] HEARTS WAIT: 498s remaining, sleeping in 5s chunks...
[06:12:53] T215: [fail] HEARTS WAIT: 467s remaining, sleeping in 5s chunks...
[06:13:24] T216: [fail] HEARTS WAIT: 436s remaining, sleeping in 5s chunks...
[06:13:55] T217: [fail] HEARTS WAIT: 406s remaining, sleeping in 5s chunks...
[06:14:25] T218: [fail] HEARTS WAIT: 375s remaining, sleeping in 5s chunks...
[06:14:56] T219: [fail] HEARTS WAIT: 344s remaining, sleeping in 5s chunks...
[06:15:27] T220: [fail] HEARTS WAIT: 313s remaining, sleeping in 5s chunks...
[06:15:58] T221: [fail] HEARTS WAIT: 282s remaining, sleeping in 5s chunks...
[06:16:29] T222: [fail] HEARTS WAIT: 251s remaining, sleeping in 5s chunks...
[06:17:00] T223: [fail] HEARTS WAIT: 220s remaining, sleeping in 5s chunks...
[06:17:31] T224: [fail] HEARTS WAIT: 189s remaining, sleeping in 5s chunks...
[06:18:02] T225: [fail] HEARTS WAIT: 158s remaining, sleeping in 5s chunks...
[06:18:33] T226: [fail] HEARTS WAIT: 128s remaining, sleeping in 5s chunks...
[06:19:03] T227: [fail] HEARTS WAIT: 97s remaining, sleeping in 5s chunks...
[06:19:34] T228: [fail] HEARTS WAIT: 66s remaining, sleeping in 5s chunks...
[06:20:05] T229: [fail] HEARTS WAIT: 35s remaining, sleeping in 5s chunks...
[06:20:36] T230: [fail] HEARTS WAIT: 4s remaining, sleeping in 5s chunks...
[06:20:42] T231: [fail] HEARTS-EMPTY popup detected (pixel match). Waiting 900s for regen.
[06:20:42] T232: [fail] HEARTS WAIT: 899s remaining, sleeping in 5s chunks...
[06:21:13] T233: [fail] HEARTS WAIT: 868s remaining, sleeping in 5s chunks...
[06:21:44] T234: [lobby] HEARTS WAIT: 837s remaining, sleeping in 5s chunks...
[06:22:15] T235: [lobby] HEARTS WAIT: 806s remaining, sleeping in 5s chunks...
[06:22:46] T236: [lobby] HEARTS WAIT: 775s remaining, sleeping in 5s chunks...
[06:23:17] T237: [lobby] HEARTS WAIT: 744s remaining, sleeping in 5s chunks...
[06:23:48] T238: [lobby] HEARTS WAIT: 713s remaining, sleeping in 5s chunks...
[06:24:19] T239: [lobby] HEARTS WAIT: 682s remaining, sleeping in 5s chunks...
[06:24:50] T240: [lobby] HEARTS WAIT: 651s remaining, sleeping in 5s chunks...
[06:25:21] T241: [lobby] HEARTS WAIT: 620s remaining, sleeping in 5s chunks...
[06:25:52] T242: [lobby] HEARTS WAIT: 589s remaining, sleeping in 5s chunks...
[06:26:23] T243: [lobby] HEARTS WAIT: 558s remaining, sleeping in 5s chunks...
[06:26:54] T244: [lobby] HEARTS WAIT: 527s remaining, sleeping in 5s chunks...
[06:27:25] T245: [lobby] HEARTS WAIT: 496s remaining, sleeping in 5s chunks...
[06:27:56] T246: [lobby] HEARTS WAIT: 465s remaining, sleeping in 5s chunks...
[06:28:28] T247: [lobby] HEARTS WAIT: 434s remaining, sleeping in 5s chunks...
[06:28:59] T248: [lobby] HEARTS WAIT: 403s remaining, sleeping in 5s chunks...
[06:29:29] T249: [lobby] HEARTS WAIT: 372s remaining, sleeping in 5s chunks...
[06:30:01] T250: [lobby] HEARTS WAIT: 341s remaining, sleeping in 5s chunks...
[06:30:32] T251: [lobby] HEARTS WAIT: 310s remaining, sleeping in 5s chunks...
[06:31:03] T252: [lobby] HEARTS WAIT: 279s remaining, sleeping in 5s chunks...
[06:31:34] T253: [lobby] HEARTS WAIT: 248s remaining, sleeping in 5s chunks...
[06:32:05] T254: [lobby] HEARTS WAIT: 217s remaining, sleeping in 5s chunks...
[06:32:36] T255: [lobby] HEARTS WAIT: 186s remaining, sleeping in 5s chunks...
[06:33:07] T256: [lobby] HEARTS WAIT: 155s remaining, sleeping in 5s chunks...
[06:33:38] T257: [lobby] HEARTS WAIT: 124s remaining, sleeping in 5s chunks...
[06:34:09] T258: [lobby] HEARTS WAIT: 93s remaining, sleeping in 5s chunks...
[06:34:40] T259: [lobby] HEARTS WAIT: 62s remaining, sleeping in 5s chunks...
[06:35:11] T260: [lobby] HEARTS WAIT: 31s remaining, sleeping in 5s chunks...
[06:35:42] T261: [lobby] Hardcoded play button (540,1450)
[06:35:45]   [SESSION] Started 2eb855033689 (start_cells=289)
[06:35:45] T262: [gameplay] Board=289cells/6colors d=+0 [DarkGreen:204, Brown:41, Orange:25, DarkRed:8, DustyRose:7] | Queue=[FP stall=0 fp_top=0.95] | Holder=[_/DarkGreen/DarkGreen/DarkGreen/DarkGreen] (4/5) | 0.5s
[06:35:45]   -> TAP(314,1495) [[FP:0.95] Human pattern (delta=-59, id=4165)]
[06:35:48] T263: [gameplay] Board=289cells/6colors d=+0 [DarkGreen:204, Brown:41, Orange:25, DarkRed:8, DustyRose:7] | Queue=[FP stall=1 fp_top=0.95] | Holder=[_/DarkGreen/DarkGreen/DarkGreen/DarkGreen] (4/5) | 0.5s
[06:35:48]   -> TAP(342,1656) [[FP:0.97] Human pattern (delta=-14, id=3702)]
[06:35:51] T264: [gameplay] Board=289cells/6colors d=+0 [DarkGreen:204, Brown:41, Orange:25, DarkRed:8, DustyRose:7] | Queue=[FP stall=2 fp_top=0.95] | Holder=[_/DarkGreen/DarkGreen/DarkGreen/DarkGreen] (4/5) | 0.5s
[06:35:52]   -> TAP(732,1524) [[FP:0.97] Human pattern (delta=-20, id=3691)]
[06:35:55] T265: [gameplay] Board=289cells/6colors d=+0 [DarkGreen:204, Brown:41, Orange:25, DarkRed:8, DustyRose:7] | Queue=[FP stall=3 fp_top=0.95] | Holder=[_/DarkGreen/DarkGreen/DarkGreen/DarkGreen] (4/5) | 0.6s
[06:35:55]   -> TAP(696,1517) [[FP:0.97] Human pattern (delta=-40, id=6969)]
[06:35:58] T266: [gameplay] Board=289cells/6colors d=+0 [DarkGreen:204, Brown:41, Orange:25, DarkRed:8, DustyRose:7] | Queue=[FP stall=4 fp_top=0.95] | Holder=[_/DarkGreen/DarkGreen/DarkGreen/DarkGreen] (4/5) | 0.5s
[06:35:58]   -> TAP(316,1516) [[FP:0.97] Human pattern (delta=-28, id=4177)]
[06:36:01]   [EXPLORE] Entering exploration mode (stall x5)
[06:36:01] T267: [gameplay] Board=289cells/6colors d=+0 [DarkGreen:204, Brown:41, Orange:25, DarkRed:8, DustyRose:7] | Queue=[EXPLORE stall=5 fp_top=0.95] | Holder=[_/DarkGreen/DarkGreen/DarkGreen/DarkGreen] (4/5) | 0.5s
[06:36:01]   -> TAP(869,1653) [[EXPLORE:PlayDB] Tap (869,1653) human pattern #1]
[06:36:04] T268: [gameplay] Board=289cells/6colors d=+0 [DarkGreen:204, Brown:41, Orange:25, DarkRed:8, DustyRose:7] | Queue=[EXPLORE stall=6 fp_top=0.95] | Holder=[_/DarkGreen/DarkGreen/DarkGreen/DarkGreen] (4/5) | 0.6s
[06:36:04]   -> TAP(627,1211) [[EXPLORE:PlayDB] Tap (627,1211) human pattern #2]
[06:36:07] T269: [gameplay] Board=289cells/6colors d=+0 [DarkGreen:204, Brown:41, Orange:25, DarkRed:8, DustyRose:7] | Queue=[EXPLORE stall=7 fp_top=0.95] | Holder=[_/DarkGreen/DarkGreen/DarkGreen/DarkGreen] (4/5) | 0.6s
[06:36:07]   -> TAP(202,175) [[EXPLORE:PlayDB] Tap (202,175) human pattern #3]
[06:36:10] T270: [gameplay] Board=289cells/6colors d=+0 [DarkGreen:204, Brown:41, Orange:25, DarkRed:8, DustyRose:7] | Queue=[EXPLORE stall=8 fp_top=0.95] | Holder=[_/DarkGreen/DarkGreen/DarkGreen/DarkGreen] (4/5) | 0.6s
[06:36:10]   -> TAP(817,1164) [[EXPLORE:PlayDB] Tap (817,1164) human pattern #4]
[06:36:12] T271: [gameplay] Board=289cells/6colors d=+0 [DarkGreen:204, Brown:41, Orange:25, DarkRed:8, DustyRose:7] | Queue=[EXPLORE stall=9 fp_top=0.95] | Holder=[_/DarkGreen/DarkGreen/DarkGreen/DarkGreen] (4/5) | 0.6s
[06:36:12]   -> TAP(185,930) [[EXPLORE:ZONE:0] Tap zone (185,930)]
[06:36:15] T272: [gameplay] Board=289cells/6colors d=+0 [DarkGreen:204, Brown:41, Orange:25, DarkRed:8, DustyRose:7] | Queue=[EXPLORE stall=10 fp_top=0.95] | Holder=[_/DarkGreen/DarkGreen/DarkGreen/DarkGreen] (4/5) | 0.6s
[06:36:15]   -> TAP(310,930) [[EXPLORE:ZONE:1] Tap zone (310,930)]
[06:36:18] T273: [gameplay] Board=289cells/6colors d=+0 [DarkGreen:204, Brown:41, Orange:25, DarkRed:8, DustyRose:7] | Queue=[EXPLORE stall=11 fp_top=0.95] | Holder=[_/DarkGreen/DarkGreen/DarkGreen/DarkGreen] (4/5) | 0.6s
[06:36:18]   -> TAP(435,930) [[EXPLORE:ZONE:2] Tap zone (435,930)]
[06:36:21] T274: [gameplay] Board=289cells/6colors d=+0 [DarkGreen:204, Brown:41, Orange:25, DarkRed:8, DustyRose:7] | Queue=[EXPLORE stall=12 fp_top=0.95] | Holder=[_/DarkGreen/DarkGreen/DarkGreen/DarkGreen] (4/5) | 0.6s
[06:36:21]   -> TAP(560,930) [[EXPLORE:ZONE:3] Tap zone (560,930)]
[06:36:24] T275: [gameplay] Board=289cells/6colors d=+0 [DarkGreen:204, Brown:41, Orange:25, DarkRed:8, DustyRose:7] | Queue=[EXPLORE stall=13 fp_top=0.95] | Holder=[_/DarkGreen/DarkGreen/DarkGreen/DarkGreen] (4/5) | 0.6s
[06:36:24]   -> TAP(685,930) [[EXPLORE:ZONE:4] Tap zone (685,930)]
[06:36:26] T276: [gameplay] Board=289cells/6colors d=+0 [DarkGreen:204, Brown:41, Orange:25, DarkRed:8, DustyRose:7] | Queue=[EXPLORE stall=14 fp_top=0.95] | Holder=[_/DarkGreen/DarkGreen/DarkGreen/DarkGreen] (4/5) | 0.6s
[06:36:26]   -> TAP(400,400) [[EXPLORE:ZONE:5] Tap zone (400,400)]
[06:36:29] T277: [gameplay] Board=289cells/6colors d=+0 [DarkGreen:204, Brown:41, Orange:25, DarkRed:8, DustyRose:7] | Queue=[EXPLORE stall=15 fp_top=0.95] | Holder=[_/DarkGreen/DarkGreen/DarkGreen/DarkGreen] (4/5) | 0.5s
[06:36:29]   -> TAP(540,400) [[EXPLORE:ZONE:6] Tap zone (540,400)]
[06:36:32] T278: [gameplay] Board=289cells/6colors d=+0 [DarkGreen:204, Brown:41, Orange:25, DarkRed:8, DustyRose:7] | Queue=[EXPLORE stall=16 fp_top=0.95] | Holder=[_/DarkGreen/DarkGreen/DarkGreen/DarkGreen] (4/5) | 0.6s
[06:36:32]   -> TAP(680,400) [[EXPLORE:ZONE:7] Tap zone (680,400)]
[06:36:35] T279: [gameplay] Board=289cells/6colors d=+0 [DarkGreen:204, Brown:41, Orange:25, DarkRed:8, DustyRose:7] | Queue=[EXPLORE stall=17 fp_top=0.95] | Holder=[_/DarkGreen/DarkGreen/DarkGreen/DarkGreen] (4/5) | 0.6s
[06:36:35]   -> TAP(400,550) [[EXPLORE:ZONE:8] Tap zone (400,550)]
[06:36:38] T280: [gameplay] Board=289cells/6colors d=+0 [DarkGreen:204, Brown:41, Orange:25, DarkRed:8, DustyRose:7] | Queue=[EXPLORE stall=18 fp_top=0.95] | Holder=[_/DarkGreen/DarkGreen/DarkGreen/DarkGreen] (4/5) | 0.6s
[06:36:38]   -> TAP(540,550) [[EXPLORE:ZONE:9] Tap zone (540,550)]
[06:36:40] T281: NO PROGRESS 20 turns (cells=289) — abandoning session + relaunch
[06:36:40]   [SESSION] Ended 2eb855033689: stuck (19 turns, end_cells=289)
[06:36:53] T282: [loading] PlayDB: 3 patterns, trying top 2
[06:36:57] T283: [loading] PlayDB: 3 patterns, trying top 2
[06:37:01] T284: [loading] PlayDB: 3 patterns, trying top 2
[06:37:05] T285: [lobby] Hardcoded play button (540,1450)
[06:37:08] T286: [fail] HEARTS-EMPTY popup detected (pixel match). Waiting 900s for regen.
[06:37:08] T287: [fail] HEARTS WAIT: 899s remaining, sleeping in 5s chunks...
[06:37:39] T288: [fail] HEARTS WAIT: 868s remaining, sleeping in 5s chunks...
[06:38:10] T289: [fail] HEARTS WAIT: 837s remaining, sleeping in 5s chunks...
[06:38:41] T290: [fail] HEARTS WAIT: 806s remaining, sleeping in 5s chunks...
[06:39:12] T291: [fail] HEARTS WAIT: 775s remaining, sleeping in 5s chunks...
[06:39:43] T292: [fail] HEARTS WAIT: 744s remaining, sleeping in 5s chunks...
[06:40:14] T293: [fail] HEARTS WAIT: 713s remaining, sleeping in 5s chunks...
[06:40:45] T294: [fail] HEARTS WAIT: 683s remaining, sleeping in 5s chunks...
[06:41:16] T295: [fail] HEARTS WAIT: 652s remaining, sleeping in 5s chunks...
[06:41:47] T296: [fail] HEARTS WAIT: 621s remaining, sleeping in 5s chunks...
[06:42:18] T297: [fail] HEARTS WAIT: 589s remaining, sleeping in 5s chunks...
[06:42:49] T298: [fail] HEARTS WAIT: 558s remaining, sleeping in 5s chunks...
[06:43:20] T299: [fail] HEARTS WAIT: 527s remaining, sleeping in 5s chunks...
[06:43:52] T300: [fail] HEARTS WAIT: 496s remaining, sleeping in 5s chunks...
[06:44:23] T301: [fail] HEARTS WAIT: 464s remaining, sleeping in 5s chunks...
[06:44:54] T302: [fail] HEARTS WAIT: 434s remaining, sleeping in 5s chunks...
[06:45:24] T303: [fail] HEARTS WAIT: 403s remaining, sleeping in 5s chunks...
[06:45:55] T304: [fail] HEARTS WAIT: 372s remaining, sleeping in 5s chunks...
[06:46:26] T305: [fail] HEARTS WAIT: 341s remaining, sleeping in 5s chunks...
[06:46:57] T306: [fail] HEARTS WAIT: 311s remaining, sleeping in 5s chunks...
[06:47:27] T307: [fail] HEARTS WAIT: 280s remaining, sleeping in 5s chunks...
[06:47:58] T308: [fail] HEARTS WAIT: 249s remaining, sleeping in 5s chunks...
[06:48:29] T309: [fail] HEARTS WAIT: 218s remaining, sleeping in 5s chunks...
[06:49:00] T310: [fail] HEARTS WAIT: 187s remaining, sleeping in 5s chunks...
[06:49:31] T311: [fail] HEARTS WAIT: 156s remaining, sleeping in 5s chunks...
[06:50:02] T312: [fail] HEARTS WAIT: 126s remaining, sleeping in 5s chunks...
[06:50:32] T313: [fail] HEARTS WAIT: 95s remaining, sleeping in 5s chunks...
[06:51:03] T314: [fail] HEARTS WAIT: 64s remaining, sleeping in 5s chunks...
[06:51:34] T315: [lobby] HEARTS WAIT: 33s remaining, sleeping in 5s chunks...
[06:52:05] T316: [lobby] HEARTS WAIT: 2s remaining, sleeping in 5s chunks...
[06:52:11] T317: [lobby] Hardcoded play button (540,1450)
[06:52:14]   [SESSION] Started 6672bb7d85d3 (start_cells=284)
[06:52:14] T318: [gameplay] Board=284cells/6colors d=+0 [DarkGreen:199, Brown:39, Orange:26, DarkRed:12, Red:7] | Queue=[FP stall=0 fp_top=0.95] | Holder=[_/DarkGreen/DarkGreen/DarkGreen/DarkGreen] (4/5) | 0.5s
[06:52:14]   -> TAP(314,1495) [[FP:0.95] Human pattern (delta=-59, id=4165)]
[06:52:17] T319: [gameplay] Board=284cells/6colors d=+0 [DarkGreen:199, Brown:39, Orange:26, DarkRed:12, Red:7] | Queue=[FP stall=1 fp_top=0.95] | Holder=[_/DarkGreen/DarkGreen/DarkGreen/DarkGreen] (4/5) | 0.5s
[06:52:17]   -> TAP(342,1656) [[FP:0.97] Human pattern (delta=-14, id=3702)]
[06:52:21] T320: [gameplay] Board=284cells/6colors d=+0 [DarkGreen:199, Brown:39, Orange:26, DarkRed:12, Red:7] | Queue=[FP stall=2 fp_top=0.95] | Holder=[_/DarkGreen/DarkGreen/DarkGreen/DarkGreen] (4/5) | 0.6s
[06:52:21]   -> TAP(732,1524) [[FP:0.97] Human pattern (delta=-20, id=3691)]
[06:52:24] T321: [gameplay] Board=284cells/6colors d=+0 [DarkGreen:199, Brown:39, Orange:26, DarkRed:12, Red:7] | Queue=[FP stall=3 fp_top=0.95] | Holder=[_/DarkGreen/DarkGreen/DarkGreen/DarkGreen] (4/5) | 0.5s
[06:52:24]   -> TAP(696,1517) [[FP:0.97] Human pattern (delta=-40, id=6969)]
[06:52:27] T322: [gameplay] Board=284cells/6colors d=+0 [DarkGreen:199, Brown:39, Orange:26, DarkRed:12, Red:7] | Queue=[FP stall=4 fp_top=0.95] | Holder=[_/DarkGreen/DarkGreen/DarkGreen/DarkGreen] (4/5) | 0.5s
[06:52:27]   -> TAP(717,1495) [[FP:0.97] Human pattern (delta=-43, id=6857)]
[06:52:30]   [EXPLORE] Entering exploration mode (stall x5)
[06:52:30] T323: [gameplay] Board=284cells/6colors d=+0 [DarkGreen:199, Brown:39, Orange:26, DarkRed:12, Red:7] | Queue=[EXPLORE stall=5 fp_top=0.95] | Holder=[_/DarkGreen/DarkGreen/DarkGreen/DarkGreen] (4/5) | 0.6s
[06:52:30]   -> TAP(869,1653) [[EXPLORE:PlayDB] Tap (869,1653) human pattern #1]
[06:52:33] T324: [gameplay] Board=284cells/6colors d=+0 [DarkGreen:199, Brown:39, Orange:26, DarkRed:12, Red:7] | Queue=[EXPLORE stall=6 fp_top=0.95] | Holder=[_/DarkGreen/DarkGreen/DarkGreen/DarkGreen] (4/5) | 0.6s
[06:52:33]   -> TAP(627,1211) [[EXPLORE:PlayDB] Tap (627,1211) human pattern #2]
[06:52:36] T325: [gameplay] Board=284cells/6colors d=+0 [DarkGreen:199, Brown:39, Orange:26, DarkRed:12, Red:7] | Queue=[EXPLORE stall=7 fp_top=0.95] | Holder=[_/DarkGreen/DarkGreen/DarkGreen/DarkGreen] (4/5) | 0.6s
[06:52:36]   -> TAP(202,175) [[EXPLORE:PlayDB] Tap (202,175) human pattern #3]
[06:52:38] T326: [gameplay] Board=284cells/6colors d=+0 [DarkGreen:199, Brown:39, Orange:26, DarkRed:12, Red:7] | Queue=[EXPLORE stall=8 fp_top=0.95] | Holder=[_/DarkGreen/DarkGreen/DarkGreen/DarkGreen] (4/5) | 0.6s
[06:52:38]   -> TAP(817,1164) [[EXPLORE:PlayDB] Tap (817,1164) human pattern #4]
[06:52:41] T327: [gameplay] Board=284cells/6colors d=+0 [DarkGreen:199, Brown:39, Orange:26, DarkRed:12, Red:7] | Queue=[EXPLORE stall=9 fp_top=0.95] | Holder=[_/DarkGreen/DarkGreen/DarkGreen/DarkGreen] (4/5) | 0.6s
[06:52:41]   -> TAP(185,930) [[EXPLORE:ZONE:0] Tap zone (185,930)]
[06:52:44] T328: [gameplay] Board=284cells/6colors d=+0 [DarkGreen:199, Brown:39, Orange:26, DarkRed:12, Red:7] | Queue=[EXPLORE stall=10 fp_top=0.95] | Holder=[_/DarkGreen/DarkGreen/DarkGreen/DarkGreen] (4/5) | 0.6s
[06:52:44]   -> TAP(310,930) [[EXPLORE:ZONE:1] Tap zone (310,930)]
[06:52:46] T329: [gameplay] Board=284cells/6colors d=+0 [DarkGreen:199, Brown:39, Orange:26, DarkRed:12, Red:7] | Queue=[EXPLORE stall=11 fp_top=0.95] | Holder=[_/DarkGreen/DarkGreen/DarkGreen/DarkGreen] (4/5) | 0.6s
[06:52:46]   -> TAP(435,930) [[EXPLORE:ZONE:2] Tap zone (435,930)]
[06:52:49] T330: [gameplay] Board=284cells/6colors d=+0 [DarkGreen:199, Brown:39, Orange:26, DarkRed:12, Red:7] | Queue=[EXPLORE stall=12 fp_top=0.95] | Holder=[_/DarkGreen/DarkGreen/DarkGreen/DarkGreen] (4/5) | 0.6s
[06:52:49]   -> TAP(560,930) [[EXPLORE:ZONE:3] Tap zone (560,930)]
[06:52:52] T331: [gameplay] Board=284cells/6colors d=+0 [DarkGreen:199, Brown:39, Orange:26, DarkRed:12, Red:7] | Queue=[EXPLORE stall=13 fp_top=0.95] | Holder=[_/DarkGreen/DarkGreen/DarkGreen/DarkGreen] (4/5) | 0.6s
[06:52:52]   -> TAP(685,930) [[EXPLORE:ZONE:4] Tap zone (685,930)]
[06:52:55] T332: [gameplay] Board=284cells/6colors d=+0 [DarkGreen:199, Brown:39, Orange:26, DarkRed:12, Red:7] | Queue=[EXPLORE stall=14 fp_top=0.95] | Holder=[_/DarkGreen/DarkGreen/DarkGreen/DarkGreen] (4/5) | 0.6s
[06:52:55]   -> TAP(400,400) [[EXPLORE:ZONE:5] Tap zone (400,400)]
[06:52:57] T333: [gameplay] Board=284cells/6colors d=+0 [DarkGreen:199, Brown:39, Orange:26, DarkRed:12, Red:7] | Queue=[EXPLORE stall=15 fp_top=0.95] | Holder=[_/DarkGreen/DarkGreen/DarkGreen/DarkGreen] (4/5) | 0.6s
[06:52:57]   -> TAP(540,400) [[EXPLORE:ZONE:6] Tap zone (540,400)]
[06:53:00] T334: [gameplay] Board=284cells/6colors d=+0 [DarkGreen:199, Brown:39, Orange:26, DarkRed:12, Red:7] | Queue=[EXPLORE stall=16 fp_top=0.95] | Holder=[_/DarkGreen/DarkGreen/DarkGreen/DarkGreen] (4/5) | 0.6s
[06:53:00]   -> TAP(680,400) [[EXPLORE:ZONE:7] Tap zone (680,400)]
[06:53:03] T335: [gameplay] Board=284cells/6colors d=+0 [DarkGreen:199, Brown:39, Orange:26, DarkRed:12, Red:7] | Queue=[EXPLORE stall=17 fp_top=0.95] | Holder=[_/DarkGreen/DarkGreen/DarkGreen/DarkGreen] (4/5) | 0.6s
[06:53:03]   -> TAP(400,550) [[EXPLORE:ZONE:8] Tap zone (400,550)]
[06:53:06] T336: [gameplay] Board=284cells/6colors d=+0 [DarkGreen:199, Brown:39, Orange:26, DarkRed:12, Red:7] | Queue=[EXPLORE stall=18 fp_top=0.95] | Holder=[_/DarkGreen/DarkGreen/DarkGreen/DarkGreen] (4/5) | 0.6s
[06:53:06]   -> TAP(540,550) [[EXPLORE:ZONE:9] Tap zone (540,550)]
[06:53:08] T337: NO PROGRESS 20 turns (cells=284) — abandoning session + relaunch
[06:53:08]   [SESSION] Ended 6672bb7d85d3: stuck (19 turns, end_cells=284)
[06:53:21] T338: [loading] PlayDB: 3 patterns, trying top 2
[06:53:25] T339: [loading] PlayDB: 3 patterns, trying top 2
[06:53:29] T340: [loading] PlayDB: 3 patterns, trying top 2
[06:53:33] T341: [lobby] Hardcoded play button (540,1450)
[06:53:36] T342: [fail] HEARTS-EMPTY popup detected (pixel match). Waiting 900s for regen.
[06:53:36] T343: [fail] HEARTS WAIT: 899s remaining, sleeping in 5s chunks...
[06:54:07] T344: [fail] HEARTS WAIT: 868s remaining, sleeping in 5s chunks...
[06:54:38] T345: [fail] HEARTS WAIT: 837s remaining, sleeping in 5s chunks...
[06:55:09] T346: [fail] HEARTS WAIT: 807s remaining, sleeping in 5s chunks...
[06:55:39] T347: [fail] HEARTS WAIT: 776s remaining, sleeping in 5s chunks...
[06:56:10] T348: [fail] HEARTS WAIT: 745s remaining, sleeping in 5s chunks...
[06:56:41] T349: [fail] HEARTS WAIT: 715s remaining, sleeping in 5s chunks...
[06:57:12] T350: [fail] HEARTS WAIT: 684s remaining, sleeping in 5s chunks...
[06:57:42] T351: [fail] HEARTS WAIT: 653s remaining, sleeping in 5s chunks...
[06:58:13] T352: [fail] HEARTS WAIT: 622s remaining, sleeping in 5s chunks...
[06:58:44] T353: [fail] HEARTS WAIT: 591s remaining, sleeping in 5s chunks...
[06:59:15] T354: [fail] HEARTS WAIT: 561s remaining, sleeping in 5s chunks...
[06:59:46] T355: [fail] HEARTS WAIT: 530s remaining, sleeping in 5s chunks...
[07:00:16] T356: [fail] HEARTS WAIT: 499s remaining, sleeping in 5s chunks...
[07:00:47] T357: [fail] HEARTS WAIT: 468s remaining, sleeping in 5s chunks...
[07:01:17] 
[07:01:17] ============================================================
[07:01:17] SESSION COMPLETE
[07:01:17] ============================================================
[07:01:17] Total turns:   357
[07:01:17] Games started: 10
[07:01:17] Games won:     0
[07:01:17] Games failed:  0
[07:01:17] AI Play DB: E:\AI\virtual_player\data\db\ai_play_pixelflow.db
[07:01:17] Fingerprint DB: E:\AI\virtual_player\data\pixelflow\db\fingerprint.db (loaded)
[07:01:17] Stats saved: E:\AI\virtual_player\data\games\pixelflow\temp\smart\smart_stats.json
