[15:12:56] ============================================================
[15:12:56] Smart PixelFlow Player START
[15:12:56] Duration: 120 min | Target: 17:12:56
[15:12:56] ADB: C:/Program Files/BlueStacks_nxt/HD-Adb.exe | Device: emulator-5554
[15:12:56] YOLO: best.pt
[15:12:56] Profile: cell_profile.json
[FingerprintSearcher] Loaded 4891 rows (win_only=True)
[15:12:57] Fingerprint DB: fingerprint.db (loaded)
[15:12:57] FP threshold: 0.78, top_k: 8
[15:12:57] ============================================================
[15:13:07] T1: [fail] HEARTS-EMPTY popup detected (pixel match). Waiting 900s for regen.
[15:13:08] T2: [fail] HEARTS WAIT: 899s remaining, sleeping in 5s chunks...
[15:13:39] T3: [fail] HEARTS WAIT: 868s remaining, sleeping in 5s chunks...
[15:14:10] T4: [fail] HEARTS WAIT: 837s remaining, sleeping in 5s chunks...
[15:14:40] T5: [fail] HEARTS WAIT: 807s remaining, sleeping in 5s chunks...
[15:15:11] T6: [fail] HEARTS WAIT: 776s remaining, sleeping in 5s chunks...
[15:15:42] T7: [fail] HEARTS WAIT: 745s remaining, sleeping in 5s chunks...
[15:16:13] T8: [fail] HEARTS WAIT: 714s remaining, sleeping in 5s chunks...
[15:16:44] T9: [fail] HEARTS WAIT: 683s remaining, sleeping in 5s chunks...
[15:17:15] T10: [fail] HEARTS WAIT: 652s remaining, sleeping in 5s chunks...
[15:17:46] T11: [fail] HEARTS WAIT: 621s remaining, sleeping in 5s chunks...
[15:18:16] T12: [fail] HEARTS WAIT: 591s remaining, sleeping in 5s chunks...
[15:18:47] T13: [fail] HEARTS WAIT: 560s remaining, sleeping in 5s chunks...
[15:19:18] T14: [fail] HEARTS WAIT: 529s remaining, sleeping in 5s chunks...
[15:19:49] T15: [fail] HEARTS WAIT: 498s remaining, sleeping in 5s chunks...
[15:20:20] T16: [fail] HEARTS WAIT: 467s remaining, sleeping in 5s chunks...
[15:20:51] T17: [fail] HEARTS WAIT: 436s remaining, sleeping in 5s chunks...
[15:21:21] T18: [lobby] HEARTS WAIT: 406s remaining, sleeping in 5s chunks...
[15:21:52] T19: [lobby] HEARTS WAIT: 375s remaining, sleeping in 5s chunks...
[15:22:23] T20: [lobby] HEARTS WAIT: 343s remaining, sleeping in 5s chunks...
[15:22:55] T21: [lobby] HEARTS WAIT: 312s remaining, sleeping in 5s chunks...
[15:23:26] T22: [lobby] HEARTS WAIT: 281s remaining, sleeping in 5s chunks...
[15:23:57] T23: [lobby] HEARTS WAIT: 250s remaining, sleeping in 5s chunks...
[15:24:28] T24: [lobby] HEARTS WAIT: 219s remaining, sleeping in 5s chunks...
[15:24:59] T25: [lobby] HEARTS WAIT: 188s remaining, sleeping in 5s chunks...
[15:25:30] T26: [lobby] HEARTS WAIT: 157s remaining, sleeping in 5s chunks...
[15:26:01] T27: [lobby] HEARTS WAIT: 126s remaining, sleeping in 5s chunks...
[15:26:32] T28: [lobby] HEARTS WAIT: 95s remaining, sleeping in 5s chunks...
[15:27:03] T29: [lobby] HEARTS WAIT: 64s remaining, sleeping in 5s chunks...
[15:27:34] T30: [lobby] HEARTS WAIT: 33s remaining, sleeping in 5s chunks...
[15:28:05] T31: [lobby] HEARTS WAIT: 2s remaining, sleeping in 5s chunks...
[15:28:10] T32: [lobby] Hardcoded play button (540,1450)
[15:28:13] T33: [loading] PlayDB: 3 patterns, trying top 2
[15:28:18]   [SESSION] Started 5e220161d5be (start_cells=287)
[15:28:18] T34: [gameplay] Board=287cells/6colors d=+0 [DarkGreen:202, Brown:41, Orange:20, Red:13, DarkRed:8] | Queue=[FP stall=0 fp_top=0.95] | Holder=[_/DarkRed/SageTeal/SageTeal/SageTeal] (4/5) | 0.8s
[15:28:18]   -> TAP(314,1495) [[FP:0.95] Human pattern (delta=-59, id=4165)]
[15:28:21] T35: [gameplay] Board=287cells/6colors d=+0 [DarkGreen:202, Brown:41, Orange:20, Red:13, DarkRed:8] | Queue=[FP stall=1 fp_top=0.95] | Holder=[_/DarkRed/SageTeal/SageTeal/SageTeal] (4/5) | 0.5s
[15:28:21]   -> TAP(696,1517) [[FP:0.97] Human pattern (delta=-40, id=6969)]
[15:28:25] T36: [gameplay] Board=287cells/6colors d=+0 [DarkGreen:202, Brown:41, Orange:20, Red:13, DarkRed:8] | Queue=[FP stall=2 fp_top=0.95] | Holder=[_/DarkRed/_/_/_] (1/5) | 0.5s
[15:28:25]   -> TAP(316,1516) [[FP:0.97] Human pattern (delta=-28, id=4177)]
[15:28:28] T37: [gameplay] Board=252cells/6colors d=-35 [DarkGreen:167, Brown:41, Orange:20, Red:13, DarkRed:8] | Queue=[FP stall=0 fp_top=0.95] | Holder=[White/DarkRed/_/_/_] (2/5) | 0.5s
[15:28:28]   -> TAP(524,1512) [[FP:0.96] Human pattern (delta=-9, id=3250)]
[15:28:31] T38: [gameplay] Board=251cells/6colors d=-1 [DarkGreen:166, Brown:41, Orange:20, Red:13, DarkRed:8] | Queue=[FP stall=0 fp_top=0.95] | Holder=[_/DarkRed/_/_/_] (1/5) | 0.5s
[15:28:31]   -> TAP(732,1524) [[FP:0.96] Human pattern (delta=-20, id=3691)]
[15:28:34] T39: [gameplay] Board=251cells/6colors d=+0 [DarkGreen:166, Brown:41, Orange:20, Red:13, DarkRed:8] | Queue=[FP stall=1 fp_top=0.95] | Holder=[_/DarkRed/_/_/_] (1/5) | 0.5s
[15:28:34]   -> TAP(342,1656) [[FP:0.96] Human pattern (delta=-14, id=3702)]
[15:28:37] T40: [gameplay] Board=251cells/6colors d=+0 [DarkGreen:166, Brown:41, Orange:20, Red:13, DarkRed:8] | Queue=[FP stall=2 fp_top=0.95] | Holder=[Silver/DarkRed/_/_/_] (2/5) | 0.6s
[15:28:37]   -> TAP(314,1495) [[FP:0.95] Human pattern (delta=-59, id=4165)]
[15:28:40] T41: [popup] Multi-tap close/retry positions
[15:28:44]   [SESSION] Ended 5e220161d5be: fail (7 turns, end_cells=251)
[15:28:44] T42: [fail] Multi-tap close/retry positions
[15:28:49] T43: [fail] Multi-tap close/retry positions
[15:28:53] T44: [fail] Multi-tap close/retry positions
[15:28:58] T45: POPUP LOOP (fail), relaunch
[15:29:10] T46: [loading] PlayDB: 3 patterns, trying top 2
[15:29:14] T47: [loading] PlayDB: 3 patterns, trying top 2
[15:29:18] T48: [loading] PlayDB: 3 patterns, trying top 2
[15:29:23] T49: [loading] PlayDB: 3 patterns, trying top 2
[15:29:27] T50: POPUP LOOP (fail), relaunch
[15:29:39] T51: [loading] PlayDB: 3 patterns, trying top 2
[15:29:43] T52: [loading] PlayDB: 3 patterns, trying top 2
[15:29:48] T53: [loading] PlayDB: 3 patterns, trying top 2
[15:29:51] T54: [lobby] Hardcoded play button (540,1450)
[15:29:54] T55: [fail] HEARTS-EMPTY popup detected (pixel match). Waiting 900s for regen.
[15:29:55] T56: [fail] HEARTS WAIT: 899s remaining, sleeping in 5s chunks...
[15:30:26] T57: [fail] HEARTS WAIT: 868s remaining, sleeping in 5s chunks...
[15:30:56] T58: [fail] HEARTS WAIT: 837s remaining, sleeping in 5s chunks...
[15:31:27] T59: [fail] HEARTS WAIT: 807s remaining, sleeping in 5s chunks...
[15:31:58] T60: [fail] HEARTS WAIT: 776s remaining, sleeping in 5s chunks...
[15:32:29] T61: [fail] HEARTS WAIT: 745s remaining, sleeping in 5s chunks...
[15:33:00] T62: [fail] HEARTS WAIT: 714s remaining, sleeping in 5s chunks...
[15:33:30] T63: [fail] HEARTS WAIT: 683s remaining, sleeping in 5s chunks...
[15:34:01] T64: [fail] HEARTS WAIT: 653s remaining, sleeping in 5s chunks...
[15:34:32] T65: [fail] HEARTS WAIT: 622s remaining, sleeping in 5s chunks...
[15:35:03] T66: [fail] HEARTS WAIT: 591s remaining, sleeping in 5s chunks...
[15:35:34] T67: [fail] HEARTS WAIT: 560s remaining, sleeping in 5s chunks...
[15:36:05] T68: [fail] HEARTS WAIT: 529s remaining, sleeping in 5s chunks...
[15:36:36] T69: [fail] HEARTS WAIT: 498s remaining, sleeping in 5s chunks...
[15:37:07] T70: [fail] HEARTS WAIT: 467s remaining, sleeping in 5s chunks...
[15:37:38] T71: [fail] HEARTS WAIT: 436s remaining, sleeping in 5s chunks...
[15:38:08] T72: [fail] HEARTS WAIT: 405s remaining, sleeping in 5s chunks...
[15:38:39] T73: [fail] HEARTS WAIT: 374s remaining, sleeping in 5s chunks...
[15:39:10] T74: [fail] HEARTS WAIT: 343s remaining, sleeping in 5s chunks...
[15:39:41] T75: [fail] HEARTS WAIT: 312s remaining, sleeping in 5s chunks...
[15:40:12] T76: [fail] HEARTS WAIT: 282s remaining, sleeping in 5s chunks...
[15:40:43] T77: [fail] HEARTS WAIT: 251s remaining, sleeping in 5s chunks...
[15:41:14] T78: [fail] HEARTS WAIT: 220s remaining, sleeping in 5s chunks...
[15:41:45] T79: [fail] HEARTS WAIT: 189s remaining, sleeping in 5s chunks...
[15:42:16] T80: [fail] HEARTS WAIT: 158s remaining, sleeping in 5s chunks...
[15:42:47] T81: [fail] HEARTS WAIT: 127s remaining, sleeping in 5s chunks...
[15:43:18] T82: [fail] HEARTS WAIT: 96s remaining, sleeping in 5s chunks...
[15:43:48] T83: [fail] HEARTS WAIT: 65s remaining, sleeping in 5s chunks...
[15:44:19] T84: [fail] HEARTS WAIT: 34s remaining, sleeping in 5s chunks...
[15:44:50] T85: [fail] HEARTS WAIT: 3s remaining, sleeping in 5s chunks...
[15:44:56] T86: [fail] HEARTS-EMPTY popup detected (pixel match). Waiting 900s for regen.
[15:44:56] T87: [fail] HEARTS WAIT: 899s remaining, sleeping in 5s chunks...
[15:45:27] T88: [fail] HEARTS WAIT: 868s remaining, sleeping in 5s chunks...
[15:45:58] T89: [fail] HEARTS WAIT: 837s remaining, sleeping in 5s chunks...
[15:46:29] T90: [fail] HEARTS WAIT: 806s remaining, sleeping in 5s chunks...
[15:47:00] T91: [fail] HEARTS WAIT: 775s remaining, sleeping in 5s chunks...
[15:47:32] T92: [fail] HEARTS WAIT: 744s remaining, sleeping in 5s chunks...
[15:48:03] T93: [fail] HEARTS WAIT: 713s remaining, sleeping in 5s chunks...
[15:48:33] T94: [fail] HEARTS WAIT: 682s remaining, sleeping in 5s chunks...
[15:49:04] T95: [fail] HEARTS WAIT: 651s remaining, sleeping in 5s chunks...
[15:49:35] T96: [fail] HEARTS WAIT: 621s remaining, sleeping in 5s chunks...
[15:50:06] T97: [fail] HEARTS WAIT: 590s remaining, sleeping in 5s chunks...
[15:50:36] T98: [fail] HEARTS WAIT: 559s remaining, sleeping in 5s chunks...
[15:51:07] T99: [fail] HEARTS WAIT: 528s remaining, sleeping in 5s chunks...
[15:51:38] T100: [lobby] HEARTS WAIT: 497s remaining, sleeping in 5s chunks...
[15:52:09] T101: [lobby] HEARTS WAIT: 466s remaining, sleeping in 5s chunks...
[15:52:40] T102: [lobby] HEARTS WAIT: 435s remaining, sleeping in 5s chunks...
[15:53:11] T103: [lobby] HEARTS WAIT: 405s remaining, sleeping in 5s chunks...
[15:53:42] T104: [lobby] HEARTS WAIT: 374s remaining, sleeping in 5s chunks...
[15:54:13] T105: [lobby] HEARTS WAIT: 343s remaining, sleeping in 5s chunks...
[15:54:44] T106: [lobby] HEARTS WAIT: 312s remaining, sleeping in 5s chunks...
[15:55:15] T107: [lobby] HEARTS WAIT: 281s remaining, sleeping in 5s chunks...
[15:55:46] T108: [lobby] HEARTS WAIT: 250s remaining, sleeping in 5s chunks...
[15:56:17] T109: [lobby] HEARTS WAIT: 219s remaining, sleeping in 5s chunks...
[15:56:48] T110: [lobby] HEARTS WAIT: 188s remaining, sleeping in 5s chunks...
[15:57:19] T111: [lobby] HEARTS WAIT: 157s remaining, sleeping in 5s chunks...
[15:57:50] T112: [lobby] HEARTS WAIT: 126s remaining, sleeping in 5s chunks...
[15:58:20] T113: [lobby] HEARTS WAIT: 95s remaining, sleeping in 5s chunks...
[15:58:51] T114: [lobby] HEARTS WAIT: 64s remaining, sleeping in 5s chunks...
[15:59:22] T115: [lobby] HEARTS WAIT: 33s remaining, sleeping in 5s chunks...
[15:59:53] T116: [lobby] HEARTS WAIT: 2s remaining, sleeping in 5s chunks...
[15:59:59] T117: [lobby] Hardcoded play button (540,1450)
[16:00:02]   [SESSION] Started 86acff89727a (start_cells=278)
[16:00:02] T118: [gameplay] Board=278cells/6colors d=+0 [DarkGreen:198, Brown:32, Orange:20, DarkRed:12, Red:10] | Queue=[FP stall=0 fp_top=0.98] | Holder=[_/DarkGreen/DarkGreen/DarkGreen/DarkGreen] (4/5) | 0.5s
[16:00:02]   -> TAP(717,1495) [[FP:0.98] Human pattern (delta=-43, id=6857)]
[16:00:05] T119: [gameplay] Board=278cells/6colors d=+0 [DarkGreen:198, Brown:32, Orange:20, DarkRed:12, Red:10] | Queue=[FP stall=1 fp_top=0.98] | Holder=[_/DarkGreen/DarkGreen/DarkGreen/DarkGreen] (4/5) | 0.5s
[16:00:05]   -> TAP(696,1517) [[FP:0.98] Human pattern (delta=-40, id=6969)]
[16:00:08] T120: [gameplay] Board=278cells/6colors d=+0 [DarkGreen:198, Brown:32, Orange:20, DarkRed:12, Red:10] | Queue=[FP stall=2 fp_top=0.98] | Holder=[_/DarkGreen/DarkGreen/DarkGreen/DarkGreen] (4/5) | 0.5s
[16:00:08]   -> TAP(316,1516) [[FP:0.97] Human pattern (delta=-28, id=4177)]
[16:00:12]   [EXPLORE] Entering exploration mode (stall x3)
[16:00:12] T121: [gameplay] Board=278cells/6colors d=+0 [DarkGreen:198, Brown:32, Orange:20, DarkRed:12, Red:10] | Queue=[FP stall=3 fp_top=0.98] | Holder=[_/DarkGreen/DarkGreen/DarkGreen/DarkGreen] (4/5) | 0.5s
[16:00:12]   -> TAP(732,1524) [[FP:0.98] Human pattern (delta=-20, id=3691)]
[16:00:15] T122: [gameplay] Board=278cells/6colors d=+0 [DarkGreen:198, Brown:32, Orange:20, DarkRed:12, Red:10] | Queue=[FP stall=4 fp_top=0.98] | Holder=[_/DarkGreen/DarkGreen/DarkGreen/DarkGreen] (4/5) | 0.5s
[16:00:15]   -> TAP(342,1656) [[FP:0.98] Human pattern (delta=-14, id=3702)]
[16:00:18] T123: [gameplay] Board=278cells/6colors d=+0 [DarkGreen:198, Brown:32, Orange:20, DarkRed:12, Red:10] | Queue=[EXPLORE stall=5 fp_top=0.98] | Holder=[_/DarkGreen/DarkGreen/DarkGreen/DarkGreen] (4/5) | 1.0s
[16:00:18]   -> TAP(869,1653) [[EXPLORE:PlayDB] Tap (869,1653) human pattern #1]
[16:00:21] T124: [gameplay] Board=278cells/6colors d=+0 [DarkGreen:198, Brown:32, Orange:20, DarkRed:12, Red:10] | Queue=[EXPLORE stall=6 fp_top=0.98] | Holder=[_/DarkGreen/DarkGreen/DarkGreen/DarkGreen] (4/5) | 0.6s
[16:00:21]   -> TAP(627,1211) [[EXPLORE:PlayDB] Tap (627,1211) human pattern #2]
[16:00:24] T125: [gameplay] Board=278cells/6colors d=+0 [DarkGreen:198, Brown:32, Orange:20, DarkRed:12, Red:10] | Queue=[EXPLORE stall=7 fp_top=0.98] | Holder=[_/DarkGreen/DarkGreen/DarkGreen/DarkGreen] (4/5) | 0.6s
[16:00:24]   -> TAP(202,175) [[EXPLORE:PlayDB] Tap (202,175) human pattern #3]
[16:00:27] T126: [gameplay] Board=278cells/6colors d=+0 [DarkGreen:198, Brown:32, Orange:20, DarkRed:12, Red:10] | Queue=[EXPLORE stall=8 fp_top=0.98] | Holder=[_/DarkGreen/DarkGreen/DarkGreen/DarkGreen] (4/5) | 0.5s
[16:00:27]   -> TAP(817,1164) [[EXPLORE:PlayDB] Tap (817,1164) human pattern #4]
[16:00:29] T127: [gameplay] Board=278cells/6colors d=+0 [DarkGreen:198, Brown:32, Orange:20, DarkRed:12, Red:10] | Queue=[EXPLORE stall=9 fp_top=0.98] | Holder=[_/DarkGreen/DarkGreen/DarkGreen/DarkGreen] (4/5) | 0.6s
[16:00:29]   -> TAP(185,930) [[EXPLORE:ZONE:0] Tap zone (185,930)]
[16:00:32] T128: [gameplay] Board=278cells/6colors d=+0 [DarkGreen:198, Brown:32, Orange:20, DarkRed:12, Red:10] | Queue=[EXPLORE stall=10 fp_top=0.98] | Holder=[_/DarkGreen/DarkGreen/DarkGreen/DarkGreen] (4/5) | 0.6s
[16:00:32]   -> TAP(310,930) [[EXPLORE:ZONE:1] Tap zone (310,930)]
[16:00:35] T129: [gameplay] Board=278cells/6colors d=+0 [DarkGreen:198, Brown:32, Orange:20, DarkRed:12, Red:10] | Queue=[EXPLORE stall=11 fp_top=0.98] | Holder=[_/DarkGreen/DarkGreen/DarkGreen/DarkGreen] (4/5) | 0.6s
[16:00:35]   -> TAP(435,930) [[EXPLORE:ZONE:2] Tap zone (435,930)]
[16:00:38] T130: [gameplay] Board=278cells/6colors d=+0 [DarkGreen:198, Brown:32, Orange:20, DarkRed:12, Red:10] | Queue=[EXPLORE stall=12 fp_top=0.98] | Holder=[_/DarkGreen/DarkGreen/DarkGreen/DarkGreen] (4/5) | 0.6s
[16:00:38]   -> TAP(560,930) [[EXPLORE:ZONE:3] Tap zone (560,930)]
[16:00:40] T131: [gameplay] Board=278cells/6colors d=+0 [DarkGreen:198, Brown:32, Orange:20, DarkRed:12, Red:10] | Queue=[EXPLORE stall=13 fp_top=0.98] | Holder=[_/DarkGreen/DarkGreen/DarkGreen/DarkGreen] (4/5) | 0.6s
[16:00:40]   -> TAP(685,930) [[EXPLORE:ZONE:4] Tap zone (685,930)]
[16:00:43] T132: [gameplay] Board=278cells/6colors d=+0 [DarkGreen:198, Brown:32, Orange:20, DarkRed:12, Red:10] | Queue=[EXPLORE stall=14 fp_top=0.98] | Holder=[_/DarkGreen/DarkGreen/DarkGreen/DarkGreen] (4/5) | 0.6s
[16:00:43]   -> TAP(280,1500) [[EXPLORE:ZONE:5] Tap zone (280,1500)]
[16:00:46] T133: [gameplay] Board=278cells/6colors d=+0 [DarkGreen:198, Brown:32, Orange:20, DarkRed:12, Red:10] | Queue=[EXPLORE stall=15 fp_top=0.98] | Holder=[_/DarkGreen/DarkGreen/DarkGreen/DarkGreen] (4/5) | 0.6s
[16:00:46]   -> TAP(400,1500) [[EXPLORE:ZONE:6] Tap zone (400,1500)]
[16:00:48] T134: [gameplay] Board=278cells/6colors d=+0 [DarkGreen:198, Brown:32, Orange:20, DarkRed:12, Red:10] | Queue=[EXPLORE stall=16 fp_top=0.98] | Holder=[_/DarkGreen/DarkGreen/DarkGreen/DarkGreen] (4/5) | 0.6s
[16:00:48]   -> TAP(530,1500) [[EXPLORE:ZONE:7] Tap zone (530,1500)]
[16:00:51] T135: NO PROGRESS 20 turns (cells=281) — abandoning session + relaunch
[16:00:51]   [SESSION] Ended 86acff89727a: stuck (17 turns, end_cells=278)
[16:01:03] T136: [loading] PlayDB: 3 patterns, trying top 2
[16:01:07] T137: [loading] PlayDB: 3 patterns, trying top 2
[16:01:11] T138: [loading] PlayDB: 3 patterns, trying top 2
[16:01:15] T139: [lobby] Hardcoded play button (540,1450)
[16:01:18] T140: [fail] HEARTS-EMPTY popup detected (pixel match). Waiting 900s for regen.
[16:01:18] T141: [fail] HEARTS WAIT: 899s remaining, sleeping in 5s chunks...
[16:01:49] T142: [fail] HEARTS WAIT: 868s remaining, sleeping in 5s chunks...
[16:02:20] T143: [fail] HEARTS WAIT: 837s remaining, sleeping in 5s chunks...
[16:02:51] T144: [fail] HEARTS WAIT: 807s remaining, sleeping in 5s chunks...
[16:03:22] T145: [fail] HEARTS WAIT: 776s remaining, sleeping in 5s chunks...
[16:03:52] T146: [fail] HEARTS WAIT: 745s remaining, sleeping in 5s chunks...
[16:04:23] T147: [fail] HEARTS WAIT: 714s remaining, sleeping in 5s chunks...
[16:04:54] T148: [fail] HEARTS WAIT: 684s remaining, sleeping in 5s chunks...
[16:05:25] T149: [fail] HEARTS WAIT: 653s remaining, sleeping in 5s chunks...
[16:05:56] T150: [fail] HEARTS WAIT: 622s remaining, sleeping in 5s chunks...
[16:06:26] T151: [fail] HEARTS WAIT: 591s remaining, sleeping in 5s chunks...
[16:06:57] T152: [fail] HEARTS WAIT: 560s remaining, sleeping in 5s chunks...
[16:07:28] T153: [fail] HEARTS WAIT: 530s remaining, sleeping in 5s chunks...
[16:07:59] T154: [fail] HEARTS WAIT: 499s remaining, sleeping in 5s chunks...
[16:08:29] T155: [fail] HEARTS WAIT: 468s remaining, sleeping in 5s chunks...
[16:09:00] T156: [fail] HEARTS WAIT: 437s remaining, sleeping in 5s chunks...
[16:09:31] T157: [fail] HEARTS WAIT: 407s remaining, sleeping in 5s chunks...
[16:10:02] T158: [fail] HEARTS WAIT: 376s remaining, sleeping in 5s chunks...
[16:10:32] T159: [fail] HEARTS WAIT: 345s remaining, sleeping in 5s chunks...
[16:11:03] T160: [fail] HEARTS WAIT: 314s remaining, sleeping in 5s chunks...
[16:11:34] T161: [fail] HEARTS WAIT: 284s remaining, sleeping in 5s chunks...
[16:12:05] T162: [fail] HEARTS WAIT: 253s remaining, sleeping in 5s chunks...
[16:12:36] T163: [fail] HEARTS WAIT: 222s remaining, sleeping in 5s chunks...
[16:13:06] T164: [fail] HEARTS WAIT: 191s remaining, sleeping in 5s chunks...
[16:13:37] T165: [fail] HEARTS WAIT: 160s remaining, sleeping in 5s chunks...
[16:14:08] T166: [fail] HEARTS WAIT: 129s remaining, sleeping in 5s chunks...
[16:14:39] T167: [fail] HEARTS WAIT: 99s remaining, sleeping in 5s chunks...
[16:15:10] T168: [fail] HEARTS WAIT: 68s remaining, sleeping in 5s chunks...
[16:15:41] T169: [fail] HEARTS WAIT: 37s remaining, sleeping in 5s chunks...
[16:16:11] T170: [fail] HEARTS WAIT: 6s remaining, sleeping in 5s chunks...
[16:16:17] T171: [fail] HEARTS WAIT: 1s remaining, sleeping in 5s chunks...
[16:16:22] T172: [fail] HEARTS-EMPTY popup detected (pixel match). Waiting 900s for regen.
[16:16:23] T173: [fail] HEARTS WAIT: 899s remaining, sleeping in 5s chunks...
[16:16:54] T174: [fail] HEARTS WAIT: 868s remaining, sleeping in 5s chunks...
[16:17:25] T175: [fail] HEARTS WAIT: 837s remaining, sleeping in 5s chunks...
[16:17:55] T176: [fail] HEARTS WAIT: 807s remaining, sleeping in 5s chunks...
[16:18:26] T177: [fail] HEARTS WAIT: 776s remaining, sleeping in 5s chunks...
[16:18:57] T178: [fail] HEARTS WAIT: 745s remaining, sleeping in 5s chunks...
[16:19:28] T179: [fail] HEARTS WAIT: 714s remaining, sleeping in 5s chunks...
[16:19:59] T180: [fail] HEARTS WAIT: 683s remaining, sleeping in 5s chunks...
[16:20:29] T181: [fail] HEARTS WAIT: 653s remaining, sleeping in 5s chunks...
[16:21:00] T182: [fail] HEARTS WAIT: 622s remaining, sleeping in 5s chunks...
[16:21:31] T183: [lobby] HEARTS WAIT: 591s remaining, sleeping in 5s chunks...
[16:22:02] T184: [lobby] HEARTS WAIT: 560s remaining, sleeping in 5s chunks...
[16:22:33] T185: [lobby] HEARTS WAIT: 529s remaining, sleeping in 5s chunks...
[16:23:04] T186: [lobby] HEARTS WAIT: 498s remaining, sleeping in 5s chunks...
[16:23:35] T187: [lobby] HEARTS WAIT: 467s remaining, sleeping in 5s chunks...
[16:24:05] T188: [lobby] HEARTS WAIT: 436s remaining, sleeping in 5s chunks...
[16:24:36] T189: [lobby] HEARTS WAIT: 405s remaining, sleeping in 5s chunks...
[16:25:07] T190: [lobby] HEARTS WAIT: 374s remaining, sleeping in 5s chunks...
[16:25:38] T191: [lobby] HEARTS WAIT: 344s remaining, sleeping in 5s chunks...
[16:26:09] T192: [lobby] HEARTS WAIT: 313s remaining, sleeping in 5s chunks...
[16:26:40] T193: [lobby] HEARTS WAIT: 282s remaining, sleeping in 5s chunks...
[16:27:11] T194: [lobby] HEARTS WAIT: 251s remaining, sleeping in 5s chunks...
[16:27:42] T195: [lobby] HEARTS WAIT: 220s remaining, sleeping in 5s chunks...
[16:28:13] T196: [lobby] HEARTS WAIT: 189s remaining, sleeping in 5s chunks...
[16:28:43] T197: [lobby] HEARTS WAIT: 158s remaining, sleeping in 5s chunks...
[16:29:14] T198: [lobby] HEARTS WAIT: 127s remaining, sleeping in 5s chunks...
[16:29:45] T199: [lobby] HEARTS WAIT: 97s remaining, sleeping in 5s chunks...
[16:30:16] T200: [lobby] HEARTS WAIT: 66s remaining, sleeping in 5s chunks...
[16:30:47] T201: [lobby] HEARTS WAIT: 35s remaining, sleeping in 5s chunks...
[16:31:18] T202: [lobby] HEARTS WAIT: 4s remaining, sleeping in 5s chunks...
[16:31:24] T203: [lobby] Hardcoded play button (540,1450)
[16:31:27]   [SESSION] Started b76ed0a3a83e (start_cells=281)
[16:31:27] T204: [gameplay] Board=281cells/5colors d=+0 [DarkGreen:199, Brown:38, Orange:24, DarkRed:12, Red:8] | Queue=[FP stall=0 fp_top=0.95] | Holder=[_/DarkGreen/DarkGreen/DarkGreen/DarkGreen] (4/5) | 0.5s
[16:31:27]   -> TAP(524,1512) [[FP:0.97] Human pattern (delta=-9, id=3250)]
[16:31:30] T205: [gameplay] Board=281cells/5colors d=+0 [DarkGreen:199, Brown:38, Orange:24, DarkRed:12, Red:8] | Queue=[FP stall=1 fp_top=0.95] | Holder=[_/DarkRed/SageTeal/_/_] (2/5) | 0.5s
[16:31:30]   -> TAP(717,1495) [[FP:0.97] Human pattern (delta=-43, id=6857)]
[16:31:33] T206: [gameplay] Board=281cells/5colors d=+0 [DarkGreen:199, Brown:38, Orange:24, DarkRed:12, Red:8] | Queue=[FP stall=2 fp_top=0.95] | Holder=[_/DarkRed/SageTeal/_/_] (2/5) | 0.5s
[16:31:33]   -> TAP(696,1517) [[FP:0.97] Human pattern (delta=-40, id=6969)]
[16:31:36]   [EXPLORE] Entering exploration mode (stall x3)
[16:31:36] T207: [gameplay] Board=281cells/5colors d=+0 [DarkGreen:199, Brown:38, Orange:24, DarkRed:12, Red:8] | Queue=[FP stall=3 fp_top=0.95] | Holder=[_/DarkRed/_/_/_] (1/5) | 0.5s
[16:31:36]   -> TAP(314,1495) [[FP:0.95] Human pattern (delta=-59, id=4165)]
[16:31:40]   [LEARN] Explore tap (530,1500) WORKED! (d=-35)
[16:31:40] T208: [gameplay] Board=246cells/5colors d=-35 [DarkGreen:164, Brown:38, Orange:24, DarkRed:12, Red:8] | Queue=[FP stall=0 fp_top=0.95] | Holder=[_/DarkRed/_/_/_] (1/5) | 0.5s
[16:31:40]   -> TAP(723,1537) [[FP:0.96] Human pattern (delta=-37, id=3699)]
[16:31:43] T209: [gameplay] Board=242cells/5colors d=-4 [DarkGreen:160, Brown:38, Orange:24, DarkRed:12, Red:8] | Queue=[FP stall=0 fp_top=0.95] | Holder=[_/DarkRed/_/_/_] (1/5) | 0.5s
[16:31:43]   -> TAP(342,1656) [[FP:0.96] Human pattern (delta=-14, id=3702)]
[16:31:46] T210: [gameplay] Board=242cells/5colors d=+0 [DarkGreen:160, Brown:38, Orange:24, DarkRed:12, Red:8] | Queue=[FP stall=1 fp_top=0.95] | Holder=[_/DarkRed/_/_/_] (1/5) | 0.5s
[16:31:46]   -> TAP(316,1516) [[FP:0.97] Human pattern (delta=-28, id=4177)]
[16:31:49] T211: [gameplay] Board=242cells/5colors d=+0 [DarkGreen:160, Brown:38, Orange:24, DarkRed:12, Red:8] | Queue=[FP stall=2 fp_top=0.95] | Holder=[_/DarkRed/_/_/_] (1/5) | 0.5s
[16:31:49]   -> TAP(732,1524) [[FP:0.96] Human pattern (delta=-20, id=3691)]
[16:31:52]   [EXPLORE] Entering exploration mode (stall x3)
[16:31:52] T212: [gameplay] Board=242cells/5colors d=+0 [DarkGreen:160, Brown:38, Orange:24, DarkRed:12, Red:8] | Queue=[FP stall=3 fp_top=0.95] | Holder=[_/DarkRed/_/_/_] (1/5) | 0.5s
[16:31:52]   -> TAP(696,1517) [[FP:0.96] Human pattern (delta=-40, id=6969)]
[16:31:55] T213: [gameplay] Board=242cells/5colors d=+0 [DarkGreen:160, Brown:38, Orange:24, DarkRed:12, Red:8] | Queue=[FP stall=4 fp_top=0.95] | Holder=[_/DarkRed/_/_/_] (1/5) | 0.5s
[16:31:55]   -> TAP(524,1512) [[FP:0.96] Human pattern (delta=-9, id=3250)]
[16:31:59] T214: [gameplay] Board=242cells/5colors d=+0 [DarkGreen:160, Brown:38, Orange:24, DarkRed:12, Red:8] | Queue=[EXPLORE stall=5 fp_top=0.95] | Holder=[_/DarkRed/_/_/_] (1/5) | 1.0s
[16:31:59]   -> TAP(869,1653) [[EXPLORE:PlayDB] Tap (869,1653) human pattern #1]
[16:32:02] T215: [gameplay] Board=242cells/5colors d=+0 [DarkGreen:160, Brown:38, Orange:24, DarkRed:12, Red:8] | Queue=[EXPLORE stall=6 fp_top=0.95] | Holder=[_/DarkRed/_/_/_] (1/5) | 0.6s
[16:32:02]   -> TAP(627,1211) [[EXPLORE:PlayDB] Tap (627,1211) human pattern #2]
[16:32:05] T216: [gameplay] Board=242cells/5colors d=+0 [DarkGreen:160, Brown:38, Orange:24, DarkRed:12, Red:8] | Queue=[EXPLORE stall=7 fp_top=0.95] | Holder=[_/DarkRed/_/_/_] (1/5) | 0.6s
[16:32:05]   -> TAP(202,175) [[EXPLORE:PlayDB] Tap (202,175) human pattern #3]
[16:32:07] T217: [gameplay] Board=242cells/5colors d=+0 [DarkGreen:160, Brown:38, Orange:24, DarkRed:12, Red:8] | Queue=[EXPLORE stall=8 fp_top=0.95] | Holder=[_/DarkRed/_/_/_] (1/5) | 0.5s
[16:32:07]   -> TAP(817,1164) [[EXPLORE:PlayDB] Tap (817,1164) human pattern #4]
[16:32:10] T218: [gameplay] Board=242cells/5colors d=+0 [DarkGreen:160, Brown:38, Orange:24, DarkRed:12, Red:8] | Queue=[EXPLORE stall=9 fp_top=0.95] | Holder=[_/DarkRed/_/_/_] (1/5) | 0.6s
[16:32:10]   -> TAP(185,930) [[EXPLORE:ZONE:0] Tap zone (185,930)]
[16:32:13] T219: [gameplay] Board=242cells/5colors d=+0 [DarkGreen:160, Brown:38, Orange:24, DarkRed:12, Red:8] | Queue=[EXPLORE stall=10 fp_top=0.95] | Holder=[_/DarkRed/_/_/_] (1/5) | 0.6s
[16:32:13]   -> TAP(310,930) [[EXPLORE:ZONE:1] Tap zone (310,930)]
[16:32:16] T220: [gameplay] Board=242cells/5colors d=+0 [DarkGreen:160, Brown:38, Orange:24, DarkRed:12, Red:8] | Queue=[EXPLORE stall=11 fp_top=0.95] | Holder=[_/DarkRed/_/_/_] (1/5) | 0.6s
[16:32:16]   -> TAP(435,930) [[EXPLORE:ZONE:2] Tap zone (435,930)]
[16:32:18] T221: [gameplay] Board=242cells/5colors d=+0 [DarkGreen:160, Brown:38, Orange:24, DarkRed:12, Red:8] | Queue=[EXPLORE stall=12 fp_top=0.95] | Holder=[_/DarkRed/_/_/_] (1/5) | 0.5s
[16:32:18]   -> TAP(560,930) [[EXPLORE:ZONE:3] Tap zone (560,930)]
[16:32:21] T222: [gameplay] Board=242cells/5colors d=+0 [DarkGreen:160, Brown:38, Orange:24, DarkRed:12, Red:8] | Queue=[EXPLORE stall=13 fp_top=0.95] | Holder=[_/DarkRed/_/_/_] (1/5) | 0.5s
[16:32:21]   -> TAP(685,930) [[EXPLORE:ZONE:4] Tap zone (685,930)]
[16:32:24] T223: [gameplay] Board=242cells/5colors d=+0 [DarkGreen:160, Brown:38, Orange:24, DarkRed:12, Red:8] | Queue=[EXPLORE stall=14 fp_top=0.95] | Holder=[_/DarkRed/_/_/_] (1/5) | 0.6s
[16:32:24]   -> TAP(280,1500) [[EXPLORE:ZONE:5] Tap zone (280,1500)]
[16:32:27] T224: [gameplay] Board=242cells/5colors d=+0 [DarkGreen:160, Brown:38, Orange:24, DarkRed:12, Red:8] | Queue=[EXPLORE stall=15 fp_top=0.95] | Holder=[_/DarkRed/_/_/_] (1/5) | 0.6s
[16:32:27]   -> TAP(400,1500) [[EXPLORE:ZONE:6] Tap zone (400,1500)]
[16:32:29] T225: [gameplay] Board=242cells/5colors d=+0 [DarkGreen:160, Brown:38, Orange:24, DarkRed:12, Red:8] | Queue=[EXPLORE stall=16 fp_top=0.95] | Holder=[_/_/_/_/_] (0/5) | 0.6s
[16:32:29]   -> TAP(530,1500) [[EXPLORE:ZONE:7] Tap zone (530,1500)]
[16:32:32] T226: [gameplay] Board=243cells/5colors d=+1 [DarkGreen:160, Brown:38, Orange:24, DarkRed:12, Red:9] | Queue=[EXPLORE stall=15 fp_top=0.95] | Holder=[_/_/_/_/_] (0/5) | 0.5s
[16:32:32]   -> TAP(660,1500) [[EXPLORE:ZONE:8] Tap zone (660,1500)]
[16:32:35]   [LEARN] Explore tap (660,1500) WORKED! (d=-1)
[16:32:35] T227: [gameplay] Board=242cells/5colors d=-1 [DarkGreen:160, Brown:38, Orange:24, DarkRed:12, Red:8] | Queue=[FP stall=0 fp_top=0.95] | Holder=[_/_/_/_/_] (0/5) | 0.5s
[16:32:35]   -> TAP(723,1537) [[FP:0.96] Human pattern (delta=-37, id=3699)]
[16:32:37]   [SESSION] Ended b76ed0a3a83e: fail (24 turns, end_cells=242)
[16:32:37] T228: [fail] Multi-tap close/retry positions
[16:32:42] T229: [win] Multi-tap continue positions
[16:32:46] T230: [fail] HEARTS-EMPTY popup detected (pixel match). Waiting 900s for regen.
[16:32:46] T231: [fail] HEARTS WAIT: 899s remaining, sleeping in 5s chunks...
[16:33:17] T232: [fail] HEARTS WAIT: 868s remaining, sleeping in 5s chunks...
[16:33:48] T233: [fail] HEARTS WAIT: 838s remaining, sleeping in 5s chunks...
[16:34:18] T234: [fail] HEARTS WAIT: 807s remaining, sleeping in 5s chunks...
[16:34:49] T235: [fail] HEARTS WAIT: 776s remaining, sleeping in 5s chunks...
[16:35:20] T236: [fail] HEARTS WAIT: 745s remaining, sleeping in 5s chunks...
[16:35:51] T237: [fail] HEARTS WAIT: 715s remaining, sleeping in 5s chunks...
[16:36:21] T238: [fail] HEARTS WAIT: 684s remaining, sleeping in 5s chunks...
[16:36:52] T239: [fail] HEARTS WAIT: 653s remaining, sleeping in 5s chunks...
[16:37:23] T240: [fail] HEARTS WAIT: 622s remaining, sleeping in 5s chunks...
[16:37:54] T241: [fail] HEARTS WAIT: 592s remaining, sleeping in 5s chunks...
[16:38:25] T242: [fail] HEARTS WAIT: 561s remaining, sleeping in 5s chunks...
[16:38:55] T243: [fail] HEARTS WAIT: 530s remaining, sleeping in 5s chunks...
[16:39:26] T244: [fail] HEARTS WAIT: 499s remaining, sleeping in 5s chunks...
[16:39:57] T245: [fail] HEARTS WAIT: 468s remaining, sleeping in 5s chunks...
[16:40:28] T246: [fail] HEARTS WAIT: 437s remaining, sleeping in 5s chunks...
[16:40:59] T247: [fail] HEARTS WAIT: 406s remaining, sleeping in 5s chunks...
[16:41:30] T248: [fail] HEARTS WAIT: 376s remaining, sleeping in 5s chunks...
[16:42:00] T249: [fail] HEARTS WAIT: 345s remaining, sleeping in 5s chunks...
[16:42:31] T250: [fail] HEARTS WAIT: 314s remaining, sleeping in 5s chunks...
[16:43:02] T251: [fail] HEARTS WAIT: 283s remaining, sleeping in 5s chunks...
[16:43:33] T252: [fail] HEARTS WAIT: 252s remaining, sleeping in 5s chunks...
[16:44:04] T253: [fail] HEARTS WAIT: 221s remaining, sleeping in 5s chunks...
[16:44:35] T254: [fail] HEARTS WAIT: 190s remaining, sleeping in 5s chunks...
[16:45:06] T255: [fail] HEARTS WAIT: 159s remaining, sleeping in 5s chunks...
[16:45:37] T256: [fail] HEARTS WAIT: 129s remaining, sleeping in 5s chunks...
[16:46:07] T257: [fail] HEARTS WAIT: 98s remaining, sleeping in 5s chunks...
[16:46:38] T258: [fail] HEARTS WAIT: 67s remaining, sleeping in 5s chunks...
[16:47:09] T259: [fail] HEARTS WAIT: 36s remaining, sleeping in 5s chunks...
[16:47:40] T260: [fail] HEARTS WAIT: 5s remaining, sleeping in 5s chunks...
[16:47:46] T261: [fail] HEARTS-EMPTY popup detected (pixel match). Waiting 900s for regen.
[16:47:46] T262: [fail] HEARTS WAIT: 899s remaining, sleeping in 5s chunks...
[16:48:17] T263: [fail] HEARTS WAIT: 868s remaining, sleeping in 5s chunks...
[16:48:48] T264: [fail] HEARTS WAIT: 837s remaining, sleeping in 5s chunks...
[16:49:18] T265: [fail] HEARTS WAIT: 807s remaining, sleeping in 5s chunks...
[16:49:49] T266: [fail] HEARTS WAIT: 776s remaining, sleeping in 5s chunks...
[16:50:20] T267: [fail] HEARTS WAIT: 745s remaining, sleeping in 5s chunks...
[16:50:51] T268: [fail] HEARTS WAIT: 714s remaining, sleeping in 5s chunks...
[16:51:22] T269: [win] HEARTS WAIT: 683s remaining, sleeping in 5s chunks...
[16:51:53] T270: [win] HEARTS WAIT: 652s remaining, sleeping in 5s chunks...
[16:52:24] T271: [win] HEARTS WAIT: 621s remaining, sleeping in 5s chunks...
[16:52:55] T272: [win] HEARTS WAIT: 590s remaining, sleeping in 5s chunks...
[16:53:25] T273: [win] HEARTS WAIT: 560s remaining, sleeping in 5s chunks...
[16:53:56] T274: [win] HEARTS WAIT: 529s remaining, sleeping in 5s chunks...
[16:54:27] T275: [win] HEARTS WAIT: 498s remaining, sleeping in 5s chunks...
[16:54:58] T276: [win] HEARTS WAIT: 467s remaining, sleeping in 5s chunks...
[16:55:29] T277: [win] HEARTS WAIT: 436s remaining, sleeping in 5s chunks...
[16:56:00] T278: [win] HEARTS WAIT: 405s remaining, sleeping in 5s chunks...
[16:56:31] T279: [win] HEARTS WAIT: 374s remaining, sleeping in 5s chunks...
[16:57:02] T280: [win] HEARTS WAIT: 343s remaining, sleeping in 5s chunks...
[16:57:33] T281: [win] HEARTS WAIT: 312s remaining, sleeping in 5s chunks...
[16:58:04] T282: [win] HEARTS WAIT: 281s remaining, sleeping in 5s chunks...
[16:58:35] T283: [win] HEARTS WAIT: 250s remaining, sleeping in 5s chunks...
[16:59:06] T284: [win] HEARTS WAIT: 219s remaining, sleeping in 5s chunks...
[16:59:37] T285: [win] HEARTS WAIT: 188s remaining, sleeping in 5s chunks...
[17:00:07] T286: [win] HEARTS WAIT: 158s remaining, sleeping in 5s chunks...
[17:00:38] T287: [win] HEARTS WAIT: 127s remaining, sleeping in 5s chunks...
[17:01:09] T288: [win] HEARTS WAIT: 96s remaining, sleeping in 5s chunks...
[17:01:40] T289: [win] HEARTS WAIT: 65s remaining, sleeping in 5s chunks...
[17:02:11] T290: [win] HEARTS WAIT: 34s remaining, sleeping in 5s chunks...
[17:02:42] T291: [win] HEARTS WAIT: 3s remaining, sleeping in 5s chunks...
[17:02:48] T292: [win] Multi-tap continue positions
[17:02:53]   [SESSION] Started 66869e6891b4 (start_cells=287)
[17:02:53] T293: [gameplay] Board=287cells/5colors d=+0 [DarkGreen:209, Brown:37, Orange:25, DarkRed:10, Red:6] | Queue=[FP stall=0 fp_top=0.98] | Holder=[_/DarkGreen/DarkGreen/DarkGreen/DarkGreen] (4/5) | 0.7s
[17:02:53]   -> TAP(696,1517) [[FP:0.98] Human pattern (delta=-40, id=6969)]
[17:02:56] T294: [gameplay] Board=287cells/5colors d=+0 [DarkGreen:209, Brown:37, Orange:25, DarkRed:10, Red:6] | Queue=[FP stall=1 fp_top=0.98] | Holder=[_/DarkGreen/DarkGreen/DarkGreen/DarkGreen] (4/5) | 0.7s
[17:02:56]   -> TAP(723,1537) [[FP:0.98] Human pattern (delta=-37, id=3699)]
[17:03:00] T295: [gameplay] Board=287cells/5colors d=+0 [DarkGreen:209, Brown:37, Orange:25, DarkRed:10, Red:6] | Queue=[FP stall=2 fp_top=0.98] | Holder=[_/DarkGreen/DarkGreen/DarkGreen/DarkGreen] (4/5) | 0.6s
[17:03:00]   -> TAP(316,1516) [[FP:0.97] Human pattern (delta=-28, id=4177)]
[17:03:03]   [EXPLORE] Entering exploration mode (stall x3)
[17:03:03] T296: [gameplay] Board=287cells/5colors d=+0 [DarkGreen:209, Brown:37, Orange:25, DarkRed:10, Red:6] | Queue=[FP stall=3 fp_top=0.98] | Holder=[_/DarkGreen/DarkGreen/DarkGreen/DarkGreen] (4/5) | 0.6s
[17:03:03]   -> TAP(342,1656) [[FP:0.98] Human pattern (delta=-14, id=3702)]
[17:03:06] T297: [gameplay] Board=287cells/5colors d=+0 [DarkGreen:209, Brown:37, Orange:25, DarkRed:10, Red:6] | Queue=[FP stall=4 fp_top=0.98] | Holder=[_/DarkGreen/DarkGreen/DarkGreen/DarkGreen] (4/5) | 0.6s
[17:03:06]   -> TAP(342,1656) [[FP:0.98] Human pattern (delta=-14, id=3702)]
[17:03:10] T298: [gameplay] Board=287cells/5colors d=+0 [DarkGreen:209, Brown:37, Orange:25, DarkRed:10, Red:6] | Queue=[EXPLORE stall=5 fp_top=0.98] | Holder=[_/DarkGreen/DarkGreen/DarkGreen/DarkGreen] (4/5) | 0.7s
[17:03:10]   -> TAP(869,1653) [[EXPLORE:PlayDB] Tap (869,1653) human pattern #1]
[17:03:13] T299: [gameplay] Board=287cells/5colors d=+0 [DarkGreen:209, Brown:37, Orange:25, DarkRed:10, Red:6] | Queue=[EXPLORE stall=6 fp_top=0.98] | Holder=[_/DarkGreen/DarkGreen/DarkGreen/DarkGreen] (4/5) | 0.7s
[17:03:13]   -> TAP(627,1211) [[EXPLORE:PlayDB] Tap (627,1211) human pattern #2]
[17:03:16] T300: [gameplay] Board=287cells/5colors d=+0 [DarkGreen:209, Brown:37, Orange:25, DarkRed:10, Red:6] | Queue=[EXPLORE stall=7 fp_top=0.98] | Holder=[_/DarkGreen/DarkGreen/DarkGreen/DarkGreen] (4/5) | 0.7s
[17:03:16]   -> TAP(202,175) [[EXPLORE:PlayDB] Tap (202,175) human pattern #3]
[17:03:19] T301: [gameplay] Board=287cells/5colors d=+0 [DarkGreen:209, Brown:37, Orange:25, DarkRed:10, Red:6] | Queue=[EXPLORE stall=8 fp_top=0.98] | Holder=[_/DarkGreen/DarkGreen/DarkGreen/DarkGreen] (4/5) | 0.7s
[17:03:19]   -> TAP(817,1164) [[EXPLORE:PlayDB] Tap (817,1164) human pattern #4]
[17:03:22] T302: [gameplay] Board=287cells/5colors d=+0 [DarkGreen:209, Brown:37, Orange:25, DarkRed:10, Red:6] | Queue=[EXPLORE stall=9 fp_top=0.98] | Holder=[_/DarkGreen/DarkGreen/DarkGreen/DarkGreen] (4/5) | 0.7s
[17:03:22]   -> TAP(185,930) [[EXPLORE:ZONE:0] Tap zone (185,930)]
[17:03:25] T303: [gameplay] Board=287cells/5colors d=+0 [DarkGreen:209, Brown:37, Orange:25, DarkRed:10, Red:6] | Queue=[EXPLORE stall=10 fp_top=0.98] | Holder=[_/DarkGreen/DarkGreen/DarkGreen/DarkGreen] (4/5) | 0.8s
[17:03:25]   -> TAP(310,930) [[EXPLORE:ZONE:1] Tap zone (310,930)]
[17:03:28] T304: [gameplay] Board=287cells/5colors d=+0 [DarkGreen:209, Brown:37, Orange:25, DarkRed:10, Red:6] | Queue=[EXPLORE stall=11 fp_top=0.98] | Holder=[_/DarkGreen/DarkGreen/DarkGreen/DarkGreen] (4/5) | 0.7s
[17:03:28]   -> TAP(435,930) [[EXPLORE:ZONE:2] Tap zone (435,930)]
[17:03:31] T305: [gameplay] Board=287cells/5colors d=+0 [DarkGreen:209, Brown:37, Orange:25, DarkRed:10, Red:6] | Queue=[EXPLORE stall=12 fp_top=0.98] | Holder=[_/DarkGreen/DarkGreen/DarkGreen/DarkGreen] (4/5) | 0.7s
[17:03:31]   -> TAP(560,930) [[EXPLORE:ZONE:3] Tap zone (560,930)]
[17:03:34] T306: [gameplay] Board=287cells/5colors d=+0 [DarkGreen:209, Brown:37, Orange:25, DarkRed:10, Red:6] | Queue=[EXPLORE stall=13 fp_top=0.98] | Holder=[_/DarkGreen/DarkGreen/DarkGreen/DarkGreen] (4/5) | 0.7s
[17:03:34]   -> TAP(685,930) [[EXPLORE:ZONE:4] Tap zone (685,930)]
[17:03:36] T307: [gameplay] Board=287cells/5colors d=+0 [DarkGreen:209, Brown:37, Orange:25, DarkRed:10, Red:6] | Queue=[EXPLORE stall=14 fp_top=0.98] | Holder=[_/DarkGreen/DarkGreen/DarkGreen/DarkGreen] (4/5) | 0.6s
[17:03:36]   -> TAP(280,1500) [[EXPLORE:ZONE:5] Tap zone (280,1500)]
[17:03:39] T308: [gameplay] Board=287cells/5colors d=+0 [DarkGreen:209, Brown:37, Orange:25, DarkRed:10, Red:6] | Queue=[EXPLORE stall=15 fp_top=0.98] | Holder=[_/DarkGreen/DarkGreen/DarkGreen/DarkGreen] (4/5) | 0.7s
[17:03:39]   -> TAP(400,1500) [[EXPLORE:ZONE:6] Tap zone (400,1500)]
[17:03:42] T309: [gameplay] Board=287cells/5colors d=+0 [DarkGreen:209, Brown:37, Orange:25, DarkRed:10, Red:6] | Queue=[EXPLORE stall=16 fp_top=0.98] | Holder=[_/DarkGreen/DarkGreen/DarkGreen/DarkGreen] (4/5) | 0.7s
[17:03:42]   -> TAP(530,1500) [[EXPLORE:ZONE:7] Tap zone (530,1500)]
[17:03:45] T310: [gameplay] Board=287cells/5colors d=+0 [DarkGreen:209, Brown:37, Orange:25, DarkRed:10, Red:6] | Queue=[EXPLORE stall=17 fp_top=0.98] | Holder=[_/DarkRed/SageTeal/SageTeal/SageTeal] (4/5) | 0.7s
[17:03:45]   -> TAP(660,1500) [[EXPLORE:ZONE:8] Tap zone (660,1500)]
[17:03:48] T311: [gameplay] Board=287cells/5colors d=+0 [DarkGreen:209, Brown:37, Orange:25, DarkRed:10, Red:6] | Queue=[EXPLORE stall=18 fp_top=0.98] | Holder=[_/DarkRed/_/_/_] (1/5) | 0.7s
[17:03:48]   -> TAP(780,1500) [[EXPLORE:ZONE:9] Tap zone (780,1500)]
[17:03:51]   [LEARN] Explore tap (780,1500) WORKED! (d=-34)
[17:03:51] T312: [gameplay] Board=253cells/5colors d=-34 [DarkGreen:175, Brown:37, Orange:25, DarkRed:10, Red:6] | Queue=[FP stall=0 fp_top=0.95] | Holder=[_/DarkRed/_/_/_] (1/5) | 0.7s
[17:03:51]   -> TAP(732,1524) [[FP:0.97] Human pattern (delta=-20, id=3691)]
[17:03:54] T313: [gameplay] Board=249cells/5colors d=-4 [DarkGreen:171, Brown:37, Orange:25, DarkRed:10, Red:6] | Queue=[FP stall=0 fp_top=0.95] | Holder=[_/DarkRed/_/_/_] (1/5) | 0.6s
[17:03:54]   -> TAP(314,1495) [[FP:0.95] Human pattern (delta=-59, id=4165)]
[17:03:58] T314: [gameplay] Board=249cells/5colors d=+0 [DarkGreen:171, Brown:37, Orange:25, DarkRed:10, Red:6] | Queue=[FP stall=1 fp_top=0.95] | Holder=[_/DarkRed/_/_/_] (1/5) | 0.6s
[17:03:58]   -> TAP(524,1512) [[FP:0.97] Human pattern (delta=-9, id=3250)]
[17:04:01] T315: [gameplay] Board=249cells/5colors d=+0 [DarkGreen:171, Brown:37, Orange:25, DarkRed:10, Red:6] | Queue=[FP stall=2 fp_top=0.95] | Holder=[_/DarkRed/_/_/_] (1/5) | 0.6s
[17:04:01]   -> TAP(696,1517) [[FP:0.97] Human pattern (delta=-40, id=6969)]
[17:04:04]   [EXPLORE] Entering exploration mode (stall x3)
[17:04:04] T316: [gameplay] Board=249cells/5colors d=+0 [DarkGreen:171, Brown:37, Orange:25, DarkRed:10, Red:6] | Queue=[FP stall=3 fp_top=0.95] | Holder=[_/LightBlue/_/_/_] (1/5) | 0.6s
[17:04:04]   -> TAP(723,1537) [[FP:0.97] Human pattern (delta=-37, id=3699)]
[17:04:08] T317: [gameplay] Board=249cells/5colors d=+0 [DarkGreen:171, Brown:37, Orange:25, DarkRed:10, Red:6] | Queue=[FP stall=4 fp_top=0.95] | Holder=[_/DarkRed/_/_/_] (1/5) | 0.8s
[17:04:08]   -> TAP(316,1516) [[FP:0.97] Human pattern (delta=-28, id=4177)]
[17:04:11] T318: [popup] Multi-tap close/retry positions
[17:04:15]   [SESSION] Ended 66869e6891b4: fail (25 turns, end_cells=249)
[17:04:15] T319: [fail] Multi-tap close/retry positions
[17:04:20] T320: [fail] Multi-tap close/retry positions
[17:04:24] T321: [fail] Multi-tap close/retry positions
[17:04:29] T322: POPUP LOOP (fail), relaunch
[17:04:41] T323: [loading] PlayDB: 3 patterns, trying top 2
[17:04:45] T324: [loading] PlayDB: 3 patterns, trying top 2
[17:04:50] T325: [loading] PlayDB: 3 patterns, trying top 2
[17:04:54] T326: [loading] PlayDB: 3 patterns, trying top 2
[17:04:59] T327: [lobby] Hardcoded play button (540,1450)
[17:05:02] T328: [fail] HEARTS-EMPTY popup detected (pixel match). Waiting 900s for regen.
[17:05:02] T329: [fail] HEARTS WAIT: 899s remaining, sleeping in 5s chunks...
[17:05:33] T330: [fail] HEARTS WAIT: 868s remaining, sleeping in 5s chunks...
[17:06:04] T331: [fail] HEARTS WAIT: 837s remaining, sleeping in 5s chunks...
[17:06:35] T332: [fail] HEARTS WAIT: 806s remaining, sleeping in 5s chunks...
[17:07:06] T333: [fail] HEARTS WAIT: 775s remaining, sleeping in 5s chunks...
[17:07:37] T334: [fail] HEARTS WAIT: 744s remaining, sleeping in 5s chunks...
[17:08:08] T335: [fail] HEARTS WAIT: 713s remaining, sleeping in 5s chunks...
[17:08:39] T336: [fail] HEARTS WAIT: 683s remaining, sleeping in 5s chunks...
[17:09:10] T337: [fail] HEARTS WAIT: 652s remaining, sleeping in 5s chunks...
[17:09:40] T338: [fail] HEARTS WAIT: 621s remaining, sleeping in 5s chunks...
[17:10:11] T339: [fail] HEARTS WAIT: 590s remaining, sleeping in 5s chunks...
[17:10:42] T340: [fail] HEARTS WAIT: 559s remaining, sleeping in 5s chunks...
[17:11:13] T341: [fail] HEARTS WAIT: 528s remaining, sleeping in 5s chunks...
[17:11:44] T342: [fail] HEARTS WAIT: 497s remaining, sleeping in 5s chunks...
[17:12:15] T343: [fail] HEARTS WAIT: 467s remaining, sleeping in 5s chunks...
[17:12:45] T344: [fail] HEARTS WAIT: 436s remaining, sleeping in 5s chunks...
[17:13:16] 
[17:13:16] ============================================================
[17:13:16] SESSION COMPLETE
[17:13:16] ============================================================
[17:13:16] Total turns:   344
[17:13:16] Games started: 6
[17:13:16] Games won:     2
[17:13:16] Games failed:  7
[17:13:16] AI Play DB: E:\AI\virtual_player\data\db\ai_play_pixelflow.db
[17:13:16] Fingerprint DB: E:\AI\virtual_player\data\pixelflow\db\fingerprint.db (loaded)
[17:13:16] Stats saved: E:\AI\virtual_player\data\games\pixelflow\temp\smart\smart_stats.json
