[03:17:07] ============================================================
[03:17:07] Smart PixelFlow Player START
[03:17:07] Duration: 120 min | Target: 05:17:07
[03:17:07] ADB: C:/Program Files/BlueStacks_nxt/HD-Adb.exe | Device: emulator-5554
[03:17:07] YOLO: best.pt
[03:17:07] Profile: cell_profile.json
[FingerprintSearcher] Loaded 4891 rows (win_only=True)
[03:17:08] Fingerprint DB: fingerprint.db (loaded)
[03:17:08] FP threshold: 0.78, top_k: 8
[03:17:08] ============================================================
[03:17:18] T1: [fail] HEARTS-EMPTY popup detected (pixel match). Waiting 900s for regen.
[03:17:18] T2: [fail] HEARTS WAIT: 899s remaining, sleeping in 5s chunks...
[03:17:49] T3: [fail] HEARTS WAIT: 868s remaining, sleeping in 5s chunks...
[03:18:20] T4: [fail] HEARTS WAIT: 837s remaining, sleeping in 5s chunks...
[03:18:51] T5: [fail] HEARTS WAIT: 806s remaining, sleeping in 5s chunks...
[03:19:22] T6: [fail] HEARTS WAIT: 776s remaining, sleeping in 5s chunks...
[03:19:53] T7: [fail] HEARTS WAIT: 745s remaining, sleeping in 5s chunks...
[03:20:24] T8: [fail] HEARTS WAIT: 714s remaining, sleeping in 5s chunks...
[03:20:54] T9: [fail] HEARTS WAIT: 683s remaining, sleeping in 5s chunks...
[03:21:26] T10: [win] HEARTS WAIT: 652s remaining, sleeping in 5s chunks...
[03:21:57] T11: [win] HEARTS WAIT: 621s remaining, sleeping in 5s chunks...
[03:22:28] T12: [win] HEARTS WAIT: 590s remaining, sleeping in 5s chunks...
[03:22:59] T13: [win] HEARTS WAIT: 559s remaining, sleeping in 5s chunks...
[03:23:30] T14: [win] HEARTS WAIT: 528s remaining, sleeping in 5s chunks...
[03:24:01] T15: [win] HEARTS WAIT: 496s remaining, sleeping in 5s chunks...
[03:24:32] T16: [win] HEARTS WAIT: 465s remaining, sleeping in 5s chunks...
[03:25:03] T17: [win] HEARTS WAIT: 434s remaining, sleeping in 5s chunks...
[03:25:34] T18: [win] HEARTS WAIT: 403s remaining, sleeping in 5s chunks...
[03:26:06] T19: [win] HEARTS WAIT: 372s remaining, sleeping in 5s chunks...
[03:26:37] T20: [win] HEARTS WAIT: 341s remaining, sleeping in 5s chunks...
[03:27:08] T21: [win] HEARTS WAIT: 310s remaining, sleeping in 5s chunks...
[03:27:39] T22: [win] HEARTS WAIT: 279s remaining, sleeping in 5s chunks...
[03:28:10] T23: [win] HEARTS WAIT: 248s remaining, sleeping in 5s chunks...
[03:28:41] T24: [win] HEARTS WAIT: 216s remaining, sleeping in 5s chunks...
[03:29:13] T25: [win] HEARTS WAIT: 185s remaining, sleeping in 5s chunks...
[03:29:44] T26: [win] HEARTS WAIT: 154s remaining, sleeping in 5s chunks...
[03:30:15] T27: [win] HEARTS WAIT: 123s remaining, sleeping in 5s chunks...
[03:30:46] T28: [win] HEARTS WAIT: 91s remaining, sleeping in 5s chunks...
[03:31:17] T29: [win] HEARTS WAIT: 60s remaining, sleeping in 5s chunks...
[03:31:48] T30: [win] HEARTS WAIT: 29s remaining, sleeping in 5s chunks...
[03:32:14] T31: [win] HEARTS WAIT: 3s remaining, sleeping in 5s chunks...
[03:32:20] T32: [win] Multi-tap continue positions
[03:32:25]   [SESSION] Started b3161624f30d (start_cells=300)
[03:32:25] T33: [gameplay] Board=300cells/5colors d=+0 [DarkGreen:209, Brown:45, Orange:31, DarkRed:8, Red:7] | Queue=[FP stall=0 fp_top=0.95] | Holder=[_/DarkGreen/DarkGreen/DarkGreen/DarkGreen] (4/5) | 0.7s
[03:32:25]   -> TAP(314,1495) [[FP:0.95] Human pattern (delta=-59, id=4165)]
[03:32:28] T34: [gameplay] Board=300cells/5colors d=+0 [DarkGreen:209, Brown:45, Orange:31, DarkRed:8, Red:7] | Queue=[FP stall=1 fp_top=0.95] | Holder=[_/DarkGreen/DarkGreen/DarkGreen/DarkGreen] (4/5) | 0.7s
[03:32:28]   -> TAP(723,1537) [[FP:0.97] Human pattern (delta=-37, id=3699)]
[03:32:32] T35: [gameplay] Board=300cells/5colors d=+0 [DarkGreen:209, Brown:45, Orange:31, DarkRed:8, Red:7] | Queue=[FP stall=2 fp_top=0.95] | Holder=[_/DarkGreen/DarkGreen/DarkGreen/DarkGreen] (4/5) | 0.6s
[03:32:32]   -> TAP(732,1524) [[FP:0.97] Human pattern (delta=-20, id=3691)]
[03:32:35]   [EXPLORE] Entering exploration mode (stall x3)
[03:32:35] T36: [gameplay] Board=300cells/5colors d=+0 [DarkGreen:209, Brown:45, Orange:31, DarkRed:8, Red:7] | Queue=[FP stall=3 fp_top=0.95] | Holder=[_/DarkGreen/DarkGreen/DarkGreen/DarkGreen] (4/5) | 0.6s
[03:32:35]   -> TAP(524,1512) [[FP:0.97] Human pattern (delta=-9, id=3250)]
[03:32:38] T37: [gameplay] Board=300cells/5colors d=+0 [DarkGreen:209, Brown:45, Orange:31, DarkRed:8, Red:7] | Queue=[FP stall=4 fp_top=0.95] | Holder=[_/DarkRed/SageTeal/_/SageTeal] (3/5) | 0.5s
[03:32:38]   -> TAP(316,1516) [[FP:0.97] Human pattern (delta=-28, id=4177)]
[03:32:42] T38: [gameplay] Board=300cells/5colors d=+0 [DarkGreen:209, Brown:45, Orange:31, DarkRed:8, Red:7] | Queue=[EXPLORE stall=5 fp_top=0.95] | Holder=[_/DarkRed/SageTeal/_/SageTeal] (3/5) | 1.4s
[03:32:42]   -> TAP(869,1653) [[EXPLORE:PlayDB] Tap (869,1653) human pattern #1]
[03:32:45] T39: [gameplay] Board=300cells/5colors d=+0 [DarkGreen:209, Brown:45, Orange:31, DarkRed:8, Red:7] | Queue=[EXPLORE stall=6 fp_top=0.95] | Holder=[_/DarkRed/SageTeal/_/SageTeal] (3/5) | 0.6s
[03:32:45]   -> TAP(627,1211) [[EXPLORE:PlayDB] Tap (627,1211) human pattern #2]
[03:32:48] T40: [gameplay] Board=300cells/5colors d=+0 [DarkGreen:209, Brown:45, Orange:31, DarkRed:8, Red:7] | Queue=[EXPLORE stall=7 fp_top=0.95] | Holder=[_/DarkRed/SageTeal/_/SageTeal] (3/5) | 0.9s
[03:32:48]   -> TAP(202,175) [[EXPLORE:PlayDB] Tap (202,175) human pattern #3]
[03:32:51] T41: [gameplay] Board=300cells/5colors d=+0 [DarkGreen:209, Brown:45, Orange:31, DarkRed:8, Red:7] | Queue=[EXPLORE stall=8 fp_top=0.95] | Holder=[_/DarkRed/SageTeal/_/SageTeal] (3/5) | 0.6s
[03:32:51]   -> TAP(817,1164) [[EXPLORE:PlayDB] Tap (817,1164) human pattern #4]
[03:32:54] T42: [gameplay] Board=300cells/5colors d=+0 [DarkGreen:209, Brown:45, Orange:31, DarkRed:8, Red:7] | Queue=[EXPLORE stall=9 fp_top=0.95] | Holder=[_/DarkRed/SageTeal/_/SageTeal] (3/5) | 0.6s
[03:32:54]   -> TAP(185,930) [[EXPLORE:ZONE:0] Tap zone (185,930)]
[03:32:57] T43: [gameplay] Board=300cells/5colors d=+0 [DarkGreen:209, Brown:45, Orange:31, DarkRed:8, Red:7] | Queue=[EXPLORE stall=10 fp_top=0.95] | Holder=[_/DarkRed/SageTeal/_/SageTeal] (3/5) | 0.6s
[03:32:57]   -> TAP(310,930) [[EXPLORE:ZONE:1] Tap zone (310,930)]
[03:33:00] T44: [gameplay] Board=300cells/5colors d=+0 [DarkGreen:209, Brown:45, Orange:31, DarkRed:8, Red:7] | Queue=[EXPLORE stall=11 fp_top=0.95] | Holder=[_/DarkRed/SageTeal/_/SageTeal] (3/5) | 0.7s
[03:33:00]   -> TAP(435,930) [[EXPLORE:ZONE:2] Tap zone (435,930)]
[03:33:03] T45: [gameplay] Board=300cells/5colors d=+0 [DarkGreen:209, Brown:45, Orange:31, DarkRed:8, Red:7] | Queue=[EXPLORE stall=12 fp_top=0.95] | Holder=[_/DarkRed/SageTeal/_/SageTeal] (3/5) | 0.6s
[03:33:03]   -> TAP(560,930) [[EXPLORE:ZONE:3] Tap zone (560,930)]
[03:33:05] T46: [gameplay] Board=300cells/5colors d=+0 [DarkGreen:209, Brown:45, Orange:31, DarkRed:8, Red:7] | Queue=[EXPLORE stall=13 fp_top=0.95] | Holder=[_/DarkRed/SageTeal/_/SageTeal] (3/5) | 0.6s
[03:33:05]   -> TAP(685,930) [[EXPLORE:ZONE:4] Tap zone (685,930)]
[03:33:08] T47: [gameplay] Board=300cells/5colors d=+0 [DarkGreen:209, Brown:45, Orange:31, DarkRed:8, Red:7] | Queue=[EXPLORE stall=14 fp_top=0.95] | Holder=[_/DarkRed/SageTeal/_/SageTeal] (3/5) | 0.6s
[03:33:08]   -> TAP(280,1500) [[EXPLORE:ZONE:5] Tap zone (280,1500)]
[03:33:11] T48: [gameplay] Board=300cells/5colors d=+0 [DarkGreen:209, Brown:45, Orange:31, DarkRed:8, Red:7] | Queue=[EXPLORE stall=15 fp_top=0.95] | Holder=[_/DarkRed/SageTeal/_/SageTeal] (3/5) | 0.6s
[03:33:11]   -> TAP(400,1500) [[EXPLORE:ZONE:6] Tap zone (400,1500)]
[03:33:14] T49: [gameplay] Board=300cells/5colors d=+0 [DarkGreen:209, Brown:45, Orange:31, DarkRed:8, Red:7] | Queue=[EXPLORE stall=16 fp_top=0.95] | Holder=[_/_/SageTeal/_/SageTeal] (2/5) | 0.6s
[03:33:14]   -> TAP(530,1500) [[EXPLORE:ZONE:7] Tap zone (530,1500)]
[03:33:17] T50: [gameplay] Board=301cells/5colors d=+1 [DarkGreen:209, Brown:45, Orange:31, Red:8, DarkRed:8] | Queue=[EXPLORE stall=15 fp_top=0.95] | Holder=[_/_/_/_/_] (0/5) | 0.6s
[03:33:17]   -> TAP(660,1500) [[EXPLORE:ZONE:8] Tap zone (660,1500)]
[03:33:19]   [LEARN] Explore tap (660,1500) WORKED! (d=-34)
[03:33:19] T51: [gameplay] Board=267cells/5colors d=-34 [DarkGreen:176, Brown:45, Orange:31, DarkRed:8, Red:7] | Queue=[FP stall=0 fp_top=0.95] | Holder=[_/_/_/_/_] (0/5) | 0.6s
[03:33:19]   -> TAP(696,1517) [[FP:0.95] Human pattern (delta=-40, id=6969)]
[03:33:22] T52: [gameplay] Board=261cells/5colors d=-6 [DarkGreen:170, Brown:45, Orange:31, DarkRed:8, Red:7] | Queue=[FP stall=0 fp_top=0.95] | Holder=[_/_/_/_/_] (0/5) | 0.6s
[03:33:22]   -> TAP(342,1656) [[FP:0.95] Human pattern (delta=-14, id=3702)]
[03:33:26] T53: [gameplay] Board=261cells/5colors d=+0 [DarkGreen:170, Brown:45, Orange:31, DarkRed:8, Red:7] | Queue=[FP stall=1 fp_top=0.95] | Holder=[_/_/_/_/_] (0/5) | 0.6s
[03:33:26]   -> TAP(653,1653) [[FP:0.95] Human pattern (delta=-71, id=4262)]
[03:33:29] T54: [gameplay] Board=261cells/5colors d=+0 [DarkGreen:170, Brown:45, Orange:31, DarkRed:8, Red:7] | Queue=[FP stall=2 fp_top=0.95] | Holder=[_/_/_/_/_] (0/5) | 0.6s
[03:33:29]   -> TAP(653,1653) [[FP:0.95] Human pattern (delta=-71, id=4262)]
[03:33:32]   [EXPLORE] Entering exploration mode (stall x3)
[03:33:32] T55: [gameplay] Board=261cells/5colors d=+0 [DarkGreen:170, Brown:45, Orange:31, DarkRed:8, Red:7] | Queue=[FP stall=3 fp_top=0.95] | Holder=[_/_/_/_/_] (0/5) | 0.7s
[03:33:32]   -> TAP(314,1495) [[FP:0.95] Human pattern (delta=-59, id=4165)]
[03:33:36] T56: [gameplay] Board=261cells/5colors d=+0 [DarkGreen:170, Brown:45, Orange:31, DarkRed:8, Red:7] | Queue=[FP stall=4 fp_top=0.95] | Holder=[_/_/_/_/_] (0/5) | 0.6s
[03:33:36]   -> TAP(696,1517) [[FP:0.95] Human pattern (delta=-40, id=6969)]
[03:33:39] T57: [gameplay] Board=261cells/5colors d=+0 [DarkGreen:170, Brown:45, Orange:31, DarkRed:8, Red:7] | Queue=[EXPLORE stall=5 fp_top=0.95] | Holder=[_/_/_/_/_] (0/5) | 0.6s
[03:33:39]   -> TAP(869,1653) [[EXPLORE:PlayDB] Tap (869,1653) human pattern #1]
[03:33:42] T58: [gameplay] Board=261cells/5colors d=+0 [DarkGreen:170, Brown:45, Orange:31, DarkRed:8, Red:7] | Queue=[EXPLORE stall=6 fp_top=0.95] | Holder=[_/_/_/_/_] (0/5) | 0.7s
[03:33:42]   -> TAP(627,1211) [[EXPLORE:PlayDB] Tap (627,1211) human pattern #2]
[03:33:45] T59: [gameplay] Board=261cells/5colors d=+0 [DarkGreen:170, Brown:45, Orange:31, DarkRed:8, Red:7] | Queue=[EXPLORE stall=7 fp_top=0.95] | Holder=[_/_/_/_/_] (0/5) | 0.6s
[03:33:45]   -> TAP(202,175) [[EXPLORE:PlayDB] Tap (202,175) human pattern #3]
[03:33:47] T60: [gameplay] Board=261cells/5colors d=+0 [DarkGreen:170, Brown:45, Orange:31, DarkRed:8, Red:7] | Queue=[EXPLORE stall=8 fp_top=0.95] | Holder=[_/_/_/_/_] (0/5) | 0.6s
[03:33:47]   -> TAP(817,1164) [[EXPLORE:PlayDB] Tap (817,1164) human pattern #4]
[03:33:50] T61: [gameplay] Board=261cells/5colors d=+0 [DarkGreen:170, Brown:45, Orange:31, DarkRed:8, Red:7] | Queue=[EXPLORE stall=9 fp_top=0.95] | Holder=[_/_/_/_/_] (0/5) | 0.6s
[03:33:50]   -> TAP(185,930) [[EXPLORE:ZONE:0] Tap zone (185,930)]
[03:33:53] T62: [gameplay] Board=261cells/5colors d=+0 [DarkGreen:170, Brown:45, Orange:31, DarkRed:8, Red:7] | Queue=[EXPLORE stall=10 fp_top=0.95] | Holder=[_/_/_/_/_] (0/5) | 0.6s
[03:33:53]   -> TAP(310,930) [[EXPLORE:ZONE:1] Tap zone (310,930)]
[03:33:56] T63: [gameplay] Board=261cells/5colors d=+0 [DarkGreen:170, Brown:45, Orange:31, DarkRed:8, Red:7] | Queue=[EXPLORE stall=11 fp_top=0.95] | Holder=[_/_/_/_/_] (0/5) | 0.6s
[03:33:56]   -> TAP(435,930) [[EXPLORE:ZONE:2] Tap zone (435,930)]
[03:33:58] T64: [gameplay] Board=261cells/5colors d=+0 [DarkGreen:170, Brown:45, Orange:31, DarkRed:8, Red:7] | Queue=[EXPLORE stall=12 fp_top=0.95] | Holder=[_/_/_/_/_] (0/5) | 0.6s
[03:33:58]   -> TAP(560,930) [[EXPLORE:ZONE:3] Tap zone (560,930)]
[03:34:01] T65: [gameplay] Board=261cells/5colors d=+0 [DarkGreen:170, Brown:45, Orange:31, DarkRed:8, Red:7] | Queue=[EXPLORE stall=13 fp_top=0.95] | Holder=[_/_/_/_/_] (0/5) | 0.6s
[03:34:01]   -> TAP(685,930) [[EXPLORE:ZONE:4] Tap zone (685,930)]
[03:34:04] T66: [gameplay] Board=261cells/5colors d=+0 [DarkGreen:170, Brown:45, Orange:31, DarkRed:8, Red:7] | Queue=[EXPLORE stall=14 fp_top=0.95] | Holder=[_/_/_/_/_] (0/5) | 0.6s
[03:34:04]   -> TAP(280,1500) [[EXPLORE:ZONE:5] Tap zone (280,1500)]
[03:34:07] T67: [gameplay] Board=261cells/5colors d=+0 [DarkGreen:170, Brown:45, Orange:31, DarkRed:8, Red:7] | Queue=[EXPLORE stall=15 fp_top=0.95] | Holder=[_/_/_/_/_] (0/5) | 0.6s
[03:34:07]   -> TAP(400,1500) [[EXPLORE:ZONE:6] Tap zone (400,1500)]
[03:34:09] T68: [gameplay] Board=261cells/5colors d=+0 [DarkGreen:170, Brown:45, Orange:31, DarkRed:8, Red:7] | Queue=[EXPLORE stall=16 fp_top=0.95] | Holder=[_/_/_/_/_] (0/5) | 0.6s
[03:34:09]   -> TAP(530,1500) [[EXPLORE:ZONE:7] Tap zone (530,1500)]
[03:34:12] T69: [gameplay] Board=272cells/5colors d=+11 [DarkGreen:170, Brown:56, Orange:31, DarkRed:8, Red:7] | Queue=[EXPLORE stall=15 fp_top=0.94] | Holder=[_/_/_/_/_] (0/5) | 0.6s
[03:34:12]   -> TAP(660,1500) [[EXPLORE:ZONE:8] Tap zone (660,1500)]
[03:34:15]   [SESSION] Ended b3161624f30d: fail (37 turns, end_cells=272)
[03:34:15] T70: [fail] Multi-tap close/retry positions
[03:34:19] T71: [win] Multi-tap continue positions
[03:34:23] T72: [fail] HEARTS-EMPTY popup detected (pixel match). Waiting 900s for regen.
[03:34:24] T73: [fail] HEARTS WAIT: 899s remaining, sleeping in 5s chunks...
[03:34:54] T74: [fail] HEARTS WAIT: 868s remaining, sleeping in 5s chunks...
[03:35:25] T75: [fail] HEARTS WAIT: 838s remaining, sleeping in 5s chunks...
[03:35:56] T76: [fail] HEARTS WAIT: 807s remaining, sleeping in 5s chunks...
[03:36:27] T77: [fail] HEARTS WAIT: 776s remaining, sleeping in 5s chunks...
[03:36:57] T78: [fail] HEARTS WAIT: 745s remaining, sleeping in 5s chunks...
[03:37:28] T79: [fail] HEARTS WAIT: 714s remaining, sleeping in 5s chunks...
[03:37:59] T80: [fail] HEARTS WAIT: 684s remaining, sleeping in 5s chunks...
[03:38:30] T81: [fail] HEARTS WAIT: 653s remaining, sleeping in 5s chunks...
[03:39:01] T82: [fail] HEARTS WAIT: 622s remaining, sleeping in 5s chunks...
[03:39:31] T83: [fail] HEARTS WAIT: 591s remaining, sleeping in 5s chunks...
[03:40:02] T84: [fail] HEARTS WAIT: 561s remaining, sleeping in 5s chunks...
[03:40:33] T85: [fail] HEARTS WAIT: 530s remaining, sleeping in 5s chunks...
[03:41:04] T86: [fail] HEARTS WAIT: 499s remaining, sleeping in 5s chunks...
[03:41:35] T87: [fail] HEARTS WAIT: 468s remaining, sleeping in 5s chunks...
[03:42:05] T88: [fail] HEARTS WAIT: 437s remaining, sleeping in 5s chunks...
[03:42:36] T89: [fail] HEARTS WAIT: 407s remaining, sleeping in 5s chunks...
[03:43:07] T90: [fail] HEARTS WAIT: 376s remaining, sleeping in 5s chunks...
[03:43:38] T91: [fail] HEARTS WAIT: 345s remaining, sleeping in 5s chunks...
[03:44:09] T92: [fail] HEARTS WAIT: 314s remaining, sleeping in 5s chunks...
[03:44:40] T93: [fail] HEARTS WAIT: 283s remaining, sleeping in 5s chunks...
[03:45:10] T94: [fail] HEARTS WAIT: 252s remaining, sleeping in 5s chunks...
[03:45:41] T95: [fail] HEARTS WAIT: 221s remaining, sleeping in 5s chunks...
[03:46:12] T96: [fail] HEARTS WAIT: 191s remaining, sleeping in 5s chunks...
[03:46:43] T97: [fail] HEARTS WAIT: 160s remaining, sleeping in 5s chunks...
[03:47:14] T98: [fail] HEARTS WAIT: 129s remaining, sleeping in 5s chunks...
[03:47:45] T99: [fail] HEARTS WAIT: 98s remaining, sleeping in 5s chunks...
[03:48:16] T100: [fail] HEARTS WAIT: 67s remaining, sleeping in 5s chunks...
[03:48:46] T101: [fail] HEARTS WAIT: 36s remaining, sleeping in 5s chunks...
[03:49:17] T102: [fail] HEARTS WAIT: 6s remaining, sleeping in 5s chunks...
[03:49:23] T103: [fail] HEARTS-EMPTY popup detected (pixel match). Waiting 900s for regen.
[03:49:23] T104: [fail] HEARTS WAIT: 899s remaining, sleeping in 5s chunks...
[03:49:54] T105: [fail] HEARTS WAIT: 868s remaining, sleeping in 5s chunks...
[03:50:25] T106: [fail] HEARTS WAIT: 837s remaining, sleeping in 5s chunks...
[03:50:56] T107: [fail] HEARTS WAIT: 806s remaining, sleeping in 5s chunks...
[03:51:27] T108: [win] HEARTS WAIT: 775s remaining, sleeping in 5s chunks...
[03:51:58] T109: [win] HEARTS WAIT: 745s remaining, sleeping in 5s chunks...
[03:52:29] T110: [win] HEARTS WAIT: 714s remaining, sleeping in 5s chunks...
[03:53:00] T111: [win] HEARTS WAIT: 683s remaining, sleeping in 5s chunks...
[03:53:31] T112: [win] HEARTS WAIT: 652s remaining, sleeping in 5s chunks...
[03:54:02] T113: [win] HEARTS WAIT: 621s remaining, sleeping in 5s chunks...
[03:54:33] T114: [win] HEARTS WAIT: 590s remaining, sleeping in 5s chunks...
[03:55:03] T115: [win] HEARTS WAIT: 559s remaining, sleeping in 5s chunks...
[03:55:34] T116: [win] HEARTS WAIT: 528s remaining, sleeping in 5s chunks...
[03:56:05] T117: [win] HEARTS WAIT: 497s remaining, sleeping in 5s chunks...
[03:56:36] T118: [win] HEARTS WAIT: 466s remaining, sleeping in 5s chunks...
[03:57:07] T119: [win] HEARTS WAIT: 435s remaining, sleeping in 5s chunks...
[03:57:38] T120: [win] HEARTS WAIT: 404s remaining, sleeping in 5s chunks...
[03:58:09] T121: [win] HEARTS WAIT: 373s remaining, sleeping in 5s chunks...
[03:58:40] T122: [win] HEARTS WAIT: 343s remaining, sleeping in 5s chunks...
[03:59:10] T123: [win] HEARTS WAIT: 312s remaining, sleeping in 5s chunks...
[03:59:41] T124: [win] HEARTS WAIT: 281s remaining, sleeping in 5s chunks...
[04:00:12] T125: [win] HEARTS WAIT: 250s remaining, sleeping in 5s chunks...
[04:00:43] T126: [win] HEARTS WAIT: 219s remaining, sleeping in 5s chunks...
[04:01:14] T127: [win] HEARTS WAIT: 188s remaining, sleeping in 5s chunks...
[04:01:45] T128: [win] HEARTS WAIT: 157s remaining, sleeping in 5s chunks...
[04:02:16] T129: [win] HEARTS WAIT: 126s remaining, sleeping in 5s chunks...
[04:02:47] T130: [win] HEARTS WAIT: 95s remaining, sleeping in 5s chunks...
[04:03:18] T131: [win] HEARTS WAIT: 64s remaining, sleeping in 5s chunks...
[04:03:49] T132: [win] HEARTS WAIT: 33s remaining, sleeping in 5s chunks...
[04:04:20] T133: [win] HEARTS WAIT: 3s remaining, sleeping in 5s chunks...
[04:04:25] T134: [win] Multi-tap continue positions
[04:04:30]   [SESSION] Started 2f192fc1e757 (start_cells=290)
[04:04:30] T135: [gameplay] Board=290cells/6colors d=+0 [DarkGreen:204, Brown:39, Orange:26, DarkRed:12, Red:7] | Queue=[FP stall=0 fp_top=0.95] | Holder=[_/DarkGreen/DarkGreen/DarkGreen/DarkGreen] (4/5) | 0.7s
[04:04:30]   -> TAP(717,1495) [[FP:0.97] Human pattern (delta=-43, id=6857)]
[04:04:33] T136: [gameplay] Board=290cells/6colors d=+0 [DarkGreen:204, Brown:39, Orange:26, DarkRed:12, Red:7] | Queue=[FP stall=1 fp_top=0.95] | Holder=[_/DarkGreen/DarkGreen/DarkGreen/DarkGreen] (4/5) | 0.8s
[04:04:33]   -> TAP(732,1524) [[FP:0.97] Human pattern (delta=-20, id=3691)]
[04:04:37] T137: NO PROGRESS 20 turns (cells=290) — abandoning session + relaunch
[04:04:37]   [SESSION] Ended 2f192fc1e757: stuck (2 turns, end_cells=290)
[04:04:50] T138: [loading] PlayDB: 3 patterns, trying top 2
[04:04:54] T139: [loading] PlayDB: 3 patterns, trying top 2
[04:04:59] T140: [loading] PlayDB: 3 patterns, trying top 2
[04:05:04] T141: [loading] PlayDB: 3 patterns, trying top 2
[04:05:08] T142: POPUP LOOP (loading), relaunch
[04:05:20] T143: [loading] PlayDB: 3 patterns, trying top 2
[04:05:25] T144: [loading] PlayDB: 3 patterns, trying top 2
[04:05:29] T145: [loading] PlayDB: 3 patterns, trying top 2
[04:05:34] T146: [loading] PlayDB: 3 patterns, trying top 2
[04:05:37] T147: POPUP LOOP (fail), relaunch
[04:05:50] T148: [loading] PlayDB: 3 patterns, trying top 2
[04:05:54] T149: [loading] PlayDB: 3 patterns, trying top 2
[04:05:58] T150: [loading] PlayDB: 3 patterns, trying top 2
[04:06:02] T151: [lobby] Hardcoded play button (540,1450)
[04:06:05] T152: [fail] HEARTS-EMPTY popup detected (pixel match). Waiting 900s for regen.
[04:06:06] T153: [fail] HEARTS WAIT: 899s remaining, sleeping in 5s chunks...
[04:06:37] T154: [fail] HEARTS WAIT: 868s remaining, sleeping in 5s chunks...
[04:07:08] T155: [fail] HEARTS WAIT: 837s remaining, sleeping in 5s chunks...
[04:07:38] T156: [fail] HEARTS WAIT: 806s remaining, sleeping in 5s chunks...
[04:08:09] T157: [fail] HEARTS WAIT: 775s remaining, sleeping in 5s chunks...
[04:08:40] T158: [fail] HEARTS WAIT: 745s remaining, sleeping in 5s chunks...
[04:09:11] T159: [fail] HEARTS WAIT: 714s remaining, sleeping in 5s chunks...
[04:09:42] T160: [fail] HEARTS WAIT: 683s remaining, sleeping in 5s chunks...
[04:10:13] T161: [fail] HEARTS WAIT: 652s remaining, sleeping in 5s chunks...
[04:10:43] T162: [fail] HEARTS WAIT: 621s remaining, sleeping in 5s chunks...
[04:11:14] T163: [fail] HEARTS WAIT: 590s remaining, sleeping in 5s chunks...
[04:11:45] T164: [fail] HEARTS WAIT: 560s remaining, sleeping in 5s chunks...
[04:12:16] T165: [fail] HEARTS WAIT: 529s remaining, sleeping in 5s chunks...
[04:12:47] T166: [fail] HEARTS WAIT: 498s remaining, sleeping in 5s chunks...
[04:13:17] T167: [fail] HEARTS WAIT: 467s remaining, sleeping in 5s chunks...
[04:13:48] T168: [fail] HEARTS WAIT: 436s remaining, sleeping in 5s chunks...
[04:14:19] T169: [fail] HEARTS WAIT: 406s remaining, sleeping in 5s chunks...
[04:14:50] T170: [fail] HEARTS WAIT: 375s remaining, sleeping in 5s chunks...
[04:15:21] T171: [fail] HEARTS WAIT: 344s remaining, sleeping in 5s chunks...
[04:15:52] T172: [fail] HEARTS WAIT: 313s remaining, sleeping in 5s chunks...
[04:16:22] T173: [fail] HEARTS WAIT: 282s remaining, sleeping in 5s chunks...
[04:16:53] T174: [fail] HEARTS WAIT: 252s remaining, sleeping in 5s chunks...
[04:17:24] T175: [fail] HEARTS WAIT: 220s remaining, sleeping in 5s chunks...
[04:17:55] T176: [fail] HEARTS WAIT: 190s remaining, sleeping in 5s chunks...
[04:18:26] T177: [fail] HEARTS WAIT: 159s remaining, sleeping in 5s chunks...
[04:18:57] T178: [fail] HEARTS WAIT: 128s remaining, sleeping in 5s chunks...
[04:19:27] T179: [fail] HEARTS WAIT: 97s remaining, sleeping in 5s chunks...
[04:19:58] T180: [fail] HEARTS WAIT: 66s remaining, sleeping in 5s chunks...
[04:20:29] T181: [fail] HEARTS WAIT: 36s remaining, sleeping in 5s chunks...
[04:21:00] T182: [fail] HEARTS WAIT: 5s remaining, sleeping in 5s chunks...
[04:21:05] T183: [fail] HEARTS-EMPTY popup detected (pixel match). Waiting 900s for regen.
[04:21:06] T184: [fail] HEARTS WAIT: 899s remaining, sleeping in 5s chunks...
[04:21:37] T185: [lobby] HEARTS WAIT: 868s remaining, sleeping in 5s chunks...
[04:22:08] T186: [lobby] HEARTS WAIT: 837s remaining, sleeping in 5s chunks...
[04:22:38] T187: [lobby] HEARTS WAIT: 806s remaining, sleeping in 5s chunks...
[04:23:09] T188: [lobby] HEARTS WAIT: 775s remaining, sleeping in 5s chunks...
[04:23:40] T189: [lobby] HEARTS WAIT: 744s remaining, sleeping in 5s chunks...
[04:24:12] T190: [lobby] HEARTS WAIT: 713s remaining, sleeping in 5s chunks...
[04:24:42] T191: [lobby] HEARTS WAIT: 682s remaining, sleeping in 5s chunks...
[04:25:13] T192: [lobby] HEARTS WAIT: 651s remaining, sleeping in 5s chunks...
[04:25:44] T193: [lobby] HEARTS WAIT: 621s remaining, sleeping in 5s chunks...
[04:26:15] T194: [lobby] HEARTS WAIT: 589s remaining, sleeping in 5s chunks...
[04:26:46] T195: [lobby] HEARTS WAIT: 558s remaining, sleeping in 5s chunks...
[04:27:17] T196: [lobby] HEARTS WAIT: 527s remaining, sleeping in 5s chunks...
[04:27:48] T197: [lobby] HEARTS WAIT: 497s remaining, sleeping in 5s chunks...
[04:28:19] T198: [lobby] HEARTS WAIT: 466s remaining, sleeping in 5s chunks...
[04:28:50] T199: [lobby] HEARTS WAIT: 435s remaining, sleeping in 5s chunks...
[04:29:21] T200: [lobby] HEARTS WAIT: 403s remaining, sleeping in 5s chunks...
[04:29:52] T201: [lobby] HEARTS WAIT: 373s remaining, sleeping in 5s chunks...
[04:30:23] T202: [lobby] HEARTS WAIT: 342s remaining, sleeping in 5s chunks...
[04:30:54] T203: [lobby] HEARTS WAIT: 310s remaining, sleeping in 5s chunks...
[04:31:25] T204: [lobby] HEARTS WAIT: 280s remaining, sleeping in 5s chunks...
[04:31:56] T205: [lobby] HEARTS WAIT: 249s remaining, sleeping in 5s chunks...
[04:32:27] T206: [lobby] HEARTS WAIT: 218s remaining, sleeping in 5s chunks...
[04:32:58] T207: [lobby] HEARTS WAIT: 187s remaining, sleeping in 5s chunks...
[04:33:29] T208: [lobby] HEARTS WAIT: 156s remaining, sleeping in 5s chunks...
[04:34:00] T209: [lobby] HEARTS WAIT: 125s remaining, sleeping in 5s chunks...
[04:34:31] T210: [lobby] HEARTS WAIT: 94s remaining, sleeping in 5s chunks...
[04:35:01] T211: [lobby] HEARTS WAIT: 63s remaining, sleeping in 5s chunks...
[04:35:32] T212: [lobby] HEARTS WAIT: 32s remaining, sleeping in 5s chunks...
[04:36:04] T213: [lobby] HEARTS WAIT: 1s remaining, sleeping in 5s chunks...
[04:36:09] T214: [lobby] Hardcoded play button (540,1450)
[04:36:12]   [SESSION] Started 454a25a3cc9a (start_cells=292)
[04:36:12] T215: [gameplay] Board=292cells/6colors d=+0 [DarkGreen:202, Brown:39, Orange:28, Red:10, DarkRed:8] | Queue=[FP stall=0 fp_top=0.95] | Holder=[_/DarkGreen/DarkGreen/DarkGreen/DarkGreen] (4/5) | 0.6s
[04:36:12]   -> TAP(723,1537) [[FP:0.97] Human pattern (delta=-37, id=3699)]
[04:36:16] T216: [gameplay] Board=292cells/6colors d=+0 [DarkGreen:202, Brown:39, Orange:28, Red:10, DarkRed:8] | Queue=[FP stall=1 fp_top=0.95] | Holder=[_/DarkGreen/DarkGreen/DarkGreen/DarkGreen] (4/5) | 0.5s
[04:36:16]   -> TAP(524,1512) [[FP:0.97] Human pattern (delta=-9, id=3250)]
[04:36:19] T217: [gameplay] Board=292cells/6colors d=+0 [DarkGreen:202, Brown:39, Orange:28, Red:10, DarkRed:8] | Queue=[FP stall=2 fp_top=0.95] | Holder=[_/DarkRed/SageTeal/SageTeal/SageTeal] (4/5) | 0.5s
[04:36:19]   -> TAP(316,1516) [[FP:0.97] Human pattern (delta=-28, id=4177)]
[04:36:22]   [EXPLORE] Entering exploration mode (stall x3)
[04:36:22] T218: [gameplay] Board=292cells/6colors d=+0 [DarkGreen:202, Brown:39, Orange:28, Red:10, DarkRed:8] | Queue=[FP stall=3 fp_top=0.95] | Holder=[_/DarkRed/SageTeal/SageTeal/SageTeal] (4/5) | 0.5s
[04:36:22]   -> TAP(342,1656) [[FP:0.97] Human pattern (delta=-14, id=3702)]
[04:36:25] T219: [gameplay] Board=292cells/6colors d=+0 [DarkGreen:202, Brown:39, Orange:28, Red:10, DarkRed:8] | Queue=[FP stall=4 fp_top=0.95] | Holder=[_/DarkRed/SageTeal/SageTeal/SageTeal] (4/5) | 0.5s
[04:36:25]   -> TAP(732,1524) [[FP:0.97] Human pattern (delta=-20, id=3691)]
[04:36:28] T220: [gameplay] Board=292cells/6colors d=+0 [DarkGreen:202, Brown:39, Orange:28, Red:10, DarkRed:8] | Queue=[EXPLORE stall=5 fp_top=0.95] | Holder=[_/DarkRed/_/_/_] (1/5) | 0.6s
[04:36:28]   -> TAP(869,1653) [[EXPLORE:PlayDB] Tap (869,1653) human pattern #1]
[04:36:31]   [LEARN] Explore tap (869,1653) WORKED! (d=-33)
[04:36:31] T221: [gameplay] Board=259cells/6colors d=-33 [DarkGreen:169, Brown:39, Orange:28, Red:10, DarkRed:8] | Queue=[FP stall=0 fp_top=0.95] | Holder=[_/DarkRed/_/_/_] (1/5) | 0.7s
[04:36:31]   -> TAP(314,1495) [[FP:0.95] Human pattern (delta=-59, id=4165)]
[04:36:34] T222: [gameplay] Board=255cells/6colors d=-4 [DarkGreen:165, Brown:39, Orange:28, Red:10, DarkRed:8] | Queue=[FP stall=0 fp_top=0.95] | Holder=[_/DarkRed/_/_/_] (1/5) | 0.5s
[04:36:34]   -> TAP(349,1629) [[FP:0.96] Human pattern (delta=-1, id=3700)]
[04:36:37] T223: [gameplay] Board=255cells/6colors d=+0 [DarkGreen:165, Brown:39, Orange:28, Red:10, DarkRed:8] | Queue=[FP stall=1 fp_top=0.95] | Holder=[_/DarkRed/_/_/_] (1/5) | 0.5s
[04:36:37]   -> TAP(696,1517) [[FP:0.96] Human pattern (delta=-40, id=6969)]
[04:36:41] T224: [gameplay] Board=255cells/6colors d=+0 [DarkGreen:165, Brown:39, Orange:28, Red:10, DarkRed:8] | Queue=[FP stall=2 fp_top=0.95] | Holder=[_/DarkRed/_/_/_] (1/5) | 0.6s
[04:36:41]   -> TAP(316,1516) [[FP:0.97] Human pattern (delta=-28, id=4177)]
[04:36:44]   [EXPLORE] Entering exploration mode (stall x3)
[04:36:44] T225: [gameplay] Board=255cells/6colors d=+0 [DarkGreen:165, Brown:39, Orange:28, Red:10, DarkRed:8] | Queue=[FP stall=3 fp_top=0.95] | Holder=[_/DarkRed/_/_/_] (1/5) | 0.6s
[04:36:44]   -> TAP(732,1524) [[FP:0.96] Human pattern (delta=-20, id=3691)]
[04:36:47] T226: [gameplay] Board=255cells/6colors d=+0 [DarkGreen:165, Brown:39, Orange:28, Red:10, DarkRed:8] | Queue=[FP stall=4 fp_top=0.95] | Holder=[_/DarkRed/_/_/_] (1/5) | 0.5s
[04:36:47]   -> TAP(524,1512) [[FP:0.96] Human pattern (delta=-9, id=3250)]
[04:36:50] T227: [gameplay] Board=255cells/6colors d=+0 [DarkGreen:165, Brown:39, Orange:28, Red:10, DarkRed:8] | Queue=[EXPLORE stall=5 fp_top=0.95] | Holder=[_/DarkRed/_/_/_] (1/5) | 0.6s
[04:36:50]   -> TAP(869,1653) [[EXPLORE:PlayDB] Tap (869,1653) human pattern #1]
[04:36:53] T228: [gameplay] Board=255cells/6colors d=+0 [DarkGreen:165, Brown:39, Orange:28, Red:10, DarkRed:8] | Queue=[EXPLORE stall=6 fp_top=0.95] | Holder=[_/DarkRed/_/_/_] (1/5) | 0.6s
[04:36:53]   -> TAP(627,1211) [[EXPLORE:PlayDB] Tap (627,1211) human pattern #2]
[04:36:56] T229: [gameplay] Board=255cells/6colors d=+0 [DarkGreen:165, Brown:39, Orange:28, Red:10, DarkRed:8] | Queue=[EXPLORE stall=7 fp_top=0.95] | Holder=[_/DarkRed/_/_/_] (1/5) | 0.5s
[04:36:56]   -> TAP(202,175) [[EXPLORE:PlayDB] Tap (202,175) human pattern #3]
[04:36:58] T230: [gameplay] Board=255cells/6colors d=+0 [DarkGreen:165, Brown:39, Orange:28, Red:10, DarkRed:8] | Queue=[EXPLORE stall=8 fp_top=0.95] | Holder=[_/DarkRed/_/_/_] (1/5) | 0.6s
[04:36:58]   -> TAP(817,1164) [[EXPLORE:PlayDB] Tap (817,1164) human pattern #4]
[04:37:01] T231: [gameplay] Board=255cells/6colors d=+0 [DarkGreen:165, Brown:39, Orange:28, Red:10, DarkRed:8] | Queue=[EXPLORE stall=9 fp_top=0.95] | Holder=[_/DarkRed/_/_/_] (1/5) | 0.6s
[04:37:01]   -> TAP(185,930) [[EXPLORE:ZONE:0] Tap zone (185,930)]
[04:37:04] T232: [gameplay] Board=255cells/6colors d=+0 [DarkGreen:165, Brown:39, Orange:28, Red:10, DarkRed:8] | Queue=[EXPLORE stall=10 fp_top=0.95] | Holder=[_/DarkRed/_/_/_] (1/5) | 0.6s
[04:37:04]   -> TAP(310,930) [[EXPLORE:ZONE:1] Tap zone (310,930)]
[04:37:07] T233: [gameplay] Board=255cells/6colors d=+0 [DarkGreen:165, Brown:39, Orange:28, Red:10, DarkRed:8] | Queue=[EXPLORE stall=11 fp_top=0.95] | Holder=[_/DarkRed/_/_/_] (1/5) | 0.6s
[04:37:07]   -> TAP(435,930) [[EXPLORE:ZONE:2] Tap zone (435,930)]
[04:37:09] T234: [gameplay] Board=255cells/6colors d=+0 [DarkGreen:165, Brown:39, Orange:28, Red:10, DarkRed:8] | Queue=[EXPLORE stall=12 fp_top=0.95] | Holder=[_/DarkRed/_/_/_] (1/5) | 0.6s
[04:37:09]   -> TAP(560,930) [[EXPLORE:ZONE:3] Tap zone (560,930)]
[04:37:12] T235: [gameplay] Board=255cells/6colors d=+0 [DarkGreen:165, Brown:39, Orange:28, Red:10, DarkRed:8] | Queue=[EXPLORE stall=13 fp_top=0.95] | Holder=[_/DarkRed/_/_/_] (1/5) | 0.6s
[04:37:12]   -> TAP(685,930) [[EXPLORE:ZONE:4] Tap zone (685,930)]
[04:37:15] T236: [gameplay] Board=255cells/6colors d=+0 [DarkGreen:165, Brown:39, Orange:28, Red:10, DarkRed:8] | Queue=[EXPLORE stall=14 fp_top=0.95] | Holder=[_/DarkRed/_/_/_] (1/5) | 0.5s
[04:37:15]   -> TAP(280,1500) [[EXPLORE:ZONE:5] Tap zone (280,1500)]
[04:37:17] T237: [gameplay] Board=255cells/6colors d=+0 [DarkGreen:165, Brown:39, Orange:28, Red:10, DarkRed:8] | Queue=[EXPLORE stall=15 fp_top=0.95] | Holder=[_/DarkRed/_/_/_] (1/5) | 0.5s
[04:37:17]   -> TAP(400,1500) [[EXPLORE:ZONE:6] Tap zone (400,1500)]
[04:37:20] T238: [gameplay] Board=255cells/6colors d=+0 [DarkGreen:165, Brown:39, Orange:28, Red:10, DarkRed:8] | Queue=[EXPLORE stall=16 fp_top=0.95] | Holder=[_/_/_/_/_] (0/5) | 0.6s
[04:37:20]   -> TAP(530,1500) [[EXPLORE:ZONE:7] Tap zone (530,1500)]
[04:37:23] T239: [gameplay] Board=258cells/6colors d=+3 [DarkGreen:165, Brown:39, Orange:28, Red:13, DarkRed:8] | Queue=[EXPLORE stall=15 fp_top=0.95] | Holder=[_/_/_/_/_] (0/5) | 0.5s
[04:37:23]   -> TAP(660,1500) [[EXPLORE:ZONE:8] Tap zone (660,1500)]
[04:37:26]   [LEARN] Explore tap (660,1500) WORKED! (d=-3)
[04:37:26] T240: [gameplay] Board=255cells/6colors d=-3 [DarkGreen:165, Brown:39, Orange:28, Red:10, DarkRed:8] | Queue=[FP stall=0 fp_top=0.95] | Holder=[_/_/_/_/_] (0/5) | 0.5s
[04:37:26]   -> TAP(342,1656) [[FP:0.96] Human pattern (delta=-14, id=3702)]
[04:37:28]   [SESSION] Ended 454a25a3cc9a: fail (26 turns, end_cells=255)
[04:37:29] T241: [fail] Multi-tap close/retry positions
[04:37:33] T242: [win] Multi-tap continue positions
[04:37:37] T243: [fail] HEARTS-EMPTY popup detected (pixel match). Waiting 900s for regen.
[04:37:38] T244: [fail] HEARTS WAIT: 899s remaining, sleeping in 5s chunks...
[04:38:08] T245: [fail] HEARTS WAIT: 868s remaining, sleeping in 5s chunks...
[04:38:39] T246: [fail] HEARTS WAIT: 838s remaining, sleeping in 5s chunks...
[04:39:10] T247: [fail] HEARTS WAIT: 807s remaining, sleeping in 5s chunks...
[04:39:41] T248: [fail] HEARTS WAIT: 776s remaining, sleeping in 5s chunks...
[04:40:11] T249: [fail] HEARTS WAIT: 745s remaining, sleeping in 5s chunks...
[04:40:42] T250: [fail] HEARTS WAIT: 714s remaining, sleeping in 5s chunks...
[04:41:13] T251: [fail] HEARTS WAIT: 683s remaining, sleeping in 5s chunks...
[04:41:44] T252: [fail] HEARTS WAIT: 653s remaining, sleeping in 5s chunks...
[04:42:15] T253: [fail] HEARTS WAIT: 622s remaining, sleeping in 5s chunks...
[04:42:46] T254: [fail] HEARTS WAIT: 591s remaining, sleeping in 5s chunks...
[04:43:17] T255: [fail] HEARTS WAIT: 560s remaining, sleeping in 5s chunks...
[04:43:47] T256: [fail] HEARTS WAIT: 529s remaining, sleeping in 5s chunks...
[04:44:18] T257: [fail] HEARTS WAIT: 498s remaining, sleeping in 5s chunks...
[04:44:49] T258: [fail] HEARTS WAIT: 468s remaining, sleeping in 5s chunks...
[04:45:20] T259: [fail] HEARTS WAIT: 437s remaining, sleeping in 5s chunks...
[04:45:51] T260: [fail] HEARTS WAIT: 406s remaining, sleeping in 5s chunks...
[04:46:22] T261: [fail] HEARTS WAIT: 375s remaining, sleeping in 5s chunks...
[04:46:53] T262: [fail] HEARTS WAIT: 344s remaining, sleeping in 5s chunks...
[04:47:23] T263: [fail] HEARTS WAIT: 313s remaining, sleeping in 5s chunks...
[04:47:54] T264: [fail] HEARTS WAIT: 283s remaining, sleeping in 5s chunks...
[04:48:25] T265: [fail] HEARTS WAIT: 252s remaining, sleeping in 5s chunks...
[04:48:56] T266: [fail] HEARTS WAIT: 221s remaining, sleeping in 5s chunks...
[04:49:27] T267: [fail] HEARTS WAIT: 190s remaining, sleeping in 5s chunks...
[04:49:58] T268: [fail] HEARTS WAIT: 159s remaining, sleeping in 5s chunks...
[04:50:29] T269: [fail] HEARTS WAIT: 128s remaining, sleeping in 5s chunks...
[04:50:59] T270: [fail] HEARTS WAIT: 97s remaining, sleeping in 5s chunks...
[04:51:30] T271: [win] HEARTS WAIT: 67s remaining, sleeping in 5s chunks...
[04:52:01] T272: [win] HEARTS WAIT: 36s remaining, sleeping in 5s chunks...
[04:52:32] T273: [win] HEARTS WAIT: 5s remaining, sleeping in 5s chunks...
[04:52:37] T274: [win] Multi-tap continue positions
[04:52:42]   [SESSION] Started 8f0590a75a7d (start_cells=282)
[04:52:42] T275: [gameplay] Board=282cells/6colors d=+0 [DarkGreen:199, Brown:35, Orange:25, DarkRed:16, Red:6] | Queue=[FP stall=0 fp_top=0.97] | Holder=[_/DarkGreen/DarkGreen/DarkGreen/DarkGreen] (4/5) | 0.7s
[04:52:42]   -> TAP(717,1495) [[FP:0.97] Human pattern (delta=-43, id=6857)]
[04:52:46] T276: [gameplay] Board=282cells/6colors d=+0 [DarkGreen:199, Brown:35, Orange:25, DarkRed:16, Red:6] | Queue=[FP stall=1 fp_top=0.97] | Holder=[_/DarkGreen/DarkGreen/DarkGreen/DarkGreen] (4/5) | 0.6s
[04:52:46]   -> TAP(696,1517) [[FP:0.97] Human pattern (delta=-40, id=6969)]
[04:52:49] T277: [gameplay] Board=282cells/6colors d=+0 [DarkGreen:199, Brown:35, Orange:25, DarkRed:16, Red:6] | Queue=[FP stall=2 fp_top=0.97] | Holder=[_/DarkGreen/DarkGreen/DarkGreen/DarkGreen] (4/5) | 0.8s
[04:52:49]   -> TAP(316,1516) [[FP:0.97] Human pattern (delta=-28, id=4177)]
[04:52:52]   [EXPLORE] Entering exploration mode (stall x3)
[04:52:52] T278: [gameplay] Board=282cells/6colors d=+0 [DarkGreen:199, Brown:35, Orange:25, DarkRed:16, Red:6] | Queue=[FP stall=3 fp_top=0.97] | Holder=[_/DarkGreen/DarkGreen/DarkGreen/DarkGreen] (4/5) | 0.5s
[04:52:52]   -> TAP(732,1524) [[FP:0.97] Human pattern (delta=-20, id=3691)]
[04:52:56] T279: [gameplay] Board=282cells/6colors d=+0 [DarkGreen:199, Brown:35, Orange:25, DarkRed:16, Red:6] | Queue=[FP stall=4 fp_top=0.97] | Holder=[_/DarkGreen/DarkGreen/DarkGreen/DarkGreen] (4/5) | 0.5s
[04:52:56]   -> TAP(342,1656) [[FP:0.97] Human pattern (delta=-14, id=3702)]
[04:52:59] T280: [gameplay] Board=282cells/6colors d=+0 [DarkGreen:199, Brown:35, Orange:25, DarkRed:16, Red:6] | Queue=[EXPLORE stall=5 fp_top=0.97] | Holder=[_/DarkGreen/DarkGreen/DarkGreen/DarkGreen] (4/5) | 0.7s
[04:52:59]   -> TAP(869,1653) [[EXPLORE:PlayDB] Tap (869,1653) human pattern #1]
[04:53:02] T281: [gameplay] Board=282cells/6colors d=+0 [DarkGreen:199, Brown:35, Orange:25, DarkRed:16, Red:6] | Queue=[EXPLORE stall=6 fp_top=0.97] | Holder=[_/DarkGreen/DarkGreen/DarkGreen/DarkGreen] (4/5) | 0.6s
[04:53:02]   -> TAP(627,1211) [[EXPLORE:PlayDB] Tap (627,1211) human pattern #2]
[04:53:05] T282: [gameplay] Board=282cells/6colors d=+0 [DarkGreen:199, Brown:35, Orange:25, DarkRed:16, Red:6] | Queue=[EXPLORE stall=7 fp_top=0.97] | Holder=[_/DarkGreen/DarkGreen/DarkGreen/DarkGreen] (4/5) | 0.6s
[04:53:05]   -> TAP(202,175) [[EXPLORE:PlayDB] Tap (202,175) human pattern #3]
[04:53:08] T283: [gameplay] Board=282cells/6colors d=+0 [DarkGreen:199, Brown:35, Orange:25, DarkRed:16, Red:6] | Queue=[EXPLORE stall=8 fp_top=0.97] | Holder=[_/DarkGreen/DarkGreen/DarkGreen/DarkGreen] (4/5) | 0.6s
[04:53:08]   -> TAP(817,1164) [[EXPLORE:PlayDB] Tap (817,1164) human pattern #4]
[04:53:10] T284: [gameplay] Board=282cells/6colors d=+0 [DarkGreen:199, Brown:35, Orange:25, DarkRed:16, Red:6] | Queue=[EXPLORE stall=9 fp_top=0.97] | Holder=[_/DarkGreen/DarkGreen/DarkGreen/DarkGreen] (4/5) | 0.6s
[04:53:10]   -> TAP(185,930) [[EXPLORE:ZONE:0] Tap zone (185,930)]
[04:53:13] T285: [gameplay] Board=282cells/6colors d=+0 [DarkGreen:199, Brown:35, Orange:25, DarkRed:16, Red:6] | Queue=[EXPLORE stall=10 fp_top=0.97] | Holder=[_/DarkGreen/DarkGreen/DarkGreen/DarkGreen] (4/5) | 0.7s
[04:53:13]   -> TAP(310,930) [[EXPLORE:ZONE:1] Tap zone (310,930)]
[04:53:16] T286: [gameplay] Board=282cells/6colors d=+0 [DarkGreen:199, Brown:35, Orange:25, DarkRed:16, Red:6] | Queue=[EXPLORE stall=11 fp_top=0.97] | Holder=[_/DarkGreen/DarkGreen/DarkGreen/DarkGreen] (4/5) | 0.7s
[04:53:16]   -> TAP(435,930) [[EXPLORE:ZONE:2] Tap zone (435,930)]
[04:53:19] T287: [gameplay] Board=282cells/6colors d=+0 [DarkGreen:199, Brown:35, Orange:25, DarkRed:16, Red:6] | Queue=[EXPLORE stall=12 fp_top=0.97] | Holder=[_/DarkGreen/DarkGreen/DarkGreen/DarkGreen] (4/5) | 0.7s
[04:53:19]   -> TAP(560,930) [[EXPLORE:ZONE:3] Tap zone (560,930)]
[04:53:22] T288: [gameplay] Board=282cells/6colors d=+0 [DarkGreen:199, Brown:35, Orange:25, DarkRed:16, Red:6] | Queue=[EXPLORE stall=13 fp_top=0.97] | Holder=[_/DarkGreen/DarkGreen/DarkGreen/DarkGreen] (4/5) | 0.7s
[04:53:22]   -> TAP(685,930) [[EXPLORE:ZONE:4] Tap zone (685,930)]
[04:53:25] T289: [gameplay] Board=282cells/6colors d=+0 [DarkGreen:199, Brown:35, Orange:25, DarkRed:16, Red:6] | Queue=[EXPLORE stall=14 fp_top=0.97] | Holder=[_/DarkGreen/DarkGreen/DarkGreen/DarkGreen] (4/5) | 0.7s
[04:53:25]   -> TAP(280,1500) [[EXPLORE:ZONE:5] Tap zone (280,1500)]
[04:53:28] T290: [gameplay] Board=282cells/6colors d=+0 [DarkGreen:199, Brown:35, Orange:25, DarkRed:16, Red:6] | Queue=[EXPLORE stall=15 fp_top=0.97] | Holder=[_/DarkGreen/DarkGreen/DarkGreen/DarkGreen] (4/5) | 0.6s
[04:53:28]   -> TAP(400,1500) [[EXPLORE:ZONE:6] Tap zone (400,1500)]
[04:53:30] T291: [gameplay] Board=282cells/6colors d=+0 [DarkGreen:199, Brown:35, Orange:25, DarkRed:16, Red:6] | Queue=[EXPLORE stall=16 fp_top=0.97] | Holder=[_/DarkGreen/DarkGreen/DarkGreen/DarkGreen] (4/5) | 0.6s
[04:53:30]   -> TAP(530,1500) [[EXPLORE:ZONE:7] Tap zone (530,1500)]
[04:53:33] T292: [gameplay] Board=283cells/6colors d=+1 [DarkGreen:199, Brown:35, Orange:25, DarkRed:16, Red:7] | Queue=[EXPLORE stall=15 fp_top=0.97] | Holder=[_/DarkRed/SageTeal/SageTeal/SageTeal] (4/5) | 0.7s
[04:53:33]   -> TAP(660,1500) [[EXPLORE:ZONE:8] Tap zone (660,1500)]
[04:53:36]   [LEARN] Explore tap (660,1500) WORKED! (d=-1)
[04:53:36] T293: [gameplay] Board=282cells/6colors d=-1 [DarkGreen:199, Brown:35, Orange:25, DarkRed:16, Red:6] | Queue=[FP stall=0 fp_top=0.97] | Holder=[_/DarkRed/_/_/_] (1/5) | 0.6s
[04:53:36]   -> TAP(717,1495) [[FP:0.97] Human pattern (delta=-43, id=6857)]
[04:53:40] T294: [gameplay] Board=249cells/6colors d=-33 [DarkGreen:166, Brown:35, Orange:25, DarkRed:16, Red:6] | Queue=[FP stall=0 fp_top=0.95] | Holder=[_/DarkRed/_/_/_] (1/5) | 0.6s
[04:53:40]   -> TAP(723,1537) [[FP:0.96] Human pattern (delta=-37, id=3699)]
[04:53:43] T295: [gameplay] Board=245cells/6colors d=-4 [DarkGreen:162, Brown:35, Orange:25, DarkRed:16, Red:6] | Queue=[FP stall=0 fp_top=0.95] | Holder=[_/DarkRed/_/_/_] (1/5) | 0.6s
[04:53:43]   -> TAP(349,1629) [[FP:0.96] Human pattern (delta=-1, id=3700)]
[04:53:46] T296: [gameplay] Board=245cells/6colors d=+0 [DarkGreen:162, Brown:35, Orange:25, DarkRed:16, Red:6] | Queue=[FP stall=1 fp_top=0.95] | Holder=[_/DarkRed/_/_/_] (1/5) | 0.6s
[04:53:46]   -> TAP(524,1512) [[FP:0.96] Human pattern (delta=-9, id=3250)]
[04:53:50] T297: [gameplay] Board=245cells/6colors d=+0 [DarkGreen:162, Brown:35, Orange:25, DarkRed:16, Red:6] | Queue=[FP stall=2 fp_top=0.95] | Holder=[_/DarkRed/_/_/_] (1/5) | 0.6s
[04:53:50]   -> TAP(314,1495) [[FP:0.95] Human pattern (delta=-59, id=4165)]
[04:53:53]   [EXPLORE] Entering exploration mode (stall x3)
[04:53:53] T298: [gameplay] Board=245cells/6colors d=+0 [DarkGreen:162, Brown:35, Orange:25, DarkRed:16, Red:6] | Queue=[FP stall=3 fp_top=0.95] | Holder=[_/DarkRed/_/_/_] (1/5) | 0.6s
[04:53:53]   -> TAP(696,1517) [[FP:0.96] Human pattern (delta=-40, id=6969)]
[04:53:56] T299: [gameplay] Board=245cells/6colors d=+0 [DarkGreen:162, Brown:35, Orange:25, DarkRed:16, Red:6] | Queue=[FP stall=4 fp_top=0.95] | Holder=[_/DarkRed/_/_/_] (1/5) | 0.6s
[04:53:56]   -> TAP(316,1516) [[FP:0.97] Human pattern (delta=-28, id=4177)]
[04:54:00] T300: [gameplay] Board=245cells/6colors d=+0 [DarkGreen:162, Brown:35, Orange:25, DarkRed:16, Red:6] | Queue=[EXPLORE stall=5 fp_top=0.95] | Holder=[White/DarkRed/_/_/_] (2/5) | 0.8s
[04:54:00]   -> TAP(869,1653) [[EXPLORE:PlayDB] Tap (869,1653) human pattern #1]
[04:54:02]   [SESSION] Ended 8f0590a75a7d: fail (26 turns, end_cells=245)
[04:54:02] T301: [fail] Multi-tap close/retry positions
[04:54:07] T302: [win] Multi-tap continue positions
[04:54:11] T303: [fail] HEARTS-EMPTY popup detected (pixel match). Waiting 900s for regen.
[04:54:11] T304: [fail] HEARTS WAIT: 899s remaining, sleeping in 5s chunks...
[04:54:42] T305: [fail] HEARTS WAIT: 868s remaining, sleeping in 5s chunks...
[04:55:13] T306: [fail] HEARTS WAIT: 837s remaining, sleeping in 5s chunks...
[04:55:44] T307: [fail] HEARTS WAIT: 806s remaining, sleeping in 5s chunks...
[04:56:15] T308: [fail] HEARTS WAIT: 775s remaining, sleeping in 5s chunks...
[04:56:46] T309: [fail] HEARTS WAIT: 744s remaining, sleeping in 5s chunks...
[04:57:17] T310: [fail] HEARTS WAIT: 714s remaining, sleeping in 5s chunks...
[04:57:47] T311: [fail] HEARTS WAIT: 683s remaining, sleeping in 5s chunks...
[04:58:18] T312: [fail] HEARTS WAIT: 652s remaining, sleeping in 5s chunks...
[04:58:49] T313: [fail] HEARTS WAIT: 621s remaining, sleeping in 5s chunks...
[04:59:20] T314: [fail] HEARTS WAIT: 590s remaining, sleeping in 5s chunks...
[04:59:51] T315: [fail] HEARTS WAIT: 559s remaining, sleeping in 5s chunks...
[05:00:22] T316: [fail] HEARTS WAIT: 528s remaining, sleeping in 5s chunks...
[05:00:53] T317: [fail] HEARTS WAIT: 497s remaining, sleeping in 5s chunks...
[05:01:24] T318: [fail] HEARTS WAIT: 466s remaining, sleeping in 5s chunks...
[05:01:55] T319: [fail] HEARTS WAIT: 436s remaining, sleeping in 5s chunks...
[05:02:26] T320: [fail] HEARTS WAIT: 405s remaining, sleeping in 5s chunks...
[05:02:57] T321: [fail] HEARTS WAIT: 374s remaining, sleeping in 5s chunks...
[05:03:27] T322: [fail] HEARTS WAIT: 343s remaining, sleeping in 5s chunks...
[05:03:58] T323: [fail] HEARTS WAIT: 312s remaining, sleeping in 5s chunks...
[05:04:29] T324: [fail] HEARTS WAIT: 281s remaining, sleeping in 5s chunks...
[05:05:00] T325: [fail] HEARTS WAIT: 250s remaining, sleeping in 5s chunks...
[05:05:31] T326: [fail] HEARTS WAIT: 219s remaining, sleeping in 5s chunks...
[05:06:02] T327: [fail] HEARTS WAIT: 188s remaining, sleeping in 5s chunks...
[05:06:33] T328: [fail] HEARTS WAIT: 157s remaining, sleeping in 5s chunks...
[05:07:04] T329: [fail] HEARTS WAIT: 126s remaining, sleeping in 5s chunks...
[05:07:35] T330: [fail] HEARTS WAIT: 95s remaining, sleeping in 5s chunks...
[05:08:06] T331: [fail] HEARTS WAIT: 64s remaining, sleeping in 5s chunks...
[05:08:37] T332: [fail] HEARTS WAIT: 33s remaining, sleeping in 5s chunks...
[05:09:08] T333: [fail] HEARTS WAIT: 2s remaining, sleeping in 5s chunks...
[05:09:14] T334: [fail] HEARTS-EMPTY popup detected (pixel match). Waiting 900s for regen.
[05:09:14] T335: [fail] HEARTS WAIT: 899s remaining, sleeping in 5s chunks...
[05:09:45] T336: [fail] HEARTS WAIT: 868s remaining, sleeping in 5s chunks...
[05:10:16] T337: [fail] HEARTS WAIT: 837s remaining, sleeping in 5s chunks...
[05:10:47] T338: [fail] HEARTS WAIT: 806s remaining, sleeping in 5s chunks...
[05:11:18] T339: [fail] HEARTS WAIT: 775s remaining, sleeping in 5s chunks...
[05:11:49] T340: [fail] HEARTS WAIT: 744s remaining, sleeping in 5s chunks...
[05:12:20] T341: [fail] HEARTS WAIT: 713s remaining, sleeping in 5s chunks...
[05:12:51] T342: [fail] HEARTS WAIT: 682s remaining, sleeping in 5s chunks...
[05:13:22] T343: [fail] HEARTS WAIT: 652s remaining, sleeping in 5s chunks...
[05:13:53] T344: [fail] HEARTS WAIT: 621s remaining, sleeping in 5s chunks...
[05:14:24] T345: [fail] HEARTS WAIT: 589s remaining, sleeping in 5s chunks...
[05:14:55] T346: [fail] HEARTS WAIT: 558s remaining, sleeping in 5s chunks...
[05:15:26] T347: [fail] HEARTS WAIT: 528s remaining, sleeping in 5s chunks...
[05:15:57] T348: [fail] HEARTS WAIT: 497s remaining, sleeping in 5s chunks...
[05:16:28] T349: [fail] HEARTS WAIT: 466s remaining, sleeping in 5s chunks...
[05:16:59] T350: [fail] HEARTS WAIT: 434s remaining, sleeping in 5s chunks...
[05:17:29] 
[05:17:29] ============================================================
[05:17:29] SESSION COMPLETE
[05:17:29] ============================================================
[05:17:29] Total turns:   350
[05:17:29] Games started: 2
[05:17:29] Games won:     6
[05:17:29] Games failed:  3
[05:17:29] AI Play DB: E:\AI\virtual_player\data\db\ai_play_pixelflow.db
[05:17:29] Fingerprint DB: E:\AI\virtual_player\data\pixelflow\db\fingerprint.db (loaded)
[05:17:29] Stats saved: E:\AI\virtual_player\data\games\pixelflow\temp\smart\smart_stats.json
