[05:17:35] ============================================================
[05:17:35] Smart PixelFlow Player START
[05:17:35] Duration: 120 min | Target: 07:17:35
[05:17:35] ADB: C:/Program Files/BlueStacks_nxt/HD-Adb.exe | Device: emulator-5554
[05:17:35] YOLO: best.pt
[05:17:35] Profile: cell_profile.json
[FingerprintSearcher] Loaded 4891 rows (win_only=True)
[05:17:36] Fingerprint DB: fingerprint.db (loaded)
[05:17:36] FP threshold: 0.78, top_k: 8
[05:17:36] ============================================================
[05:17:47] T1: [fail] HEARTS-EMPTY popup detected (pixel match). Waiting 900s for regen.
[05:17:47] T2: [fail] HEARTS WAIT: 899s remaining, sleeping in 5s chunks...
[05:18:18] T3: [fail] HEARTS WAIT: 868s remaining, sleeping in 5s chunks...
[05:18:49] T4: [fail] HEARTS WAIT: 837s remaining, sleeping in 5s chunks...
[05:19:20] T5: [fail] HEARTS WAIT: 807s remaining, sleeping in 5s chunks...
[05:19:50] T6: [fail] HEARTS WAIT: 776s remaining, sleeping in 5s chunks...
[05:20:21] T7: [fail] HEARTS WAIT: 745s remaining, sleeping in 5s chunks...
[05:20:52] T8: [fail] HEARTS WAIT: 714s remaining, sleeping in 5s chunks...
[05:21:23] T9: [win] HEARTS WAIT: 683s remaining, sleeping in 5s chunks...
[05:21:54] T10: [win] HEARTS WAIT: 652s remaining, sleeping in 5s chunks...
[05:22:25] T11: [win] HEARTS WAIT: 621s remaining, sleeping in 5s chunks...
[05:22:56] T12: [win] HEARTS WAIT: 590s remaining, sleeping in 5s chunks...
[05:23:27] T13: [win] HEARTS WAIT: 559s remaining, sleeping in 5s chunks...
[05:23:58] T14: [win] HEARTS WAIT: 528s remaining, sleeping in 5s chunks...
[05:24:29] T15: [win] HEARTS WAIT: 497s remaining, sleeping in 5s chunks...
[05:25:00] T16: [win] HEARTS WAIT: 467s remaining, sleeping in 5s chunks...
[05:25:31] T17: [win] HEARTS WAIT: 436s remaining, sleeping in 5s chunks...
[05:26:02] T18: [win] HEARTS WAIT: 405s remaining, sleeping in 5s chunks...
[05:26:33] T19: [win] HEARTS WAIT: 373s remaining, sleeping in 5s chunks...
[05:27:04] T20: [win] HEARTS WAIT: 342s remaining, sleeping in 5s chunks...
[05:27:35] T21: [win] HEARTS WAIT: 312s remaining, sleeping in 5s chunks...
[05:28:05] T22: [win] HEARTS WAIT: 281s remaining, sleeping in 5s chunks...
[05:28:36] T23: [win] HEARTS WAIT: 250s remaining, sleeping in 5s chunks...
[05:29:07] T24: [win] HEARTS WAIT: 219s remaining, sleeping in 5s chunks...
[05:29:38] T25: [win] HEARTS WAIT: 188s remaining, sleeping in 5s chunks...
[05:30:09] T26: [win] HEARTS WAIT: 157s remaining, sleeping in 5s chunks...
[05:30:40] T27: [win] HEARTS WAIT: 126s remaining, sleeping in 5s chunks...
[05:31:11] T28: [win] HEARTS WAIT: 95s remaining, sleeping in 5s chunks...
[05:31:42] T29: [win] HEARTS WAIT: 64s remaining, sleeping in 5s chunks...
[05:32:13] T30: [win] HEARTS WAIT: 33s remaining, sleeping in 5s chunks...
[05:32:44] T31: [win] HEARTS WAIT: 2s remaining, sleeping in 5s chunks...
[05:32:50] T32: [win] Multi-tap continue positions
[05:32:55]   [SESSION] Started 73a1ae46e34a (start_cells=273)
[05:32:55] T33: [gameplay] Board=273cells/6colors d=+0 [DarkGreen:195, Brown:37, Orange:25, DarkRed:8, Red:4] | Queue=[FP stall=0 fp_top=0.95] | Holder=[_/DarkGreen/DarkGreen/DarkGreen/DarkGreen] (4/5) | 0.8s
[05:32:55]   -> TAP(314,1495) [[FP:0.95] Human pattern (delta=-59, id=4165)]
[05:32:58] T34: [gameplay] Board=273cells/6colors d=+0 [DarkGreen:195, Brown:37, Orange:25, DarkRed:8, Red:4] | Queue=[FP stall=1 fp_top=0.95] | Holder=[_/DarkGreen/DarkGreen/DarkGreen/DarkGreen] (4/5) | 0.7s
[05:32:58]   -> TAP(316,1516) [[FP:0.97] Human pattern (delta=-28, id=4177)]
[05:33:01] T35: [gameplay] Board=273cells/6colors d=+0 [DarkGreen:195, Brown:37, Orange:25, DarkRed:8, Red:4] | Queue=[FP stall=2 fp_top=0.95] | Holder=[_/DarkGreen/DarkGreen/DarkGreen/DarkGreen] (4/5) | 0.6s
[05:33:01]   -> TAP(342,1656) [[FP:0.97] Human pattern (delta=-14, id=3702)]
[05:33:05]   [EXPLORE] Entering exploration mode (stall x3)
[05:33:05] T36: [gameplay] Board=273cells/6colors d=+0 [DarkGreen:195, Brown:37, Orange:25, DarkRed:8, Red:4] | Queue=[FP stall=3 fp_top=0.95] | Holder=[_/DarkGreen/DarkGreen/DarkGreen/DarkGreen] (4/5) | 0.6s
[05:33:05]   -> TAP(696,1517) [[FP:0.97] Human pattern (delta=-40, id=6969)]
[05:33:08] T37: [gameplay] Board=273cells/6colors d=+0 [DarkGreen:195, Brown:37, Orange:25, DarkRed:8, Red:4] | Queue=[FP stall=4 fp_top=0.95] | Holder=[_/DarkGreen/DarkGreen/DarkGreen/DarkGreen] (4/5) | 0.6s
[05:33:08]   -> TAP(732,1524) [[FP:0.97] Human pattern (delta=-20, id=3691)]
[05:33:12] T38: [gameplay] Board=273cells/6colors d=+0 [DarkGreen:195, Brown:37, Orange:25, DarkRed:8, Red:4] | Queue=[EXPLORE stall=5 fp_top=0.95] | Holder=[_/DarkGreen/DarkGreen/DarkGreen/DarkGreen] (4/5) | 1.4s
[05:33:12]   -> TAP(869,1653) [[EXPLORE:PlayDB] Tap (869,1653) human pattern #1]
[05:33:15] T39: [gameplay] Board=273cells/6colors d=+0 [DarkGreen:195, Brown:37, Orange:25, DarkRed:8, Red:4] | Queue=[EXPLORE stall=6 fp_top=0.95] | Holder=[_/DarkGreen/DarkGreen/DarkGreen/DarkGreen] (4/5) | 0.7s
[05:33:15]   -> TAP(627,1211) [[EXPLORE:PlayDB] Tap (627,1211) human pattern #2]
[05:33:18] T40: [gameplay] Board=273cells/6colors d=+0 [DarkGreen:195, Brown:37, Orange:25, DarkRed:8, Red:4] | Queue=[EXPLORE stall=7 fp_top=0.95] | Holder=[_/DarkGreen/DarkGreen/DarkGreen/DarkGreen] (4/5) | 0.7s
[05:33:18]   -> TAP(202,175) [[EXPLORE:PlayDB] Tap (202,175) human pattern #3]
[05:33:21] T41: [gameplay] Board=273cells/6colors d=+0 [DarkGreen:195, Brown:37, Orange:25, DarkRed:8, Red:4] | Queue=[EXPLORE stall=8 fp_top=0.95] | Holder=[_/DarkGreen/DarkGreen/DarkGreen/DarkGreen] (4/5) | 0.7s
[05:33:21]   -> TAP(817,1164) [[EXPLORE:PlayDB] Tap (817,1164) human pattern #4]
[05:33:24] T42: [gameplay] Board=273cells/6colors d=+0 [DarkGreen:195, Brown:37, Orange:25, DarkRed:8, Red:4] | Queue=[EXPLORE stall=9 fp_top=0.95] | Holder=[_/DarkGreen/DarkGreen/DarkGreen/DarkGreen] (4/5) | 0.7s
[05:33:24]   -> TAP(185,930) [[EXPLORE:ZONE:0] Tap zone (185,930)]
[05:33:27] T43: [gameplay] Board=273cells/6colors d=+0 [DarkGreen:195, Brown:37, Orange:25, DarkRed:8, Red:4] | Queue=[EXPLORE stall=10 fp_top=0.95] | Holder=[_/DarkGreen/DarkGreen/DarkGreen/DarkGreen] (4/5) | 0.7s
[05:33:27]   -> TAP(310,930) [[EXPLORE:ZONE:1] Tap zone (310,930)]
[05:33:30] T44: [gameplay] Board=273cells/6colors d=+0 [DarkGreen:195, Brown:37, Orange:25, DarkRed:8, Red:4] | Queue=[EXPLORE stall=11 fp_top=0.95] | Holder=[_/DarkGreen/DarkGreen/DarkGreen/DarkGreen] (4/5) | 0.7s
[05:33:30]   -> TAP(435,930) [[EXPLORE:ZONE:2] Tap zone (435,930)]
[05:33:33] T45: [gameplay] Board=273cells/6colors d=+0 [DarkGreen:195, Brown:37, Orange:25, DarkRed:8, Red:4] | Queue=[EXPLORE stall=12 fp_top=0.95] | Holder=[_/DarkGreen/DarkGreen/DarkGreen/DarkGreen] (4/5) | 0.8s
[05:33:33]   -> TAP(560,930) [[EXPLORE:ZONE:3] Tap zone (560,930)]
[05:33:36] T46: [gameplay] Board=273cells/6colors d=+0 [DarkGreen:195, Brown:37, Orange:25, DarkRed:8, Red:4] | Queue=[EXPLORE stall=13 fp_top=0.95] | Holder=[_/DarkGreen/DarkGreen/DarkGreen/DarkGreen] (4/5) | 0.7s
[05:33:36]   -> TAP(685,930) [[EXPLORE:ZONE:4] Tap zone (685,930)]
[05:33:39] T47: [gameplay] Board=273cells/6colors d=+0 [DarkGreen:195, Brown:37, Orange:25, DarkRed:8, Red:4] | Queue=[EXPLORE stall=14 fp_top=0.95] | Holder=[_/DarkGreen/DarkGreen/DarkGreen/DarkGreen] (4/5) | 0.7s
[05:33:39]   -> TAP(280,1500) [[EXPLORE:ZONE:5] Tap zone (280,1500)]
[05:33:42] T48: [gameplay] Board=273cells/6colors d=+0 [DarkGreen:195, Brown:37, Orange:25, DarkRed:8, Red:4] | Queue=[EXPLORE stall=15 fp_top=0.95] | Holder=[_/DarkGreen/DarkGreen/DarkGreen/DarkGreen] (4/5) | 0.7s
[05:33:42]   -> TAP(400,1500) [[EXPLORE:ZONE:6] Tap zone (400,1500)]
[05:33:45] T49: [gameplay] Board=273cells/6colors d=+0 [DarkGreen:195, Brown:37, Orange:25, DarkRed:8, Red:4] | Queue=[EXPLORE stall=16 fp_top=0.95] | Holder=[_/DarkGreen/DarkGreen/DarkGreen/DarkGreen] (4/5) | 0.7s
[05:33:45]   -> TAP(530,1500) [[EXPLORE:ZONE:7] Tap zone (530,1500)]
[05:33:48] T50: [gameplay] Board=274cells/6colors d=+1 [DarkGreen:195, Brown:37, Orange:25, DarkRed:8, Red:5] | Queue=[EXPLORE stall=15 fp_top=0.95] | Holder=[_/DarkRed/SageTeal/_/_] (2/5) | 0.7s
[05:33:48]   -> TAP(660,1500) [[EXPLORE:ZONE:8] Tap zone (660,1500)]
[05:33:50]   [LEARN] Explore tap (660,1500) WORKED! (d=-1)
[05:33:50] T51: [gameplay] Board=273cells/6colors d=-1 [DarkGreen:195, Brown:37, Orange:25, DarkRed:8, Red:4] | Queue=[FP stall=0 fp_top=0.95] | Holder=[_/DarkRed/_/_/_] (1/5) | 0.6s
[05:33:50]   -> TAP(524,1512) [[FP:0.97] Human pattern (delta=-9, id=3250)]
[05:33:54] T52: [gameplay] Board=239cells/6colors d=-34 [DarkGreen:161, Brown:37, Orange:25, DarkRed:8, Red:4] | Queue=[FP stall=0 fp_top=0.95] | Holder=[_/DarkRed/_/_/_] (1/5) | 0.6s
[05:33:54]   -> TAP(723,1537) [[FP:0.96] Human pattern (delta=-37, id=3699)]
[05:33:57] T53: [gameplay] Board=237cells/6colors d=-2 [DarkGreen:159, Brown:37, Orange:25, DarkRed:8, Red:4] | Queue=[FP stall=0 fp_top=0.95] | Holder=[_/DarkRed/_/_/_] (1/5) | 0.6s
[05:33:57]   -> TAP(316,1516) [[FP:0.97] Human pattern (delta=-28, id=4177)]
[05:34:01] T54: [gameplay] Board=237cells/6colors d=+0 [DarkGreen:159, Brown:37, Orange:25, DarkRed:8, Red:4] | Queue=[FP stall=1 fp_top=0.95] | Holder=[_/DarkRed/_/_/_] (1/5) | 0.8s
[05:34:01]   -> TAP(732,1524) [[FP:0.96] Human pattern (delta=-20, id=3691)]
[05:34:03]   [SESSION] Ended 73a1ae46e34a: fail (22 turns, end_cells=237)
[05:34:04] T55: [fail] Multi-tap close/retry positions
[05:34:08] T56: [fail] Multi-tap close/retry positions
[05:34:12] T57: [fail] Multi-tap close/retry positions
[05:34:17] T58: [fail] Multi-tap close/retry positions
[05:34:21] T59: POPUP LOOP (fail), relaunch
[05:34:34] T60: [loading] PlayDB: 3 patterns, trying top 2
[05:34:38] T61: [loading] PlayDB: 3 patterns, trying top 2
[05:34:43] T62: [loading] PlayDB: 3 patterns, trying top 2
[05:34:47] T63: [lobby] Hardcoded play button (540,1450)
[05:34:49] T64: [fail] HEARTS-EMPTY popup detected (pixel match). Waiting 900s for regen.
[05:34:50] T65: [fail] HEARTS WAIT: 899s remaining, sleeping in 5s chunks...
[05:35:21] T66: [fail] HEARTS WAIT: 868s remaining, sleeping in 5s chunks...
[05:35:52] T67: [fail] HEARTS WAIT: 837s remaining, sleeping in 5s chunks...
[05:36:23] T68: [fail] HEARTS WAIT: 806s remaining, sleeping in 5s chunks...
[05:36:53] T69: [fail] HEARTS WAIT: 776s remaining, sleeping in 5s chunks...
[05:37:24] T70: [fail] HEARTS WAIT: 744s remaining, sleeping in 5s chunks...
[05:37:55] T71: [fail] HEARTS WAIT: 714s remaining, sleeping in 5s chunks...
[05:38:26] T72: [fail] HEARTS WAIT: 683s remaining, sleeping in 5s chunks...
[05:38:57] T73: [fail] HEARTS WAIT: 652s remaining, sleeping in 5s chunks...
[05:39:28] T74: [fail] HEARTS WAIT: 621s remaining, sleeping in 5s chunks...
[05:39:58] T75: [fail] HEARTS WAIT: 591s remaining, sleeping in 5s chunks...
[05:40:29] T76: [fail] HEARTS WAIT: 560s remaining, sleeping in 5s chunks...
[05:41:00] T77: [fail] HEARTS WAIT: 529s remaining, sleeping in 5s chunks...
[05:41:31] T78: [fail] HEARTS WAIT: 498s remaining, sleeping in 5s chunks...
[05:42:02] T79: [fail] HEARTS WAIT: 467s remaining, sleeping in 5s chunks...
[05:42:33] T80: [fail] HEARTS WAIT: 436s remaining, sleeping in 5s chunks...
[05:43:03] T81: [fail] HEARTS WAIT: 405s remaining, sleeping in 5s chunks...
[05:43:34] T82: [fail] HEARTS WAIT: 375s remaining, sleeping in 5s chunks...
[05:44:05] T83: [fail] HEARTS WAIT: 344s remaining, sleeping in 5s chunks...
[05:44:36] T84: [fail] HEARTS WAIT: 313s remaining, sleeping in 5s chunks...
[05:45:07] T85: [fail] HEARTS WAIT: 282s remaining, sleeping in 5s chunks...
[05:45:38] T86: [fail] HEARTS WAIT: 251s remaining, sleeping in 5s chunks...
[05:46:08] T87: [fail] HEARTS WAIT: 221s remaining, sleeping in 5s chunks...
[05:46:39] T88: [fail] HEARTS WAIT: 190s remaining, sleeping in 5s chunks...
[05:47:10] T89: [fail] HEARTS WAIT: 159s remaining, sleeping in 5s chunks...
[05:47:41] T90: [fail] HEARTS WAIT: 128s remaining, sleeping in 5s chunks...
[05:48:12] T91: [fail] HEARTS WAIT: 97s remaining, sleeping in 5s chunks...
[05:48:43] T92: [fail] HEARTS WAIT: 66s remaining, sleeping in 5s chunks...
[05:49:13] T93: [fail] HEARTS WAIT: 36s remaining, sleeping in 5s chunks...
[05:49:44] T94: [fail] HEARTS WAIT: 5s remaining, sleeping in 5s chunks...
[05:49:50] T95: [fail] HEARTS-EMPTY popup detected (pixel match). Waiting 900s for regen.
[05:49:50] T96: [fail] HEARTS WAIT: 899s remaining, sleeping in 5s chunks...
[05:50:21] T97: [fail] HEARTS WAIT: 868s remaining, sleeping in 5s chunks...
[05:50:52] T98: [fail] HEARTS WAIT: 838s remaining, sleeping in 5s chunks...
[05:51:23] T99: [lobby] HEARTS WAIT: 807s remaining, sleeping in 5s chunks...
[05:51:54] T100: [lobby] HEARTS WAIT: 776s remaining, sleeping in 5s chunks...
[05:52:25] T101: [lobby] HEARTS WAIT: 745s remaining, sleeping in 5s chunks...
[05:52:56] T102: [lobby] HEARTS WAIT: 714s remaining, sleeping in 5s chunks...
[05:53:27] T103: [lobby] HEARTS WAIT: 683s remaining, sleeping in 5s chunks...
[05:53:58] T104: [lobby] HEARTS WAIT: 652s remaining, sleeping in 5s chunks...
[05:54:29] T105: [lobby] HEARTS WAIT: 621s remaining, sleeping in 5s chunks...
[05:55:00] T106: [lobby] HEARTS WAIT: 590s remaining, sleeping in 5s chunks...
[05:55:31] T107: [lobby] HEARTS WAIT: 559s remaining, sleeping in 5s chunks...
[05:56:02] T108: [lobby] HEARTS WAIT: 528s remaining, sleeping in 5s chunks...
[05:56:33] T109: [lobby] HEARTS WAIT: 497s remaining, sleeping in 5s chunks...
[05:57:04] T110: [lobby] HEARTS WAIT: 466s remaining, sleeping in 5s chunks...
[05:57:35] T111: [lobby] HEARTS WAIT: 435s remaining, sleeping in 5s chunks...
[05:58:06] T112: [lobby] HEARTS WAIT: 404s remaining, sleeping in 5s chunks...
[05:58:37] T113: [lobby] HEARTS WAIT: 373s remaining, sleeping in 5s chunks...
[05:59:08] T114: [lobby] HEARTS WAIT: 342s remaining, sleeping in 5s chunks...
[05:59:39] T115: [lobby] HEARTS WAIT: 311s remaining, sleeping in 5s chunks...
[06:00:10] T116: [lobby] HEARTS WAIT: 280s remaining, sleeping in 5s chunks...
[06:00:41] T117: [lobby] HEARTS WAIT: 249s remaining, sleeping in 5s chunks...
[06:01:11] T118: [lobby] HEARTS WAIT: 218s remaining, sleeping in 5s chunks...
[06:01:42] T119: [lobby] HEARTS WAIT: 187s remaining, sleeping in 5s chunks...
[06:02:14] T120: [lobby] HEARTS WAIT: 156s remaining, sleeping in 5s chunks...
[06:02:44] T121: [lobby] HEARTS WAIT: 125s remaining, sleeping in 5s chunks...
[06:03:15] T122: [lobby] HEARTS WAIT: 94s remaining, sleeping in 5s chunks...
[06:03:46] T123: [lobby] HEARTS WAIT: 63s remaining, sleeping in 5s chunks...
[06:04:17] T124: [lobby] HEARTS WAIT: 32s remaining, sleeping in 5s chunks...
[06:04:48] T125: [lobby] HEARTS WAIT: 1s remaining, sleeping in 5s chunks...
[06:04:54] T126: [lobby] Hardcoded play button (540,1450)
[06:04:57]   [SESSION] Started d7ad1b421400 (start_cells=278)
[06:04:57] T127: [gameplay] Board=278cells/6colors d=+0 [DarkGreen:198, Brown:39, Orange:24, DarkRed:8, DustyRose:5] | Queue=[FP stall=0 fp_top=0.95] | Holder=[_/DarkGreen/DarkGreen/DarkGreen/DarkGreen] (4/5) | 0.5s
[06:04:57]   -> TAP(314,1495) [[FP:0.95] Human pattern (delta=-59, id=4165)]
[06:05:00] T128: [gameplay] Board=278cells/6colors d=+0 [DarkGreen:198, Brown:39, Orange:24, DarkRed:8, DustyRose:5] | Queue=[FP stall=1 fp_top=0.95] | Holder=[_/DarkGreen/DarkGreen/DarkGreen/DarkGreen] (4/5) | 0.6s
[06:05:00]   -> TAP(717,1495) [[FP:0.97] Human pattern (delta=-43, id=6857)]
[06:05:04] T129: [gameplay] Board=278cells/6colors d=+0 [DarkGreen:198, Brown:39, Orange:24, DarkRed:8, DustyRose:5] | Queue=[FP stall=2 fp_top=0.95] | Holder=[_/DarkGreen/DarkGreen/DarkGreen/DarkGreen] (4/5) | 0.5s
[06:05:04]   -> TAP(342,1656) [[FP:0.97] Human pattern (delta=-14, id=3702)]
[06:05:07]   [EXPLORE] Entering exploration mode (stall x3)
[06:05:07] T130: [gameplay] Board=278cells/6colors d=+0 [DarkGreen:198, Brown:39, Orange:24, DarkRed:8, DustyRose:5] | Queue=[FP stall=3 fp_top=0.95] | Holder=[_/DarkGreen/DarkGreen/DarkGreen/DarkGreen] (4/5) | 0.5s
[06:05:07]   -> TAP(696,1517) [[FP:0.97] Human pattern (delta=-40, id=6969)]
[06:05:10] T131: [gameplay] Board=278cells/6colors d=+0 [DarkGreen:198, Brown:39, Orange:24, DarkRed:8, DustyRose:5] | Queue=[FP stall=4 fp_top=0.95] | Holder=[_/DarkGreen/DarkGreen/DarkGreen/DarkGreen] (4/5) | 0.5s
[06:05:10]   -> TAP(316,1516) [[FP:0.97] Human pattern (delta=-28, id=4177)]
[06:05:13] T132: [gameplay] Board=278cells/6colors d=+0 [DarkGreen:198, Brown:39, Orange:24, DarkRed:8, DustyRose:5] | Queue=[EXPLORE stall=5 fp_top=0.95] | Holder=[_/DarkGreen/DarkGreen/DarkGreen/DarkGreen] (4/5) | 0.6s
[06:05:13]   -> TAP(660,1500) [[EXPLORE:AI_DB] Tap (660,1500) conf=0.50]
[06:05:16] T133: [gameplay] Board=278cells/6colors d=+0 [DarkGreen:198, Brown:39, Orange:24, DarkRed:8, DustyRose:5] | Queue=[EXPLORE stall=6 fp_top=0.95] | Holder=[_/DarkGreen/DarkGreen/DarkGreen/DarkGreen] (4/5) | 0.5s
[06:05:16]   -> TAP(869,1653) [[EXPLORE:PlayDB] Tap (869,1653) human pattern #1]
[06:05:18] T134: [gameplay] Board=278cells/6colors d=+0 [DarkGreen:198, Brown:39, Orange:24, DarkRed:8, DustyRose:5] | Queue=[EXPLORE stall=7 fp_top=0.95] | Holder=[_/DarkGreen/DarkGreen/DarkGreen/DarkGreen] (4/5) | 0.6s
[06:05:18]   -> TAP(627,1211) [[EXPLORE:PlayDB] Tap (627,1211) human pattern #2]
[06:05:21] T135: [gameplay] Board=278cells/6colors d=+0 [DarkGreen:198, Brown:39, Orange:24, DarkRed:8, DustyRose:5] | Queue=[EXPLORE stall=8 fp_top=0.95] | Holder=[_/DarkGreen/DarkGreen/DarkGreen/DarkGreen] (4/5) | 0.6s
[06:05:21]   -> TAP(202,175) [[EXPLORE:PlayDB] Tap (202,175) human pattern #3]
[06:05:24] T136: [gameplay] Board=278cells/6colors d=+0 [DarkGreen:198, Brown:39, Orange:24, DarkRed:8, DustyRose:5] | Queue=[EXPLORE stall=9 fp_top=0.95] | Holder=[_/DarkGreen/DarkGreen/DarkGreen/DarkGreen] (4/5) | 0.6s
[06:05:24]   -> TAP(817,1164) [[EXPLORE:PlayDB] Tap (817,1164) human pattern #4]
[06:05:27] T137: [gameplay] Board=278cells/6colors d=+0 [DarkGreen:198, Brown:39, Orange:24, DarkRed:8, DustyRose:5] | Queue=[EXPLORE stall=10 fp_top=0.95] | Holder=[_/DarkGreen/DarkGreen/DarkGreen/DarkGreen] (4/5) | 0.6s
[06:05:27]   -> TAP(185,930) [[EXPLORE:ZONE:0] Tap zone (185,930)]
[06:05:29] T138: [gameplay] Board=278cells/6colors d=+0 [DarkGreen:198, Brown:39, Orange:24, DarkRed:8, DustyRose:5] | Queue=[EXPLORE stall=11 fp_top=0.95] | Holder=[_/DarkGreen/DarkGreen/DarkGreen/DarkGreen] (4/5) | 0.6s
[06:05:29]   -> TAP(310,930) [[EXPLORE:ZONE:1] Tap zone (310,930)]
[06:05:32] T139: [gameplay] Board=278cells/6colors d=+0 [DarkGreen:198, Brown:39, Orange:24, DarkRed:8, DustyRose:5] | Queue=[EXPLORE stall=12 fp_top=0.95] | Holder=[_/DarkGreen/DarkGreen/DarkGreen/DarkGreen] (4/5) | 0.6s
[06:05:32]   -> TAP(435,930) [[EXPLORE:ZONE:2] Tap zone (435,930)]
[06:05:35] T140: [gameplay] Board=278cells/6colors d=+0 [DarkGreen:198, Brown:39, Orange:24, DarkRed:8, DustyRose:5] | Queue=[EXPLORE stall=13 fp_top=0.95] | Holder=[_/DarkGreen/DarkGreen/DarkGreen/DarkGreen] (4/5) | 0.6s
[06:05:35]   -> TAP(560,930) [[EXPLORE:ZONE:3] Tap zone (560,930)]
[06:05:38] T141: [gameplay] Board=278cells/6colors d=+0 [DarkGreen:198, Brown:39, Orange:24, DarkRed:8, DustyRose:5] | Queue=[EXPLORE stall=14 fp_top=0.95] | Holder=[_/DarkGreen/DarkGreen/DarkGreen/DarkGreen] (4/5) | 0.5s
[06:05:38]   -> TAP(685,930) [[EXPLORE:ZONE:4] Tap zone (685,930)]
[06:05:40] T142: [gameplay] Board=278cells/6colors d=+0 [DarkGreen:198, Brown:39, Orange:24, DarkRed:8, DustyRose:5] | Queue=[EXPLORE stall=15 fp_top=0.95] | Holder=[_/DarkGreen/DarkGreen/DarkGreen/DarkGreen] (4/5) | 0.6s
[06:05:40]   -> TAP(280,1500) [[EXPLORE:ZONE:5] Tap zone (280,1500)]
[06:05:43] T143: [gameplay] Board=278cells/6colors d=+0 [DarkGreen:198, Brown:39, Orange:24, DarkRed:8, DustyRose:5] | Queue=[EXPLORE stall=16 fp_top=0.95] | Holder=[_/DarkGreen/DarkGreen/DarkGreen/DarkGreen] (4/5) | 0.6s
[06:05:43]   -> TAP(400,1500) [[EXPLORE:ZONE:6] Tap zone (400,1500)]
[06:05:46] T144: [gameplay] Board=278cells/6colors d=+0 [DarkGreen:198, Brown:39, Orange:24, DarkRed:8, DustyRose:5] | Queue=[EXPLORE stall=17 fp_top=0.95] | Holder=[_/DarkGreen/DarkGreen/DarkGreen/DarkGreen] (4/5) | 0.5s
[06:05:46]   -> TAP(530,1500) [[EXPLORE:ZONE:7] Tap zone (530,1500)]
[06:05:48] T145: NO PROGRESS 20 turns (cells=279) — abandoning session + relaunch
[06:05:48]   [SESSION] Ended d7ad1b421400: stuck (18 turns, end_cells=278)
[06:06:01] T146: [loading] PlayDB: 3 patterns, trying top 2
[06:06:05] T147: [loading] PlayDB: 3 patterns, trying top 2
[06:06:09] T148: [loading] PlayDB: 3 patterns, trying top 2
[06:06:13] T149: [lobby] Hardcoded play button (540,1450)
[06:06:16] T150: [fail] HEARTS-EMPTY popup detected (pixel match). Waiting 900s for regen.
[06:06:16] T151: [fail] HEARTS WAIT: 899s remaining, sleeping in 5s chunks...
[06:06:47] T152: [fail] HEARTS WAIT: 868s remaining, sleeping in 5s chunks...
[06:07:18] T153: [fail] HEARTS WAIT: 838s remaining, sleeping in 5s chunks...
[06:07:48] T154: [fail] HEARTS WAIT: 807s remaining, sleeping in 5s chunks...
[06:08:19] T155: [fail] HEARTS WAIT: 776s remaining, sleeping in 5s chunks...
[06:08:50] T156: [fail] HEARTS WAIT: 745s remaining, sleeping in 5s chunks...
[06:09:21] T157: [fail] HEARTS WAIT: 714s remaining, sleeping in 5s chunks...
[06:09:52] T158: [fail] HEARTS WAIT: 683s remaining, sleeping in 5s chunks...
[06:10:23] T159: [fail] HEARTS WAIT: 652s remaining, sleeping in 5s chunks...
[06:10:54] T160: [fail] HEARTS WAIT: 622s remaining, sleeping in 5s chunks...
[06:11:24] T161: [fail] HEARTS WAIT: 591s remaining, sleeping in 5s chunks...
[06:11:55] T162: [fail] HEARTS WAIT: 560s remaining, sleeping in 5s chunks...
[06:12:26] T163: [fail] HEARTS WAIT: 529s remaining, sleeping in 5s chunks...
[06:12:57] T164: [fail] HEARTS WAIT: 498s remaining, sleeping in 5s chunks...
[06:13:28] T165: [fail] HEARTS WAIT: 467s remaining, sleeping in 5s chunks...
[06:13:59] T166: [fail] HEARTS WAIT: 436s remaining, sleeping in 5s chunks...
[06:14:30] T167: [fail] HEARTS WAIT: 405s remaining, sleeping in 5s chunks...
[06:15:01] T168: [fail] HEARTS WAIT: 375s remaining, sleeping in 5s chunks...
[06:15:31] T169: [fail] HEARTS WAIT: 344s remaining, sleeping in 5s chunks...
[06:16:02] T170: [fail] HEARTS WAIT: 313s remaining, sleeping in 5s chunks...
[06:16:33] T171: [fail] HEARTS WAIT: 282s remaining, sleeping in 5s chunks...
[06:17:04] T172: [fail] HEARTS WAIT: 251s remaining, sleeping in 5s chunks...
[06:17:35] T173: [fail] HEARTS WAIT: 220s remaining, sleeping in 5s chunks...
[06:18:06] T174: [fail] HEARTS WAIT: 190s remaining, sleeping in 5s chunks...
[06:18:36] T175: [fail] HEARTS WAIT: 159s remaining, sleeping in 5s chunks...
[06:19:07] T176: [fail] HEARTS WAIT: 128s remaining, sleeping in 5s chunks...
[06:19:38] T177: [fail] HEARTS WAIT: 97s remaining, sleeping in 5s chunks...
[06:20:09] T178: [fail] HEARTS WAIT: 66s remaining, sleeping in 5s chunks...
[06:20:40] T179: [fail] HEARTS WAIT: 35s remaining, sleeping in 5s chunks...
[06:21:11] T180: [lobby] HEARTS WAIT: 4s remaining, sleeping in 5s chunks...
[06:21:16] T181: [lobby] Hardcoded play button (540,1450)
[06:21:19]   [SESSION] Started f4094496717b (start_cells=290)
[06:21:19] T182: [gameplay] Board=290cells/5colors d=+0 [DarkGreen:196, Brown:46, Orange:28, Red:10, DarkRed:10] | Queue=[FP stall=0 fp_top=0.95] | Holder=[_/DarkGreen/DarkGreen/DarkGreen/DarkGreen] (4/5) | 0.5s
[06:21:19]   -> TAP(524,1512) [[FP:0.96] Human pattern (delta=-9, id=3250)]
[06:21:23] T183: [gameplay] Board=290cells/5colors d=+0 [DarkGreen:196, Brown:46, Orange:28, Red:10, DarkRed:10] | Queue=[FP stall=1 fp_top=0.95] | Holder=[_/DarkRed/SageTeal/_/SageTeal] (3/5) | 0.6s
[06:21:23]   -> TAP(696,1517) [[FP:0.96] Human pattern (delta=-40, id=6969)]
[06:21:26] T184: [gameplay] Board=290cells/5colors d=+0 [DarkGreen:196, Brown:46, Orange:28, Red:10, DarkRed:10] | Queue=[FP stall=2 fp_top=0.95] | Holder=[_/DarkRed/SageTeal/_/SageTeal] (3/5) | 0.6s
[06:21:26]   -> TAP(316,1516) [[FP:0.97] Human pattern (delta=-28, id=4177)]
[06:21:29]   [EXPLORE] Entering exploration mode (stall x3)
[06:21:29] T185: [gameplay] Board=290cells/5colors d=+0 [DarkGreen:196, Brown:46, Orange:28, Red:10, DarkRed:10] | Queue=[FP stall=3 fp_top=0.95] | Holder=[_/DarkRed/SageTeal/_/SageTeal] (3/5) | 0.5s
[06:21:29]   -> TAP(732,1524) [[FP:0.96] Human pattern (delta=-20, id=3691)]
[06:21:33] T186: [gameplay] Board=290cells/5colors d=+0 [DarkGreen:196, Brown:46, Orange:28, Red:10, DarkRed:10] | Queue=[FP stall=4 fp_top=0.95] | Holder=[_/DarkRed/_/_/_] (1/5) | 0.6s
[06:21:33]   -> TAP(314,1495) [[FP:0.95] Human pattern (delta=-59, id=4165)]
[06:21:36]   [LEARN] Explore tap (530,1500) WORKED! (d=-37)
[06:21:36] T187: [gameplay] Board=253cells/5colors d=-37 [DarkGreen:159, Brown:46, Orange:28, Red:10, DarkRed:10] | Queue=[FP stall=0 fp_top=0.95] | Holder=[SageTeal/DarkRed/_/_/_] (2/5) | 0.5s
[06:21:36]   -> TAP(349,1629) [[FP:0.94] Human pattern (delta=-1, id=3700)]
[06:21:39] T188: [gameplay] Board=253cells/5colors d=+0 [DarkGreen:159, Brown:46, Orange:28, Red:10, DarkRed:10] | Queue=[FP stall=1 fp_top=0.95] | Holder=[_/DarkRed/_/_/_] (1/5) | 0.6s
[06:21:39]   -> TAP(342,1656) [[FP:0.94] Human pattern (delta=-14, id=3702)]
[06:21:42] T189: [gameplay] Board=253cells/5colors d=+0 [DarkGreen:159, Brown:46, Orange:28, Red:10, DarkRed:10] | Queue=[FP stall=2 fp_top=0.95] | Holder=[_/DarkRed/_/_/_] (1/5) | 0.5s
[06:21:42]   -> TAP(314,1495) [[FP:0.95] Human pattern (delta=-59, id=4165)]
[06:21:45]   [EXPLORE] Entering exploration mode (stall x3)
[06:21:45] T190: [gameplay] Board=253cells/5colors d=+0 [DarkGreen:159, Brown:46, Orange:28, Red:10, DarkRed:10] | Queue=[FP stall=3 fp_top=0.95] | Holder=[_/DarkRed/_/_/_] (1/5) | 0.5s
[06:21:45]   -> TAP(696,1517) [[FP:0.94] Human pattern (delta=-40, id=6969)]
[06:21:49] T191: [gameplay] Board=253cells/5colors d=+0 [DarkGreen:159, Brown:46, Orange:28, Red:10, DarkRed:10] | Queue=[FP stall=4 fp_top=0.95] | Holder=[_/DarkRed/_/_/_] (1/5) | 0.5s
[06:21:49]   -> TAP(524,1512) [[FP:0.94] Human pattern (delta=-9, id=3250)]
[06:21:52] T192: [gameplay] Board=253cells/5colors d=+0 [DarkGreen:159, Brown:46, Orange:28, Red:10, DarkRed:10] | Queue=[EXPLORE stall=5 fp_top=0.95] | Holder=[_/DarkRed/_/_/_] (1/5) | 0.6s
[06:21:52]   -> TAP(869,1653) [[EXPLORE:PlayDB] Tap (869,1653) human pattern #1]
[06:21:55] T193: [gameplay] Board=253cells/5colors d=+0 [DarkGreen:159, Brown:46, Orange:28, Red:10, DarkRed:10] | Queue=[EXPLORE stall=6 fp_top=0.95] | Holder=[_/DarkRed/_/_/_] (1/5) | 0.6s
[06:21:55]   -> TAP(627,1211) [[EXPLORE:PlayDB] Tap (627,1211) human pattern #2]
[06:21:57] T194: [gameplay] Board=253cells/5colors d=+0 [DarkGreen:159, Brown:46, Orange:28, Red:10, DarkRed:10] | Queue=[EXPLORE stall=7 fp_top=0.95] | Holder=[_/DarkRed/_/_/_] (1/5) | 0.6s
[06:21:57]   -> TAP(202,175) [[EXPLORE:PlayDB] Tap (202,175) human pattern #3]
[06:22:00] T195: [gameplay] Board=253cells/5colors d=+0 [DarkGreen:159, Brown:46, Orange:28, Red:10, DarkRed:10] | Queue=[EXPLORE stall=8 fp_top=0.95] | Holder=[_/DarkRed/_/_/_] (1/5) | 0.6s
[06:22:00]   -> TAP(817,1164) [[EXPLORE:PlayDB] Tap (817,1164) human pattern #4]
[06:22:03] T196: [gameplay] Board=253cells/5colors d=+0 [DarkGreen:159, Brown:46, Orange:28, Red:10, DarkRed:10] | Queue=[EXPLORE stall=9 fp_top=0.95] | Holder=[_/DarkRed/_/_/_] (1/5) | 0.6s
[06:22:03]   -> TAP(185,930) [[EXPLORE:ZONE:0] Tap zone (185,930)]
[06:22:06] T197: [gameplay] Board=253cells/5colors d=+0 [DarkGreen:159, Brown:46, Orange:28, Red:10, DarkRed:10] | Queue=[EXPLORE stall=10 fp_top=0.95] | Holder=[_/DarkRed/_/_/_] (1/5) | 0.8s
[06:22:06]   -> TAP(310,930) [[EXPLORE:ZONE:1] Tap zone (310,930)]
[06:22:09] T198: [gameplay] Board=253cells/5colors d=+0 [DarkGreen:159, Brown:46, Orange:28, Red:10, DarkRed:10] | Queue=[EXPLORE stall=11 fp_top=0.95] | Holder=[_/DarkRed/_/_/_] (1/5) | 0.7s
[06:22:09]   -> TAP(435,930) [[EXPLORE:ZONE:2] Tap zone (435,930)]
[06:22:12] T199: [gameplay] Board=253cells/5colors d=+0 [DarkGreen:159, Brown:46, Orange:28, Red:10, DarkRed:10] | Queue=[EXPLORE stall=12 fp_top=0.95] | Holder=[_/DarkRed/_/_/_] (1/5) | 0.6s
[06:22:12]   -> TAP(560,930) [[EXPLORE:ZONE:3] Tap zone (560,930)]
[06:22:14] T200: [gameplay] Board=253cells/5colors d=+0 [DarkGreen:159, Brown:46, Orange:28, Red:10, DarkRed:10] | Queue=[EXPLORE stall=13 fp_top=0.95] | Holder=[_/DarkRed/_/_/_] (1/5) | 0.6s
[06:22:14]   -> TAP(685,930) [[EXPLORE:ZONE:4] Tap zone (685,930)]
[06:22:17] T201: [gameplay] Board=253cells/5colors d=+0 [DarkGreen:159, Brown:46, Orange:28, Red:10, DarkRed:10] | Queue=[EXPLORE stall=14 fp_top=0.95] | Holder=[_/DarkRed/_/_/_] (1/5) | 0.6s
[06:22:17]   -> TAP(280,1500) [[EXPLORE:ZONE:5] Tap zone (280,1500)]
[06:22:20] T202: [gameplay] Board=253cells/5colors d=+0 [DarkGreen:159, Brown:46, Orange:28, Red:10, DarkRed:10] | Queue=[EXPLORE stall=15 fp_top=0.95] | Holder=[_/DarkRed/_/_/_] (1/5) | 0.6s
[06:22:20]   -> TAP(400,1500) [[EXPLORE:ZONE:6] Tap zone (400,1500)]
[06:22:23] T203: [gameplay] Board=253cells/5colors d=+0 [DarkGreen:159, Brown:46, Orange:28, Red:10, DarkRed:10] | Queue=[EXPLORE stall=16 fp_top=0.95] | Holder=[_/_/_/_/_] (0/5) | 0.6s
[06:22:23]   -> TAP(530,1500) [[EXPLORE:ZONE:7] Tap zone (530,1500)]
[06:22:25] T204: [gameplay] Board=256cells/5colors d=+3 [DarkGreen:159, Brown:46, Orange:28, Red:13, DarkRed:10] | Queue=[EXPLORE stall=15 fp_top=0.95] | Holder=[_/_/_/_/_] (0/5) | 0.6s
[06:22:25]   -> TAP(660,1500) [[EXPLORE:ZONE:8] Tap zone (660,1500)]
[06:22:28]   [LEARN] Explore tap (660,1500) WORKED! (d=-3)
[06:22:28] T205: [gameplay] Board=253cells/5colors d=-3 [DarkGreen:159, Brown:46, Orange:28, Red:10, DarkRed:10] | Queue=[FP stall=0 fp_top=0.95] | Holder=[_/_/_/_/_] (0/5) | 0.5s
[06:22:28]   -> TAP(316,1516) [[FP:0.97] Human pattern (delta=-28, id=4177)]
[06:22:31]   [SESSION] Ended f4094496717b: fail (24 turns, end_cells=253)
[06:22:31] T206: [fail] Multi-tap close/retry positions
[06:22:36] T207: [win] Multi-tap continue positions
[06:22:40] T208: [fail] HEARTS-EMPTY popup detected (pixel match). Waiting 900s for regen.
[06:22:40] T209: [fail] HEARTS WAIT: 899s remaining, sleeping in 5s chunks...
[06:23:11] T210: [fail] HEARTS WAIT: 868s remaining, sleeping in 5s chunks...
[06:23:42] T211: [fail] HEARTS WAIT: 838s remaining, sleeping in 5s chunks...
[06:24:13] T212: [fail] HEARTS WAIT: 806s remaining, sleeping in 5s chunks...
[06:24:44] T213: [fail] HEARTS WAIT: 776s remaining, sleeping in 5s chunks...
[06:25:14] T214: [fail] HEARTS WAIT: 745s remaining, sleeping in 5s chunks...
[06:25:45] T215: [fail] HEARTS WAIT: 714s remaining, sleeping in 5s chunks...
[06:26:16] T216: [fail] HEARTS WAIT: 683s remaining, sleeping in 5s chunks...
[06:26:47] T217: [fail] HEARTS WAIT: 652s remaining, sleeping in 5s chunks...
[06:27:18] T218: [fail] HEARTS WAIT: 621s remaining, sleeping in 5s chunks...
[06:27:49] T219: [fail] HEARTS WAIT: 590s remaining, sleeping in 5s chunks...
[06:28:20] T220: [fail] HEARTS WAIT: 559s remaining, sleeping in 5s chunks...
[06:28:51] T221: [fail] HEARTS WAIT: 529s remaining, sleeping in 5s chunks...
[06:29:21] T222: [fail] HEARTS WAIT: 498s remaining, sleeping in 5s chunks...
[06:29:52] T223: [fail] HEARTS WAIT: 467s remaining, sleeping in 5s chunks...
[06:30:23] T224: [fail] HEARTS WAIT: 436s remaining, sleeping in 5s chunks...
[06:30:54] T225: [fail] HEARTS WAIT: 405s remaining, sleeping in 5s chunks...
[06:31:25] T226: [fail] HEARTS WAIT: 374s remaining, sleeping in 5s chunks...
[06:31:56] T227: [fail] HEARTS WAIT: 343s remaining, sleeping in 5s chunks...
[06:32:27] T228: [fail] HEARTS WAIT: 313s remaining, sleeping in 5s chunks...
[06:32:57] T229: [fail] HEARTS WAIT: 282s remaining, sleeping in 5s chunks...
[06:33:28] T230: [fail] HEARTS WAIT: 251s remaining, sleeping in 5s chunks...
[06:34:00] T231: [fail] HEARTS WAIT: 220s remaining, sleeping in 5s chunks...
[06:34:30] T232: [fail] HEARTS WAIT: 189s remaining, sleeping in 5s chunks...
[06:35:01] T233: [fail] HEARTS WAIT: 158s remaining, sleeping in 5s chunks...
[06:35:32] T234: [fail] HEARTS WAIT: 127s remaining, sleeping in 5s chunks...
[06:36:04] T235: [fail] HEARTS WAIT: 96s remaining, sleeping in 5s chunks...
[06:36:35] T236: [fail] HEARTS WAIT: 65s remaining, sleeping in 5s chunks...
[06:37:05] T237: [fail] HEARTS WAIT: 34s remaining, sleeping in 5s chunks...
[06:37:37] T238: [fail] HEARTS WAIT: 3s remaining, sleeping in 5s chunks...
[06:37:42] T239: [fail] HEARTS-EMPTY popup detected (pixel match). Waiting 900s for regen.
[06:37:43] T240: [fail] HEARTS WAIT: 899s remaining, sleeping in 5s chunks...
[06:38:14] T241: [fail] HEARTS WAIT: 868s remaining, sleeping in 5s chunks...
[06:38:44] T242: [fail] HEARTS WAIT: 837s remaining, sleeping in 5s chunks...
[06:39:16] T243: [fail] HEARTS WAIT: 806s remaining, sleeping in 5s chunks...
[06:39:47] T244: [fail] HEARTS WAIT: 775s remaining, sleeping in 5s chunks...
[06:40:18] T245: [fail] HEARTS WAIT: 744s remaining, sleeping in 5s chunks...
[06:40:49] T246: [fail] HEARTS WAIT: 713s remaining, sleeping in 5s chunks...
[06:41:20] T247: [fail] HEARTS WAIT: 682s remaining, sleeping in 5s chunks...
[06:41:51] T248: [fail] HEARTS WAIT: 651s remaining, sleeping in 5s chunks...
[06:42:22] T249: [fail] HEARTS WAIT: 620s remaining, sleeping in 5s chunks...
[06:42:53] T250: [fail] HEARTS WAIT: 589s remaining, sleeping in 5s chunks...
[06:43:24] T251: [fail] HEARTS WAIT: 558s remaining, sleeping in 5s chunks...
[06:43:55] T252: [fail] HEARTS WAIT: 527s remaining, sleeping in 5s chunks...
[06:44:26] T253: [fail] HEARTS WAIT: 496s remaining, sleeping in 5s chunks...
[06:44:57] T254: [fail] HEARTS WAIT: 465s remaining, sleeping in 5s chunks...
[06:45:28] T255: [fail] HEARTS WAIT: 434s remaining, sleeping in 5s chunks...
[06:45:59] T256: [fail] HEARTS WAIT: 403s remaining, sleeping in 5s chunks...
[06:46:30] T257: [fail] HEARTS WAIT: 371s remaining, sleeping in 5s chunks...
[06:47:01] T258: [fail] HEARTS WAIT: 340s remaining, sleeping in 5s chunks...
[06:47:33] T259: [fail] HEARTS WAIT: 309s remaining, sleeping in 5s chunks...
[06:48:04] T260: [fail] HEARTS WAIT: 278s remaining, sleeping in 5s chunks...
[06:48:35] T261: [fail] HEARTS WAIT: 246s remaining, sleeping in 5s chunks...
[06:49:07] T262: [fail] HEARTS WAIT: 215s remaining, sleeping in 5s chunks...
[06:49:38] T263: [fail] HEARTS WAIT: 184s remaining, sleeping in 5s chunks...
[06:50:09] T264: [fail] HEARTS WAIT: 153s remaining, sleeping in 5s chunks...
[06:50:39] T265: [fail] HEARTS WAIT: 122s remaining, sleeping in 5s chunks...
[06:51:10] T266: [win] HEARTS WAIT: 91s remaining, sleeping in 5s chunks...
[06:51:41] T267: [win] HEARTS WAIT: 60s remaining, sleeping in 5s chunks...
[06:52:12] T268: [win] HEARTS WAIT: 30s remaining, sleeping in 5s chunks...
[06:52:43] T269: [win] Multi-tap continue positions
[06:52:48]   [SESSION] Started 569ad91813f3 (start_cells=289)
[06:52:48] T270: [gameplay] Board=289cells/5colors d=+0 [DarkGreen:205, Brown:36, Orange:29, DarkRed:12, Red:7] | Queue=[FP stall=0 fp_top=0.95] | Holder=[_/DarkGreen/DarkGreen/DarkGreen/DarkGreen] (4/5) | 0.6s
[06:52:48]   -> TAP(717,1495) [[FP:0.97] Human pattern (delta=-43, id=6857)]
[06:52:51] T271: [gameplay] Board=289cells/5colors d=+0 [DarkGreen:205, Brown:36, Orange:29, DarkRed:12, Red:7] | Queue=[FP stall=1 fp_top=0.95] | Holder=[_/DarkGreen/DarkGreen/DarkGreen/DarkGreen] (4/5) | 0.7s
[06:52:51]   -> TAP(732,1524) [[FP:0.97] Human pattern (delta=-20, id=3691)]
[06:52:55] T272: [gameplay] Board=289cells/5colors d=+0 [DarkGreen:205, Brown:36, Orange:29, DarkRed:12, Red:7] | Queue=[FP stall=2 fp_top=0.95] | Holder=[_/DarkGreen/DarkGreen/DarkGreen/DarkGreen] (4/5) | 0.7s
[06:52:55]   -> TAP(723,1537) [[FP:0.97] Human pattern (delta=-37, id=3699)]
[06:52:58]   [EXPLORE] Entering exploration mode (stall x3)
[06:52:58] T273: [gameplay] Board=289cells/5colors d=+0 [DarkGreen:205, Brown:36, Orange:29, DarkRed:12, Red:7] | Queue=[FP stall=3 fp_top=0.95] | Holder=[_/DarkGreen/DarkGreen/DarkGreen/DarkGreen] (4/5) | 0.6s
[06:52:58]   -> TAP(723,1537) [[FP:0.97] Human pattern (delta=-37, id=3699)]
[06:53:01] T274: [gameplay] Board=289cells/5colors d=+0 [DarkGreen:205, Brown:36, Orange:29, DarkRed:12, Red:7] | Queue=[FP stall=4 fp_top=0.95] | Holder=[_/DarkGreen/DarkGreen/DarkGreen/DarkGreen] (4/5) | 0.6s
[06:53:01]   -> TAP(342,1656) [[FP:0.97] Human pattern (delta=-14, id=3702)]
[06:53:05] T275: [gameplay] Board=289cells/5colors d=+0 [DarkGreen:205, Brown:36, Orange:29, DarkRed:12, Red:7] | Queue=[EXPLORE stall=5 fp_top=0.95] | Holder=[_/DarkGreen/DarkGreen/DarkGreen/DarkGreen] (4/5) | 0.6s
[06:53:05]   -> TAP(869,1653) [[EXPLORE:PlayDB] Tap (869,1653) human pattern #1]
[06:53:08] T276: [gameplay] Board=289cells/5colors d=+0 [DarkGreen:205, Brown:36, Orange:29, DarkRed:12, Red:7] | Queue=[EXPLORE stall=6 fp_top=0.95] | Holder=[_/DarkGreen/DarkGreen/DarkGreen/DarkGreen] (4/5) | 0.7s
[06:53:08]   -> TAP(627,1211) [[EXPLORE:PlayDB] Tap (627,1211) human pattern #2]
[06:53:11] T277: [gameplay] Board=289cells/5colors d=+0 [DarkGreen:205, Brown:36, Orange:29, DarkRed:12, Red:7] | Queue=[EXPLORE stall=7 fp_top=0.95] | Holder=[_/DarkGreen/DarkGreen/DarkGreen/DarkGreen] (4/5) | 0.7s
[06:53:11]   -> TAP(202,175) [[EXPLORE:PlayDB] Tap (202,175) human pattern #3]
[06:53:14] T278: [gameplay] Board=289cells/5colors d=+0 [DarkGreen:205, Brown:36, Orange:29, DarkRed:12, Red:7] | Queue=[EXPLORE stall=8 fp_top=0.95] | Holder=[_/DarkGreen/DarkGreen/DarkGreen/DarkGreen] (4/5) | 0.7s
[06:53:14]   -> TAP(817,1164) [[EXPLORE:PlayDB] Tap (817,1164) human pattern #4]
[06:53:16] T279: [gameplay] Board=289cells/5colors d=+0 [DarkGreen:205, Brown:36, Orange:29, DarkRed:12, Red:7] | Queue=[EXPLORE stall=9 fp_top=0.95] | Holder=[_/DarkGreen/DarkGreen/DarkGreen/DarkGreen] (4/5) | 0.7s
[06:53:16]   -> TAP(185,930) [[EXPLORE:ZONE:0] Tap zone (185,930)]
[06:53:19] T280: [gameplay] Board=289cells/5colors d=+0 [DarkGreen:205, Brown:36, Orange:29, DarkRed:12, Red:7] | Queue=[EXPLORE stall=10 fp_top=0.95] | Holder=[_/DarkGreen/DarkGreen/DarkGreen/DarkGreen] (4/5) | 0.7s
[06:53:19]   -> TAP(310,930) [[EXPLORE:ZONE:1] Tap zone (310,930)]
[06:53:22] T281: [gameplay] Board=289cells/5colors d=+0 [DarkGreen:205, Brown:36, Orange:29, DarkRed:12, Red:7] | Queue=[EXPLORE stall=11 fp_top=0.95] | Holder=[_/DarkGreen/DarkGreen/DarkGreen/DarkGreen] (4/5) | 0.8s
[06:53:22]   -> TAP(435,930) [[EXPLORE:ZONE:2] Tap zone (435,930)]
[06:53:25] T282: [gameplay] Board=289cells/5colors d=+0 [DarkGreen:205, Brown:36, Orange:29, DarkRed:12, Red:7] | Queue=[EXPLORE stall=12 fp_top=0.95] | Holder=[_/DarkGreen/DarkGreen/DarkGreen/DarkGreen] (4/5) | 0.7s
[06:53:25]   -> TAP(560,930) [[EXPLORE:ZONE:3] Tap zone (560,930)]
[06:53:28] T283: [gameplay] Board=289cells/5colors d=+0 [DarkGreen:205, Brown:36, Orange:29, DarkRed:12, Red:7] | Queue=[EXPLORE stall=13 fp_top=0.95] | Holder=[_/DarkGreen/DarkGreen/DarkGreen/DarkGreen] (4/5) | 0.7s
[06:53:28]   -> TAP(685,930) [[EXPLORE:ZONE:4] Tap zone (685,930)]
[06:53:31] T284: [gameplay] Board=289cells/5colors d=+0 [DarkGreen:205, Brown:36, Orange:29, DarkRed:12, Red:7] | Queue=[EXPLORE stall=14 fp_top=0.95] | Holder=[_/DarkGreen/DarkGreen/DarkGreen/DarkGreen] (4/5) | 0.8s
[06:53:31]   -> TAP(280,1500) [[EXPLORE:ZONE:5] Tap zone (280,1500)]
[06:53:34] T285: [gameplay] Board=289cells/5colors d=+0 [DarkGreen:205, Brown:36, Orange:29, DarkRed:12, Red:7] | Queue=[EXPLORE stall=15 fp_top=0.95] | Holder=[_/DarkGreen/DarkGreen/DarkGreen/DarkGreen] (4/5) | 0.7s
[06:53:34]   -> TAP(400,1500) [[EXPLORE:ZONE:6] Tap zone (400,1500)]
[06:53:37] T286: [gameplay] Board=289cells/5colors d=+0 [DarkGreen:205, Brown:36, Orange:29, DarkRed:12, Red:7] | Queue=[EXPLORE stall=16 fp_top=0.95] | Holder=[_/DarkGreen/DarkGreen/DarkGreen/DarkGreen] (4/5) | 0.7s
[06:53:37]   -> TAP(530,1500) [[EXPLORE:ZONE:7] Tap zone (530,1500)]
[06:53:40] T287: [gameplay] Board=290cells/5colors d=+1 [DarkGreen:205, Brown:36, Orange:29, DarkRed:12, Red:8] | Queue=[EXPLORE stall=15 fp_top=0.95] | Holder=[_/DarkRed/SageTeal/SageTeal/SageTeal] (4/5) | 0.8s
[06:53:40]   -> TAP(660,1500) [[EXPLORE:ZONE:8] Tap zone (660,1500)]
[06:53:43]   [LEARN] Explore tap (660,1500) WORKED! (d=-1)
[06:53:43] T288: [gameplay] Board=289cells/5colors d=-1 [DarkGreen:205, Brown:36, Orange:29, DarkRed:12, Red:7] | Queue=[FP stall=0 fp_top=0.95] | Holder=[_/DarkRed/_/_/_] (1/5) | 0.7s
[06:53:43]   -> TAP(314,1495) [[FP:0.95] Human pattern (delta=-59, id=4165)]
[06:53:46] T289: [gameplay] Board=256cells/5colors d=-33 [DarkGreen:172, Brown:36, Orange:29, DarkRed:12, Red:7] | Queue=[FP stall=0 fp_top=0.95] | Holder=[_/DarkRed/_/_/_] (1/5) | 0.7s
[06:53:46]   -> TAP(696,1517) [[FP:0.96] Human pattern (delta=-40, id=6969)]
[06:53:50] T290: [gameplay] Board=252cells/5colors d=-4 [DarkGreen:168, Brown:36, Orange:29, DarkRed:12, Red:7] | Queue=[FP stall=0 fp_top=0.95] | Holder=[_/DarkRed/_/_/_] (1/5) | 0.7s
[06:53:50]   -> TAP(524,1512) [[FP:0.96] Human pattern (delta=-9, id=3250)]
[06:53:53] T291: [gameplay] Board=252cells/5colors d=+0 [DarkGreen:168, Brown:36, Orange:29, DarkRed:12, Red:7] | Queue=[FP stall=1 fp_top=0.95] | Holder=[_/DarkRed/_/_/_] (1/5) | 0.7s
[06:53:53]   -> TAP(316,1516) [[FP:0.97] Human pattern (delta=-28, id=4177)]
[06:53:57] T292: [gameplay] Board=252cells/5colors d=+0 [DarkGreen:168, Brown:36, Orange:29, DarkRed:12, Red:7] | Queue=[FP stall=2 fp_top=0.95] | Holder=[_/DarkRed/_/_/_] (1/5) | 0.6s
[06:53:57]   -> TAP(342,1656) [[FP:0.96] Human pattern (delta=-14, id=3702)]
[06:54:00]   [EXPLORE] Entering exploration mode (stall x3)
[06:54:00] T293: [gameplay] Board=252cells/5colors d=+0 [DarkGreen:168, Brown:36, Orange:29, DarkRed:12, Red:7] | Queue=[FP stall=3 fp_top=0.95] | Holder=[_/DarkRed/_/_/_] (1/5) | 0.6s
[06:54:00]   -> TAP(732,1524) [[FP:0.96] Human pattern (delta=-20, id=3691)]
[06:54:03] T294: [gameplay] Board=252cells/5colors d=+0 [DarkGreen:168, Brown:36, Orange:29, DarkRed:12, Red:7] | Queue=[FP stall=4 fp_top=0.95] | Holder=[_/DarkRed/_/_/_] (1/5) | 0.7s
[06:54:03]   -> TAP(314,1495) [[FP:0.95] Human pattern (delta=-59, id=4165)]
[06:54:06]   [SESSION] Ended 569ad91813f3: fail (25 turns, end_cells=252)
[06:54:06] T295: [fail] Multi-tap close/retry positions
[06:54:11] T296: [win] Multi-tap continue positions
[06:54:15] T297: [fail] HEARTS-EMPTY popup detected (pixel match). Waiting 900s for regen.
[06:54:15] T298: [fail] HEARTS WAIT: 899s remaining, sleeping in 5s chunks...
[06:54:46] T299: [fail] HEARTS WAIT: 868s remaining, sleeping in 5s chunks...
[06:55:17] T300: [fail] HEARTS WAIT: 837s remaining, sleeping in 5s chunks...
[06:55:48] T301: [fail] HEARTS WAIT: 806s remaining, sleeping in 5s chunks...
[06:56:19] T302: [fail] HEARTS WAIT: 776s remaining, sleeping in 5s chunks...
[06:56:49] T303: [fail] HEARTS WAIT: 745s remaining, sleeping in 5s chunks...
[06:57:20] T304: [fail] HEARTS WAIT: 714s remaining, sleeping in 5s chunks...
[06:57:51] T305: [fail] HEARTS WAIT: 683s remaining, sleeping in 5s chunks...
[06:58:22] T306: [fail] HEARTS WAIT: 652s remaining, sleeping in 5s chunks...
[06:58:53] T307: [fail] HEARTS WAIT: 621s remaining, sleeping in 5s chunks...
[06:59:24] T308: [fail] HEARTS WAIT: 590s remaining, sleeping in 5s chunks...
[06:59:55] T309: [fail] HEARTS WAIT: 560s remaining, sleeping in 5s chunks...
[07:00:26] T310: [fail] HEARTS WAIT: 529s remaining, sleeping in 5s chunks...
[07:00:56] T311: [fail] HEARTS WAIT: 498s remaining, sleeping in 5s chunks...
[07:01:27] T312: [fail] HEARTS WAIT: 467s remaining, sleeping in 5s chunks...
[07:01:58] T313: [fail] HEARTS WAIT: 437s remaining, sleeping in 5s chunks...
[07:02:29] T314: [fail] HEARTS WAIT: 406s remaining, sleeping in 5s chunks...
[07:03:00] T315: [fail] HEARTS WAIT: 375s remaining, sleeping in 5s chunks...
[07:03:30] T316: [fail] HEARTS WAIT: 344s remaining, sleeping in 5s chunks...
[07:04:01] T317: [fail] HEARTS WAIT: 313s remaining, sleeping in 5s chunks...
[07:04:32] T318: [fail] HEARTS WAIT: 282s remaining, sleeping in 5s chunks...
[07:05:03] T319: [fail] HEARTS WAIT: 251s remaining, sleeping in 5s chunks...
[07:05:34] T320: [fail] HEARTS WAIT: 220s remaining, sleeping in 5s chunks...
[07:06:05] T321: [fail] HEARTS WAIT: 190s remaining, sleeping in 5s chunks...
[07:06:36] T322: [fail] HEARTS WAIT: 159s remaining, sleeping in 5s chunks...
[07:07:06] T323: [fail] HEARTS WAIT: 128s remaining, sleeping in 5s chunks...
[07:07:37] T324: [fail] HEARTS WAIT: 97s remaining, sleeping in 5s chunks...
[07:08:08] T325: [fail] HEARTS WAIT: 66s remaining, sleeping in 5s chunks...
[07:08:39] T326: [fail] HEARTS WAIT: 35s remaining, sleeping in 5s chunks...
[07:09:10] T327: [fail] HEARTS WAIT: 5s remaining, sleeping in 5s chunks...
[07:09:15] T328: [fail] HEARTS-EMPTY popup detected (pixel match). Waiting 900s for regen.
[07:09:16] T329: [fail] HEARTS WAIT: 899s remaining, sleeping in 5s chunks...
[07:09:47] T330: [fail] HEARTS WAIT: 868s remaining, sleeping in 5s chunks...
[07:10:17] T331: [fail] HEARTS WAIT: 837s remaining, sleeping in 5s chunks...
[07:10:48] T332: [fail] HEARTS WAIT: 807s remaining, sleeping in 5s chunks...
[07:11:19] T333: [fail] HEARTS WAIT: 776s remaining, sleeping in 5s chunks...
[07:11:50] T334: [fail] HEARTS WAIT: 745s remaining, sleeping in 5s chunks...
[07:12:21] T335: [fail] HEARTS WAIT: 714s remaining, sleeping in 5s chunks...
[07:12:52] T336: [fail] HEARTS WAIT: 683s remaining, sleeping in 5s chunks...
[07:13:22] T337: [fail] HEARTS WAIT: 652s remaining, sleeping in 5s chunks...
[07:13:53] T338: [fail] HEARTS WAIT: 622s remaining, sleeping in 5s chunks...
[07:14:24] T339: [fail] HEARTS WAIT: 591s remaining, sleeping in 5s chunks...
[07:14:55] T340: [fail] HEARTS WAIT: 560s remaining, sleeping in 5s chunks...
[07:15:26] T341: [fail] HEARTS WAIT: 529s remaining, sleeping in 5s chunks...
[07:15:57] T342: [fail] HEARTS WAIT: 498s remaining, sleeping in 5s chunks...
[07:16:27] T343: [fail] HEARTS WAIT: 467s remaining, sleeping in 5s chunks...
[07:16:58] T344: [fail] HEARTS WAIT: 436s remaining, sleeping in 5s chunks...
[07:17:29] T345: [fail] HEARTS WAIT: 406s remaining, sleeping in 5s chunks...
[07:17:59] 
[07:17:59] ============================================================
[07:17:59] SESSION COMPLETE
[07:17:59] ============================================================
[07:17:59] Total turns:   345
[07:17:59] Games started: 4
[07:17:59] Games won:     4
[07:17:59] Games failed:  6
[07:17:59] AI Play DB: E:\AI\virtual_player\data\db\ai_play_pixelflow.db
[07:17:59] Fingerprint DB: E:\AI\virtual_player\data\pixelflow\db\fingerprint.db (loaded)
[07:17:59] Stats saved: E:\AI\virtual_player\data\games\pixelflow\temp\smart\smart_stats.json
