[07:18:07] ============================================================
[07:18:07] Smart PixelFlow Player START
[07:18:07] Duration: 60 min | Target: 08:18:07
[07:18:07] ADB: C:/Program Files/BlueStacks_nxt/HD-Adb.exe | Device: emulator-5554
[07:18:07] YOLO: best.pt
[07:18:07] Profile: cell_profile.json
[FingerprintSearcher] Loaded 4891 rows (win_only=True)
[07:18:08] Fingerprint DB: fingerprint.db (loaded)
[07:18:08] FP threshold: 0.78, top_k: 8
[07:18:08] ============================================================
[07:18:20] T1: [fail] HEARTS-EMPTY popup detected (pixel match). Waiting 900s for regen.
[07:18:20] T2: [fail] HEARTS WAIT: 899s remaining, sleeping in 5s chunks...
[07:18:51] T3: [fail] HEARTS WAIT: 868s remaining, sleeping in 5s chunks...
[07:19:22] T4: [fail] HEARTS WAIT: 837s remaining, sleeping in 5s chunks...
[07:19:53] T5: [fail] HEARTS WAIT: 806s remaining, sleeping in 5s chunks...
[07:20:24] T6: [fail] HEARTS WAIT: 775s remaining, sleeping in 5s chunks...
[07:20:55] T7: [fail] HEARTS WAIT: 745s remaining, sleeping in 5s chunks...
[07:21:26] T8: [win] HEARTS WAIT: 714s remaining, sleeping in 5s chunks...
[07:21:57] T9: [win] HEARTS WAIT: 683s remaining, sleeping in 5s chunks...
[07:22:28] T10: [win] HEARTS WAIT: 652s remaining, sleeping in 5s chunks...
[07:22:58] T11: [win] HEARTS WAIT: 621s remaining, sleeping in 5s chunks...
[07:23:29] T12: [win] HEARTS WAIT: 590s remaining, sleeping in 5s chunks...
[07:24:00] T13: [win] HEARTS WAIT: 559s remaining, sleeping in 5s chunks...
[07:24:31] T14: [win] HEARTS WAIT: 528s remaining, sleeping in 5s chunks...
[07:25:02] T15: [win] HEARTS WAIT: 497s remaining, sleeping in 5s chunks...
[07:25:33] T16: [win] HEARTS WAIT: 466s remaining, sleeping in 5s chunks...
[07:26:04] T17: [win] HEARTS WAIT: 435s remaining, sleeping in 5s chunks...
[07:26:35] T18: [win] HEARTS WAIT: 404s remaining, sleeping in 5s chunks...
[07:27:06] T19: [win] HEARTS WAIT: 373s remaining, sleeping in 5s chunks...
[07:27:37] T20: [win] HEARTS WAIT: 342s remaining, sleeping in 5s chunks...
[07:28:08] T21: [win] HEARTS WAIT: 311s remaining, sleeping in 5s chunks...
[07:28:39] T22: [win] HEARTS WAIT: 280s remaining, sleeping in 5s chunks...
[07:29:10] T23: [win] HEARTS WAIT: 250s remaining, sleeping in 5s chunks...
[07:29:41] T24: [win] HEARTS WAIT: 219s remaining, sleeping in 5s chunks...
[07:30:11] T25: [win] HEARTS WAIT: 188s remaining, sleeping in 5s chunks...
[07:30:42] T26: [win] HEARTS WAIT: 157s remaining, sleeping in 5s chunks...
[07:31:13] T27: [win] HEARTS WAIT: 126s remaining, sleeping in 5s chunks...
[07:31:44] T28: [win] HEARTS WAIT: 95s remaining, sleeping in 5s chunks...
[07:32:15] T29: [win] HEARTS WAIT: 64s remaining, sleeping in 5s chunks...
[07:32:46] T30: [win] HEARTS WAIT: 33s remaining, sleeping in 5s chunks...
[07:33:17] T31: [win] HEARTS WAIT: 2s remaining, sleeping in 5s chunks...
[07:33:23] T32: [win] Multi-tap continue positions
[07:33:28]   [SESSION] Started ca6168954cb4 (start_cells=304)
[07:33:28] T33: [gameplay] Board=304cells/6colors d=+0 [DarkGreen:209, Brown:43, Orange:29, Red:12, DarkRed:10] | Queue=[FP stall=0 fp_top=0.95] | Holder=[_/DarkGreen/DarkGreen/DarkGreen/DarkGreen] (4/5) | 0.9s
[07:33:28]   -> TAP(314,1495) [[FP:0.95] Human pattern (delta=-59, id=4165)]
[07:33:31] T34: [gameplay] Board=304cells/6colors d=+0 [DarkGreen:209, Brown:43, Orange:29, Red:12, DarkRed:10] | Queue=[FP stall=1 fp_top=0.95] | Holder=[_/DarkGreen/DarkGreen/DarkGreen/DarkGreen] (4/5) | 0.7s
[07:33:31]   -> TAP(696,1517) [[FP:0.97] Human pattern (delta=-40, id=6969)]
[07:33:35] T35: [gameplay] Board=304cells/6colors d=+0 [DarkGreen:209, Brown:43, Orange:29, Red:12, DarkRed:10] | Queue=[FP stall=2 fp_top=0.95] | Holder=[_/DarkGreen/DarkGreen/DarkGreen/DarkGreen] (4/5) | 0.7s
[07:33:35]   -> TAP(316,1516) [[FP:0.97] Human pattern (delta=-28, id=4177)]
[07:33:38]   [EXPLORE] Entering exploration mode (stall x3)
[07:33:38] T36: [gameplay] Board=304cells/6colors d=+0 [DarkGreen:209, Brown:43, Orange:29, Red:12, DarkRed:10] | Queue=[FP stall=3 fp_top=0.95] | Holder=[_/DarkGreen/DarkGreen/DarkGreen/DarkGreen] (4/5) | 0.6s
[07:33:38]   -> TAP(342,1656) [[FP:0.97] Human pattern (delta=-14, id=3702)]
[07:33:41] T37: [gameplay] Board=304cells/6colors d=+0 [DarkGreen:209, Brown:43, Orange:29, Red:12, DarkRed:10] | Queue=[FP stall=4 fp_top=0.95] | Holder=[_/DarkGreen/DarkGreen/DarkGreen/DarkGreen] (4/5) | 0.6s
[07:33:41]   -> TAP(723,1537) [[FP:0.97] Human pattern (delta=-37, id=3699)]
[07:33:45] T38: [gameplay] Board=304cells/6colors d=+0 [DarkGreen:209, Brown:43, Orange:29, Red:12, DarkRed:10] | Queue=[EXPLORE stall=5 fp_top=0.95] | Holder=[_/DarkGreen/DarkGreen/DarkGreen/DarkGreen] (4/5) | 1.4s
[07:33:45]   -> TAP(869,1653) [[EXPLORE:PlayDB] Tap (869,1653) human pattern #1]
[07:33:48] T39: [gameplay] Board=304cells/6colors d=+0 [DarkGreen:209, Brown:43, Orange:29, Red:12, DarkRed:10] | Queue=[EXPLORE stall=6 fp_top=0.95] | Holder=[_/DarkGreen/DarkGreen/DarkGreen/DarkGreen] (4/5) | 0.7s
[07:33:48]   -> TAP(627,1211) [[EXPLORE:PlayDB] Tap (627,1211) human pattern #2]
[07:33:51] T40: [gameplay] Board=304cells/6colors d=+0 [DarkGreen:209, Brown:43, Orange:29, Red:12, DarkRed:10] | Queue=[EXPLORE stall=7 fp_top=0.95] | Holder=[_/DarkGreen/DarkGreen/DarkGreen/DarkGreen] (4/5) | 0.7s
[07:33:51]   -> TAP(202,175) [[EXPLORE:PlayDB] Tap (202,175) human pattern #3]
[07:33:54] T41: [gameplay] Board=304cells/6colors d=+0 [DarkGreen:209, Brown:43, Orange:29, Red:12, DarkRed:10] | Queue=[EXPLORE stall=8 fp_top=0.95] | Holder=[_/DarkGreen/DarkGreen/DarkGreen/DarkGreen] (4/5) | 0.7s
[07:33:54]   -> TAP(817,1164) [[EXPLORE:PlayDB] Tap (817,1164) human pattern #4]
[07:33:57] T42: [gameplay] Board=304cells/6colors d=+0 [DarkGreen:209, Brown:43, Orange:29, Red:12, DarkRed:10] | Queue=[EXPLORE stall=9 fp_top=0.95] | Holder=[_/DarkGreen/DarkGreen/DarkGreen/DarkGreen] (4/5) | 0.7s
[07:33:57]   -> TAP(185,930) [[EXPLORE:ZONE:0] Tap zone (185,930)]
[07:34:00] T43: [gameplay] Board=304cells/6colors d=+0 [DarkGreen:209, Brown:43, Orange:29, Red:12, DarkRed:10] | Queue=[EXPLORE stall=10 fp_top=0.95] | Holder=[_/DarkGreen/DarkGreen/DarkGreen/DarkGreen] (4/5) | 0.7s
[07:34:00]   -> TAP(310,930) [[EXPLORE:ZONE:1] Tap zone (310,930)]
[07:34:03] T44: [gameplay] Board=304cells/6colors d=+0 [DarkGreen:209, Brown:43, Orange:29, Red:12, DarkRed:10] | Queue=[EXPLORE stall=11 fp_top=0.95] | Holder=[_/DarkGreen/DarkGreen/DarkGreen/DarkGreen] (4/5) | 0.7s
[07:34:03]   -> TAP(435,930) [[EXPLORE:ZONE:2] Tap zone (435,930)]
[07:34:06] T45: [gameplay] Board=304cells/6colors d=+0 [DarkGreen:209, Brown:43, Orange:29, Red:12, DarkRed:10] | Queue=[EXPLORE stall=12 fp_top=0.95] | Holder=[_/DarkGreen/DarkGreen/DarkGreen/DarkGreen] (4/5) | 0.7s
[07:34:06]   -> TAP(560,930) [[EXPLORE:ZONE:3] Tap zone (560,930)]
[07:34:09] T46: [gameplay] Board=304cells/6colors d=+0 [DarkGreen:209, Brown:43, Orange:29, Red:12, DarkRed:10] | Queue=[EXPLORE stall=13 fp_top=0.95] | Holder=[_/DarkGreen/DarkGreen/DarkGreen/DarkGreen] (4/5) | 0.7s
[07:34:09]   -> TAP(685,930) [[EXPLORE:ZONE:4] Tap zone (685,930)]
[07:34:12] T47: [gameplay] Board=304cells/6colors d=+0 [DarkGreen:209, Brown:43, Orange:29, Red:12, DarkRed:10] | Queue=[EXPLORE stall=14 fp_top=0.95] | Holder=[_/DarkGreen/DarkGreen/DarkGreen/DarkGreen] (4/5) | 0.7s
[07:34:12]   -> TAP(280,1500) [[EXPLORE:ZONE:5] Tap zone (280,1500)]
[07:34:15] T48: [gameplay] Board=304cells/6colors d=+0 [DarkGreen:209, Brown:43, Orange:29, Red:12, DarkRed:10] | Queue=[EXPLORE stall=15 fp_top=0.95] | Holder=[_/DarkGreen/DarkGreen/DarkGreen/DarkGreen] (4/5) | 0.7s
[07:34:15]   -> TAP(400,1500) [[EXPLORE:ZONE:6] Tap zone (400,1500)]
[07:34:17] T49: [gameplay] Board=304cells/6colors d=+0 [DarkGreen:209, Brown:43, Orange:29, Red:12, DarkRed:10] | Queue=[EXPLORE stall=16 fp_top=0.95] | Holder=[_/DarkGreen/DarkGreen/DarkGreen/DarkGreen] (4/5) | 0.7s
[07:34:17]   -> TAP(530,1500) [[EXPLORE:ZONE:7] Tap zone (530,1500)]
[07:34:20] T50: [gameplay] Board=305cells/6colors d=+1 [DarkGreen:209, Brown:43, Orange:29, Red:13, DarkRed:10] | Queue=[EXPLORE stall=15 fp_top=0.95] | Holder=[_/DarkRed/SageTeal/SageTeal/_] (3/5) | 0.7s
[07:34:20]   -> TAP(660,1500) [[EXPLORE:ZONE:8] Tap zone (660,1500)]
[07:34:23]   [LEARN] Explore tap (660,1500) WORKED! (d=-1)
[07:34:23] T51: [gameplay] Board=304cells/6colors d=-1 [DarkGreen:209, Brown:43, Orange:29, Red:12, DarkRed:10] | Queue=[FP stall=0 fp_top=0.95] | Holder=[_/DarkRed/_/_/_] (1/5) | 0.6s
[07:34:23]   -> TAP(717,1495) [[FP:0.97] Human pattern (delta=-43, id=6857)]
[07:34:27] T52: [gameplay] Board=271cells/6colors d=-33 [DarkGreen:176, Brown:43, Orange:29, Red:12, DarkRed:10] | Queue=[FP stall=0 fp_top=0.95] | Holder=[_/DarkRed/_/_/_] (1/5) | 0.6s
[07:34:27]   -> TAP(524,1512) [[FP:0.96] Human pattern (delta=-9, id=3250)]
[07:34:30] T53: [gameplay] Board=267cells/6colors d=-4 [DarkGreen:172, Brown:43, Orange:29, Red:12, DarkRed:10] | Queue=[FP stall=0 fp_top=0.95] | Holder=[_/DarkRed/_/_/_] (1/5) | 0.6s
[07:34:30]   -> TAP(732,1524) [[FP:0.95] Human pattern (delta=-20, id=3691)]
[07:34:34] T54: [gameplay] Board=267cells/6colors d=+0 [DarkGreen:172, Brown:43, Orange:29, Red:12, DarkRed:10] | Queue=[FP stall=1 fp_top=0.95] | Holder=[_/DarkRed/SageTeal/_/_] (2/5) | 0.7s
[07:34:34]   -> TAP(349,1629) [[FP:0.95] Human pattern (delta=-1, id=3700)]
[07:34:37]   [SESSION] Ended ca6168954cb4: fail (22 turns, end_cells=267)
[07:34:37] T55: [fail] Multi-tap close/retry positions
[07:34:41] T56: [win] Multi-tap continue positions
[07:34:45] T57: [fail] HEARTS-EMPTY popup detected (pixel match). Waiting 900s for regen.
[07:34:46] T58: [fail] HEARTS WAIT: 899s remaining, sleeping in 5s chunks...
[07:35:16] T59: [fail] HEARTS WAIT: 868s remaining, sleeping in 5s chunks...
[07:35:47] T60: [fail] HEARTS WAIT: 837s remaining, sleeping in 5s chunks...
[07:36:18] T61: [fail] HEARTS WAIT: 806s remaining, sleeping in 5s chunks...
[07:36:49] T62: [fail] HEARTS WAIT: 776s remaining, sleeping in 5s chunks...
[07:37:20] T63: [fail] HEARTS WAIT: 745s remaining, sleeping in 5s chunks...
[07:37:51] T64: [fail] HEARTS WAIT: 714s remaining, sleeping in 5s chunks...
[07:38:22] T65: [fail] HEARTS WAIT: 683s remaining, sleeping in 5s chunks...
[07:38:53] T66: [fail] HEARTS WAIT: 652s remaining, sleeping in 5s chunks...
[07:39:23] T67: [fail] HEARTS WAIT: 621s remaining, sleeping in 5s chunks...
[07:39:54] T68: [fail] HEARTS WAIT: 590s remaining, sleeping in 5s chunks...
[07:40:25] T69: [fail] HEARTS WAIT: 559s remaining, sleeping in 5s chunks...
[07:40:56] T70: [fail] HEARTS WAIT: 529s remaining, sleeping in 5s chunks...
[07:41:27] T71: [fail] HEARTS WAIT: 498s remaining, sleeping in 5s chunks...
[07:41:58] T72: [fail] HEARTS WAIT: 467s remaining, sleeping in 5s chunks...
[07:42:29] T73: [fail] HEARTS WAIT: 436s remaining, sleeping in 5s chunks...
[07:42:59] T74: [fail] HEARTS WAIT: 405s remaining, sleeping in 5s chunks...
[07:43:31] T75: [fail] HEARTS WAIT: 374s remaining, sleeping in 5s chunks...
[07:44:01] T76: [fail] HEARTS WAIT: 344s remaining, sleeping in 5s chunks...
[07:44:32] T77: [fail] HEARTS WAIT: 313s remaining, sleeping in 5s chunks...
[07:45:03] T78: [fail] HEARTS WAIT: 282s remaining, sleeping in 5s chunks...
[07:45:34] T79: [fail] HEARTS WAIT: 251s remaining, sleeping in 5s chunks...
[07:46:05] T80: [fail] HEARTS WAIT: 220s remaining, sleeping in 5s chunks...
[07:46:36] T81: [fail] HEARTS WAIT: 189s remaining, sleeping in 5s chunks...
[07:47:07] T82: [fail] HEARTS WAIT: 158s remaining, sleeping in 5s chunks...
[07:47:37] T83: [fail] HEARTS WAIT: 127s remaining, sleeping in 5s chunks...
[07:48:08] T84: [fail] HEARTS WAIT: 97s remaining, sleeping in 5s chunks...
[07:48:39] T85: [fail] HEARTS WAIT: 66s remaining, sleeping in 5s chunks...
[07:49:10] T86: [fail] HEARTS WAIT: 35s remaining, sleeping in 5s chunks...
[07:49:41] T87: [fail] HEARTS WAIT: 4s remaining, sleeping in 5s chunks...
[07:49:46] T88: [fail] HEARTS-EMPTY popup detected (pixel match). Waiting 900s for regen.
[07:49:47] T89: [fail] HEARTS WAIT: 899s remaining, sleeping in 5s chunks...
[07:50:18] T90: [fail] HEARTS WAIT: 868s remaining, sleeping in 5s chunks...
[07:50:49] T91: [fail] HEARTS WAIT: 837s remaining, sleeping in 5s chunks...
[07:51:19] T92: [win] HEARTS WAIT: 806s remaining, sleeping in 5s chunks...
[07:51:50] T93: [win] HEARTS WAIT: 776s remaining, sleeping in 5s chunks...
[07:52:21] T94: [win] HEARTS WAIT: 745s remaining, sleeping in 5s chunks...
[07:52:52] T95: [win] HEARTS WAIT: 714s remaining, sleeping in 5s chunks...
[07:53:23] T96: [win] HEARTS WAIT: 683s remaining, sleeping in 5s chunks...
[07:53:54] T97: [win] HEARTS WAIT: 652s remaining, sleeping in 5s chunks...
[07:54:25] T98: [win] HEARTS WAIT: 621s remaining, sleeping in 5s chunks...
[07:54:56] T99: [win] HEARTS WAIT: 590s remaining, sleeping in 5s chunks...
[07:55:27] T100: [win] HEARTS WAIT: 559s remaining, sleeping in 5s chunks...
[07:55:58] T101: [win] HEARTS WAIT: 528s remaining, sleeping in 5s chunks...
[07:56:29] T102: [win] HEARTS WAIT: 497s remaining, sleeping in 5s chunks...
[07:57:00] T103: [win] HEARTS WAIT: 466s remaining, sleeping in 5s chunks...
[07:57:31] T104: [win] HEARTS WAIT: 435s remaining, sleeping in 5s chunks...
[07:58:02] T105: [win] HEARTS WAIT: 404s remaining, sleeping in 5s chunks...
[07:58:33] T106: [win] HEARTS WAIT: 373s remaining, sleeping in 5s chunks...
[07:59:04] T107: [win] HEARTS WAIT: 342s remaining, sleeping in 5s chunks...
[07:59:35] T108: [win] HEARTS WAIT: 311s remaining, sleeping in 5s chunks...
[08:00:06] T109: [win] HEARTS WAIT: 280s remaining, sleeping in 5s chunks...
[08:00:37] T110: [win] HEARTS WAIT: 249s remaining, sleeping in 5s chunks...
[08:01:08] T111: [win] HEARTS WAIT: 218s remaining, sleeping in 5s chunks...
[08:01:39] T112: [win] HEARTS WAIT: 187s remaining, sleeping in 5s chunks...
[08:02:09] T113: [win] HEARTS WAIT: 156s remaining, sleeping in 5s chunks...
[08:02:41] T114: [win] HEARTS WAIT: 125s remaining, sleeping in 5s chunks...
[08:03:12] T115: [win] HEARTS WAIT: 94s remaining, sleeping in 5s chunks...
[08:03:43] T116: [win] HEARTS WAIT: 63s remaining, sleeping in 5s chunks...
[08:04:14] T117: [win] HEARTS WAIT: 32s remaining, sleeping in 5s chunks...
[08:04:45] T118: [win] HEARTS WAIT: 1s remaining, sleeping in 5s chunks...
[08:04:50] T119: [win] Multi-tap continue positions
[08:04:55]   [SESSION] Started 21d6a89413b1 (start_cells=300)
[08:04:55] T120: [gameplay] Board=300cells/5colors d=+0 [DarkGreen:210, Brown:42, Orange:26, DarkRed:14, Red:8] | Queue=[FP stall=0 fp_top=0.95] | Holder=[_/DarkGreen/DarkGreen/DarkGreen/DarkGreen] (4/5) | 0.6s
[08:04:55]   -> TAP(314,1495) [[FP:0.95] Human pattern (delta=-59, id=4165)]
[08:04:59] T121: [gameplay] Board=300cells/5colors d=+0 [DarkGreen:210, Brown:42, Orange:26, DarkRed:14, Red:8] | Queue=[FP stall=1 fp_top=0.95] | Holder=[_/DarkGreen/DarkGreen/DarkGreen/DarkGreen] (4/5) | 0.6s
[08:04:59]   -> TAP(696,1517) [[FP:0.97] Human pattern (delta=-40, id=6969)]
[08:05:02] T122: [gameplay] Board=300cells/5colors d=+0 [DarkGreen:210, Brown:42, Orange:26, DarkRed:14, Red:8] | Queue=[FP stall=2 fp_top=0.95] | Holder=[_/DarkGreen/DarkGreen/DarkGreen/DarkGreen] (4/5) | 1.0s
[08:05:02]   -> TAP(316,1516) [[FP:0.97] Human pattern (delta=-28, id=4177)]
[08:05:06]   [EXPLORE] Entering exploration mode (stall x3)
[08:05:06] T123: [gameplay] Board=300cells/5colors d=+0 [DarkGreen:210, Brown:42, Orange:26, DarkRed:14, Red:8] | Queue=[FP stall=3 fp_top=0.95] | Holder=[_/DarkGreen/DarkGreen/DarkGreen/DarkGreen] (4/5) | 0.6s
[08:05:06]   -> TAP(342,1656) [[FP:0.97] Human pattern (delta=-14, id=3702)]
[08:05:09] T124: [gameplay] Board=300cells/5colors d=+0 [DarkGreen:210, Brown:42, Orange:26, DarkRed:14, Red:8] | Queue=[FP stall=4 fp_top=0.95] | Holder=[_/DarkGreen/DarkGreen/DarkGreen/DarkGreen] (4/5) | 0.7s
[08:05:09]   -> TAP(342,1656) [[FP:0.97] Human pattern (delta=-14, id=3702)]
[08:05:13] T125: [gameplay] Board=300cells/5colors d=+0 [DarkGreen:210, Brown:42, Orange:26, DarkRed:14, Red:8] | Queue=[EXPLORE stall=5 fp_top=0.95] | Holder=[_/DarkGreen/DarkGreen/DarkGreen/DarkGreen] (4/5) | 0.6s
[08:05:13]   -> TAP(660,1500) [[EXPLORE:AI_DB] Tap (660,1500) conf=0.50]
[08:05:16] T126: [gameplay] Board=300cells/5colors d=+0 [DarkGreen:210, Brown:42, Orange:26, DarkRed:14, Red:8] | Queue=[EXPLORE stall=6 fp_top=0.95] | Holder=[_/DarkGreen/DarkGreen/DarkGreen/DarkGreen] (4/5) | 0.7s
[08:05:16]   -> TAP(869,1653) [[EXPLORE:PlayDB] Tap (869,1653) human pattern #1]
[08:05:19] T127: [gameplay] Board=300cells/5colors d=+0 [DarkGreen:210, Brown:42, Orange:26, DarkRed:14, Red:8] | Queue=[EXPLORE stall=7 fp_top=0.95] | Holder=[_/DarkGreen/DarkGreen/DarkGreen/DarkGreen] (4/5) | 0.7s
[08:05:19]   -> TAP(627,1211) [[EXPLORE:PlayDB] Tap (627,1211) human pattern #2]
[08:05:22] T128: [gameplay] Board=300cells/5colors d=+0 [DarkGreen:210, Brown:42, Orange:26, DarkRed:14, Red:8] | Queue=[EXPLORE stall=8 fp_top=0.95] | Holder=[_/DarkGreen/DarkGreen/DarkGreen/DarkGreen] (4/5) | 0.7s
[08:05:22]   -> TAP(202,175) [[EXPLORE:PlayDB] Tap (202,175) human pattern #3]
[08:05:24] T129: [gameplay] Board=300cells/5colors d=+0 [DarkGreen:210, Brown:42, Orange:26, DarkRed:14, Red:8] | Queue=[EXPLORE stall=9 fp_top=0.95] | Holder=[_/DarkGreen/DarkGreen/DarkGreen/DarkGreen] (4/5) | 0.7s
[08:05:24]   -> TAP(817,1164) [[EXPLORE:PlayDB] Tap (817,1164) human pattern #4]
[08:05:27] T130: [gameplay] Board=300cells/5colors d=+0 [DarkGreen:210, Brown:42, Orange:26, DarkRed:14, Red:8] | Queue=[EXPLORE stall=10 fp_top=0.95] | Holder=[_/DarkGreen/DarkGreen/DarkGreen/DarkGreen] (4/5) | 0.7s
[08:05:27]   -> TAP(185,930) [[EXPLORE:ZONE:0] Tap zone (185,930)]
[08:05:30] T131: [gameplay] Board=300cells/5colors d=+0 [DarkGreen:210, Brown:42, Orange:26, DarkRed:14, Red:8] | Queue=[EXPLORE stall=11 fp_top=0.95] | Holder=[_/DarkGreen/DarkGreen/DarkGreen/DarkGreen] (4/5) | 0.7s
[08:05:30]   -> TAP(310,930) [[EXPLORE:ZONE:1] Tap zone (310,930)]
[08:05:33] T132: [gameplay] Board=300cells/5colors d=+0 [DarkGreen:210, Brown:42, Orange:26, DarkRed:14, Red:8] | Queue=[EXPLORE stall=12 fp_top=0.95] | Holder=[_/DarkGreen/DarkGreen/DarkGreen/DarkGreen] (4/5) | 0.7s
[08:05:33]   -> TAP(435,930) [[EXPLORE:ZONE:2] Tap zone (435,930)]
[08:05:37] T133: [gameplay] Board=300cells/5colors d=+0 [DarkGreen:210, Brown:42, Orange:26, DarkRed:14, Red:8] | Queue=[EXPLORE stall=13 fp_top=0.95] | Holder=[_/DarkGreen/DarkGreen/DarkGreen/DarkGreen] (4/5) | 0.8s
[08:05:37]   -> TAP(560,930) [[EXPLORE:ZONE:3] Tap zone (560,930)]
[08:05:40] T134: [gameplay] Board=300cells/5colors d=+0 [DarkGreen:210, Brown:42, Orange:26, DarkRed:14, Red:8] | Queue=[EXPLORE stall=14 fp_top=0.95] | Holder=[_/DarkGreen/DarkGreen/DarkGreen/DarkGreen] (4/5) | 0.8s
[08:05:40]   -> TAP(685,930) [[EXPLORE:ZONE:4] Tap zone (685,930)]
[08:05:43] T135: [gameplay] Board=300cells/5colors d=+0 [DarkGreen:210, Brown:42, Orange:26, DarkRed:14, Red:8] | Queue=[EXPLORE stall=15 fp_top=0.95] | Holder=[_/DarkGreen/DarkGreen/DarkGreen/DarkGreen] (4/5) | 0.8s
[08:05:43]   -> TAP(280,1500) [[EXPLORE:ZONE:5] Tap zone (280,1500)]
[08:05:46] T136: [gameplay] Board=300cells/5colors d=+0 [DarkGreen:210, Brown:42, Orange:26, DarkRed:14, Red:8] | Queue=[EXPLORE stall=16 fp_top=0.95] | Holder=[_/DarkGreen/DarkGreen/DarkGreen/DarkGreen] (4/5) | 0.7s
[08:05:46]   -> TAP(400,1500) [[EXPLORE:ZONE:6] Tap zone (400,1500)]
[08:05:49] T137: [gameplay] Board=300cells/5colors d=+0 [DarkGreen:210, Brown:42, Orange:26, DarkRed:14, Red:8] | Queue=[EXPLORE stall=17 fp_top=0.95] | Holder=[_/DarkGreen/DarkGreen/DarkGreen/DarkGreen] (4/5) | 0.6s
[08:05:49]   -> TAP(530,1500) [[EXPLORE:ZONE:7] Tap zone (530,1500)]
[08:05:51] T138: NO PROGRESS 20 turns (cells=302) — abandoning session + relaunch
[08:05:51]   [SESSION] Ended 21d6a89413b1: stuck (18 turns, end_cells=300)
[08:06:04] T139: [loading] PlayDB: 3 patterns, trying top 2
[08:06:08] T140: [loading] PlayDB: 3 patterns, trying top 2
[08:06:13] T141: [loading] PlayDB: 3 patterns, trying top 2
[08:06:17] T142: [loading] PlayDB: 3 patterns, trying top 2
[08:06:21] T143: [lobby] Hardcoded play button (540,1450)
[08:06:24] T144: [fail] HEARTS-EMPTY popup detected (pixel match). Waiting 900s for regen.
[08:06:25] T145: [fail] HEARTS WAIT: 899s remaining, sleeping in 5s chunks...
[08:06:55] T146: [fail] HEARTS WAIT: 868s remaining, sleeping in 5s chunks...
[08:07:26] T147: [fail] HEARTS WAIT: 837s remaining, sleeping in 5s chunks...
[08:07:57] T148: [fail] HEARTS WAIT: 806s remaining, sleeping in 5s chunks...
[08:08:28] T149: [fail] HEARTS WAIT: 775s remaining, sleeping in 5s chunks...
[08:08:59] T150: [fail] HEARTS WAIT: 744s remaining, sleeping in 5s chunks...
[08:09:30] T151: [fail] HEARTS WAIT: 714s remaining, sleeping in 5s chunks...
[08:10:01] T152: [fail] HEARTS WAIT: 683s remaining, sleeping in 5s chunks...
[08:10:32] T153: [fail] HEARTS WAIT: 652s remaining, sleeping in 5s chunks...
[08:11:03] T154: [fail] HEARTS WAIT: 621s remaining, sleeping in 5s chunks...
[08:11:34] T155: [fail] HEARTS WAIT: 590s remaining, sleeping in 5s chunks...
[08:12:04] T156: [fail] HEARTS WAIT: 559s remaining, sleeping in 5s chunks...
[08:12:35] T157: [fail] HEARTS WAIT: 528s remaining, sleeping in 5s chunks...
[08:13:06] T158: [fail] HEARTS WAIT: 497s remaining, sleeping in 5s chunks...
[08:13:37] T159: [fail] HEARTS WAIT: 466s remaining, sleeping in 5s chunks...
[08:14:08] T160: [fail] HEARTS WAIT: 435s remaining, sleeping in 5s chunks...
[08:14:39] T161: [fail] HEARTS WAIT: 404s remaining, sleeping in 5s chunks...
[08:15:10] T162: [fail] HEARTS WAIT: 373s remaining, sleeping in 5s chunks...
[08:15:41] T163: [fail] HEARTS WAIT: 343s remaining, sleeping in 5s chunks...
[08:16:12] T164: [fail] HEARTS WAIT: 312s remaining, sleeping in 5s chunks...
[08:16:43] T165: [fail] HEARTS WAIT: 281s remaining, sleeping in 5s chunks...
[08:17:14] T166: [fail] HEARTS WAIT: 250s remaining, sleeping in 5s chunks...
[08:17:44] T167: [fail] HEARTS WAIT: 219s remaining, sleeping in 5s chunks...
[08:18:15] 
[08:18:15] ============================================================
[08:18:15] SESSION COMPLETE
[08:18:15] ============================================================
[08:18:15] Total turns:   167
[08:18:15] Games started: 1
[08:18:15] Games won:     3
[08:18:15] Games failed:  1
[08:18:15] AI Play DB: E:\AI\virtual_player\data\db\ai_play_pixelflow.db
[08:18:15] Fingerprint DB: E:\AI\virtual_player\data\pixelflow\db\fingerprint.db (loaded)
[08:18:15] Stats saved: E:\AI\virtual_player\data\games\pixelflow\temp\smart\smart_stats.json
