[11:10:24] ============================================================
[11:10:24] Smart PixelFlow Player START
[11:10:24] Duration: 120 min | Target: 13:10:24
[11:10:24] ADB: C:/Program Files/BlueStacks_nxt/HD-Adb.exe | Device: emulator-5554
[11:10:24] YOLO: best.pt
[11:10:24] Profile: cell_profile.json
[FingerprintSearcher] Loaded 4891 rows (win_only=True)
[11:10:25] Fingerprint DB: fingerprint.db (loaded)
[11:10:25] FP threshold: 0.78, top_k: 8
[11:10:25] ============================================================
[11:10:39] T1: [fail] HEARTS-EMPTY popup detected (pixel match). Waiting 900s for regen.
[11:10:39] T2: [fail] HEARTS WAIT: 899s remaining, sleeping in 5s chunks...
[11:11:10] T3: [fail] HEARTS WAIT: 868s remaining, sleeping in 5s chunks...
[11:11:41] T4: [fail] HEARTS WAIT: 837s remaining, sleeping in 5s chunks...
[11:12:12] T5: [fail] HEARTS WAIT: 807s remaining, sleeping in 5s chunks...
[11:12:43] T6: [fail] HEARTS WAIT: 776s remaining, sleeping in 5s chunks...
[11:13:13] T7: [fail] HEARTS WAIT: 745s remaining, sleeping in 5s chunks...
[11:13:44] T8: [fail] HEARTS WAIT: 714s remaining, sleeping in 5s chunks...
[11:14:15] T9: [fail] HEARTS WAIT: 683s remaining, sleeping in 5s chunks...
[11:14:46] T10: [fail] HEARTS WAIT: 652s remaining, sleeping in 5s chunks...
[11:15:17] T11: [fail] HEARTS WAIT: 621s remaining, sleeping in 5s chunks...
[11:15:48] T12: [fail] HEARTS WAIT: 590s remaining, sleeping in 5s chunks...
[11:16:19] T13: [fail] HEARTS WAIT: 559s remaining, sleeping in 5s chunks...
[11:16:50] T14: [fail] HEARTS WAIT: 529s remaining, sleeping in 5s chunks...
[11:17:21] T15: [fail] HEARTS WAIT: 497s remaining, sleeping in 5s chunks...
[11:17:52] T16: [fail] HEARTS WAIT: 467s remaining, sleeping in 5s chunks...
[11:18:23] T17: [fail] HEARTS WAIT: 436s remaining, sleeping in 5s chunks...
[11:18:53] T18: [fail] HEARTS WAIT: 405s remaining, sleeping in 5s chunks...
[11:19:24] T19: [fail] HEARTS WAIT: 374s remaining, sleeping in 5s chunks...
[11:19:55] T20: [fail] HEARTS WAIT: 343s remaining, sleeping in 5s chunks...
[11:20:26] T21: [fail] HEARTS WAIT: 312s remaining, sleeping in 5s chunks...
[11:20:57] T22: [fail] HEARTS WAIT: 281s remaining, sleeping in 5s chunks...
[11:21:28] T23: [win] HEARTS WAIT: 250s remaining, sleeping in 5s chunks...
[11:21:59] T24: [win] HEARTS WAIT: 219s remaining, sleeping in 5s chunks...
[11:22:30] T25: [win] HEARTS WAIT: 188s remaining, sleeping in 5s chunks...
[11:23:01] T26: [win] HEARTS WAIT: 157s remaining, sleeping in 5s chunks...
[11:23:32] T27: [win] HEARTS WAIT: 126s remaining, sleeping in 5s chunks...
[11:24:03] T28: [win] HEARTS WAIT: 95s remaining, sleeping in 5s chunks...
[11:24:34] T29: [win] HEARTS WAIT: 64s remaining, sleeping in 5s chunks...
[11:25:05] T30: [win] HEARTS WAIT: 33s remaining, sleeping in 5s chunks...
[11:25:36] T31: [win] HEARTS WAIT: 2s remaining, sleeping in 5s chunks...
[11:25:42] T32: [win] Multi-tap continue positions
[11:25:47]   [SESSION] Started 6e37570700fd (start_cells=299)
[11:25:47] T33: [gameplay] Board=299cells/5colors d=+0 [DarkGreen:209, Brown:48, Orange:24, DarkRed:10, Red:8] | Queue=[FP stall=0 fp_top=0.95] | Holder=[_/DarkGreen/DarkGreen/DarkGreen/DarkGreen] (4/5) | 0.9s
[11:25:47]   -> TAP(314,1495) [[FP:0.95] Human pattern (delta=-59, id=4165)]
[11:25:50] T34: [gameplay] Board=299cells/5colors d=+0 [DarkGreen:209, Brown:48, Orange:24, DarkRed:10, Red:8] | Queue=[FP stall=1 fp_top=0.95] | Holder=[_/DarkGreen/DarkGreen/DarkGreen/DarkGreen] (4/5) | 0.6s
[11:25:50]   -> TAP(316,1516) [[FP:0.98] Human pattern (delta=-28, id=4177)]
[11:25:54] T35: [gameplay] Board=299cells/5colors d=+0 [DarkGreen:209, Brown:48, Orange:24, DarkRed:10, Red:8] | Queue=[FP stall=2 fp_top=0.95] | Holder=[_/DarkGreen/DarkGreen/DarkGreen/DarkGreen] (4/5) | 0.7s
[11:25:54]   -> TAP(342,1656) [[FP:0.97] Human pattern (delta=-14, id=3702)]
[11:25:57]   [EXPLORE] Entering exploration mode (stall x3)
[11:25:57] T36: [gameplay] Board=299cells/5colors d=+0 [DarkGreen:209, Brown:48, Orange:24, DarkRed:10, Red:8] | Queue=[FP stall=3 fp_top=0.95] | Holder=[_/DarkGreen/DarkGreen/DarkGreen/DarkGreen] (4/5) | 0.7s
[11:25:57]   -> TAP(696,1517) [[FP:0.97] Human pattern (delta=-40, id=6969)]
[11:26:00] T37: [gameplay] Board=299cells/5colors d=+0 [DarkGreen:209, Brown:48, Orange:24, DarkRed:10, Red:8] | Queue=[FP stall=4 fp_top=0.95] | Holder=[_/DarkGreen/DarkGreen/DarkGreen/DarkGreen] (4/5) | 0.7s
[11:26:00]   -> TAP(732,1524) [[FP:0.97] Human pattern (delta=-20, id=3691)]
[11:26:04] T38: [gameplay] Board=299cells/5colors d=+0 [DarkGreen:209, Brown:48, Orange:24, DarkRed:10, Red:8] | Queue=[EXPLORE stall=5 fp_top=0.95] | Holder=[_/DarkGreen/DarkGreen/DarkGreen/DarkGreen] (4/5) | 1.3s
[11:26:04]   -> TAP(869,1653) [[EXPLORE:PlayDB] Tap (869,1653) human pattern #1]
[11:26:07] T39: [gameplay] Board=299cells/5colors d=+0 [DarkGreen:209, Brown:48, Orange:24, DarkRed:10, Red:8] | Queue=[EXPLORE stall=6 fp_top=0.95] | Holder=[_/DarkGreen/DarkGreen/DarkGreen/DarkGreen] (4/5) | 0.8s
[11:26:07]   -> TAP(627,1211) [[EXPLORE:PlayDB] Tap (627,1211) human pattern #2]
[11:26:10] T40: [gameplay] Board=299cells/5colors d=+0 [DarkGreen:209, Brown:48, Orange:24, DarkRed:10, Red:8] | Queue=[EXPLORE stall=7 fp_top=0.95] | Holder=[_/DarkGreen/DarkGreen/DarkGreen/DarkGreen] (4/5) | 0.7s
[11:26:10]   -> TAP(202,175) [[EXPLORE:PlayDB] Tap (202,175) human pattern #3]
[11:26:13] T41: [gameplay] Board=299cells/5colors d=+0 [DarkGreen:209, Brown:48, Orange:24, DarkRed:10, Red:8] | Queue=[EXPLORE stall=8 fp_top=0.95] | Holder=[_/DarkGreen/DarkGreen/DarkGreen/DarkGreen] (4/5) | 0.7s
[11:26:13]   -> TAP(817,1164) [[EXPLORE:PlayDB] Tap (817,1164) human pattern #4]
[11:26:17] T42: [gameplay] Board=299cells/5colors d=+0 [DarkGreen:209, Brown:48, Orange:24, DarkRed:10, Red:8] | Queue=[EXPLORE stall=9 fp_top=0.95] | Holder=[_/DarkGreen/DarkGreen/DarkGreen/DarkGreen] (4/5) | 0.9s
[11:26:17]   -> TAP(280,1500) [[EXPLORE:ZONE:0] Tap zone (280,1500)]
[11:26:19] T43: [gameplay] Board=299cells/5colors d=+0 [DarkGreen:209, Brown:48, Orange:24, DarkRed:10, Red:8] | Queue=[EXPLORE stall=10 fp_top=0.95] | Holder=[_/DarkGreen/DarkGreen/DarkGreen/DarkGreen] (4/5) | 0.7s
[11:26:19]   -> TAP(400,1500) [[EXPLORE:ZONE:1] Tap zone (400,1500)]
[11:26:22] T44: [gameplay] Board=299cells/5colors d=+0 [DarkGreen:209, Brown:48, Orange:24, DarkRed:10, Red:8] | Queue=[EXPLORE stall=11 fp_top=0.95] | Holder=[_/DarkGreen/DarkGreen/DarkGreen/DarkGreen] (4/5) | 0.7s
[11:26:22]   -> TAP(530,1500) [[EXPLORE:ZONE:2] Tap zone (530,1500)]
[11:26:26] T45: [gameplay] Board=302cells/5colors d=+3 [DarkGreen:209, Brown:48, Orange:24, Red:11, DarkRed:10] | Queue=[EXPLORE stall=10 fp_top=0.95] | Holder=[_/DarkRed/SageTeal/_/_] (2/5) | 0.9s
[11:26:26]   -> TAP(660,1500) [[EXPLORE:ZONE:3] Tap zone (660,1500)]
[11:26:29]   [LEARN] Explore tap (660,1500) WORKED! (d=-3)
[11:26:29] T46: [gameplay] Board=299cells/5colors d=-3 [DarkGreen:209, Brown:48, Orange:24, DarkRed:10, Red:8] | Queue=[FP stall=0 fp_top=0.95] | Holder=[_/DarkRed/_/_/_] (1/5) | 0.7s
[11:26:29]   -> TAP(524,1512) [[FP:0.97] Human pattern (delta=-9, id=3250)]
[11:26:32] T47: [gameplay] Board=266cells/5colors d=-33 [DarkGreen:176, Brown:48, Orange:24, DarkRed:10, Red:8] | Queue=[FP stall=0 fp_top=0.95] | Holder=[_/DarkRed/_/_/_] (1/5) | 0.7s
[11:26:32]   -> TAP(314,1495) [[FP:0.95] Human pattern (delta=-59, id=4165)]
[11:26:36] T48: [gameplay] Board=262cells/5colors d=-4 [DarkGreen:172, Brown:48, Orange:24, DarkRed:10, Red:8] | Queue=[FP stall=0 fp_top=0.95] | Holder=[_/DarkRed/_/_/_] (1/5) | 0.6s
[11:26:36]   -> TAP(316,1516) [[FP:0.97] Human pattern (delta=-28, id=4177)]
[11:26:39] T49: [gameplay] Board=262cells/5colors d=+0 [DarkGreen:172, Brown:48, Orange:24, DarkRed:10, Red:8] | Queue=[FP stall=1 fp_top=0.95] | Holder=[_/DarkRed/_/_/_] (1/5) | 0.6s
[11:26:39]   -> TAP(342,1656) [[FP:0.95] Human pattern (delta=-14, id=3702)]
[11:26:43] T50: [gameplay] Board=262cells/5colors d=+0 [DarkGreen:172, Brown:48, Orange:24, DarkRed:10, Red:8] | Queue=[FP stall=2 fp_top=0.95] | Holder=[_/DarkRed/_/_/_] (1/5) | 0.7s
[11:26:43]   -> TAP(732,1524) [[FP:0.95] Human pattern (delta=-20, id=3691)]
[11:26:46]   [EXPLORE] Entering exploration mode (stall x3)
[11:26:46] T51: [gameplay] Board=262cells/5colors d=+0 [DarkGreen:172, Brown:48, Orange:24, DarkRed:10, Red:8] | Queue=[FP stall=3 fp_top=0.95] | Holder=[_/DarkRed/_/_/_] (1/5) | 0.6s
[11:26:46]   -> TAP(696,1517) [[FP:0.95] Human pattern (delta=-40, id=6969)]
[11:26:49]   [SESSION] Ended 6e37570700fd: fail (19 turns, end_cells=262)
[11:26:49] T52: [fail] Multi-tap close/retry positions
[11:26:53] T53: [win] Multi-tap continue positions
[11:26:58] T54: [fail] HEARTS-EMPTY popup detected (pixel match). Waiting 900s for regen.
[11:26:58] T55: [fail] HEARTS WAIT: 899s remaining, sleeping in 5s chunks...
[11:27:29] T56: [fail] HEARTS WAIT: 868s remaining, sleeping in 5s chunks...
[11:28:00] T57: [fail] HEARTS WAIT: 837s remaining, sleeping in 5s chunks...
[11:28:31] T58: [fail] HEARTS WAIT: 806s remaining, sleeping in 5s chunks...
[11:29:02] T59: [fail] HEARTS WAIT: 775s remaining, sleeping in 5s chunks...
[11:29:33] T60: [fail] HEARTS WAIT: 744s remaining, sleeping in 5s chunks...
[11:30:04] T61: [fail] HEARTS WAIT: 714s remaining, sleeping in 5s chunks...
[11:30:34] T62: [fail] HEARTS WAIT: 683s remaining, sleeping in 5s chunks...
[11:31:05] T63: [fail] HEARTS WAIT: 652s remaining, sleeping in 5s chunks...
[11:31:36] T64: [fail] HEARTS WAIT: 621s remaining, sleeping in 5s chunks...
[11:32:07] T65: [fail] HEARTS WAIT: 590s remaining, sleeping in 5s chunks...
[11:32:38] T66: [fail] HEARTS WAIT: 559s remaining, sleeping in 5s chunks...
[11:33:09] T67: [fail] HEARTS WAIT: 528s remaining, sleeping in 5s chunks...
[11:33:40] T68: [fail] HEARTS WAIT: 497s remaining, sleeping in 5s chunks...
[11:34:10] T69: [fail] HEARTS WAIT: 467s remaining, sleeping in 5s chunks...
[11:34:41] T70: [fail] HEARTS WAIT: 436s remaining, sleeping in 5s chunks...
[11:35:12] T71: [fail] HEARTS WAIT: 405s remaining, sleeping in 5s chunks...
[11:35:43] T72: [fail] HEARTS WAIT: 374s remaining, sleeping in 5s chunks...
[11:36:14] T73: [fail] HEARTS WAIT: 343s remaining, sleeping in 5s chunks...
[11:36:45] T74: [fail] HEARTS WAIT: 312s remaining, sleeping in 5s chunks...
[11:37:16] T75: [fail] HEARTS WAIT: 281s remaining, sleeping in 5s chunks...
[11:37:47] T76: [fail] HEARTS WAIT: 250s remaining, sleeping in 5s chunks...
[11:38:18] T77: [fail] HEARTS WAIT: 219s remaining, sleeping in 5s chunks...
[11:38:49] T78: [fail] HEARTS WAIT: 188s remaining, sleeping in 5s chunks...
[11:39:20] T79: [fail] HEARTS WAIT: 157s remaining, sleeping in 5s chunks...
[11:39:51] T80: [fail] HEARTS WAIT: 126s remaining, sleeping in 5s chunks...
[11:40:21] T81: [fail] HEARTS WAIT: 96s remaining, sleeping in 5s chunks...
[11:40:52] T82: [fail] HEARTS WAIT: 65s remaining, sleeping in 5s chunks...
[11:41:23] T83: [fail] HEARTS WAIT: 34s remaining, sleeping in 5s chunks...
[11:41:54] T84: [fail] HEARTS WAIT: 3s remaining, sleeping in 5s chunks...
[11:42:00] T85: [fail] HEARTS-EMPTY popup detected (pixel match). Waiting 900s for regen.
[11:42:00] T86: [fail] HEARTS WAIT: 899s remaining, sleeping in 5s chunks...
[11:42:31] T87: [fail] HEARTS WAIT: 868s remaining, sleeping in 5s chunks...
[11:43:02] T88: [fail] HEARTS WAIT: 837s remaining, sleeping in 5s chunks...
[11:43:33] T89: [fail] HEARTS WAIT: 807s remaining, sleeping in 5s chunks...
[11:44:04] T90: [fail] HEARTS WAIT: 775s remaining, sleeping in 5s chunks...
[11:44:35] T91: [fail] HEARTS WAIT: 744s remaining, sleeping in 5s chunks...
[11:45:06] T92: [fail] HEARTS WAIT: 714s remaining, sleeping in 5s chunks...
[11:45:37] T93: [fail] HEARTS WAIT: 683s remaining, sleeping in 5s chunks...
[11:46:08] T94: [fail] HEARTS WAIT: 652s remaining, sleeping in 5s chunks...
[11:46:39] T95: [fail] HEARTS WAIT: 621s remaining, sleeping in 5s chunks...
[11:47:10] T96: [fail] HEARTS WAIT: 590s remaining, sleeping in 5s chunks...
[11:47:40] T97: [fail] HEARTS WAIT: 559s remaining, sleeping in 5s chunks...
[11:48:11] T98: [fail] HEARTS WAIT: 528s remaining, sleeping in 5s chunks...
[11:48:42] T99: [fail] HEARTS WAIT: 497s remaining, sleeping in 5s chunks...
[11:49:13] T100: [fail] HEARTS WAIT: 466s remaining, sleeping in 5s chunks...
[11:49:44] T101: [fail] HEARTS WAIT: 435s remaining, sleeping in 5s chunks...
[11:50:15] T102: [fail] HEARTS WAIT: 404s remaining, sleeping in 5s chunks...
[11:50:46] T103: [fail] HEARTS WAIT: 373s remaining, sleeping in 5s chunks...
[11:51:17] T104: [win] HEARTS WAIT: 342s remaining, sleeping in 5s chunks...
[11:51:48] T105: [win] HEARTS WAIT: 311s remaining, sleeping in 5s chunks...
[11:52:19] T106: [win] HEARTS WAIT: 280s remaining, sleeping in 5s chunks...
[11:52:50] T107: [win] HEARTS WAIT: 249s remaining, sleeping in 5s chunks...
[11:53:21] T108: [win] HEARTS WAIT: 218s remaining, sleeping in 5s chunks...
[11:53:52] T109: [win] HEARTS WAIT: 188s remaining, sleeping in 5s chunks...
[11:54:23] T110: [win] HEARTS WAIT: 156s remaining, sleeping in 5s chunks...
[11:54:54] T111: [win] HEARTS WAIT: 126s remaining, sleeping in 5s chunks...
[11:55:25] T112: [win] HEARTS WAIT: 94s remaining, sleeping in 5s chunks...
[11:55:56] T113: [win] HEARTS WAIT: 63s remaining, sleeping in 5s chunks...
[11:56:27] T114: [win] HEARTS WAIT: 33s remaining, sleeping in 5s chunks...
[11:56:58] T115: [win] HEARTS WAIT: 1s remaining, sleeping in 5s chunks...
[11:57:03] T116: [win] Multi-tap continue positions
[11:57:08]   [SESSION] Started 5964198c4a82 (start_cells=294)
[11:57:08] T117: [gameplay] Board=294cells/6colors d=+0 [DarkGreen:211, Brown:36, Orange:20, Red:13, DarkRed:12] | Queue=[FP stall=0 fp_top=0.98] | Holder=[_/DarkGreen/DarkGreen/DarkGreen/DarkGreen] (4/5) | 0.6s
[11:57:08]   -> TAP(717,1495) [[FP:0.98] Human pattern (delta=-43, id=6857)]
[11:57:12] T118: [gameplay] Board=294cells/6colors d=+0 [DarkGreen:211, Brown:36, Orange:20, Red:13, DarkRed:12] | Queue=[FP stall=1 fp_top=0.98] | Holder=[_/DarkGreen/DarkGreen/DarkGreen/DarkGreen] (4/5) | 0.7s
[11:57:12]   -> TAP(524,1512) [[FP:0.98] Human pattern (delta=-9, id=3250)]
[11:57:15] T119: [gameplay] Board=294cells/6colors d=+0 [DarkGreen:211, Brown:36, Orange:20, Red:13, DarkRed:12] | Queue=[FP stall=2 fp_top=0.98] | Holder=[_/DarkRed/SageTeal/SageTeal/SageTeal] (4/5) | 0.6s
[11:57:15]   -> TAP(316,1516) [[FP:0.97] Human pattern (delta=-28, id=4177)]
[11:57:19] T120: [gameplay] Board=294cells/6colors d=+0 [DarkGreen:211, Brown:36, Orange:20, Red:13, DarkRed:12] | Queue=[FP stall=3 fp_top=0.98] | Holder=[_/DarkRed/SageTeal/SageTeal/SageTeal] (4/5) | 0.6s
[11:57:19]   -> TAP(723,1537) [[FP:0.98] Human pattern (delta=-37, id=3699)]
[11:57:22] T121: [gameplay] Board=297cells/7colors d=+3 [DarkGreen:211, Brown:36, Orange:20, Red:13, DarkRed:12] | Queue=[FP stall=2 fp_top=0.98] | Holder=[_/DarkRed/_/_/_] (1/5) | 0.7s
[11:57:22]   -> TAP(696,1517) [[FP:0.98] Human pattern (delta=-40, id=6969)]
[11:57:25]   [LEARN] Explore tap (660,1500) WORKED! (d=-39)
[11:57:25] T122: [gameplay] Board=258cells/6colors d=-39 [DarkGreen:175, Brown:36, Orange:20, Red:13, DarkRed:12] | Queue=[FP stall=0 fp_top=0.95] | Holder=[_/DarkRed/_/_/_] (1/5) | 0.6s
[11:57:25]   -> TAP(342,1656) [[FP:0.97] Human pattern (delta=-14, id=3702)]
[11:57:29] T123: [gameplay] Board=258cells/6colors d=+0 [DarkGreen:175, Brown:36, Orange:20, Red:13, DarkRed:12] | Queue=[FP stall=1 fp_top=0.95] | Holder=[_/DarkRed/_/_/_] (1/5) | 0.6s
[11:57:29]   -> TAP(314,1495) [[FP:0.95] Human pattern (delta=-59, id=4165)]
[11:57:32] T124: [gameplay] Board=258cells/6colors d=+0 [DarkGreen:175, Brown:36, Orange:20, Red:13, DarkRed:12] | Queue=[FP stall=2 fp_top=0.95] | Holder=[_/DarkRed/_/_/_] (1/5) | 0.6s
[11:57:32]   -> TAP(316,1516) [[FP:0.97] Human pattern (delta=-28, id=4177)]
[11:57:36]   [EXPLORE] Entering exploration mode (stall x3)
[11:57:36] T125: [gameplay] Board=258cells/6colors d=+0 [DarkGreen:175, Brown:36, Orange:20, Red:13, DarkRed:12] | Queue=[FP stall=3 fp_top=0.95] | Holder=[_/DarkRed/_/_/_] (1/5) | 0.6s
[11:57:36]   -> TAP(524,1512) [[FP:0.97] Human pattern (delta=-9, id=3250)]
[11:57:39] T126: [gameplay] Board=258cells/6colors d=+0 [DarkGreen:175, Brown:36, Orange:20, Red:13, DarkRed:12] | Queue=[FP stall=4 fp_top=0.95] | Holder=[_/DarkRed/_/_/_] (1/5) | 0.7s
[11:57:39]   -> TAP(717,1495) [[FP:0.97] Human pattern (delta=-43, id=6857)]
[11:57:43] T127: [gameplay] Board=258cells/6colors d=+0 [DarkGreen:175, Brown:36, Orange:20, Red:13, DarkRed:12] | Queue=[EXPLORE stall=5 fp_top=0.95] | Holder=[_/DarkRed/_/_/_] (1/5) | 0.7s
[11:57:43]   -> TAP(869,1653) [[EXPLORE:PlayDB] Tap (869,1653) human pattern #1]
[11:57:46] T128: [gameplay] Board=258cells/6colors d=+0 [DarkGreen:175, Brown:36, Orange:20, Red:13, DarkRed:12] | Queue=[EXPLORE stall=6 fp_top=0.95] | Holder=[_/DarkRed/_/_/_] (1/5) | 0.8s
[11:57:46]   -> TAP(627,1211) [[EXPLORE:PlayDB] Tap (627,1211) human pattern #2]
[11:57:48]   [SESSION] Ended 5964198c4a82: fail (12 turns, end_cells=258)
[11:57:48] T129: [fail] Multi-tap close/retry positions
[11:57:52] T130: [win] Multi-tap continue positions
[11:57:57] T131: [fail] HEARTS-EMPTY popup detected (pixel match). Waiting 900s for regen.
[11:57:57] T132: [fail] HEARTS WAIT: 899s remaining, sleeping in 5s chunks...
[11:58:28] T133: [fail] HEARTS WAIT: 868s remaining, sleeping in 5s chunks...
[11:58:59] T134: [fail] HEARTS WAIT: 837s remaining, sleeping in 5s chunks...
[11:59:30] T135: [fail] HEARTS WAIT: 806s remaining, sleeping in 5s chunks...
[12:00:01] T136: [fail] HEARTS WAIT: 776s remaining, sleeping in 5s chunks...
[12:00:32] T137: [fail] HEARTS WAIT: 745s remaining, sleeping in 5s chunks...
[12:01:03] T138: [fail] HEARTS WAIT: 714s remaining, sleeping in 5s chunks...
[12:01:33] T139: [fail] HEARTS WAIT: 683s remaining, sleeping in 5s chunks...
[12:02:04] T140: [fail] HEARTS WAIT: 652s remaining, sleeping in 5s chunks...
[12:02:35] T141: [fail] HEARTS WAIT: 621s remaining, sleeping in 5s chunks...
[12:03:06] T142: [fail] HEARTS WAIT: 590s remaining, sleeping in 5s chunks...
[12:03:37] T143: [fail] HEARTS WAIT: 559s remaining, sleeping in 5s chunks...
[12:04:08] T144: [fail] HEARTS WAIT: 529s remaining, sleeping in 5s chunks...
[12:04:39] T145: [fail] HEARTS WAIT: 497s remaining, sleeping in 5s chunks...
[12:05:10] T146: [fail] HEARTS WAIT: 467s remaining, sleeping in 5s chunks...
[12:05:41] T147: [fail] HEARTS WAIT: 436s remaining, sleeping in 5s chunks...
[12:06:12] T148: [fail] HEARTS WAIT: 405s remaining, sleeping in 5s chunks...
[12:06:43] T149: [fail] HEARTS WAIT: 374s remaining, sleeping in 5s chunks...
[12:07:14] T150: [fail] HEARTS WAIT: 342s remaining, sleeping in 5s chunks...
[12:07:45] T151: [fail] HEARTS WAIT: 312s remaining, sleeping in 5s chunks...
[12:08:16] T152: [fail] HEARTS WAIT: 281s remaining, sleeping in 5s chunks...
[12:08:47] T153: [fail] HEARTS WAIT: 250s remaining, sleeping in 5s chunks...
[12:09:18] T154: [fail] HEARTS WAIT: 219s remaining, sleeping in 5s chunks...
[12:09:49] T155: [fail] HEARTS WAIT: 187s remaining, sleeping in 5s chunks...
[12:10:20] T156: [fail] HEARTS WAIT: 156s remaining, sleeping in 5s chunks...
[12:10:51] T157: [fail] HEARTS WAIT: 125s remaining, sleeping in 5s chunks...
[12:11:22] T158: [fail] HEARTS WAIT: 94s remaining, sleeping in 5s chunks...
[12:11:53] T159: [fail] HEARTS WAIT: 64s remaining, sleeping in 5s chunks...
[12:12:23] T160: [fail] HEARTS WAIT: 33s remaining, sleeping in 5s chunks...
[12:12:54] T161: [fail] HEARTS WAIT: 2s remaining, sleeping in 5s chunks...
[12:13:00] T162: [fail] HEARTS-EMPTY popup detected (pixel match). Waiting 900s for regen.
[12:13:00] T163: [fail] HEARTS WAIT: 899s remaining, sleeping in 5s chunks...
[12:13:31] T164: [fail] HEARTS WAIT: 868s remaining, sleeping in 5s chunks...
[12:14:02] T165: [fail] HEARTS WAIT: 837s remaining, sleeping in 5s chunks...
[12:14:33] T166: [fail] HEARTS WAIT: 806s remaining, sleeping in 5s chunks...
[12:15:04] T167: [fail] HEARTS WAIT: 775s remaining, sleeping in 5s chunks...
[12:15:35] T168: [fail] HEARTS WAIT: 745s remaining, sleeping in 5s chunks...
[12:16:06] T169: [fail] HEARTS WAIT: 714s remaining, sleeping in 5s chunks...
[12:16:36] T170: [fail] HEARTS WAIT: 683s remaining, sleeping in 5s chunks...
[12:17:08] T171: [fail] HEARTS WAIT: 652s remaining, sleeping in 5s chunks...
[12:17:38] T172: [fail] HEARTS WAIT: 621s remaining, sleeping in 5s chunks...
[12:18:09] T173: [fail] HEARTS WAIT: 590s remaining, sleeping in 5s chunks...
[12:18:40] T174: [fail] HEARTS WAIT: 559s remaining, sleeping in 5s chunks...
[12:19:11] T175: [fail] HEARTS WAIT: 528s remaining, sleeping in 5s chunks...
[12:19:42] T176: [fail] HEARTS WAIT: 497s remaining, sleeping in 5s chunks...
[12:20:13] T177: [fail] HEARTS WAIT: 467s remaining, sleeping in 5s chunks...
[12:20:44] T178: [fail] HEARTS WAIT: 436s remaining, sleeping in 5s chunks...
[12:21:15] T179: [win] HEARTS WAIT: 405s remaining, sleeping in 5s chunks...
[12:21:46] T180: [win] HEARTS WAIT: 374s remaining, sleeping in 5s chunks...
[12:22:16] T181: [win] HEARTS WAIT: 343s remaining, sleeping in 5s chunks...
[12:22:47] T182: [win] HEARTS WAIT: 312s remaining, sleeping in 5s chunks...
[12:23:18] T183: [win] HEARTS WAIT: 281s remaining, sleeping in 5s chunks...
[12:23:49] T184: [win] HEARTS WAIT: 250s remaining, sleeping in 5s chunks...
[12:24:20] T185: [win] HEARTS WAIT: 219s remaining, sleeping in 5s chunks...
[12:24:51] T186: [win] HEARTS WAIT: 188s remaining, sleeping in 5s chunks...
[12:25:22] T187: [win] HEARTS WAIT: 157s remaining, sleeping in 5s chunks...
[12:25:53] T188: [win] HEARTS WAIT: 126s remaining, sleeping in 5s chunks...
[12:26:24] T189: [win] HEARTS WAIT: 95s remaining, sleeping in 5s chunks...
[12:26:55] T190: [win] HEARTS WAIT: 64s remaining, sleeping in 5s chunks...
[12:27:26] T191: [win] HEARTS WAIT: 33s remaining, sleeping in 5s chunks...
[12:27:57] T192: [win] HEARTS WAIT: 2s remaining, sleeping in 5s chunks...
[12:28:03] T193: [win] Multi-tap continue positions
[12:28:07]   [SESSION] Started a36abf6b5c45 (start_cells=289)
[12:28:07] T194: [gameplay] Board=289cells/5colors d=+0 [DarkGreen:197, Brown:42, Orange:25, Red:13, DarkRed:12] | Queue=[FP stall=0 fp_top=0.95] | Holder=[_/DarkGreen/DarkGreen/DarkGreen/DarkGreen] (4/5) | 0.7s
[12:28:07]   -> TAP(696,1517) [[FP:0.97] Human pattern (delta=-40, id=6969)]
[12:28:11] T195: [gameplay] Board=289cells/5colors d=+0 [DarkGreen:197, Brown:42, Orange:25, Red:13, DarkRed:12] | Queue=[FP stall=1 fp_top=0.95] | Holder=[_/DarkGreen/DarkGreen/DarkGreen/DarkGreen] (4/5) | 0.7s
[12:28:11]   -> TAP(732,1524) [[FP:0.97] Human pattern (delta=-20, id=3691)]
[12:28:14] T196: [gameplay] Board=289cells/5colors d=+0 [DarkGreen:197, Brown:42, Orange:25, Red:13, DarkRed:12] | Queue=[FP stall=2 fp_top=0.95] | Holder=[_/DarkGreen/DarkGreen/DarkGreen/DarkGreen] (4/5) | 0.7s
[12:28:14]   -> TAP(342,1656) [[FP:0.97] Human pattern (delta=-14, id=3702)]
[12:28:18] T197: [gameplay] Board=289cells/5colors d=+0 [DarkGreen:197, Brown:42, Orange:25, Red:13, DarkRed:12] | Queue=[FP stall=3 fp_top=0.95] | Holder=[_/DarkGreen/DarkGreen/DarkGreen/DarkGreen] (4/5) | 0.6s
[12:28:18]   -> TAP(314,1495) [[FP:0.95] Human pattern (delta=-59, id=4165)]
[12:28:21] T198: [gameplay] Board=289cells/5colors d=+0 [DarkGreen:197, Brown:42, Orange:25, Red:13, DarkRed:12] | Queue=[FP stall=4 fp_top=0.95] | Holder=[_/DarkGreen/DarkGreen/DarkGreen/DarkGreen] (4/5) | 0.6s
[12:28:21]   -> TAP(316,1516) [[FP:0.97] Human pattern (delta=-28, id=4177)]
[12:28:24] T199: [gameplay] Board=289cells/5colors d=+0 [DarkGreen:197, Brown:42, Orange:25, Red:13, DarkRed:12] | Queue=[EXPLORE stall=5 fp_top=0.95] | Holder=[_/DarkGreen/DarkGreen/DarkGreen/DarkGreen] (4/5) | 0.8s
[12:28:24]   -> TAP(202,175) [[EXPLORE:PlayDB] Tap (202,175) human pattern #3]
[12:28:27] T200: [gameplay] Board=289cells/5colors d=+0 [DarkGreen:197, Brown:42, Orange:25, Red:13, DarkRed:12] | Queue=[EXPLORE stall=6 fp_top=0.95] | Holder=[_/DarkGreen/DarkGreen/DarkGreen/DarkGreen] (4/5) | 0.7s
[12:28:27]   -> TAP(817,1164) [[EXPLORE:PlayDB] Tap (817,1164) human pattern #4]
[12:28:30] T201: [gameplay] Board=289cells/5colors d=+0 [DarkGreen:197, Brown:42, Orange:25, Red:13, DarkRed:12] | Queue=[EXPLORE stall=7 fp_top=0.95] | Holder=[_/DarkGreen/DarkGreen/DarkGreen/DarkGreen] (4/5) | 0.7s
[12:28:30]   -> TAP(280,1500) [[EXPLORE:ZONE:0] Tap zone (280,1500)]
[12:28:33] T202: [gameplay] Board=289cells/5colors d=+0 [DarkGreen:197, Brown:42, Orange:25, Red:13, DarkRed:12] | Queue=[EXPLORE stall=8 fp_top=0.95] | Holder=[_/DarkGreen/DarkGreen/DarkGreen/DarkGreen] (4/5) | 0.7s
[12:28:33]   -> TAP(400,1500) [[EXPLORE:ZONE:1] Tap zone (400,1500)]
[12:28:36] T203: [gameplay] Board=289cells/5colors d=+0 [DarkGreen:197, Brown:42, Orange:25, Red:13, DarkRed:12] | Queue=[EXPLORE stall=9 fp_top=0.95] | Holder=[_/DarkGreen/DarkGreen/DarkGreen/DarkGreen] (4/5) | 0.7s
[12:28:36]   -> TAP(530,1500) [[EXPLORE:ZONE:2] Tap zone (530,1500)]
[12:28:39] T204: [gameplay] Board=292cells/5colors d=+3 [DarkGreen:197, Brown:42, Orange:25, Red:16, DarkRed:12] | Queue=[EXPLORE stall=8 fp_top=0.95] | Holder=[_/DarkRed/SageTeal/_/_] (2/5) | 0.7s
[12:28:39]   -> TAP(660,1500) [[EXPLORE:ZONE:3] Tap zone (660,1500)]
[12:28:42]   [LEARN] Explore tap (660,1500) WORKED! (d=-3)
[12:28:42] T205: [gameplay] Board=289cells/5colors d=-3 [DarkGreen:197, Brown:42, Orange:25, Red:13, DarkRed:12] | Queue=[FP stall=0 fp_top=0.95] | Holder=[_/DarkRed/_/_/_] (1/5) | 0.7s
[12:28:42]   -> TAP(524,1512) [[FP:0.97] Human pattern (delta=-9, id=3250)]
[12:28:46] T206: [gameplay] Board=256cells/5colors d=-33 [DarkGreen:164, Brown:42, Orange:25, Red:13, DarkRed:12] | Queue=[FP stall=0 fp_top=0.95] | Holder=[_/DarkRed/_/_/_] (1/5) | 0.7s
[12:28:46]   -> TAP(696,1517) [[FP:0.95] Human pattern (delta=-40, id=6969)]
[12:28:49] T207: [gameplay] Board=252cells/5colors d=-4 [DarkGreen:160, Brown:42, Orange:25, Red:13, DarkRed:12] | Queue=[FP stall=0 fp_top=0.95] | Holder=[_/DarkRed/_/_/_] (1/5) | 0.7s
[12:28:49]   -> TAP(732,1524) [[FP:0.95] Human pattern (delta=-20, id=3691)]
[12:28:52]   [SESSION] Ended a36abf6b5c45: fail (14 turns, end_cells=252)
[12:28:52] T208: [fail] Multi-tap close/retry positions
[12:28:57] T209: [win] Multi-tap continue positions
[12:29:01] T210: [fail] HEARTS-EMPTY popup detected (pixel match). Waiting 900s for regen.
[12:29:02] T211: [fail] HEARTS WAIT: 899s remaining, sleeping in 5s chunks...
[12:29:33] T212: [fail] HEARTS WAIT: 868s remaining, sleeping in 5s chunks...
[12:30:04] T213: [fail] HEARTS WAIT: 837s remaining, sleeping in 5s chunks...
[12:30:35] T214: [fail] HEARTS WAIT: 806s remaining, sleeping in 5s chunks...
[12:31:06] T215: [fail] HEARTS WAIT: 775s remaining, sleeping in 5s chunks...
[12:31:37] T216: [fail] HEARTS WAIT: 744s remaining, sleeping in 5s chunks...
[12:32:08] T217: [fail] HEARTS WAIT: 713s remaining, sleeping in 5s chunks...
[12:32:38] T218: [fail] HEARTS WAIT: 682s remaining, sleeping in 5s chunks...
[12:33:09] T219: [fail] HEARTS WAIT: 651s remaining, sleeping in 5s chunks...
[12:33:40] T220: [fail] HEARTS WAIT: 620s remaining, sleeping in 5s chunks...
[12:34:11] T221: [fail] HEARTS WAIT: 590s remaining, sleeping in 5s chunks...
[12:34:42] T222: [fail] HEARTS WAIT: 559s remaining, sleeping in 5s chunks...
[12:35:13] T223: [fail] HEARTS WAIT: 528s remaining, sleeping in 5s chunks...
[12:35:44] T224: [fail] HEARTS WAIT: 497s remaining, sleeping in 5s chunks...
[12:36:15] T225: [fail] HEARTS WAIT: 466s remaining, sleeping in 5s chunks...
[12:36:46] T226: [fail] HEARTS WAIT: 435s remaining, sleeping in 5s chunks...
[12:37:17] T227: [fail] HEARTS WAIT: 404s remaining, sleeping in 5s chunks...
[12:37:48] T228: [fail] HEARTS WAIT: 373s remaining, sleeping in 5s chunks...
[12:38:18] T229: [fail] HEARTS WAIT: 342s remaining, sleeping in 5s chunks...
[12:38:49] T230: [fail] HEARTS WAIT: 311s remaining, sleeping in 5s chunks...
[12:39:20] T231: [fail] HEARTS WAIT: 280s remaining, sleeping in 5s chunks...
[12:39:51] T232: [fail] HEARTS WAIT: 250s remaining, sleeping in 5s chunks...
[12:40:22] T233: [fail] HEARTS WAIT: 219s remaining, sleeping in 5s chunks...
[12:40:53] T234: [fail] HEARTS WAIT: 188s remaining, sleeping in 5s chunks...
[12:41:23] T235: [fail] HEARTS WAIT: 157s remaining, sleeping in 5s chunks...
[12:41:54] T236: [fail] HEARTS WAIT: 126s remaining, sleeping in 5s chunks...
[12:42:25] T237: [fail] HEARTS WAIT: 95s remaining, sleeping in 5s chunks...
[12:42:56] T238: [fail] HEARTS WAIT: 65s remaining, sleeping in 5s chunks...
[12:43:27] T239: [fail] HEARTS WAIT: 34s remaining, sleeping in 5s chunks...
[12:43:58] T240: [fail] HEARTS WAIT: 3s remaining, sleeping in 5s chunks...
[12:44:04] T241: [fail] HEARTS-EMPTY popup detected (pixel match). Waiting 900s for regen.
[12:44:04] T242: [fail] HEARTS WAIT: 899s remaining, sleeping in 5s chunks...
[12:44:35] T243: [fail] HEARTS WAIT: 868s remaining, sleeping in 5s chunks...
[12:45:06] T244: [fail] HEARTS WAIT: 837s remaining, sleeping in 5s chunks...
[12:45:37] T245: [fail] HEARTS WAIT: 807s remaining, sleeping in 5s chunks...
[12:46:07] T246: [fail] HEARTS WAIT: 776s remaining, sleeping in 5s chunks...
[12:46:38] T247: [fail] HEARTS WAIT: 745s remaining, sleeping in 5s chunks...
[12:47:09] T248: [fail] HEARTS WAIT: 714s remaining, sleeping in 5s chunks...
[12:47:40] T249: [fail] HEARTS WAIT: 683s remaining, sleeping in 5s chunks...
[12:48:11] T250: [fail] HEARTS WAIT: 652s remaining, sleeping in 5s chunks...
[12:48:42] T251: [fail] HEARTS WAIT: 621s remaining, sleeping in 5s chunks...
[12:49:13] T252: [fail] HEARTS WAIT: 591s remaining, sleeping in 5s chunks...
[12:49:43] T253: [fail] HEARTS WAIT: 560s remaining, sleeping in 5s chunks...
[12:50:14] T254: [fail] HEARTS WAIT: 529s remaining, sleeping in 5s chunks...
[12:50:45] T255: [fail] HEARTS WAIT: 498s remaining, sleeping in 5s chunks...
[12:51:16] T256: [win] HEARTS WAIT: 467s remaining, sleeping in 5s chunks...
[12:51:47] T257: [win] HEARTS WAIT: 436s remaining, sleeping in 5s chunks...
[12:52:18] T258: [win] HEARTS WAIT: 405s remaining, sleeping in 5s chunks...
[12:52:49] T259: [win] HEARTS WAIT: 375s remaining, sleeping in 5s chunks...
[12:53:20] T260: [win] HEARTS WAIT: 343s remaining, sleeping in 5s chunks...
[12:53:51] T261: [win] HEARTS WAIT: 313s remaining, sleeping in 5s chunks...
[12:54:21] T262: [win] HEARTS WAIT: 282s remaining, sleeping in 5s chunks...
[12:54:52] T263: [win] HEARTS WAIT: 251s remaining, sleeping in 5s chunks...
[12:55:23] T264: [win] HEARTS WAIT: 220s remaining, sleeping in 5s chunks...
[12:55:55] T265: [win] HEARTS WAIT: 188s remaining, sleeping in 5s chunks...
[12:56:26] T266: [win] HEARTS WAIT: 157s remaining, sleeping in 5s chunks...
[12:56:56] T267: [win] HEARTS WAIT: 127s remaining, sleeping in 5s chunks...
[12:57:27] T268: [win] HEARTS WAIT: 96s remaining, sleeping in 5s chunks...
[12:57:58] T269: [win] HEARTS WAIT: 65s remaining, sleeping in 5s chunks...
[12:58:29] T270: [win] HEARTS WAIT: 34s remaining, sleeping in 5s chunks...
[12:59:00] T271: [win] HEARTS WAIT: 3s remaining, sleeping in 5s chunks...
[12:59:06] T272: [win] Multi-tap continue positions
[12:59:11]   [SESSION] Started eea5ef5b31d9 (start_cells=291)
[12:59:11] T273: [gameplay] Board=291cells/6colors d=+0 [DarkGreen:207, Brown:39, Orange:22, Red:10, DarkRed:8] | Queue=[FP stall=0 fp_top=0.95] | Holder=[_/DarkGreen/DarkGreen/DarkGreen/DarkGreen] (4/5) | 0.6s
[12:59:11]   -> TAP(314,1495) [[FP:0.95] Human pattern (delta=-59, id=4165)]
[12:59:14] T274: [gameplay] Board=291cells/6colors d=+0 [DarkGreen:207, Brown:39, Orange:22, Red:10, DarkRed:8] | Queue=[FP stall=1 fp_top=0.95] | Holder=[_/DarkGreen/DarkGreen/DarkGreen/DarkGreen] (4/5) | 0.6s
[12:59:14]   -> TAP(316,1516) [[FP:0.97] Human pattern (delta=-28, id=4177)]
[12:59:17] T275: [gameplay] Board=291cells/6colors d=+0 [DarkGreen:207, Brown:39, Orange:22, Red:10, DarkRed:8] | Queue=[FP stall=2 fp_top=0.95] | Holder=[_/DarkGreen/DarkGreen/DarkGreen/DarkGreen] (4/5) | 0.6s
[12:59:17]   -> TAP(717,1495) [[FP:0.98] Human pattern (delta=-43, id=6857)]
[12:59:21]   [EXPLORE] Entering exploration mode (stall x3)
[12:59:21] T276: [gameplay] Board=291cells/6colors d=+0 [DarkGreen:207, Brown:39, Orange:22, Red:10, DarkRed:8] | Queue=[FP stall=3 fp_top=0.95] | Holder=[_/DarkGreen/DarkGreen/DarkGreen/DarkGreen] (4/5) | 0.6s
[12:59:21]   -> TAP(342,1656) [[FP:0.98] Human pattern (delta=-14, id=3702)]
[12:59:24] T277: [gameplay] Board=291cells/6colors d=+0 [DarkGreen:207, Brown:39, Orange:22, Red:10, DarkRed:8] | Queue=[FP stall=4 fp_top=0.95] | Holder=[_/DarkGreen/DarkGreen/DarkGreen/DarkGreen] (4/5) | 0.6s
[12:59:24]   -> TAP(723,1537) [[FP:0.98] Human pattern (delta=-37, id=3699)]
[12:59:27] T278: [gameplay] Board=291cells/6colors d=+0 [DarkGreen:207, Brown:39, Orange:22, Red:10, DarkRed:8] | Queue=[EXPLORE stall=5 fp_top=0.95] | Holder=[_/DarkGreen/DarkGreen/DarkGreen/DarkGreen] (4/5) | 0.7s
[12:59:27]   -> TAP(869,1653) [[EXPLORE:PlayDB] Tap (869,1653) human pattern #1]
[12:59:30] T279: [gameplay] Board=291cells/6colors d=+0 [DarkGreen:207, Brown:39, Orange:22, Red:10, DarkRed:8] | Queue=[EXPLORE stall=6 fp_top=0.95] | Holder=[_/DarkGreen/DarkGreen/DarkGreen/DarkGreen] (4/5) | 0.7s
[12:59:30]   -> TAP(627,1211) [[EXPLORE:PlayDB] Tap (627,1211) human pattern #2]
[12:59:33] T280: [gameplay] Board=291cells/6colors d=+0 [DarkGreen:207, Brown:39, Orange:22, Red:10, DarkRed:8] | Queue=[EXPLORE stall=7 fp_top=0.95] | Holder=[_/DarkGreen/DarkGreen/DarkGreen/DarkGreen] (4/5) | 0.6s
[12:59:33]   -> TAP(202,175) [[EXPLORE:PlayDB] Tap (202,175) human pattern #3]
[12:59:36] T281: [gameplay] Board=291cells/6colors d=+0 [DarkGreen:207, Brown:39, Orange:22, Red:10, DarkRed:8] | Queue=[EXPLORE stall=8 fp_top=0.95] | Holder=[_/DarkGreen/DarkGreen/DarkGreen/DarkGreen] (4/5) | 0.7s
[12:59:36]   -> TAP(817,1164) [[EXPLORE:PlayDB] Tap (817,1164) human pattern #4]
[12:59:39] T282: [gameplay] Board=291cells/6colors d=+0 [DarkGreen:207, Brown:39, Orange:22, Red:10, DarkRed:8] | Queue=[EXPLORE stall=9 fp_top=0.95] | Holder=[_/DarkGreen/DarkGreen/DarkGreen/DarkGreen] (4/5) | 0.6s
[12:59:39]   -> TAP(280,1500) [[EXPLORE:ZONE:0] Tap zone (280,1500)]
[12:59:42] T283: [gameplay] Board=291cells/6colors d=+0 [DarkGreen:207, Brown:39, Orange:22, Red:10, DarkRed:8] | Queue=[EXPLORE stall=10 fp_top=0.95] | Holder=[_/DarkGreen/DarkGreen/DarkGreen/DarkGreen] (4/5) | 0.6s
[12:59:42]   -> TAP(400,1500) [[EXPLORE:ZONE:1] Tap zone (400,1500)]
[12:59:45] T284: [gameplay] Board=291cells/6colors d=+0 [DarkGreen:207, Brown:39, Orange:22, Red:10, DarkRed:8] | Queue=[EXPLORE stall=11 fp_top=0.95] | Holder=[_/DarkGreen/DarkGreen/DarkGreen/DarkGreen] (4/5) | 0.7s
[12:59:45]   -> TAP(530,1500) [[EXPLORE:ZONE:2] Tap zone (530,1500)]
[12:59:48] T285: [gameplay] Board=292cells/6colors d=+1 [DarkGreen:207, Brown:39, Orange:22, Red:11, DarkRed:8] | Queue=[EXPLORE stall=10 fp_top=0.95] | Holder=[_/DarkRed/SageTeal/SageTeal/SageTeal] (4/5) | 0.7s
[12:59:48]   -> TAP(660,1500) [[EXPLORE:ZONE:3] Tap zone (660,1500)]
[12:59:50]   [LEARN] Explore tap (660,1500) WORKED! (d=-1)
[12:59:50] T286: [gameplay] Board=291cells/6colors d=-1 [DarkGreen:207, Brown:39, Orange:22, Red:10, DarkRed:8] | Queue=[FP stall=0 fp_top=0.95] | Holder=[_/DarkRed/_/_/_] (1/5) | 0.7s
[12:59:50]   -> TAP(696,1517) [[FP:0.98] Human pattern (delta=-40, id=6969)]
[12:59:54] T287: [gameplay] Board=258cells/6colors d=-33 [DarkGreen:174, Brown:39, Orange:22, Red:10, DarkRed:8] | Queue=[FP stall=0 fp_top=0.95] | Holder=[_/DarkRed/_/_/_] (1/5) | 0.6s
[12:59:54]   -> TAP(524,1512) [[FP:0.97] Human pattern (delta=-9, id=3250)]
[12:59:57] T288: [gameplay] Board=254cells/6colors d=-4 [DarkGreen:170, Brown:39, Orange:22, Red:10, DarkRed:8] | Queue=[FP stall=0 fp_top=0.95] | Holder=[_/DarkRed/_/_/_] (1/5) | 0.6s
[12:59:57]   -> TAP(316,1516) [[FP:0.97] Human pattern (delta=-28, id=4177)]
[13:00:01] T289: [gameplay] Board=254cells/6colors d=+0 [DarkGreen:170, Brown:39, Orange:22, Red:10, DarkRed:8] | Queue=[FP stall=1 fp_top=0.95] | Holder=[_/_/_/_/_] (0/5) | 0.7s
[13:00:01]   -> TAP(314,1495) [[FP:0.95] Human pattern (delta=-59, id=4165)]
[13:00:04] T290: [gameplay] Board=254cells/6colors d=+0 [DarkGreen:170, Brown:39, Orange:22, Red:10, DarkRed:8] | Queue=[FP stall=2 fp_top=0.95] | Holder=[_/DarkRed/_/_/_] (1/5) | 0.6s
[13:00:04]   -> TAP(342,1656) [[FP:0.96] Human pattern (delta=-14, id=3702)]
[13:00:07]   [EXPLORE] Entering exploration mode (stall x3)
[13:00:07] T291: [gameplay] Board=254cells/6colors d=+0 [DarkGreen:170, Brown:39, Orange:22, Red:10, DarkRed:8] | Queue=[FP stall=3 fp_top=0.95] | Holder=[_/DarkRed/_/_/_] (1/5) | 0.6s
[13:00:07]   -> TAP(696,1517) [[FP:0.96] Human pattern (delta=-40, id=6969)]
[13:00:11] T292: [gameplay] Board=254cells/6colors d=+0 [DarkGreen:170, Brown:39, Orange:22, Red:10, DarkRed:8] | Queue=[FP stall=4 fp_top=0.95] | Holder=[_/DarkRed/_/_/_] (1/5) | 0.6s
[13:00:11]   -> TAP(732,1524) [[FP:0.96] Human pattern (delta=-20, id=3691)]
[13:00:14] T293: [gameplay] Board=254cells/6colors d=+0 [DarkGreen:170, Brown:39, Orange:22, Red:10, DarkRed:8] | Queue=[EXPLORE stall=5 fp_top=0.95] | Holder=[SageTeal/DarkRed/_/_/_] (2/5) | 0.8s
[13:00:14]   -> TAP(869,1653) [[EXPLORE:PlayDB] Tap (869,1653) human pattern #1]
[13:00:17]   [SESSION] Ended eea5ef5b31d9: fail (21 turns, end_cells=254)
[13:00:17] T294: [fail] Multi-tap close/retry positions
[13:00:21] T295: [win] Multi-tap continue positions
[13:00:26] T296: [fail] HEARTS-EMPTY popup detected (pixel match). Waiting 900s for regen.
[13:00:26] T297: [fail] HEARTS WAIT: 899s remaining, sleeping in 5s chunks...
[13:00:57] T298: [fail] HEARTS WAIT: 868s remaining, sleeping in 5s chunks...
[13:01:28] T299: [fail] HEARTS WAIT: 837s remaining, sleeping in 5s chunks...
[13:01:58] T300: [fail] HEARTS WAIT: 807s remaining, sleeping in 5s chunks...
[13:02:29] T301: [fail] HEARTS WAIT: 776s remaining, sleeping in 5s chunks...
[13:03:00] T302: [fail] HEARTS WAIT: 745s remaining, sleeping in 5s chunks...
[13:03:31] T303: [fail] HEARTS WAIT: 714s remaining, sleeping in 5s chunks...
[13:04:02] T304: [fail] HEARTS WAIT: 683s remaining, sleeping in 5s chunks...
[13:04:33] T305: [fail] HEARTS WAIT: 652s remaining, sleeping in 5s chunks...
[13:05:04] T306: [fail] HEARTS WAIT: 621s remaining, sleeping in 5s chunks...
[13:05:35] T307: [fail] HEARTS WAIT: 590s remaining, sleeping in 5s chunks...
[13:06:05] T308: [fail] HEARTS WAIT: 560s remaining, sleeping in 5s chunks...
[13:06:36] T309: [fail] HEARTS WAIT: 529s remaining, sleeping in 5s chunks...
[13:07:07] T310: [fail] HEARTS WAIT: 498s remaining, sleeping in 5s chunks...
[13:07:38] T311: [fail] HEARTS WAIT: 467s remaining, sleeping in 5s chunks...
[13:08:09] T312: [fail] HEARTS WAIT: 436s remaining, sleeping in 5s chunks...
[13:08:40] T313: [fail] HEARTS WAIT: 405s remaining, sleeping in 5s chunks...
[13:09:11] T314: [fail] HEARTS WAIT: 374s remaining, sleeping in 5s chunks...
[13:09:42] T315: [fail] HEARTS WAIT: 343s remaining, sleeping in 5s chunks...
[13:10:13] T316: [fail] HEARTS WAIT: 312s remaining, sleeping in 5s chunks...
[13:10:43] 
[13:10:43] ============================================================
[13:10:43] SESSION COMPLETE
[13:10:43] ============================================================
[13:10:43] Total turns:   316
[13:10:43] Games started: 0
[13:10:43] Games won:     8
[13:10:43] Games failed:  4
[13:10:43] AI Play DB: E:\AI\virtual_player\data\db\ai_play_pixelflow.db
[13:10:43] Fingerprint DB: E:\AI\virtual_player\data\pixelflow\db\fingerprint.db (loaded)
[13:10:43] Stats saved: E:\AI\virtual_player\data\games\pixelflow\temp\smart\smart_stats.json
