[01:16:38] ============================================================
[01:16:38] Smart PixelFlow Player START
[01:16:38] Duration: 120 min | Target: 03:16:38
[01:16:38] ADB: C:/Program Files/BlueStacks_nxt/HD-Adb.exe | Device: emulator-5554
[01:16:38] YOLO: best.pt
[01:16:38] Profile: cell_profile.json
[FingerprintSearcher] Loaded 4891 rows (win_only=True)
[01:16:39] Fingerprint DB: fingerprint.db (loaded)
[01:16:39] FP threshold: 0.78, top_k: 8
[01:16:39] ============================================================
[01:16:54] T1: [fail] HEARTS-EMPTY popup detected (pixel match). Waiting 900s for regen.
[01:16:54] T2: [fail] HEARTS WAIT: 899s remaining, sleeping in 5s chunks...
[01:17:25] T3: [fail] HEARTS WAIT: 868s remaining, sleeping in 5s chunks...
[01:17:56] T4: [fail] HEARTS WAIT: 837s remaining, sleeping in 5s chunks...
[01:18:27] T5: [fail] HEARTS WAIT: 807s remaining, sleeping in 5s chunks...
[01:18:58] T6: [fail] HEARTS WAIT: 776s remaining, sleeping in 5s chunks...
[01:19:29] T7: [fail] HEARTS WAIT: 745s remaining, sleeping in 5s chunks...
[01:20:00] T8: [fail] HEARTS WAIT: 714s remaining, sleeping in 5s chunks...
[01:20:30] T9: [fail] HEARTS WAIT: 683s remaining, sleeping in 5s chunks...
[01:21:01] T10: [fail] HEARTS WAIT: 652s remaining, sleeping in 5s chunks...
[01:21:32] T11: [lobby] HEARTS WAIT: 621s remaining, sleeping in 5s chunks...
[01:22:03] T12: [lobby] HEARTS WAIT: 590s remaining, sleeping in 5s chunks...
[01:22:34] T13: [lobby] HEARTS WAIT: 559s remaining, sleeping in 5s chunks...
[01:23:05] T14: [lobby] HEARTS WAIT: 528s remaining, sleeping in 5s chunks...
[01:23:37] T15: [lobby] HEARTS WAIT: 497s remaining, sleeping in 5s chunks...
[01:24:08] T16: [lobby] HEARTS WAIT: 466s remaining, sleeping in 5s chunks...
[01:24:39] T17: [lobby] HEARTS WAIT: 435s remaining, sleeping in 5s chunks...
[01:25:10] T18: [lobby] HEARTS WAIT: 404s remaining, sleeping in 5s chunks...
[01:25:41] T19: [lobby] HEARTS WAIT: 373s remaining, sleeping in 5s chunks...
[01:26:12] T20: [lobby] HEARTS WAIT: 342s remaining, sleeping in 5s chunks...
[01:26:43] T21: [lobby] HEARTS WAIT: 311s remaining, sleeping in 5s chunks...
[01:27:14] T22: [lobby] HEARTS WAIT: 280s remaining, sleeping in 5s chunks...
[01:27:45] T23: [lobby] HEARTS WAIT: 249s remaining, sleeping in 5s chunks...
[01:28:16] T24: [lobby] HEARTS WAIT: 218s remaining, sleeping in 5s chunks...
[01:28:47] T25: [lobby] HEARTS WAIT: 187s remaining, sleeping in 5s chunks...
[01:29:18] T26: [lobby] HEARTS WAIT: 156s remaining, sleeping in 5s chunks...
[01:29:49] T27: [lobby] HEARTS WAIT: 125s remaining, sleeping in 5s chunks...
[01:30:20] T28: [lobby] HEARTS WAIT: 94s remaining, sleeping in 5s chunks...
[01:30:51] T29: [lobby] HEARTS WAIT: 63s remaining, sleeping in 5s chunks...
[01:31:22] T30: [lobby] HEARTS WAIT: 32s remaining, sleeping in 5s chunks...
[01:31:53] T31: [lobby] HEARTS WAIT: 1s remaining, sleeping in 5s chunks...
[01:31:58] T32: [lobby] Hardcoded play button (540,1450)
[01:32:02] T33: [loading] PlayDB: 3 patterns, trying top 2
[01:32:06]   [SESSION] Started 4075dcd2dca6 (start_cells=280)
[01:32:06] T34: [gameplay] Board=280cells/6colors d=+0 [DarkGreen:194, Brown:37, Orange:21, Red:15, DarkRed:8] | Queue=[FP stall=0 fp_top=0.95] | Holder=[_/DarkRed/SageTeal/_/_] (2/5) | 0.8s
[01:32:06]   -> TAP(314,1495) [[FP:0.95] Human pattern (delta=-59, id=4165)]
[01:32:10] T35: [gameplay] Board=280cells/6colors d=+0 [DarkGreen:194, Brown:37, Orange:21, Red:15, DarkRed:8] | Queue=[FP stall=1 fp_top=0.95] | Holder=[_/DarkRed/SageTeal/_/_] (2/5) | 0.6s
[01:32:10]   -> TAP(723,1537) [[FP:0.97] Human pattern (delta=-37, id=3699)]
[01:32:13] T36: [gameplay] Board=280cells/6colors d=+0 [DarkGreen:194, Brown:37, Orange:21, Red:15, DarkRed:8] | Queue=[FP stall=2 fp_top=0.95] | Holder=[_/DarkRed/_/_/_] (1/5) | 0.6s
[01:32:13]   -> TAP(732,1524) [[FP:0.97] Human pattern (delta=-20, id=3691)]
[01:32:17] T37: [gameplay] Board=245cells/6colors d=-35 [DarkGreen:159, Brown:37, Orange:21, Red:15, DarkRed:8] | Queue=[FP stall=0 fp_top=0.95] | Holder=[White/DarkRed/_/_/_] (2/5) | 0.6s
[01:32:17]   -> TAP(524,1512) [[FP:0.96] Human pattern (delta=-9, id=3250)]
[01:32:20] T38: [gameplay] Board=243cells/6colors d=-2 [DarkGreen:157, Brown:37, Orange:21, Red:15, DarkRed:8] | Queue=[FP stall=0 fp_top=0.95] | Holder=[_/DarkRed/_/_/_] (1/5) | 0.6s
[01:32:20]   -> TAP(316,1516) [[FP:0.97] Human pattern (delta=-28, id=4177)]
[01:32:23] T39: [gameplay] Board=243cells/6colors d=+0 [DarkGreen:157, Brown:37, Orange:21, Red:15, DarkRed:8] | Queue=[FP stall=1 fp_top=0.95] | Holder=[Periwinkle/DarkRed/_/_/_] (2/5) | 0.6s
[01:32:23]   -> TAP(342,1656) [[FP:0.96] Human pattern (delta=-14, id=3702)]
[01:32:26] T40: [gameplay] Board=243cells/6colors d=+0 [DarkGreen:157, Brown:37, Orange:21, Red:15, DarkRed:8] | Queue=[FP stall=2 fp_top=0.95] | Holder=[_/DarkRed/_/_/_] (1/5) | 0.6s
[01:32:26]   -> TAP(696,1517) [[FP:0.96] Human pattern (delta=-40, id=6969)]
[01:32:30]   [EXPLORE] Entering exploration mode (stall x3)
[01:32:30] T41: [gameplay] Board=243cells/6colors d=+0 [DarkGreen:157, Brown:37, Orange:21, Red:15, DarkRed:8] | Queue=[FP stall=3 fp_top=0.95] | Holder=[_/DarkRed/_/_/_] (1/5) | 0.6s
[01:32:30]   -> TAP(314,1495) [[FP:0.95] Human pattern (delta=-59, id=4165)]
[01:32:33] T42: [gameplay] Board=243cells/6colors d=+0 [DarkGreen:157, Brown:37, Orange:21, Red:15, DarkRed:8] | Queue=[FP stall=4 fp_top=0.95] | Holder=[LightBlue/DarkRed/_/_/_] (2/5) | 0.8s
[01:32:33]   -> TAP(696,1517) [[FP:0.96] Human pattern (delta=-40, id=6969)]
[01:32:36] T43: [popup] Multi-tap close/retry positions
[01:32:41]   [SESSION] Ended 4075dcd2dca6: fail (9 turns, end_cells=243)
[01:32:41] T44: [fail] Multi-tap close/retry positions
[01:32:46] T45: [fail] Multi-tap close/retry positions
[01:32:50] T46: [fail] Multi-tap close/retry positions
[01:32:54] T47: POPUP LOOP (fail), relaunch
[01:33:07] T48: [loading] PlayDB: 3 patterns, trying top 2
[01:33:11] T49: [loading] PlayDB: 3 patterns, trying top 2
[01:33:16] T50: [loading] PlayDB: 3 patterns, trying top 2
[01:33:20] T51: [loading] PlayDB: 3 patterns, trying top 2
[01:33:24] T52: POPUP LOOP (fail), relaunch
[01:33:36] T53: [loading] PlayDB: 3 patterns, trying top 2
[01:33:41] T54: [loading] PlayDB: 3 patterns, trying top 2
[01:33:45] T55: [loading] PlayDB: 3 patterns, trying top 2
[01:33:50] T56: [lobby] Hardcoded play button (540,1450)
[01:33:52] T57: [fail] HEARTS-EMPTY popup detected (pixel match). Waiting 900s for regen.
[01:33:53] T58: [fail] HEARTS WAIT: 899s remaining, sleeping in 5s chunks...
[01:34:24] T59: [fail] HEARTS WAIT: 868s remaining, sleeping in 5s chunks...
[01:34:55] T60: [fail] HEARTS WAIT: 837s remaining, sleeping in 5s chunks...
[01:35:26] T61: [fail] HEARTS WAIT: 806s remaining, sleeping in 5s chunks...
[01:35:57] T62: [fail] HEARTS WAIT: 775s remaining, sleeping in 5s chunks...
[01:36:27] T63: [fail] HEARTS WAIT: 745s remaining, sleeping in 5s chunks...
[01:36:58] T64: [fail] HEARTS WAIT: 714s remaining, sleeping in 5s chunks...
[01:37:29] T65: [fail] HEARTS WAIT: 683s remaining, sleeping in 5s chunks...
[01:38:00] T66: [fail] HEARTS WAIT: 652s remaining, sleeping in 5s chunks...
[01:38:31] T67: [fail] HEARTS WAIT: 621s remaining, sleeping in 5s chunks...
[01:39:02] T68: [fail] HEARTS WAIT: 590s remaining, sleeping in 5s chunks...
[01:39:33] T69: [fail] HEARTS WAIT: 559s remaining, sleeping in 5s chunks...
[01:40:04] T70: [fail] HEARTS WAIT: 528s remaining, sleeping in 5s chunks...
[01:40:34] T71: [fail] HEARTS WAIT: 497s remaining, sleeping in 5s chunks...
[01:41:05] T72: [fail] HEARTS WAIT: 467s remaining, sleeping in 5s chunks...
[01:41:36] T73: [fail] HEARTS WAIT: 436s remaining, sleeping in 5s chunks...
[01:42:07] T74: [fail] HEARTS WAIT: 405s remaining, sleeping in 5s chunks...
[01:42:38] T75: [fail] HEARTS WAIT: 374s remaining, sleeping in 5s chunks...
[01:43:09] T76: [fail] HEARTS WAIT: 343s remaining, sleeping in 5s chunks...
[01:43:40] T77: [fail] HEARTS WAIT: 312s remaining, sleeping in 5s chunks...
[01:44:10] T78: [fail] HEARTS WAIT: 281s remaining, sleeping in 5s chunks...
[01:44:41] T79: [fail] HEARTS WAIT: 251s remaining, sleeping in 5s chunks...
[01:45:12] T80: [fail] HEARTS WAIT: 220s remaining, sleeping in 5s chunks...
[01:45:43] T81: [fail] HEARTS WAIT: 189s remaining, sleeping in 5s chunks...
[01:46:14] T82: [fail] HEARTS WAIT: 158s remaining, sleeping in 5s chunks...
[01:46:45] T83: [fail] HEARTS WAIT: 127s remaining, sleeping in 5s chunks...
[01:47:16] T84: [fail] HEARTS WAIT: 96s remaining, sleeping in 5s chunks...
[01:47:47] T85: [fail] HEARTS WAIT: 65s remaining, sleeping in 5s chunks...
[01:48:18] T86: [fail] HEARTS WAIT: 34s remaining, sleeping in 5s chunks...
[01:48:49] T87: [fail] HEARTS WAIT: 3s remaining, sleeping in 5s chunks...
[01:48:54] T88: [fail] HEARTS-EMPTY popup detected (pixel match). Waiting 900s for regen.
[01:48:55] T89: [fail] HEARTS WAIT: 899s remaining, sleeping in 5s chunks...
[01:49:26] T90: [fail] HEARTS WAIT: 868s remaining, sleeping in 5s chunks...
[01:49:56] T91: [fail] HEARTS WAIT: 838s remaining, sleeping in 5s chunks...
[01:50:27] T92: [fail] HEARTS WAIT: 806s remaining, sleeping in 5s chunks...
[01:50:58] T93: [fail] HEARTS WAIT: 776s remaining, sleeping in 5s chunks...
[01:51:29] T94: [lobby] HEARTS WAIT: 744s remaining, sleeping in 5s chunks...
[01:52:01] T95: [lobby] HEARTS WAIT: 713s remaining, sleeping in 5s chunks...
[01:52:32] T96: [lobby] HEARTS WAIT: 682s remaining, sleeping in 5s chunks...
[01:53:03] T97: [lobby] HEARTS WAIT: 651s remaining, sleeping in 5s chunks...
[01:53:34] T98: [lobby] HEARTS WAIT: 620s remaining, sleeping in 5s chunks...
[01:54:05] T99: [lobby] HEARTS WAIT: 589s remaining, sleeping in 5s chunks...
[01:54:36] T100: [lobby] HEARTS WAIT: 558s remaining, sleeping in 5s chunks...
[01:55:07] T101: [lobby] HEARTS WAIT: 527s remaining, sleeping in 5s chunks...
[01:55:38] T102: [lobby] HEARTS WAIT: 496s remaining, sleeping in 5s chunks...
[01:56:09] T103: [lobby] HEARTS WAIT: 465s remaining, sleeping in 5s chunks...
[01:56:40] T104: [lobby] HEARTS WAIT: 433s remaining, sleeping in 5s chunks...
[01:57:12] T105: [lobby] HEARTS WAIT: 402s remaining, sleeping in 5s chunks...
[01:57:43] T106: [lobby] HEARTS WAIT: 371s remaining, sleeping in 5s chunks...
[01:58:14] T107: [lobby] HEARTS WAIT: 340s remaining, sleeping in 5s chunks...
[01:58:45] T108: [lobby] HEARTS WAIT: 309s remaining, sleeping in 5s chunks...
[01:59:16] T109: [lobby] HEARTS WAIT: 278s remaining, sleeping in 5s chunks...
[01:59:47] T110: [lobby] HEARTS WAIT: 247s remaining, sleeping in 5s chunks...
[02:00:18] T111: [lobby] HEARTS WAIT: 215s remaining, sleeping in 5s chunks...
[02:00:49] T112: [lobby] HEARTS WAIT: 184s remaining, sleeping in 5s chunks...
[02:01:21] T113: [lobby] HEARTS WAIT: 153s remaining, sleeping in 5s chunks...
[02:01:52] T114: [lobby] HEARTS WAIT: 122s remaining, sleeping in 5s chunks...
[02:02:23] T115: [lobby] HEARTS WAIT: 91s remaining, sleeping in 5s chunks...
[02:02:54] T116: [lobby] HEARTS WAIT: 60s remaining, sleeping in 5s chunks...
[02:03:25] T117: [lobby] HEARTS WAIT: 29s remaining, sleeping in 5s chunks...
[02:03:52] T118: [lobby] HEARTS WAIT: 2s remaining, sleeping in 5s chunks...
[02:03:58] T119: [lobby] Hardcoded play button (540,1450)
[02:04:01]   [SESSION] Started f9402943f654 (start_cells=291)
[02:04:01] T120: [gameplay] Board=291cells/5colors d=+0 [DarkGreen:208, Brown:42, Orange:25, Red:8, DarkRed:8] | Queue=[FP stall=0 fp_top=0.95] | Holder=[_/DarkGreen/DarkGreen/DarkGreen/DarkGreen] (4/5) | 0.5s
[02:04:01]   -> TAP(314,1495) [[FP:0.95] Human pattern (delta=-59, id=4165)]
[02:04:05] T121: [gameplay] Board=291cells/5colors d=+0 [DarkGreen:208, Brown:42, Orange:25, Red:8, DarkRed:8] | Queue=[FP stall=1 fp_top=0.95] | Holder=[_/DarkGreen/DarkGreen/DarkGreen/DarkGreen] (4/5) | 0.5s
[02:04:05]   -> TAP(696,1517) [[FP:0.97] Human pattern (delta=-40, id=6969)]
[02:04:08] T122: [gameplay] Board=291cells/5colors d=+0 [DarkGreen:208, Brown:42, Orange:25, Red:8, DarkRed:8] | Queue=[FP stall=2 fp_top=0.95] | Holder=[_/DarkGreen/DarkGreen/DarkGreen/DarkGreen] (4/5) | 0.5s
[02:04:08]   -> TAP(732,1524) [[FP:0.97] Human pattern (delta=-20, id=3691)]
[02:04:11] T123: [gameplay] Board=291cells/5colors d=+0 [DarkGreen:208, Brown:42, Orange:25, Red:8, DarkRed:8] | Queue=[FP stall=3 fp_top=0.95] | Holder=[_/DarkGreen/DarkGreen/DarkGreen/DarkGreen] (4/5) | 0.5s
[02:04:11]   -> TAP(524,1512) [[FP:0.97] Human pattern (delta=-9, id=3250)]
[02:04:15] T124: [gameplay] Board=291cells/5colors d=+0 [DarkGreen:208, Brown:42, Orange:25, Red:8, DarkRed:8] | Queue=[FP stall=4 fp_top=0.95] | Holder=[_/DarkRed/SageTeal/_/SageTeal] (3/5) | 0.5s
[02:04:15]   -> TAP(316,1516) [[FP:0.97] Human pattern (delta=-28, id=4177)]
[02:04:19] T125: [gameplay] Board=291cells/5colors d=+0 [DarkGreen:208, Brown:42, Orange:25, Red:8, DarkRed:8] | Queue=[EXPLORE stall=5 fp_top=0.95] | Holder=[_/DarkRed/SageTeal/_/SageTeal] (3/5) | 1.0s
[02:04:19]   -> TAP(869,1653) [[EXPLORE:PlayDB] Tap (869,1653) human pattern #1]
[02:04:21] T126: [gameplay] Board=291cells/5colors d=+0 [DarkGreen:208, Brown:42, Orange:25, Red:8, DarkRed:8] | Queue=[EXPLORE stall=6 fp_top=0.95] | Holder=[_/DarkRed/SageTeal/_/SageTeal] (3/5) | 0.6s
[02:04:21]   -> TAP(627,1211) [[EXPLORE:PlayDB] Tap (627,1211) human pattern #2]
[02:04:24] T127: [gameplay] Board=291cells/5colors d=+0 [DarkGreen:208, Brown:42, Orange:25, Red:8, DarkRed:8] | Queue=[EXPLORE stall=7 fp_top=0.95] | Holder=[_/DarkRed/SageTeal/_/SageTeal] (3/5) | 0.6s
[02:04:24]   -> TAP(202,175) [[EXPLORE:PlayDB] Tap (202,175) human pattern #3]
[02:04:27] T128: [gameplay] Board=291cells/5colors d=+0 [DarkGreen:208, Brown:42, Orange:25, Red:8, DarkRed:8] | Queue=[EXPLORE stall=8 fp_top=0.95] | Holder=[_/DarkRed/SageTeal/_/SageTeal] (3/5) | 0.6s
[02:04:27]   -> TAP(817,1164) [[EXPLORE:PlayDB] Tap (817,1164) human pattern #4]
[02:04:30] T129: [gameplay] Board=291cells/5colors d=+0 [DarkGreen:208, Brown:42, Orange:25, Red:8, DarkRed:8] | Queue=[EXPLORE stall=9 fp_top=0.95] | Holder=[_/DarkRed/SageTeal/_/SageTeal] (3/5) | 0.6s
[02:04:30]   -> TAP(185,930) [[EXPLORE:ZONE:0] Tap zone (185,930)]
[02:04:33] T130: [gameplay] Board=291cells/5colors d=+0 [DarkGreen:208, Brown:42, Orange:25, Red:8, DarkRed:8] | Queue=[EXPLORE stall=10 fp_top=0.95] | Holder=[_/DarkRed/SageTeal/_/SageTeal] (3/5) | 0.6s
[02:04:33]   -> TAP(310,930) [[EXPLORE:ZONE:1] Tap zone (310,930)]
[02:04:36] T131: [gameplay] Board=291cells/5colors d=+0 [DarkGreen:208, Brown:42, Orange:25, Red:8, DarkRed:8] | Queue=[EXPLORE stall=11 fp_top=0.95] | Holder=[_/DarkRed/SageTeal/_/SageTeal] (3/5) | 0.6s
[02:04:36]   -> TAP(435,930) [[EXPLORE:ZONE:2] Tap zone (435,930)]
[02:04:39] T132: [gameplay] Board=291cells/5colors d=+0 [DarkGreen:208, Brown:42, Orange:25, Red:8, DarkRed:8] | Queue=[EXPLORE stall=12 fp_top=0.95] | Holder=[_/DarkRed/SageTeal/_/SageTeal] (3/5) | 0.6s
[02:04:39]   -> TAP(560,930) [[EXPLORE:ZONE:3] Tap zone (560,930)]
[02:04:42] T133: [gameplay] Board=291cells/5colors d=+0 [DarkGreen:208, Brown:42, Orange:25, Red:8, DarkRed:8] | Queue=[EXPLORE stall=13 fp_top=0.95] | Holder=[_/DarkRed/SageTeal/_/SageTeal] (3/5) | 0.6s
[02:04:42]   -> TAP(685,930) [[EXPLORE:ZONE:4] Tap zone (685,930)]
[02:04:45] T134: [gameplay] Board=291cells/5colors d=+0 [DarkGreen:208, Brown:42, Orange:25, Red:8, DarkRed:8] | Queue=[EXPLORE stall=14 fp_top=0.95] | Holder=[_/DarkRed/SageTeal/_/SageTeal] (3/5) | 0.6s
[02:04:45]   -> TAP(280,1500) [[EXPLORE:ZONE:5] Tap zone (280,1500)]
[02:04:47] T135: NO PROGRESS 20 turns (cells=291) — abandoning session + relaunch
[02:04:47]   [SESSION] Ended f9402943f654: stuck (15 turns, end_cells=291)
[02:05:00] T136: [loading] PlayDB: 3 patterns, trying top 2
[02:05:04] T137: [loading] PlayDB: 3 patterns, trying top 2
[02:05:08] T138: [loading] PlayDB: 3 patterns, trying top 2
[02:05:12] T139: [lobby] Hardcoded play button (540,1450)
[02:05:15] T140: [fail] HEARTS-EMPTY popup detected (pixel match). Waiting 900s for regen.
[02:05:15] T141: [fail] HEARTS WAIT: 899s remaining, sleeping in 5s chunks...
[02:05:46] T142: [fail] HEARTS WAIT: 868s remaining, sleeping in 5s chunks...
[02:06:17] T143: [fail] HEARTS WAIT: 837s remaining, sleeping in 5s chunks...
[02:06:48] T144: [fail] HEARTS WAIT: 807s remaining, sleeping in 5s chunks...
[02:07:19] T145: [fail] HEARTS WAIT: 776s remaining, sleeping in 5s chunks...
[02:07:49] T146: [fail] HEARTS WAIT: 745s remaining, sleeping in 5s chunks...
[02:08:20] T147: [fail] HEARTS WAIT: 714s remaining, sleeping in 5s chunks...
[02:08:51] T148: [fail] HEARTS WAIT: 683s remaining, sleeping in 5s chunks...
[02:09:22] T149: [fail] HEARTS WAIT: 652s remaining, sleeping in 5s chunks...
[02:09:53] T150: [fail] HEARTS WAIT: 622s remaining, sleeping in 5s chunks...
[02:10:24] T151: [fail] HEARTS WAIT: 591s remaining, sleeping in 5s chunks...
[02:10:54] T152: [fail] HEARTS WAIT: 560s remaining, sleeping in 5s chunks...
[02:11:25] T153: [fail] HEARTS WAIT: 529s remaining, sleeping in 5s chunks...
[02:11:56] T154: [fail] HEARTS WAIT: 498s remaining, sleeping in 5s chunks...
[02:12:27] T155: [fail] HEARTS WAIT: 468s remaining, sleeping in 5s chunks...
[02:12:57] T156: [fail] HEARTS WAIT: 437s remaining, sleeping in 5s chunks...
[02:13:28] T157: [fail] HEARTS WAIT: 406s remaining, sleeping in 5s chunks...
[02:13:59] T158: [fail] HEARTS WAIT: 375s remaining, sleeping in 5s chunks...
[02:14:30] T159: [fail] HEARTS WAIT: 345s remaining, sleeping in 5s chunks...
[02:15:00] T160: [fail] HEARTS WAIT: 314s remaining, sleeping in 5s chunks...
[02:15:31] T161: [fail] HEARTS WAIT: 283s remaining, sleeping in 5s chunks...
[02:16:02] T162: [fail] HEARTS WAIT: 252s remaining, sleeping in 5s chunks...
[02:16:33] T163: [fail] HEARTS WAIT: 221s remaining, sleeping in 5s chunks...
[02:17:04] T164: [fail] HEARTS WAIT: 190s remaining, sleeping in 5s chunks...
[02:17:35] T165: [fail] HEARTS WAIT: 160s remaining, sleeping in 5s chunks...
[02:18:06] T166: [fail] HEARTS WAIT: 129s remaining, sleeping in 5s chunks...
[02:18:36] T167: [fail] HEARTS WAIT: 98s remaining, sleeping in 5s chunks...
[02:19:07] T168: [fail] HEARTS WAIT: 67s remaining, sleeping in 5s chunks...
[02:19:38] T169: [fail] HEARTS WAIT: 36s remaining, sleeping in 5s chunks...
[02:20:09] T170: [fail] HEARTS WAIT: 5s remaining, sleeping in 5s chunks...
[02:20:14] T171: [fail] HEARTS-EMPTY popup detected (pixel match). Waiting 900s for regen.
[02:20:15] T172: [fail] HEARTS WAIT: 899s remaining, sleeping in 5s chunks...
[02:20:46] T173: [fail] HEARTS WAIT: 868s remaining, sleeping in 5s chunks...
[02:21:17] T174: [lobby] HEARTS WAIT: 837s remaining, sleeping in 5s chunks...
[02:21:48] T175: [lobby] HEARTS WAIT: 806s remaining, sleeping in 5s chunks...
[02:22:19] T176: [lobby] HEARTS WAIT: 775s remaining, sleeping in 5s chunks...
[02:22:50] T177: [lobby] HEARTS WAIT: 744s remaining, sleeping in 5s chunks...
[02:23:20] T178: [lobby] HEARTS WAIT: 713s remaining, sleeping in 5s chunks...
[02:23:51] T179: [lobby] HEARTS WAIT: 683s remaining, sleeping in 5s chunks...
[02:24:22] T180: [lobby] HEARTS WAIT: 652s remaining, sleeping in 5s chunks...
[02:24:53] T181: [lobby] HEARTS WAIT: 621s remaining, sleeping in 5s chunks...
[02:25:24] T182: [lobby] HEARTS WAIT: 590s remaining, sleeping in 5s chunks...
[02:25:55] T183: [lobby] HEARTS WAIT: 559s remaining, sleeping in 5s chunks...
[02:26:26] T184: [lobby] HEARTS WAIT: 528s remaining, sleeping in 5s chunks...
[02:26:57] T185: [lobby] HEARTS WAIT: 497s remaining, sleeping in 5s chunks...
[02:27:28] T186: [lobby] HEARTS WAIT: 466s remaining, sleeping in 5s chunks...
[02:27:59] T187: [lobby] HEARTS WAIT: 435s remaining, sleeping in 5s chunks...
[02:28:30] T188: [lobby] HEARTS WAIT: 404s remaining, sleeping in 5s chunks...
[02:29:01] T189: [lobby] HEARTS WAIT: 373s remaining, sleeping in 5s chunks...
[02:29:32] T190: [lobby] HEARTS WAIT: 342s remaining, sleeping in 5s chunks...
[02:30:03] T191: [lobby] HEARTS WAIT: 311s remaining, sleeping in 5s chunks...
[02:30:33] T192: [lobby] HEARTS WAIT: 280s remaining, sleeping in 5s chunks...
[02:31:04] T193: [lobby] HEARTS WAIT: 249s remaining, sleeping in 5s chunks...
[02:31:35] T194: [lobby] HEARTS WAIT: 219s remaining, sleeping in 5s chunks...
[02:32:06] T195: [lobby] HEARTS WAIT: 188s remaining, sleeping in 5s chunks...
[02:32:37] T196: [lobby] HEARTS WAIT: 157s remaining, sleeping in 5s chunks...
[02:33:08] T197: [lobby] HEARTS WAIT: 126s remaining, sleeping in 5s chunks...
[02:33:39] T198: [lobby] HEARTS WAIT: 95s remaining, sleeping in 5s chunks...
[02:34:10] T199: [lobby] HEARTS WAIT: 64s remaining, sleeping in 5s chunks...
[02:34:41] T200: [lobby] HEARTS WAIT: 33s remaining, sleeping in 5s chunks...
[02:35:12] T201: [lobby] HEARTS WAIT: 2s remaining, sleeping in 5s chunks...
[02:35:18] T202: [lobby] Hardcoded play button (540,1450)
[02:35:20] T203: [loading] PlayDB: 3 patterns, trying top 2
[02:35:25]   [SESSION] Started 75d4b5a7003c (start_cells=321)
[02:35:25] T204: [gameplay] Board=321cells/6colors d=+0 [DarkGreen:201, DarkRed:34, Brown:32, Orange:28, Red:20] | Queue=[FP stall=0 fp_top=0.96] | Holder=[_/DarkGreen/DarkGreen/DarkGreen/DarkGreen] (4/5) | 0.5s
[02:35:25]   -> TAP(342,1656) [[FP:0.96] Human pattern (delta=-14, id=3702)]
[02:35:28] T205: [gameplay] Board=290cells/6colors d=-31 [DarkGreen:201, Brown:32, Orange:28, DarkRed:12, Red:11] | Queue=[FP stall=0 fp_top=0.97] | Holder=[_/DarkGreen/DarkGreen/DarkGreen/DarkGreen] (4/5) | 0.5s
[02:35:28]   -> TAP(723,1537) [[FP:0.97] Human pattern (delta=-37, id=3699)]
[02:35:31] T206: [gameplay] Board=290cells/6colors d=+0 [DarkGreen:201, Brown:32, Orange:28, DarkRed:12, Red:11] | Queue=[FP stall=1 fp_top=0.97] | Holder=[_/DarkGreen/DarkGreen/DarkGreen/DarkGreen] (4/5) | 0.6s
[02:35:31]   -> TAP(717,1495) [[FP:0.97] Human pattern (delta=-43, id=6857)]
[02:35:34] T207: [gameplay] Board=290cells/6colors d=+0 [DarkGreen:201, Brown:32, Orange:28, DarkRed:12, Red:11] | Queue=[FP stall=2 fp_top=0.97] | Holder=[_/DarkGreen/DarkGreen/DarkGreen/DarkGreen] (4/5) | 0.5s
[02:35:34]   -> TAP(316,1516) [[FP:0.97] Human pattern (delta=-28, id=4177)]
[02:35:37]   [EXPLORE] Entering exploration mode (stall x3)
[02:35:37] T208: [gameplay] Board=290cells/6colors d=+0 [DarkGreen:201, Brown:32, Orange:28, DarkRed:12, Red:11] | Queue=[FP stall=3 fp_top=0.97] | Holder=[_/DarkGreen/DarkGreen/DarkGreen/DarkGreen] (4/5) | 0.5s
[02:35:37]   -> TAP(732,1524) [[FP:0.97] Human pattern (delta=-20, id=3691)]
[02:35:41] T209: [gameplay] Board=290cells/6colors d=+0 [DarkGreen:201, Brown:32, Orange:28, DarkRed:12, Red:11] | Queue=[FP stall=4 fp_top=0.97] | Holder=[_/DarkGreen/DarkGreen/DarkGreen/DarkGreen] (4/5) | 0.5s
[02:35:41]   -> TAP(696,1517) [[FP:0.97] Human pattern (delta=-40, id=6969)]
[02:35:44] T210: [gameplay] Board=290cells/6colors d=+0 [DarkGreen:201, Brown:32, Orange:28, DarkRed:12, Red:11] | Queue=[EXPLORE stall=5 fp_top=0.97] | Holder=[_/DarkGreen/DarkGreen/DarkGreen/DarkGreen] (4/5) | 0.6s
[02:35:44]   -> TAP(869,1653) [[EXPLORE:AI_DB] Tap (869,1653) conf=0.50]
[02:35:46] T211: [gameplay] Board=290cells/6colors d=+0 [DarkGreen:201, Brown:32, Orange:28, DarkRed:12, Red:11] | Queue=[EXPLORE stall=6 fp_top=0.97] | Holder=[_/DarkGreen/DarkGreen/DarkGreen/DarkGreen] (4/5) | 0.6s
[02:35:46]   -> TAP(660,1500) [[EXPLORE:AI_DB] Tap (660,1500) conf=0.50]
[02:35:49] T212: [gameplay] Board=290cells/6colors d=+0 [DarkGreen:201, Brown:32, Orange:28, DarkRed:12, Red:11] | Queue=[EXPLORE stall=7 fp_top=0.97] | Holder=[_/DarkGreen/DarkGreen/DarkGreen/DarkGreen] (4/5) | 0.5s
[02:35:49]   -> TAP(869,1653) [[EXPLORE:PlayDB] Tap (869,1653) human pattern #1]
[02:35:52] T213: [gameplay] Board=290cells/6colors d=+0 [DarkGreen:201, Brown:32, Orange:28, DarkRed:12, Red:11] | Queue=[EXPLORE stall=8 fp_top=0.97] | Holder=[_/DarkGreen/DarkGreen/DarkGreen/DarkGreen] (4/5) | 0.5s
[02:35:52]   -> TAP(627,1211) [[EXPLORE:PlayDB] Tap (627,1211) human pattern #2]
[02:35:55] T214: [gameplay] Board=290cells/6colors d=+0 [DarkGreen:201, Brown:32, Orange:28, DarkRed:12, Red:11] | Queue=[EXPLORE stall=9 fp_top=0.97] | Holder=[_/DarkGreen/DarkGreen/DarkGreen/DarkGreen] (4/5) | 0.6s
[02:35:55]   -> TAP(202,175) [[EXPLORE:PlayDB] Tap (202,175) human pattern #3]
[02:35:57] T215: [gameplay] Board=290cells/6colors d=+0 [DarkGreen:201, Brown:32, Orange:28, DarkRed:12, Red:11] | Queue=[EXPLORE stall=10 fp_top=0.97] | Holder=[_/DarkGreen/DarkGreen/DarkGreen/DarkGreen] (4/5) | 0.5s
[02:35:57]   -> TAP(817,1164) [[EXPLORE:PlayDB] Tap (817,1164) human pattern #4]
[02:36:00] T216: [gameplay] Board=290cells/6colors d=+0 [DarkGreen:201, Brown:32, Orange:28, DarkRed:12, Red:11] | Queue=[EXPLORE stall=11 fp_top=0.97] | Holder=[_/DarkGreen/DarkGreen/DarkGreen/DarkGreen] (4/5) | 0.5s
[02:36:00]   -> TAP(185,930) [[EXPLORE:ZONE:0] Tap zone (185,930)]
[02:36:03] T217: [gameplay] Board=290cells/6colors d=+0 [DarkGreen:201, Brown:32, Orange:28, DarkRed:12, Red:11] | Queue=[EXPLORE stall=12 fp_top=0.97] | Holder=[_/DarkGreen/DarkGreen/DarkGreen/DarkGreen] (4/5) | 0.5s
[02:36:03]   -> TAP(310,930) [[EXPLORE:ZONE:1] Tap zone (310,930)]
[02:36:05] T218: [gameplay] Board=290cells/6colors d=+0 [DarkGreen:201, Brown:32, Orange:28, DarkRed:12, Red:11] | Queue=[EXPLORE stall=13 fp_top=0.97] | Holder=[_/DarkGreen/DarkGreen/DarkGreen/DarkGreen] (4/5) | 0.6s
[02:36:05]   -> TAP(435,930) [[EXPLORE:ZONE:2] Tap zone (435,930)]
[02:36:08] T219: [gameplay] Board=290cells/6colors d=+0 [DarkGreen:201, Brown:32, Orange:28, DarkRed:12, Red:11] | Queue=[EXPLORE stall=14 fp_top=0.97] | Holder=[_/DarkGreen/DarkGreen/DarkGreen/DarkGreen] (4/5) | 0.6s
[02:36:08]   -> TAP(560,930) [[EXPLORE:ZONE:3] Tap zone (560,930)]
[02:36:11] T220: [gameplay] Board=290cells/6colors d=+0 [DarkGreen:201, Brown:32, Orange:28, DarkRed:12, Red:11] | Queue=[EXPLORE stall=15 fp_top=0.97] | Holder=[_/DarkGreen/DarkGreen/DarkGreen/DarkGreen] (4/5) | 0.6s
[02:36:11]   -> TAP(685,930) [[EXPLORE:ZONE:4] Tap zone (685,930)]
[02:36:13] T221: [gameplay] Board=290cells/6colors d=+0 [DarkGreen:201, Brown:32, Orange:28, DarkRed:12, Red:11] | Queue=[EXPLORE stall=16 fp_top=0.97] | Holder=[_/DarkGreen/DarkGreen/DarkGreen/DarkGreen] (4/5) | 0.6s
[02:36:13]   -> TAP(280,1500) [[EXPLORE:ZONE:5] Tap zone (280,1500)]
[02:36:16] T222: [gameplay] Board=290cells/6colors d=+0 [DarkGreen:201, Brown:32, Orange:28, DarkRed:12, Red:11] | Queue=[EXPLORE stall=17 fp_top=0.97] | Holder=[_/DarkGreen/DarkGreen/DarkGreen/DarkGreen] (4/5) | 0.6s
[02:36:16]   -> TAP(400,1500) [[EXPLORE:ZONE:6] Tap zone (400,1500)]
[02:36:19] T223: [gameplay] Board=290cells/6colors d=+0 [DarkGreen:201, Brown:32, Orange:28, DarkRed:12, Red:11] | Queue=[EXPLORE stall=18 fp_top=0.97] | Holder=[_/DarkGreen/DarkGreen/DarkGreen/DarkGreen] (4/5) | 0.6s
[02:36:19]   -> TAP(530,1500) [[EXPLORE:ZONE:7] Tap zone (530,1500)]
[02:36:22] T224: [gameplay] Board=302cells/6colors d=+12 [DarkGreen:201, Brown:44, Orange:28, DarkRed:12, Red:11] | Queue=[EXPLORE stall=17 fp_top=0.95] | Holder=[_/DarkRed/SageTeal/_/_] (2/5) | 0.6s
[02:36:22]   -> TAP(660,1500) [[EXPLORE:ZONE:8] Tap zone (660,1500)]
[02:36:24]   [LEARN] Explore tap (660,1500) WORKED! (d=-12)
[02:36:24] T225: [gameplay] Board=290cells/6colors d=-12 [DarkGreen:201, Brown:32, Orange:28, DarkRed:12, Red:11] | Queue=[FP stall=0 fp_top=0.97] | Holder=[_/DarkRed/_/_/_] (1/5) | 0.5s
[02:36:24]   -> TAP(717,1495) [[FP:0.97] Human pattern (delta=-43, id=6857)]
[02:36:27] T226: [gameplay] Board=259cells/6colors d=-31 [DarkGreen:170, Brown:32, Orange:28, DarkRed:12, Red:11] | Queue=[FP stall=0 fp_top=0.95] | Holder=[_/DarkRed/_/_/_] (1/5) | 0.5s
[02:36:27]   -> TAP(314,1495) [[FP:0.95] Human pattern (delta=-59, id=4165)]
[02:36:30]   [SESSION] Ended 75d4b5a7003c: fail (23 turns, end_cells=259)
[02:36:30] T227: [fail] Multi-tap close/retry positions
[02:36:35] T228: [win] Multi-tap continue positions
[02:36:38] T229: [fail] HEARTS-EMPTY popup detected (pixel match). Waiting 900s for regen.
[02:36:39] T230: [fail] HEARTS WAIT: 899s remaining, sleeping in 5s chunks...
[02:37:10] T231: [fail] HEARTS WAIT: 868s remaining, sleeping in 5s chunks...
[02:37:40] T232: [fail] HEARTS WAIT: 838s remaining, sleeping in 5s chunks...
[02:38:11] T233: [fail] HEARTS WAIT: 807s remaining, sleeping in 5s chunks...
[02:38:42] T234: [fail] HEARTS WAIT: 776s remaining, sleeping in 5s chunks...
[02:39:13] T235: [fail] HEARTS WAIT: 745s remaining, sleeping in 5s chunks...
[02:39:44] T236: [fail] HEARTS WAIT: 714s remaining, sleeping in 5s chunks...
[02:40:14] T237: [fail] HEARTS WAIT: 684s remaining, sleeping in 5s chunks...
[02:40:45] T238: [fail] HEARTS WAIT: 653s remaining, sleeping in 5s chunks...
[02:41:16] T239: [fail] HEARTS WAIT: 622s remaining, sleeping in 5s chunks...
[02:41:47] T240: [fail] HEARTS WAIT: 591s remaining, sleeping in 5s chunks...
[02:42:18] T241: [fail] HEARTS WAIT: 560s remaining, sleeping in 5s chunks...
[02:42:48] T242: [fail] HEARTS WAIT: 530s remaining, sleeping in 5s chunks...
[02:43:19] T243: [fail] HEARTS WAIT: 499s remaining, sleeping in 5s chunks...
[02:43:50] T244: [fail] HEARTS WAIT: 468s remaining, sleeping in 5s chunks...
[02:44:21] T245: [fail] HEARTS WAIT: 437s remaining, sleeping in 5s chunks...
[02:44:51] T246: [fail] HEARTS WAIT: 407s remaining, sleeping in 5s chunks...
[02:45:22] T247: [fail] HEARTS WAIT: 376s remaining, sleeping in 5s chunks...
[02:45:53] T248: [fail] HEARTS WAIT: 345s remaining, sleeping in 5s chunks...
[02:46:24] T249: [fail] HEARTS WAIT: 314s remaining, sleeping in 5s chunks...
[02:46:55] T250: [fail] HEARTS WAIT: 283s remaining, sleeping in 5s chunks...
[02:47:25] T251: [fail] HEARTS WAIT: 253s remaining, sleeping in 5s chunks...
[02:47:56] T252: [fail] HEARTS WAIT: 222s remaining, sleeping in 5s chunks...
[02:48:27] T253: [fail] HEARTS WAIT: 191s remaining, sleeping in 5s chunks...
[02:48:58] T254: [fail] HEARTS WAIT: 160s remaining, sleeping in 5s chunks...
[02:49:29] T255: [fail] HEARTS WAIT: 129s remaining, sleeping in 5s chunks...
[02:49:59] T256: [fail] HEARTS WAIT: 99s remaining, sleeping in 5s chunks...
[02:50:30] T257: [fail] HEARTS WAIT: 68s remaining, sleeping in 5s chunks...
[02:51:01] T258: [fail] HEARTS WAIT: 37s remaining, sleeping in 5s chunks...
[02:51:32] T259: [win] HEARTS WAIT: 6s remaining, sleeping in 5s chunks...
[02:51:37] T260: [win] HEARTS WAIT: 1s remaining, sleeping in 5s chunks...
[02:51:43] T261: [win] Multi-tap continue positions
[02:51:47]   [SESSION] Started b7a7fee8e3e6 (start_cells=274)
[02:51:47] T262: [gameplay] Board=274cells/6colors d=+0 [DarkGreen:195, Brown:37, Orange:20, Red:9, DarkRed:8] | Queue=[FP stall=0 fp_top=0.95] | Holder=[_/DarkGreen/DarkGreen/DarkGreen/DarkGreen] (4/5) | 0.5s
[02:51:47]   -> TAP(524,1512) [[FP:0.98] Human pattern (delta=-9, id=3250)]
[02:51:50] T263: [gameplay] Board=274cells/6colors d=+0 [DarkGreen:195, Brown:37, Orange:20, Red:9, DarkRed:8] | Queue=[FP stall=1 fp_top=0.95] | Holder=[_/DarkRed/SageTeal/SageTeal/SageTeal] (4/5) | 0.5s
[02:51:50]   -> TAP(342,1656) [[FP:0.98] Human pattern (delta=-14, id=3702)]
[02:51:54] T264: [gameplay] Board=274cells/6colors d=+0 [DarkGreen:195, Brown:37, Orange:20, Red:9, DarkRed:8] | Queue=[FP stall=2 fp_top=0.95] | Holder=[_/DarkRed/SageTeal/SageTeal/SageTeal] (4/5) | 0.5s
[02:51:54]   -> TAP(723,1537) [[FP:0.98] Human pattern (delta=-37, id=3699)]
[02:51:57]   [EXPLORE] Entering exploration mode (stall x3)
[02:51:57] T265: [gameplay] Board=274cells/6colors d=+0 [DarkGreen:195, Brown:37, Orange:20, Red:9, DarkRed:8] | Queue=[FP stall=3 fp_top=0.95] | Holder=[_/DarkRed/SageTeal/SageTeal/SageTeal] (4/5) | 0.5s
[02:51:57]   -> TAP(316,1516) [[FP:0.97] Human pattern (delta=-28, id=4177)]
[02:52:00] T266: [gameplay] Board=274cells/6colors d=+0 [DarkGreen:195, Brown:37, Orange:20, Red:9, DarkRed:8] | Queue=[FP stall=4 fp_top=0.95] | Holder=[_/DarkRed/SageTeal/SageTeal/SageTeal] (4/5) | 0.5s
[02:52:00]   -> TAP(732,1524) [[FP:0.97] Human pattern (delta=-20, id=3691)]
[02:52:03] T267: [gameplay] Board=274cells/6colors d=+0 [DarkGreen:195, Brown:37, Orange:20, Red:9, DarkRed:8] | Queue=[EXPLORE stall=5 fp_top=0.95] | Holder=[_/DarkRed/_/_/_] (1/5) | 0.6s
[02:52:03]   -> TAP(660,1500) [[EXPLORE:AI_DB] Tap (660,1500) conf=0.50]
[02:52:06]   [LEARN] Explore tap (660,1500) WORKED! (d=-35)
[02:52:06] T268: [gameplay] Board=239cells/6colors d=-35 [DarkGreen:160, Brown:37, Orange:20, Red:9, DarkRed:8] | Queue=[FP stall=0 fp_top=0.95] | Holder=[_/DarkRed/_/_/_] (1/5) | 0.5s
[02:52:06]   -> TAP(524,1512) [[FP:0.96] Human pattern (delta=-9, id=3250)]
[02:52:09] T269: [gameplay] Board=235cells/6colors d=-4 [DarkGreen:156, Brown:37, Orange:20, Red:9, DarkRed:8] | Queue=[FP stall=0 fp_top=0.95] | Holder=[_/DarkRed/_/_/_] (1/5) | 0.5s
[02:52:09]   -> TAP(696,1517) [[FP:0.96] Human pattern (delta=-40, id=6969)]
[02:52:12] T270: [gameplay] Board=235cells/6colors d=+0 [DarkGreen:156, Brown:37, Orange:20, Red:9, DarkRed:8] | Queue=[FP stall=1 fp_top=0.95] | Holder=[_/DarkRed/_/_/_] (1/5) | 0.5s
[02:52:12]   -> TAP(696,1517) [[FP:0.96] Human pattern (delta=-40, id=6969)]
[02:52:15] T271: [gameplay] Board=235cells/6colors d=+0 [DarkGreen:156, Brown:37, Orange:20, Red:9, DarkRed:8] | Queue=[FP stall=2 fp_top=0.95] | Holder=[Silver/DarkRed/_/_/_] (2/5) | 0.5s
[02:52:15]   -> TAP(314,1495) [[FP:0.95] Human pattern (delta=-59, id=4165)]
[02:52:18] T272: [loading] PlayDB: 3 patterns, trying top 2
[02:52:22]   [SESSION] Ended b7a7fee8e3e6: win (10 turns, end_cells=235)
[02:52:22] T273: [win] Multi-tap continue positions
[02:52:26] T274: [fail] Multi-tap close/retry positions
[02:52:30] T275: [win] Multi-tap continue positions
[02:52:34] T276: [fail] HEARTS-EMPTY popup detected (pixel match). Waiting 900s for regen.
[02:52:35] T277: [fail] HEARTS WAIT: 899s remaining, sleeping in 5s chunks...
[02:53:05] T278: [fail] HEARTS WAIT: 868s remaining, sleeping in 5s chunks...
[02:53:36] T279: [fail] HEARTS WAIT: 838s remaining, sleeping in 5s chunks...
[02:54:07] T280: [fail] HEARTS WAIT: 807s remaining, sleeping in 5s chunks...
[02:54:38] T281: [fail] HEARTS WAIT: 776s remaining, sleeping in 5s chunks...
[02:55:09] T282: [fail] HEARTS WAIT: 745s remaining, sleeping in 5s chunks...
[02:55:39] T283: [fail] HEARTS WAIT: 714s remaining, sleeping in 5s chunks...
[02:56:10] T284: [fail] HEARTS WAIT: 684s remaining, sleeping in 5s chunks...
[02:56:41] T285: [fail] HEARTS WAIT: 653s remaining, sleeping in 5s chunks...
[02:57:12] T286: [fail] HEARTS WAIT: 622s remaining, sleeping in 5s chunks...
[02:57:43] T287: [fail] HEARTS WAIT: 591s remaining, sleeping in 5s chunks...
[02:58:13] T288: [fail] HEARTS WAIT: 560s remaining, sleeping in 5s chunks...
[02:58:44] T289: [fail] HEARTS WAIT: 530s remaining, sleeping in 5s chunks...
[02:59:15] T290: [fail] HEARTS WAIT: 499s remaining, sleeping in 5s chunks...
[02:59:46] T291: [fail] HEARTS WAIT: 468s remaining, sleeping in 5s chunks...
[03:00:17] T292: [fail] HEARTS WAIT: 437s remaining, sleeping in 5s chunks...
[03:00:47] T293: [fail] HEARTS WAIT: 407s remaining, sleeping in 5s chunks...
[03:01:18] T294: [fail] HEARTS WAIT: 376s remaining, sleeping in 5s chunks...
[03:01:49] T295: [fail] HEARTS WAIT: 345s remaining, sleeping in 5s chunks...
[03:02:20] T296: [fail] HEARTS WAIT: 314s remaining, sleeping in 5s chunks...
[03:02:50] T297: [fail] HEARTS WAIT: 283s remaining, sleeping in 5s chunks...
[03:03:21] T298: [fail] HEARTS WAIT: 253s remaining, sleeping in 5s chunks...
[03:03:52] T299: [fail] HEARTS WAIT: 222s remaining, sleeping in 5s chunks...
[03:04:23] T300: [fail] HEARTS WAIT: 191s remaining, sleeping in 5s chunks...
[03:04:54] T301: [fail] HEARTS WAIT: 160s remaining, sleeping in 5s chunks...
[03:05:24] T302: [fail] HEARTS WAIT: 129s remaining, sleeping in 5s chunks...
[03:05:55] T303: [fail] HEARTS WAIT: 99s remaining, sleeping in 5s chunks...
[03:06:26] T304: [fail] HEARTS WAIT: 68s remaining, sleeping in 5s chunks...
[03:06:57] T305: [fail] HEARTS WAIT: 37s remaining, sleeping in 5s chunks...
[03:07:28] T306: [fail] HEARTS WAIT: 6s remaining, sleeping in 5s chunks...
[03:07:33] T307: [fail] HEARTS WAIT: 1s remaining, sleeping in 5s chunks...
[03:07:39] T308: [fail] HEARTS-EMPTY popup detected (pixel match). Waiting 900s for regen.
[03:07:39] T309: [fail] HEARTS WAIT: 899s remaining, sleeping in 5s chunks...
[03:08:10] T310: [fail] HEARTS WAIT: 868s remaining, sleeping in 5s chunks...
[03:08:41] T311: [fail] HEARTS WAIT: 838s remaining, sleeping in 5s chunks...
[03:09:11] T312: [fail] HEARTS WAIT: 807s remaining, sleeping in 5s chunks...
[03:09:42] T313: [fail] HEARTS WAIT: 776s remaining, sleeping in 5s chunks...
[03:10:13] T314: [fail] HEARTS WAIT: 745s remaining, sleeping in 5s chunks...
[03:10:44] T315: [fail] HEARTS WAIT: 714s remaining, sleeping in 5s chunks...
[03:11:14] T316: [fail] HEARTS WAIT: 684s remaining, sleeping in 5s chunks...
[03:11:45] T317: [fail] HEARTS WAIT: 653s remaining, sleeping in 5s chunks...
[03:12:16] T318: [fail] HEARTS WAIT: 622s remaining, sleeping in 5s chunks...
[03:12:47] T319: [fail] HEARTS WAIT: 591s remaining, sleeping in 5s chunks...
[03:13:18] T320: [fail] HEARTS WAIT: 561s remaining, sleeping in 5s chunks...
[03:13:49] T321: [fail] HEARTS WAIT: 530s remaining, sleeping in 5s chunks...
[03:14:19] T322: [fail] HEARTS WAIT: 499s remaining, sleeping in 5s chunks...
[03:14:50] T323: [fail] HEARTS WAIT: 468s remaining, sleeping in 5s chunks...
[03:15:21] T324: [fail] HEARTS WAIT: 437s remaining, sleeping in 5s chunks...
[03:15:52] T325: [fail] HEARTS WAIT: 406s remaining, sleeping in 5s chunks...
[03:16:23] T326: [fail] HEARTS WAIT: 376s remaining, sleeping in 5s chunks...
[03:16:53] 
[03:16:53] ============================================================
[03:16:53] SESSION COMPLETE
[03:16:53] ============================================================
[03:16:53] Total turns:   326
[03:16:53] Games started: 5
[03:16:53] Games won:     4
[03:16:53] Games failed:  5
[03:16:53] AI Play DB: E:\AI\virtual_player\data\db\ai_play_pixelflow.db
[03:16:53] Fingerprint DB: E:\AI\virtual_player\data\pixelflow\db\fingerprint.db (loaded)
[03:16:53] Stats saved: E:\AI\virtual_player\data\games\pixelflow\temp\smart\smart_stats.json
