[09:09:05] ============================================================
[09:09:05] Smart PixelFlow Player START
[09:09:05] Duration: 120 min | Target: 11:09:05
[09:09:05] ADB: C:/Program Files/BlueStacks_nxt/HD-Adb.exe | Device: emulator-5554
[09:09:05] YOLO: best.pt
[09:09:05] Profile: cell_profile.json
[FingerprintSearcher] Loaded 4891 rows (win_only=True)
[09:09:05] Fingerprint DB: fingerprint.db (loaded)
[09:09:05] FP threshold: 0.78, top_k: 8
[09:09:05] ============================================================
[09:09:16] T1: [fail] HEARTS-EMPTY popup detected (pixel match). Waiting 900s for regen.
[09:09:17] T2: [fail] HEARTS WAIT: 899s remaining, sleeping in 5s chunks...
[09:09:48] T3: [fail] HEARTS WAIT: 868s remaining, sleeping in 5s chunks...
[09:10:19] T4: [fail] HEARTS WAIT: 837s remaining, sleeping in 5s chunks...
[09:10:50] T5: [fail] HEARTS WAIT: 806s remaining, sleeping in 5s chunks...
[09:11:20] T6: [fail] HEARTS WAIT: 776s remaining, sleeping in 5s chunks...
[09:11:51] T7: [fail] HEARTS WAIT: 745s remaining, sleeping in 5s chunks...
[09:12:22] T8: [fail] HEARTS WAIT: 714s remaining, sleeping in 5s chunks...
[09:12:53] T9: [fail] HEARTS WAIT: 683s remaining, sleeping in 5s chunks...
[09:13:24] T10: [fail] HEARTS WAIT: 652s remaining, sleeping in 5s chunks...
[09:13:55] T11: [fail] HEARTS WAIT: 621s remaining, sleeping in 5s chunks...
[09:14:26] T12: [fail] HEARTS WAIT: 590s remaining, sleeping in 5s chunks...
[09:14:57] T13: [fail] HEARTS WAIT: 559s remaining, sleeping in 5s chunks...
[09:15:27] T14: [fail] HEARTS WAIT: 529s remaining, sleeping in 5s chunks...
[09:15:58] T15: [fail] HEARTS WAIT: 498s remaining, sleeping in 5s chunks...
[09:16:29] T16: [fail] HEARTS WAIT: 467s remaining, sleeping in 5s chunks...
[09:17:00] T17: [fail] HEARTS WAIT: 436s remaining, sleeping in 5s chunks...
[09:17:31] T18: [fail] HEARTS WAIT: 405s remaining, sleeping in 5s chunks...
[09:18:02] T19: [fail] HEARTS WAIT: 374s remaining, sleeping in 5s chunks...
[09:18:33] T20: [fail] HEARTS WAIT: 343s remaining, sleeping in 5s chunks...
[09:19:04] T21: [fail] HEARTS WAIT: 312s remaining, sleeping in 5s chunks...
[09:19:35] T22: [fail] HEARTS WAIT: 281s remaining, sleeping in 5s chunks...
[09:20:05] T23: [fail] HEARTS WAIT: 251s remaining, sleeping in 5s chunks...
[09:20:36] T24: [fail] HEARTS WAIT: 220s remaining, sleeping in 5s chunks...
[09:21:07] T25: [fail] HEARTS WAIT: 189s remaining, sleeping in 5s chunks...
[09:21:38] T26: [win] HEARTS WAIT: 158s remaining, sleeping in 5s chunks...
[09:22:09] T27: [win] HEARTS WAIT: 127s remaining, sleeping in 5s chunks...
[09:22:40] T28: [win] HEARTS WAIT: 96s remaining, sleeping in 5s chunks...
[09:23:11] T29: [win] HEARTS WAIT: 65s remaining, sleeping in 5s chunks...
[09:23:42] T30: [win] HEARTS WAIT: 34s remaining, sleeping in 5s chunks...
[09:24:13] T31: [win] HEARTS WAIT: 3s remaining, sleeping in 5s chunks...
[09:24:18] T32: [win] Multi-tap continue positions
[09:24:24]   [SESSION] Started 6578984b79db (start_cells=284)
[09:24:24] T33: [gameplay] Board=284cells/5colors d=+0 [DarkGreen:202, Brown:40, Orange:28, DarkRed:8, Red:6] | Queue=[FP stall=0 fp_top=0.95] | Holder=[_/DarkGreen/DarkGreen/DarkGreen/DarkGreen] (4/5) | 0.8s
[09:24:24]   -> TAP(314,1495) [[FP:0.95] Human pattern (delta=-59, id=4165)]
[09:24:27] T34: [gameplay] Board=284cells/5colors d=+0 [DarkGreen:202, Brown:40, Orange:28, DarkRed:8, Red:6] | Queue=[FP stall=1 fp_top=0.95] | Holder=[_/DarkGreen/DarkGreen/DarkGreen/DarkGreen] (4/5) | 0.6s
[09:24:27]   -> TAP(696,1517) [[FP:0.97] Human pattern (delta=-40, id=6969)]
[09:24:30] T35: [gameplay] Board=284cells/5colors d=+0 [DarkGreen:202, Brown:40, Orange:28, DarkRed:8, Red:6] | Queue=[FP stall=2 fp_top=0.95] | Holder=[_/DarkGreen/DarkGreen/DarkGreen/DarkGreen] (4/5) | 0.6s
[09:24:30]   -> TAP(316,1516) [[FP:0.97] Human pattern (delta=-28, id=4177)]
[09:24:34] T36: [gameplay] Board=284cells/5colors d=+0 [DarkGreen:202, Brown:40, Orange:28, DarkRed:8, Red:6] | Queue=[FP stall=3 fp_top=0.95] | Holder=[_/DarkGreen/DarkGreen/DarkGreen/DarkGreen] (4/5) | 0.6s
[09:24:34]   -> TAP(342,1656) [[FP:0.97] Human pattern (delta=-14, id=3702)]
[09:24:37] T37: [gameplay] Board=284cells/5colors d=+0 [DarkGreen:202, Brown:40, Orange:28, DarkRed:8, Red:6] | Queue=[FP stall=4 fp_top=0.95] | Holder=[_/DarkGreen/DarkGreen/DarkGreen/DarkGreen] (4/5) | 0.6s
[09:24:37]   -> TAP(723,1537) [[FP:0.97] Human pattern (delta=-37, id=3699)]
[09:24:40]   [EXPLORE] Entering exploration mode (stall x5)
[09:24:41] T38: [gameplay] Board=284cells/5colors d=+0 [DarkGreen:202, Brown:40, Orange:28, DarkRed:8, Red:6] | Queue=[EXPLORE stall=5 fp_top=0.95] | Holder=[_/DarkGreen/DarkGreen/DarkGreen/DarkGreen] (4/5) | 1.4s
[09:24:41]   -> TAP(869,1653) [[EXPLORE:PlayDB] Tap (869,1653) human pattern #1]
[09:24:44] T39: [gameplay] Board=284cells/5colors d=+0 [DarkGreen:202, Brown:40, Orange:28, DarkRed:8, Red:6] | Queue=[EXPLORE stall=6 fp_top=0.95] | Holder=[_/DarkGreen/DarkGreen/DarkGreen/DarkGreen] (4/5) | 0.7s
[09:24:44]   -> TAP(627,1211) [[EXPLORE:PlayDB] Tap (627,1211) human pattern #2]
[09:24:47] T40: [gameplay] Board=284cells/5colors d=+0 [DarkGreen:202, Brown:40, Orange:28, DarkRed:8, Red:6] | Queue=[EXPLORE stall=7 fp_top=0.95] | Holder=[_/DarkGreen/DarkGreen/DarkGreen/DarkGreen] (4/5) | 0.7s
[09:24:47]   -> TAP(202,175) [[EXPLORE:PlayDB] Tap (202,175) human pattern #3]
[09:24:50] T41: [gameplay] Board=284cells/5colors d=+0 [DarkGreen:202, Brown:40, Orange:28, DarkRed:8, Red:6] | Queue=[EXPLORE stall=8 fp_top=0.95] | Holder=[_/DarkGreen/DarkGreen/DarkGreen/DarkGreen] (4/5) | 0.7s
[09:24:50]   -> TAP(817,1164) [[EXPLORE:PlayDB] Tap (817,1164) human pattern #4]
[09:24:53] T42: [gameplay] Board=284cells/5colors d=+0 [DarkGreen:202, Brown:40, Orange:28, DarkRed:8, Red:6] | Queue=[EXPLORE stall=9 fp_top=0.95] | Holder=[_/DarkGreen/DarkGreen/DarkGreen/DarkGreen] (4/5) | 0.7s
[09:24:53]   -> TAP(280,1500) [[EXPLORE:ZONE:0] Tap zone (280,1500)]
[09:24:56] T43: [gameplay] Board=284cells/5colors d=+0 [DarkGreen:202, Brown:40, Orange:28, DarkRed:8, Red:6] | Queue=[EXPLORE stall=10 fp_top=0.95] | Holder=[_/DarkGreen/DarkGreen/DarkGreen/DarkGreen] (4/5) | 0.6s
[09:24:56]   -> TAP(400,1500) [[EXPLORE:ZONE:1] Tap zone (400,1500)]
[09:24:59] T44: [gameplay] Board=284cells/5colors d=+0 [DarkGreen:202, Brown:40, Orange:28, DarkRed:8, Red:6] | Queue=[EXPLORE stall=11 fp_top=0.95] | Holder=[_/DarkGreen/DarkGreen/DarkGreen/DarkGreen] (4/5) | 0.7s
[09:24:59]   -> TAP(530,1500) [[EXPLORE:ZONE:2] Tap zone (530,1500)]
[09:25:02] T45: [gameplay] Board=284cells/5colors d=+0 [DarkGreen:202, Brown:40, Orange:28, DarkRed:8, Red:6] | Queue=[EXPLORE stall=12 fp_top=0.95] | Holder=[_/DarkRed/SageTeal/SageTeal/SageTeal] (4/5) | 0.7s
[09:25:02]   -> TAP(660,1500) [[EXPLORE:ZONE:3] Tap zone (660,1500)]
[09:25:05] T46: [gameplay] Board=284cells/5colors d=+0 [DarkGreen:202, Brown:40, Orange:28, DarkRed:8, Red:6] | Queue=[EXPLORE stall=13 fp_top=0.95] | Holder=[_/DarkRed/_/_/_] (1/5) | 0.7s
[09:25:05]   -> TAP(780,1500) [[EXPLORE:ZONE:4] Tap zone (780,1500)]
[09:25:08]   [LEARN] Explore tap (780,1500) WORKED! (d=-32)
[09:25:08] T47: [gameplay] Board=252cells/5colors d=-32 [DarkGreen:170, Brown:40, Orange:28, DarkRed:8, Red:6] | Queue=[FP stall=0 fp_top=0.95] | Holder=[_/DarkRed/_/_/_] (1/5) | 0.7s
[09:25:08]   -> TAP(314,1495) [[FP:0.95] Human pattern (delta=-59, id=4165)]
[09:25:11] T48: [gameplay] Board=247cells/5colors d=-5 [DarkGreen:165, Brown:40, Orange:28, DarkRed:8, Red:6] | Queue=[FP stall=0 fp_top=0.95] | Holder=[_/DarkRed/_/_/_] (1/5) | 0.6s
[09:25:11]   -> TAP(524,1512) [[FP:0.96] Human pattern (delta=-9, id=3250)]
[09:25:14] T49: [gameplay] Board=247cells/5colors d=+0 [DarkGreen:165, Brown:40, Orange:28, DarkRed:8, Red:6] | Queue=[FP stall=1 fp_top=0.95] | Holder=[_/DarkRed/_/_/_] (1/5) | 0.6s
[09:25:14]   -> TAP(696,1517) [[FP:0.96] Human pattern (delta=-40, id=6969)]
[09:25:18] T50: [gameplay] Board=247cells/5colors d=+0 [DarkGreen:165, Brown:40, Orange:28, DarkRed:8, Red:6] | Queue=[FP stall=2 fp_top=0.95] | Holder=[_/Periwinkle/_/_/_] (1/5) | 0.6s
[09:25:18]   -> TAP(342,1656) [[FP:0.96] Human pattern (delta=-14, id=3702)]
[09:25:21]   [SESSION] Ended 6578984b79db: fail (18 turns, end_cells=247)
[09:25:21] T51: [fail] Multi-tap close/retry positions
[09:25:25] T52: [win] Multi-tap continue positions
[09:25:29] T53: [fail] HEARTS-EMPTY popup detected (pixel match). Waiting 900s for regen.
[09:25:30] T54: [fail] HEARTS WAIT: 899s remaining, sleeping in 5s chunks...
[09:26:01] T55: [fail] HEARTS WAIT: 868s remaining, sleeping in 5s chunks...
[09:26:32] T56: [fail] HEARTS WAIT: 837s remaining, sleeping in 5s chunks...
[09:27:02] T57: [fail] HEARTS WAIT: 807s remaining, sleeping in 5s chunks...
[09:27:33] T58: [fail] HEARTS WAIT: 775s remaining, sleeping in 5s chunks...
[09:28:04] T59: [fail] HEARTS WAIT: 745s remaining, sleeping in 5s chunks...
[09:28:35] T60: [fail] HEARTS WAIT: 714s remaining, sleeping in 5s chunks...
[09:29:06] T61: [fail] HEARTS WAIT: 683s remaining, sleeping in 5s chunks...
[09:29:37] T62: [fail] HEARTS WAIT: 652s remaining, sleeping in 5s chunks...
[09:30:08] T63: [fail] HEARTS WAIT: 621s remaining, sleeping in 5s chunks...
[09:30:39] T64: [fail] HEARTS WAIT: 590s remaining, sleeping in 5s chunks...
[09:31:10] T65: [fail] HEARTS WAIT: 559s remaining, sleeping in 5s chunks...
[09:31:41] T66: [fail] HEARTS WAIT: 528s remaining, sleeping in 5s chunks...
[09:32:11] T67: [fail] HEARTS WAIT: 498s remaining, sleeping in 5s chunks...
[09:32:42] T68: [fail] HEARTS WAIT: 467s remaining, sleeping in 5s chunks...
[09:33:13] T69: [fail] HEARTS WAIT: 436s remaining, sleeping in 5s chunks...
[09:33:44] T70: [fail] HEARTS WAIT: 405s remaining, sleeping in 5s chunks...
[09:34:15] T71: [fail] HEARTS WAIT: 374s remaining, sleeping in 5s chunks...
[09:34:46] T72: [fail] HEARTS WAIT: 343s remaining, sleeping in 5s chunks...
[09:35:17] T73: [fail] HEARTS WAIT: 312s remaining, sleeping in 5s chunks...
[09:35:48] T74: [fail] HEARTS WAIT: 281s remaining, sleeping in 5s chunks...
[09:36:19] T75: [fail] HEARTS WAIT: 250s remaining, sleeping in 5s chunks...
[09:36:50] T76: [fail] HEARTS WAIT: 219s remaining, sleeping in 5s chunks...
[09:37:21] T77: [fail] HEARTS WAIT: 188s remaining, sleeping in 5s chunks...
[09:37:52] T78: [fail] HEARTS WAIT: 157s remaining, sleeping in 5s chunks...
[09:38:23] T79: [fail] HEARTS WAIT: 126s remaining, sleeping in 5s chunks...
[09:38:54] T80: [fail] HEARTS WAIT: 95s remaining, sleeping in 5s chunks...
[09:39:25] T81: [fail] HEARTS WAIT: 64s remaining, sleeping in 5s chunks...
[09:39:56] T82: [fail] HEARTS WAIT: 33s remaining, sleeping in 5s chunks...
[09:40:27] T83: [fail] HEARTS WAIT: 2s remaining, sleeping in 5s chunks...
[09:40:32] T84: [fail] HEARTS-EMPTY popup detected (pixel match). Waiting 900s for regen.
[09:40:33] T85: [fail] HEARTS WAIT: 899s remaining, sleeping in 5s chunks...
[09:41:04] T86: [fail] HEARTS WAIT: 868s remaining, sleeping in 5s chunks...
[09:41:35] T87: [fail] HEARTS WAIT: 837s remaining, sleeping in 5s chunks...
[09:42:06] T88: [fail] HEARTS WAIT: 806s remaining, sleeping in 5s chunks...
[09:42:37] T89: [fail] HEARTS WAIT: 775s remaining, sleeping in 5s chunks...
[09:43:08] T90: [fail] HEARTS WAIT: 744s remaining, sleeping in 5s chunks...
[09:43:39] T91: [fail] HEARTS WAIT: 713s remaining, sleeping in 5s chunks...
[09:44:10] T92: [fail] HEARTS WAIT: 682s remaining, sleeping in 5s chunks...
[09:44:41] T93: [fail] HEARTS WAIT: 651s remaining, sleeping in 5s chunks...
[09:45:12] T94: [fail] HEARTS WAIT: 620s remaining, sleeping in 5s chunks...
[09:45:43] T95: [fail] HEARTS WAIT: 589s remaining, sleeping in 5s chunks...
[09:46:14] T96: [fail] HEARTS WAIT: 558s remaining, sleeping in 5s chunks...
[09:46:45] T97: [fail] HEARTS WAIT: 527s remaining, sleeping in 5s chunks...
[09:47:16] T98: [fail] HEARTS WAIT: 496s remaining, sleeping in 5s chunks...
[09:47:47] T99: [fail] HEARTS WAIT: 465s remaining, sleeping in 5s chunks...
[09:48:18] T100: [fail] HEARTS WAIT: 434s remaining, sleeping in 5s chunks...
[09:48:49] T101: [fail] HEARTS WAIT: 403s remaining, sleeping in 5s chunks...
[09:49:20] T102: [fail] HEARTS WAIT: 372s remaining, sleeping in 5s chunks...
[09:49:51] T103: [fail] HEARTS WAIT: 341s remaining, sleeping in 5s chunks...
[09:50:22] T104: [fail] HEARTS WAIT: 310s remaining, sleeping in 5s chunks...
[09:50:53] T105: [fail] HEARTS WAIT: 278s remaining, sleeping in 5s chunks...
[09:51:25] T106: [win] HEARTS WAIT: 247s remaining, sleeping in 5s chunks...
[09:51:56] T107: [win] HEARTS WAIT: 216s remaining, sleeping in 5s chunks...
[09:52:27] T108: [win] HEARTS WAIT: 185s remaining, sleeping in 5s chunks...
[09:52:58] T109: [win] HEARTS WAIT: 154s remaining, sleeping in 5s chunks...
[09:53:30] T110: [win] HEARTS WAIT: 122s remaining, sleeping in 5s chunks...
[09:54:01] T111: [win] HEARTS WAIT: 91s remaining, sleeping in 5s chunks...
[09:54:32] T112: [win] HEARTS WAIT: 60s remaining, sleeping in 5s chunks...
[09:55:03] T113: [win] HEARTS WAIT: 29s remaining, sleeping in 5s chunks...
[09:55:29] T114: [win] HEARTS WAIT: 3s remaining, sleeping in 5s chunks...
[09:55:35] T115: [win] Multi-tap continue positions
[09:55:40]   [SESSION] Started 50e1a27080b1 (start_cells=289)
[09:55:40] T116: [gameplay] Board=289cells/6colors d=+0 [DarkGreen:201, Brown:38, Orange:20, Red:18, DarkRed:8] | Queue=[FP stall=0 fp_top=0.95] | Holder=[_/DarkGreen/DarkGreen/DarkGreen/DarkGreen] (4/5) | 0.7s
[09:55:40]   -> TAP(316,1516) [[FP:0.97] Human pattern (delta=-28, id=4177)]
[09:55:43] T117: [gameplay] Board=289cells/6colors d=+0 [DarkGreen:201, Brown:38, Orange:20, Red:18, DarkRed:8] | Queue=[FP stall=1 fp_top=0.95] | Holder=[_/DarkGreen/DarkGreen/DarkGreen/DarkGreen] (4/5) | 0.7s
[09:55:43]   -> TAP(732,1524) [[FP:0.97] Human pattern (delta=-20, id=3691)]
[09:55:47] T118: [gameplay] Board=289cells/6colors d=+0 [DarkGreen:201, Brown:38, Orange:20, Red:18, DarkRed:8] | Queue=[FP stall=2 fp_top=0.95] | Holder=[_/DarkGreen/DarkGreen/DarkGreen/DarkGreen] (4/5) | 0.7s
[09:55:47]   -> TAP(314,1495) [[FP:0.95] Human pattern (delta=-59, id=4165)]
[09:55:50] T119: [gameplay] Board=289cells/6colors d=+0 [DarkGreen:201, Brown:38, Orange:20, Red:18, DarkRed:8] | Queue=[FP stall=3 fp_top=0.95] | Holder=[_/DarkGreen/DarkGreen/DarkGreen/DarkGreen] (4/5) | 0.7s
[09:55:50]   -> TAP(524,1512) [[FP:0.97] Human pattern (delta=-9, id=3250)]
[09:55:54] T120: [gameplay] Board=289cells/6colors d=+0 [DarkGreen:201, Brown:38, Orange:20, Red:18, DarkRed:8] | Queue=[FP stall=4 fp_top=0.95] | Holder=[_/DarkRed/SageTeal/_/SageTeal] (3/5) | 0.7s
[09:55:54]   -> TAP(696,1517) [[FP:0.97] Human pattern (delta=-40, id=6969)]
[09:55:57]   [EXPLORE] Entering exploration mode (stall x5)
[09:55:57] T121: [gameplay] Board=289cells/6colors d=+0 [DarkGreen:201, Brown:38, Orange:20, Red:18, DarkRed:8] | Queue=[EXPLORE stall=5 fp_top=0.95] | Holder=[_/DarkRed/_/_/_] (1/5) | 0.7s
[09:55:57]   -> TAP(869,1653) [[EXPLORE:PlayDB] Tap (869,1653) human pattern #1]
[09:56:00]   [LEARN] Explore tap (869,1653) WORKED! (d=-34)
[09:56:00] T122: [gameplay] Board=255cells/6colors d=-34 [DarkGreen:167, Brown:38, Orange:20, Red:18, DarkRed:8] | Queue=[FP stall=0 fp_top=0.95] | Holder=[_/DarkRed/_/_/_] (1/5) | 0.6s
[09:56:00]   -> TAP(316,1516) [[FP:0.97] Human pattern (delta=-28, id=4177)]
[09:56:04] T123: [gameplay] Board=252cells/6colors d=-3 [DarkGreen:164, Brown:38, Orange:20, Red:18, DarkRed:8] | Queue=[FP stall=0 fp_top=0.95] | Holder=[_/DarkRed/_/_/_] (1/5) | 0.6s
[09:56:04]   -> TAP(342,1656) [[FP:0.96] Human pattern (delta=-14, id=3702)]
[09:56:07] T124: [gameplay] Board=252cells/6colors d=+0 [DarkGreen:164, Brown:38, Orange:20, Red:18, DarkRed:8] | Queue=[FP stall=1 fp_top=0.95] | Holder=[_/DarkRed/_/_/_] (1/5) | 0.7s
[09:56:07]   -> TAP(314,1495) [[FP:0.95] Human pattern (delta=-59, id=4165)]
[09:56:11] T125: [gameplay] Board=252cells/6colors d=+0 [DarkGreen:164, Brown:38, Orange:20, Red:18, DarkRed:8] | Queue=[FP stall=2 fp_top=0.95] | Holder=[_/DarkRed/_/_/_] (1/5) | 0.7s
[09:56:11]   -> TAP(524,1512) [[FP:0.96] Human pattern (delta=-9, id=3250)]
[09:56:14] T126: [gameplay] Board=252cells/6colors d=+0 [DarkGreen:164, Brown:38, Orange:20, Red:18, DarkRed:8] | Queue=[FP stall=3 fp_top=0.95] | Holder=[_/DarkRed/_/_/_] (1/5) | 0.6s
[09:56:14]   -> TAP(696,1517) [[FP:0.96] Human pattern (delta=-40, id=6969)]
[09:56:17] T127: [gameplay] Board=252cells/6colors d=+0 [DarkGreen:164, Brown:38, Orange:20, Red:18, DarkRed:8] | Queue=[FP stall=4 fp_top=0.95] | Holder=[_/DarkRed/_/_/_] (1/5) | 0.6s
[09:56:17]   -> TAP(732,1524) [[FP:0.96] Human pattern (delta=-20, id=3691)]
[09:56:21]   [EXPLORE] Entering exploration mode (stall x5)
[09:56:21] T128: [gameplay] Board=252cells/6colors d=+0 [DarkGreen:164, Brown:38, Orange:20, Red:18, DarkRed:8] | Queue=[EXPLORE stall=5 fp_top=0.95] | Holder=[SageTeal/DarkRed/_/_/_] (2/5) | 0.8s
[09:56:21]   -> TAP(869,1653) [[EXPLORE:PlayDB] Tap (869,1653) human pattern #1]
[09:56:24]   [SESSION] Ended 50e1a27080b1: fail (13 turns, end_cells=252)
[09:56:24] T129: [fail] Multi-tap close/retry positions
[09:56:29] T130: [win] Multi-tap continue positions
[09:56:33] T131: [fail] HEARTS-EMPTY popup detected (pixel match). Waiting 900s for regen.
[09:56:33] T132: [fail] HEARTS WAIT: 899s remaining, sleeping in 5s chunks...
[09:57:04] T133: [fail] HEARTS WAIT: 868s remaining, sleeping in 5s chunks...
[09:57:36] T134: [fail] HEARTS WAIT: 837s remaining, sleeping in 5s chunks...
[09:58:07] T135: [fail] HEARTS WAIT: 805s remaining, sleeping in 5s chunks...
[09:58:38] T136: [fail] HEARTS WAIT: 774s remaining, sleeping in 5s chunks...
[09:59:10] T137: [fail] HEARTS WAIT: 742s remaining, sleeping in 5s chunks...
[09:59:41] T138: [fail] HEARTS WAIT: 712s remaining, sleeping in 5s chunks...
[10:00:12] T139: [fail] HEARTS WAIT: 681s remaining, sleeping in 5s chunks...
[10:00:43] T140: [fail] HEARTS WAIT: 650s remaining, sleeping in 5s chunks...
[10:01:14] T141: [fail] HEARTS WAIT: 619s remaining, sleeping in 5s chunks...
[10:01:44] T142: [fail] HEARTS WAIT: 588s remaining, sleeping in 5s chunks...
[10:02:15] T143: [fail] HEARTS WAIT: 557s remaining, sleeping in 5s chunks...
[10:02:46] T144: [fail] HEARTS WAIT: 526s remaining, sleeping in 5s chunks...
[10:03:17] T145: [fail] HEARTS WAIT: 495s remaining, sleeping in 5s chunks...
[10:03:48] T146: [fail] HEARTS WAIT: 465s remaining, sleeping in 5s chunks...
[10:04:19] T147: [fail] HEARTS WAIT: 434s remaining, sleeping in 5s chunks...
[10:04:49] T148: [fail] HEARTS WAIT: 403s remaining, sleeping in 5s chunks...
[10:05:20] T149: [fail] HEARTS WAIT: 372s remaining, sleeping in 5s chunks...
[10:05:51] T150: [fail] HEARTS WAIT: 341s remaining, sleeping in 5s chunks...
[10:06:22] T151: [fail] HEARTS WAIT: 310s remaining, sleeping in 5s chunks...
[10:06:53] T152: [fail] HEARTS WAIT: 279s remaining, sleeping in 5s chunks...
[10:07:24] T153: [fail] HEARTS WAIT: 249s remaining, sleeping in 5s chunks...
[10:07:55] T154: [fail] HEARTS WAIT: 218s remaining, sleeping in 5s chunks...
[10:08:26] T155: [fail] HEARTS WAIT: 187s remaining, sleeping in 5s chunks...
[10:08:56] T156: [fail] HEARTS WAIT: 156s remaining, sleeping in 5s chunks...
[10:09:27] T157: [fail] HEARTS WAIT: 125s remaining, sleeping in 5s chunks...
[10:09:58] T158: [fail] HEARTS WAIT: 94s remaining, sleeping in 5s chunks...
[10:10:29] T159: [fail] HEARTS WAIT: 63s remaining, sleeping in 5s chunks...
[10:11:00] T160: [fail] HEARTS WAIT: 32s remaining, sleeping in 5s chunks...
[10:11:31] T161: [fail] HEARTS WAIT: 2s remaining, sleeping in 5s chunks...
[10:11:36] T162: [fail] HEARTS-EMPTY popup detected (pixel match). Waiting 900s for regen.
[10:11:37] T163: [fail] HEARTS WAIT: 899s remaining, sleeping in 5s chunks...
[10:12:08] T164: [fail] HEARTS WAIT: 868s remaining, sleeping in 5s chunks...
[10:12:39] T165: [fail] HEARTS WAIT: 837s remaining, sleeping in 5s chunks...
[10:13:09] T166: [fail] HEARTS WAIT: 806s remaining, sleeping in 5s chunks...
[10:13:40] T167: [fail] HEARTS WAIT: 776s remaining, sleeping in 5s chunks...
[10:14:11] T168: [fail] HEARTS WAIT: 745s remaining, sleeping in 5s chunks...
[10:14:42] T169: [fail] HEARTS WAIT: 714s remaining, sleeping in 5s chunks...
[10:15:13] T170: [fail] HEARTS WAIT: 683s remaining, sleeping in 5s chunks...
[10:15:44] T171: [fail] HEARTS WAIT: 652s remaining, sleeping in 5s chunks...
[10:16:15] T172: [fail] HEARTS WAIT: 621s remaining, sleeping in 5s chunks...
[10:16:46] T173: [fail] HEARTS WAIT: 590s remaining, sleeping in 5s chunks...
[10:17:16] T174: [fail] HEARTS WAIT: 559s remaining, sleeping in 5s chunks...
[10:17:47] T175: [fail] HEARTS WAIT: 528s remaining, sleeping in 5s chunks...
[10:18:18] T176: [fail] HEARTS WAIT: 498s remaining, sleeping in 5s chunks...
[10:18:49] T177: [fail] HEARTS WAIT: 467s remaining, sleeping in 5s chunks...
[10:19:20] T178: [fail] HEARTS WAIT: 436s remaining, sleeping in 5s chunks...
[10:19:51] T179: [fail] HEARTS WAIT: 405s remaining, sleeping in 5s chunks...
[10:20:21] T180: [fail] HEARTS WAIT: 374s remaining, sleeping in 5s chunks...
[10:20:52] T181: [fail] HEARTS WAIT: 344s remaining, sleeping in 5s chunks...
[10:21:23] T182: [win] HEARTS WAIT: 313s remaining, sleeping in 5s chunks...
[10:21:54] T183: [win] HEARTS WAIT: 282s remaining, sleeping in 5s chunks...
[10:22:25] T184: [win] HEARTS WAIT: 251s remaining, sleeping in 5s chunks...
[10:22:56] T185: [win] HEARTS WAIT: 220s remaining, sleeping in 5s chunks...
[10:23:27] T186: [win] HEARTS WAIT: 189s remaining, sleeping in 5s chunks...
[10:23:58] T187: [win] HEARTS WAIT: 158s remaining, sleeping in 5s chunks...
[10:24:29] T188: [win] HEARTS WAIT: 127s remaining, sleeping in 5s chunks...
[10:25:00] T189: [win] HEARTS WAIT: 96s remaining, sleeping in 5s chunks...
[10:25:31] T190: [win] HEARTS WAIT: 65s remaining, sleeping in 5s chunks...
[10:26:02] T191: [win] HEARTS WAIT: 34s remaining, sleeping in 5s chunks...
[10:26:33] T192: [win] HEARTS WAIT: 3s remaining, sleeping in 5s chunks...
[10:26:38] T193: [win] Multi-tap continue positions
[10:26:43]   [SESSION] Started 24ed7562ded7 (start_cells=290)
[10:26:43] T194: [gameplay] Board=290cells/6colors d=+0 [DarkGreen:203, Brown:38, Orange:20, Red:15, DarkRed:10] | Queue=[FP stall=0 fp_top=0.97] | Holder=[_/DarkGreen/DarkGreen/DarkGreen/DarkGreen] (4/5) | 0.7s
[10:26:43]   -> TAP(717,1495) [[FP:0.97] Human pattern (delta=-43, id=6857)]
[10:26:47] T195: [gameplay] Board=290cells/6colors d=+0 [DarkGreen:203, Brown:38, Orange:20, Red:15, DarkRed:10] | Queue=[FP stall=1 fp_top=0.97] | Holder=[_/DarkGreen/DarkGreen/DarkGreen/DarkGreen] (4/5) | 0.6s
[10:26:47]   -> TAP(342,1656) [[FP:0.97] Human pattern (delta=-14, id=3702)]
[10:26:50] T196: [gameplay] Board=290cells/6colors d=+0 [DarkGreen:203, Brown:38, Orange:20, Red:15, DarkRed:10] | Queue=[FP stall=2 fp_top=0.97] | Holder=[_/DarkGreen/DarkGreen/DarkGreen/DarkGreen] (4/5) | 0.6s
[10:26:50]   -> TAP(316,1516) [[FP:0.97] Human pattern (delta=-28, id=4177)]
[10:26:54] T197: [gameplay] Board=290cells/6colors d=+0 [DarkGreen:203, Brown:38, Orange:20, Red:15, DarkRed:10] | Queue=[FP stall=3 fp_top=0.97] | Holder=[_/DarkGreen/DarkGreen/DarkGreen/DarkGreen] (4/5) | 0.6s
[10:26:54]   -> TAP(524,1512) [[FP:0.97] Human pattern (delta=-9, id=3250)]
[10:26:57] T198: [gameplay] Board=290cells/6colors d=+0 [DarkGreen:203, Brown:38, Orange:20, Red:15, DarkRed:10] | Queue=[FP stall=4 fp_top=0.97] | Holder=[_/DarkRed/SageTeal/SageTeal/SageTeal] (4/5) | 0.7s
[10:26:57]   -> TAP(696,1517) [[FP:0.97] Human pattern (delta=-40, id=6969)]
[10:27:01] T199: [gameplay] Board=290cells/6colors d=+0 [DarkGreen:203, Brown:38, Orange:20, Red:15, DarkRed:10] | Queue=[EXPLORE stall=5 fp_top=0.97] | Holder=[_/DarkRed/_/_/_] (1/5) | 1.4s
[10:27:01]   -> TAP(627,1211) [[EXPLORE:PlayDB] Tap (627,1211) human pattern #2]
[10:27:04]   [LEARN] Explore tap (627,1211) WORKED! (d=-37)
[10:27:04] T200: [gameplay] Board=253cells/6colors d=-37 [DarkGreen:166, Brown:38, Orange:20, Red:15, DarkRed:10] | Queue=[FP stall=0 fp_top=0.95] | Holder=[_/DarkRed/_/_/_] (1/5) | 0.6s
[10:27:04]   -> TAP(314,1495) [[FP:0.95] Human pattern (delta=-59, id=4165)]
[10:27:08] T201: [gameplay] Board=253cells/6colors d=+0 [DarkGreen:166, Brown:38, Orange:20, Red:15, DarkRed:10] | Queue=[FP stall=1 fp_top=0.95] | Holder=[_/DarkRed/_/_/_] (1/5) | 0.6s
[10:27:08]   -> TAP(342,1656) [[FP:0.96] Human pattern (delta=-14, id=3702)]
[10:27:11] T202: [gameplay] Board=253cells/6colors d=+0 [DarkGreen:166, Brown:38, Orange:20, Red:15, DarkRed:10] | Queue=[FP stall=2 fp_top=0.95] | Holder=[_/DarkRed/_/_/_] (1/5) | 0.6s
[10:27:11]   -> TAP(316,1516) [[FP:0.97] Human pattern (delta=-28, id=4177)]
[10:27:14] T203: [gameplay] Board=253cells/6colors d=+0 [DarkGreen:166, Brown:38, Orange:20, Red:15, DarkRed:10] | Queue=[FP stall=3 fp_top=0.95] | Holder=[_/DarkRed/_/_/_] (1/5) | 0.7s
[10:27:14]   -> TAP(524,1512) [[FP:0.96] Human pattern (delta=-9, id=3250)]
[10:27:18] T204: [gameplay] Board=253cells/6colors d=+0 [DarkGreen:166, Brown:38, Orange:20, Red:15, DarkRed:10] | Queue=[FP stall=4 fp_top=0.95] | Holder=[_/DarkRed/_/_/_] (1/5) | 0.6s
[10:27:18]   -> TAP(696,1517) [[FP:0.96] Human pattern (delta=-40, id=6969)]
[10:27:21]   [EXPLORE] Entering exploration mode (stall x5)
[10:27:21] T205: [gameplay] Board=253cells/6colors d=+0 [DarkGreen:166, Brown:38, Orange:20, Red:15, DarkRed:10] | Queue=[EXPLORE stall=5 fp_top=0.95] | Holder=[_/Periwinkle/_/_/_] (1/5) | 0.7s
[10:27:21]   -> TAP(869,1653) [[EXPLORE:PlayDB] Tap (869,1653) human pattern #1]
[10:27:24] T206: [gameplay] Board=253cells/6colors d=+0 [DarkGreen:166, Brown:38, Orange:20, Red:15, DarkRed:10] | Queue=[EXPLORE stall=6 fp_top=0.95] | Holder=[_/DarkRed/_/_/_] (1/5) | 1.0s
[10:27:24]   -> TAP(627,1211) [[EXPLORE:PlayDB] Tap (627,1211) human pattern #2]
[10:27:27]   [SESSION] Ended 24ed7562ded7: fail (13 turns, end_cells=253)
[10:27:27] T207: [fail] Multi-tap close/retry positions
[10:27:31] T208: [win] Multi-tap continue positions
[10:27:35] T209: [fail] HEARTS-EMPTY popup detected (pixel match). Waiting 900s for regen.
[10:27:36] T210: [fail] HEARTS WAIT: 899s remaining, sleeping in 5s chunks...
[10:28:07] T211: [fail] HEARTS WAIT: 868s remaining, sleeping in 5s chunks...
[10:28:38] T212: [fail] HEARTS WAIT: 837s remaining, sleeping in 5s chunks...
[10:29:09] T213: [fail] HEARTS WAIT: 806s remaining, sleeping in 5s chunks...
[10:29:39] T214: [fail] HEARTS WAIT: 775s remaining, sleeping in 5s chunks...
[10:30:10] T215: [fail] HEARTS WAIT: 745s remaining, sleeping in 5s chunks...
[10:30:41] T216: [fail] HEARTS WAIT: 714s remaining, sleeping in 5s chunks...
[10:31:12] T217: [fail] HEARTS WAIT: 683s remaining, sleeping in 5s chunks...
[10:31:43] T218: [fail] HEARTS WAIT: 652s remaining, sleeping in 5s chunks...
[10:32:14] T219: [fail] HEARTS WAIT: 621s remaining, sleeping in 5s chunks...
[10:32:45] T220: [fail] HEARTS WAIT: 590s remaining, sleeping in 5s chunks...
[10:33:16] T221: [fail] HEARTS WAIT: 559s remaining, sleeping in 5s chunks...
[10:33:47] T222: [fail] HEARTS WAIT: 528s remaining, sleeping in 5s chunks...
[10:34:17] T223: [fail] HEARTS WAIT: 498s remaining, sleeping in 5s chunks...
[10:34:48] T224: [fail] HEARTS WAIT: 467s remaining, sleeping in 5s chunks...
[10:35:19] T225: [fail] HEARTS WAIT: 436s remaining, sleeping in 5s chunks...
[10:35:51] T226: [fail] HEARTS WAIT: 404s remaining, sleeping in 5s chunks...
[10:36:21] T227: [fail] HEARTS WAIT: 374s remaining, sleeping in 5s chunks...
[10:36:52] T228: [fail] HEARTS WAIT: 343s remaining, sleeping in 5s chunks...
[10:37:23] T229: [fail] HEARTS WAIT: 312s remaining, sleeping in 5s chunks...
[10:37:54] T230: [fail] HEARTS WAIT: 281s remaining, sleeping in 5s chunks...
[10:38:25] T231: [fail] HEARTS WAIT: 250s remaining, sleeping in 5s chunks...
[10:38:56] T232: [fail] HEARTS WAIT: 219s remaining, sleeping in 5s chunks...
[10:39:27] T233: [fail] HEARTS WAIT: 188s remaining, sleeping in 5s chunks...
[10:39:58] T234: [fail] HEARTS WAIT: 157s remaining, sleeping in 5s chunks...
[10:40:29] T235: [fail] HEARTS WAIT: 126s remaining, sleeping in 5s chunks...
[10:40:59] T236: [fail] HEARTS WAIT: 95s remaining, sleeping in 5s chunks...
[10:41:31] T237: [fail] HEARTS WAIT: 64s remaining, sleeping in 5s chunks...
[10:42:02] T238: [fail] HEARTS WAIT: 33s remaining, sleeping in 5s chunks...
[10:42:32] T239: [fail] HEARTS WAIT: 3s remaining, sleeping in 5s chunks...
[10:42:38] T240: [fail] HEARTS-EMPTY popup detected (pixel match). Waiting 900s for regen.
[10:42:38] T241: [fail] HEARTS WAIT: 899s remaining, sleeping in 5s chunks...
[10:43:09] T242: [fail] HEARTS WAIT: 868s remaining, sleeping in 5s chunks...
[10:43:40] T243: [fail] HEARTS WAIT: 837s remaining, sleeping in 5s chunks...
[10:44:11] T244: [fail] HEARTS WAIT: 806s remaining, sleeping in 5s chunks...
[10:44:42] T245: [fail] HEARTS WAIT: 775s remaining, sleeping in 5s chunks...
[10:45:13] T246: [fail] HEARTS WAIT: 744s remaining, sleeping in 5s chunks...
[10:45:44] T247: [fail] HEARTS WAIT: 714s remaining, sleeping in 5s chunks...
[10:46:15] T248: [fail] HEARTS WAIT: 683s remaining, sleeping in 5s chunks...
[10:46:46] T249: [fail] HEARTS WAIT: 652s remaining, sleeping in 5s chunks...
[10:47:17] T250: [fail] HEARTS WAIT: 621s remaining, sleeping in 5s chunks...
[10:47:47] T251: [fail] HEARTS WAIT: 590s remaining, sleeping in 5s chunks...
[10:48:18] T252: [fail] HEARTS WAIT: 559s remaining, sleeping in 5s chunks...
[10:48:49] T253: [fail] HEARTS WAIT: 528s remaining, sleeping in 5s chunks...
[10:49:20] T254: [fail] HEARTS WAIT: 497s remaining, sleeping in 5s chunks...
[10:49:51] T255: [fail] HEARTS WAIT: 466s remaining, sleeping in 5s chunks...
[10:50:22] T256: [fail] HEARTS WAIT: 435s remaining, sleeping in 5s chunks...
[10:50:53] T257: [fail] HEARTS WAIT: 404s remaining, sleeping in 5s chunks...
[10:51:24] T258: [win] HEARTS WAIT: 373s remaining, sleeping in 5s chunks...
[10:51:55] T259: [win] HEARTS WAIT: 342s remaining, sleeping in 5s chunks...
[10:52:26] T260: [win] HEARTS WAIT: 312s remaining, sleeping in 5s chunks...
[10:52:57] T261: [win] HEARTS WAIT: 281s remaining, sleeping in 5s chunks...
[10:53:28] T262: [win] HEARTS WAIT: 250s remaining, sleeping in 5s chunks...
[10:53:59] T263: [win] HEARTS WAIT: 219s remaining, sleeping in 5s chunks...
[10:54:30] T264: [win] HEARTS WAIT: 188s remaining, sleeping in 5s chunks...
[10:55:01] T265: [win] HEARTS WAIT: 157s remaining, sleeping in 5s chunks...
[10:55:32] T266: [win] HEARTS WAIT: 126s remaining, sleeping in 5s chunks...
[10:56:03] T267: [win] HEARTS WAIT: 95s remaining, sleeping in 5s chunks...
[10:56:34] T268: [win] HEARTS WAIT: 64s remaining, sleeping in 5s chunks...
[10:57:05] T269: [win] HEARTS WAIT: 33s remaining, sleeping in 5s chunks...
[10:57:36] T270: [win] HEARTS WAIT: 2s remaining, sleeping in 5s chunks...
[10:57:41] T271: [win] Multi-tap continue positions
[10:57:46]   [SESSION] Started 5bc1bc37c5c6 (start_cells=279)
[10:57:46] T272: [gameplay] Board=279cells/5colors d=+0 [DarkGreen:196, Brown:42, Orange:26, DarkRed:8, Red:7] | Queue=[FP stall=0 fp_top=0.95] | Holder=[_/DarkGreen/DarkGreen/DarkGreen/DarkGreen] (4/5) | 0.6s
[10:57:46]   -> TAP(314,1495) [[FP:0.95] Human pattern (delta=-59, id=4165)]
[10:57:49] T273: [gameplay] Board=279cells/5colors d=+0 [DarkGreen:196, Brown:42, Orange:26, DarkRed:8, Red:7] | Queue=[FP stall=1 fp_top=0.95] | Holder=[_/DarkGreen/DarkGreen/DarkGreen/DarkGreen] (4/5) | 0.6s
[10:57:49]   -> TAP(732,1524) [[FP:0.97] Human pattern (delta=-20, id=3691)]
[10:57:53] T274: [gameplay] Board=279cells/5colors d=+0 [DarkGreen:196, Brown:42, Orange:26, DarkRed:8, Red:7] | Queue=[FP stall=2 fp_top=0.95] | Holder=[_/DarkGreen/DarkGreen/DarkGreen/DarkGreen] (4/5) | 0.6s
[10:57:53]   -> TAP(316,1516) [[FP:0.97] Human pattern (delta=-28, id=4177)]
[10:57:56] T275: [gameplay] Board=279cells/5colors d=+0 [DarkGreen:196, Brown:42, Orange:26, DarkRed:8, Red:7] | Queue=[FP stall=3 fp_top=0.95] | Holder=[_/DarkGreen/DarkGreen/DarkGreen/DarkGreen] (4/5) | 0.7s
[10:57:56]   -> TAP(524,1512) [[FP:0.97] Human pattern (delta=-9, id=3250)]
[10:58:00] T276: [gameplay] Board=279cells/5colors d=+0 [DarkGreen:196, Brown:42, Orange:26, DarkRed:8, Red:7] | Queue=[FP stall=4 fp_top=0.95] | Holder=[_/DarkRed/SageTeal/SageTeal/SageTeal] (4/5) | 0.7s
[10:58:00]   -> TAP(696,1517) [[FP:0.97] Human pattern (delta=-40, id=6969)]
[10:58:04] T277: [gameplay] Board=279cells/5colors d=+0 [DarkGreen:196, Brown:42, Orange:26, DarkRed:8, Red:7] | Queue=[EXPLORE stall=5 fp_top=0.95] | Holder=[_/DarkRed/_/_/_] (1/5) | 1.3s
[10:58:04]   -> TAP(202,175) [[EXPLORE:PlayDB] Tap (202,175) human pattern #3]
[10:58:07]   [LEARN] Explore tap (202,175) WORKED! (d=-37)
[10:58:07] T278: [gameplay] Board=242cells/5colors d=-37 [DarkGreen:159, Brown:42, Orange:26, DarkRed:8, Red:7] | Queue=[FP stall=0 fp_top=0.95] | Holder=[_/DarkRed/_/_/_] (1/5) | 0.6s
[10:58:07]   -> TAP(314,1495) [[FP:0.95] Human pattern (delta=-59, id=4165)]
[10:58:10] T279: [gameplay] Board=242cells/5colors d=+0 [DarkGreen:159, Brown:42, Orange:26, DarkRed:8, Red:7] | Queue=[FP stall=1 fp_top=0.95] | Holder=[_/DarkRed/_/_/_] (1/5) | 0.6s
[10:58:10]   -> TAP(342,1656) [[FP:0.95] Human pattern (delta=-14, id=3702)]
[10:58:14] T280: [gameplay] Board=242cells/5colors d=+0 [DarkGreen:159, Brown:42, Orange:26, DarkRed:8, Red:7] | Queue=[FP stall=2 fp_top=0.95] | Holder=[_/DarkRed/_/_/_] (1/5) | 0.6s
[10:58:14]   -> TAP(316,1516) [[FP:0.97] Human pattern (delta=-28, id=4177)]
[10:58:17] T281: [gameplay] Board=242cells/5colors d=+0 [DarkGreen:159, Brown:42, Orange:26, DarkRed:8, Red:7] | Queue=[FP stall=3 fp_top=0.95] | Holder=[_/DarkRed/_/_/_] (1/5) | 0.6s
[10:58:17]   -> TAP(524,1512) [[FP:0.95] Human pattern (delta=-9, id=3250)]
[10:58:20] T282: [gameplay] Board=242cells/5colors d=+0 [DarkGreen:159, Brown:42, Orange:26, DarkRed:8, Red:7] | Queue=[FP stall=4 fp_top=0.95] | Holder=[_/DarkRed/_/_/_] (1/5) | 0.7s
[10:58:20]   -> TAP(696,1517) [[FP:0.95] Human pattern (delta=-40, id=6969)]
[10:58:24]   [EXPLORE] Entering exploration mode (stall x5)
[10:58:24] T283: [gameplay] Board=242cells/5colors d=+0 [DarkGreen:159, Brown:42, Orange:26, DarkRed:8, Red:7] | Queue=[EXPLORE stall=5 fp_top=0.95] | Holder=[_/DarkRed/_/_/_] (1/5) | 0.7s
[10:58:24]   -> TAP(869,1653) [[EXPLORE:PlayDB] Tap (869,1653) human pattern #1]
[10:58:27] T284: [gameplay] Board=242cells/5colors d=+0 [DarkGreen:159, Brown:42, Orange:26, DarkRed:8, Red:7] | Queue=[EXPLORE stall=6 fp_top=0.95] | Holder=[_/DarkRed/_/_/_] (1/5) | 0.9s
[10:58:27]   -> TAP(627,1211) [[EXPLORE:PlayDB] Tap (627,1211) human pattern #2]
[10:58:29]   [SESSION] Ended 5bc1bc37c5c6: fail (13 turns, end_cells=242)
[10:58:29] T285: [fail] Multi-tap close/retry positions
[10:58:34] T286: [win] Multi-tap continue positions
[10:58:38] T287: [fail] HEARTS-EMPTY popup detected (pixel match). Waiting 900s for regen.
[10:58:38] T288: [fail] HEARTS WAIT: 899s remaining, sleeping in 5s chunks...
[10:59:09] T289: [fail] HEARTS WAIT: 868s remaining, sleeping in 5s chunks...
[10:59:40] T290: [fail] HEARTS WAIT: 837s remaining, sleeping in 5s chunks...
[11:00:11] T291: [fail] HEARTS WAIT: 806s remaining, sleeping in 5s chunks...
[11:00:42] T292: [fail] HEARTS WAIT: 775s remaining, sleeping in 5s chunks...
[11:01:13] T293: [fail] HEARTS WAIT: 744s remaining, sleeping in 5s chunks...
[11:01:44] T294: [fail] HEARTS WAIT: 713s remaining, sleeping in 5s chunks...
[11:02:15] T295: [fail] HEARTS WAIT: 682s remaining, sleeping in 5s chunks...
[11:02:46] T296: [fail] HEARTS WAIT: 651s remaining, sleeping in 5s chunks...
[11:03:17] T297: [fail] HEARTS WAIT: 620s remaining, sleeping in 5s chunks...
[11:03:48] T298: [fail] HEARTS WAIT: 589s remaining, sleeping in 5s chunks...
[11:04:19] T299: [fail] HEARTS WAIT: 558s remaining, sleeping in 5s chunks...
[11:04:50] T300: [fail] HEARTS WAIT: 527s remaining, sleeping in 5s chunks...
[11:05:21] T301: [fail] HEARTS WAIT: 496s remaining, sleeping in 5s chunks...
[11:05:52] T302: [fail] HEARTS WAIT: 465s remaining, sleeping in 5s chunks...
[11:06:23] T303: [fail] HEARTS WAIT: 435s remaining, sleeping in 5s chunks...
[11:06:54] T304: [fail] HEARTS WAIT: 404s remaining, sleeping in 5s chunks...
[11:07:25] T305: [fail] HEARTS WAIT: 372s remaining, sleeping in 5s chunks...
[11:07:56] T306: [fail] HEARTS WAIT: 341s remaining, sleeping in 5s chunks...
[11:08:27] T307: [fail] HEARTS WAIT: 311s remaining, sleeping in 5s chunks...
[11:08:58] T308: [fail] HEARTS WAIT: 280s remaining, sleeping in 5s chunks...
[11:09:28] 
[11:09:28] ============================================================
[11:09:28] SESSION COMPLETE
[11:09:28] ============================================================
[11:09:28] Total turns:   308
[11:09:28] Games started: 0
[11:09:28] Games won:     8
[11:09:28] Games failed:  4
[11:09:28] AI Play DB: E:\AI\virtual_player\data\db\ai_play_pixelflow.db
[11:09:28] Fingerprint DB: E:\AI\virtual_player\data\pixelflow\db\fingerprint.db (loaded)
[11:09:28] Stats saved: E:\AI\virtual_player\data\games\pixelflow\temp\smart\smart_stats.json
